[2021-08-08 04:10:57,433] {scheduler_job.py:182} INFO - Started process (PID=2541) to work on /home/airflow/sandbox/lib/python3.8/site-packages/airflow/example_dags/example_xcom.py
[2021-08-08 04:10:57,437] {scheduler_job.py:633} INFO - Processing file /home/airflow/sandbox/lib/python3.8/site-packages/airflow/example_dags/example_xcom.py for tasks to queue
[2021-08-08 04:10:57,439] {logging_mixin.py:104} INFO - [2021-08-08 04:10:57,439] {dagbag.py:496} INFO - Filling up the DagBag from /home/airflow/sandbox/lib/python3.8/site-packages/airflow/example_dags/example_xcom.py
[2021-08-08 04:10:57,450] {scheduler_job.py:643} INFO - DAG(s) dict_keys(['example_xcom']) retrieved from /home/airflow/sandbox/lib/python3.8/site-packages/airflow/example_dags/example_xcom.py
[2021-08-08 04:10:57,696] {logging_mixin.py:104} INFO - [2021-08-08 04:10:57,696] {dag.py:1833} INFO - Sync 1 DAGs
[2021-08-08 04:10:57,704] {logging_mixin.py:104} INFO - [2021-08-08 04:10:57,704] {dag.py:2306} INFO - Setting next_dagrun for example_xcom to 2021-08-06 00:00:00+00:00
[2021-08-08 04:10:57,731] {scheduler_job.py:190} INFO - Processing /home/airflow/sandbox/lib/python3.8/site-packages/airflow/example_dags/example_xcom.py took 0.300 seconds
[2021-08-08 04:11:41,890] {scheduler_job.py:182} INFO - Started process (PID=2713) to work on /home/airflow/sandbox/lib/python3.8/site-packages/airflow/example_dags/example_xcom.py
[2021-08-08 04:11:41,893] {scheduler_job.py:633} INFO - Processing file /home/airflow/sandbox/lib/python3.8/site-packages/airflow/example_dags/example_xcom.py for tasks to queue
[2021-08-08 04:11:41,898] {logging_mixin.py:104} INFO - [2021-08-08 04:11:41,898] {dagbag.py:496} INFO - Filling up the DagBag from /home/airflow/sandbox/lib/python3.8/site-packages/airflow/example_dags/example_xcom.py
[2021-08-08 04:11:41,917] {scheduler_job.py:643} INFO - DAG(s) dict_keys(['example_xcom']) retrieved from /home/airflow/sandbox/lib/python3.8/site-packages/airflow/example_dags/example_xcom.py
[2021-08-08 04:11:41,931] {logging_mixin.py:104} INFO - [2021-08-08 04:11:41,931] {dag.py:1833} INFO - Sync 1 DAGs
[2021-08-08 04:11:41,955] {logging_mixin.py:104} INFO - [2021-08-08 04:11:41,955] {dag.py:2306} INFO - Setting next_dagrun for example_xcom to 2021-08-06 00:00:00+00:00
[2021-08-08 04:11:41,975] {scheduler_job.py:190} INFO - Processing /home/airflow/sandbox/lib/python3.8/site-packages/airflow/example_dags/example_xcom.py took 0.087 seconds
[2021-08-08 04:12:17,627] {scheduler_job.py:182} INFO - Started process (PID=2881) to work on /home/airflow/sandbox/lib/python3.8/site-packages/airflow/example_dags/example_xcom.py
[2021-08-08 04:12:17,630] {scheduler_job.py:633} INFO - Processing file /home/airflow/sandbox/lib/python3.8/site-packages/airflow/example_dags/example_xcom.py for tasks to queue
[2021-08-08 04:12:17,631] {logging_mixin.py:104} INFO - [2021-08-08 04:12:17,631] {dagbag.py:496} INFO - Filling up the DagBag from /home/airflow/sandbox/lib/python3.8/site-packages/airflow/example_dags/example_xcom.py
[2021-08-08 04:12:17,646] {scheduler_job.py:643} INFO - DAG(s) dict_keys(['example_xcom']) retrieved from /home/airflow/sandbox/lib/python3.8/site-packages/airflow/example_dags/example_xcom.py
[2021-08-08 04:12:17,660] {logging_mixin.py:104} INFO - [2021-08-08 04:12:17,659] {dag.py:1833} INFO - Sync 1 DAGs
[2021-08-08 04:12:17,670] {logging_mixin.py:104} INFO - [2021-08-08 04:12:17,670] {dag.py:2306} INFO - Setting next_dagrun for example_xcom to 2021-08-06 00:00:00+00:00
[2021-08-08 04:12:17,688] {scheduler_job.py:190} INFO - Processing /home/airflow/sandbox/lib/python3.8/site-packages/airflow/example_dags/example_xcom.py took 0.063 seconds
[2021-08-08 04:12:50,946] {scheduler_job.py:182} INFO - Started process (PID=3013) to work on /home/airflow/sandbox/lib/python3.8/site-packages/airflow/example_dags/example_xcom.py
[2021-08-08 04:12:50,952] {scheduler_job.py:633} INFO - Processing file /home/airflow/sandbox/lib/python3.8/site-packages/airflow/example_dags/example_xcom.py for tasks to queue
[2021-08-08 04:12:50,954] {logging_mixin.py:104} INFO - [2021-08-08 04:12:50,954] {dagbag.py:496} INFO - Filling up the DagBag from /home/airflow/sandbox/lib/python3.8/site-packages/airflow/example_dags/example_xcom.py
[2021-08-08 04:12:50,989] {scheduler_job.py:643} INFO - DAG(s) dict_keys(['example_xcom']) retrieved from /home/airflow/sandbox/lib/python3.8/site-packages/airflow/example_dags/example_xcom.py
[2021-08-08 04:12:51,045] {logging_mixin.py:104} INFO - [2021-08-08 04:12:51,044] {dag.py:1833} INFO - Sync 1 DAGs
[2021-08-08 04:12:51,068] {logging_mixin.py:104} INFO - [2021-08-08 04:12:51,068] {dag.py:2306} INFO - Setting next_dagrun for example_xcom to 2021-08-06 00:00:00+00:00
[2021-08-08 04:12:51,093] {scheduler_job.py:190} INFO - Processing /home/airflow/sandbox/lib/python3.8/site-packages/airflow/example_dags/example_xcom.py took 0.150 seconds
[2021-08-08 04:13:24,346] {scheduler_job.py:182} INFO - Started process (PID=3170) to work on /home/airflow/sandbox/lib/python3.8/site-packages/airflow/example_dags/example_xcom.py
[2021-08-08 04:13:24,349] {scheduler_job.py:633} INFO - Processing file /home/airflow/sandbox/lib/python3.8/site-packages/airflow/example_dags/example_xcom.py for tasks to queue
[2021-08-08 04:13:24,351] {logging_mixin.py:104} INFO - [2021-08-08 04:13:24,351] {dagbag.py:496} INFO - Filling up the DagBag from /home/airflow/sandbox/lib/python3.8/site-packages/airflow/example_dags/example_xcom.py
[2021-08-08 04:13:24,363] {scheduler_job.py:643} INFO - DAG(s) dict_keys(['example_xcom']) retrieved from /home/airflow/sandbox/lib/python3.8/site-packages/airflow/example_dags/example_xcom.py
[2021-08-08 04:13:24,376] {logging_mixin.py:104} INFO - [2021-08-08 04:13:24,376] {dag.py:1833} INFO - Sync 1 DAGs
[2021-08-08 04:13:24,389] {logging_mixin.py:104} INFO - [2021-08-08 04:13:24,389] {dag.py:2306} INFO - Setting next_dagrun for example_xcom to 2021-08-06 00:00:00+00:00
[2021-08-08 04:13:24,409] {scheduler_job.py:190} INFO - Processing /home/airflow/sandbox/lib/python3.8/site-packages/airflow/example_dags/example_xcom.py took 0.066 seconds
[2021-08-08 04:13:56,949] {scheduler_job.py:182} INFO - Started process (PID=3298) to work on /home/airflow/sandbox/lib/python3.8/site-packages/airflow/example_dags/example_xcom.py
[2021-08-08 04:13:56,953] {scheduler_job.py:633} INFO - Processing file /home/airflow/sandbox/lib/python3.8/site-packages/airflow/example_dags/example_xcom.py for tasks to queue
[2021-08-08 04:13:56,956] {logging_mixin.py:104} INFO - [2021-08-08 04:13:56,956] {dagbag.py:496} INFO - Filling up the DagBag from /home/airflow/sandbox/lib/python3.8/site-packages/airflow/example_dags/example_xcom.py
[2021-08-08 04:13:56,968] {scheduler_job.py:643} INFO - DAG(s) dict_keys(['example_xcom']) retrieved from /home/airflow/sandbox/lib/python3.8/site-packages/airflow/example_dags/example_xcom.py
[2021-08-08 04:13:56,984] {logging_mixin.py:104} INFO - [2021-08-08 04:13:56,984] {dag.py:1833} INFO - Sync 1 DAGs
[2021-08-08 04:13:56,995] {logging_mixin.py:104} INFO - [2021-08-08 04:13:56,995] {dag.py:2306} INFO - Setting next_dagrun for example_xcom to 2021-08-06 00:00:00+00:00
[2021-08-08 04:13:57,018] {scheduler_job.py:190} INFO - Processing /home/airflow/sandbox/lib/python3.8/site-packages/airflow/example_dags/example_xcom.py took 0.071 seconds
[2021-08-08 04:14:33,212] {scheduler_job.py:182} INFO - Started process (PID=3498) to work on /home/airflow/sandbox/lib/python3.8/site-packages/airflow/example_dags/example_xcom.py
[2021-08-08 04:14:33,216] {scheduler_job.py:633} INFO - Processing file /home/airflow/sandbox/lib/python3.8/site-packages/airflow/example_dags/example_xcom.py for tasks to queue
[2021-08-08 04:14:33,219] {logging_mixin.py:104} INFO - [2021-08-08 04:14:33,219] {dagbag.py:496} INFO - Filling up the DagBag from /home/airflow/sandbox/lib/python3.8/site-packages/airflow/example_dags/example_xcom.py
[2021-08-08 04:14:33,230] {scheduler_job.py:643} INFO - DAG(s) dict_keys(['example_xcom']) retrieved from /home/airflow/sandbox/lib/python3.8/site-packages/airflow/example_dags/example_xcom.py
[2021-08-08 04:14:33,244] {logging_mixin.py:104} INFO - [2021-08-08 04:14:33,244] {dag.py:1833} INFO - Sync 1 DAGs
[2021-08-08 04:14:33,259] {logging_mixin.py:104} INFO - [2021-08-08 04:14:33,259] {dag.py:2306} INFO - Setting next_dagrun for example_xcom to 2021-08-06 00:00:00+00:00
[2021-08-08 04:14:33,288] {scheduler_job.py:190} INFO - Processing /home/airflow/sandbox/lib/python3.8/site-packages/airflow/example_dags/example_xcom.py took 0.078 seconds
[2021-08-08 04:15:10,949] {scheduler_job.py:182} INFO - Started process (PID=3760) to work on /home/airflow/sandbox/lib/python3.8/site-packages/airflow/example_dags/example_xcom.py
[2021-08-08 04:15:10,951] {scheduler_job.py:633} INFO - Processing file /home/airflow/sandbox/lib/python3.8/site-packages/airflow/example_dags/example_xcom.py for tasks to queue
[2021-08-08 04:15:10,954] {logging_mixin.py:104} INFO - [2021-08-08 04:15:10,954] {dagbag.py:496} INFO - Filling up the DagBag from /home/airflow/sandbox/lib/python3.8/site-packages/airflow/example_dags/example_xcom.py
[2021-08-08 04:15:10,967] {scheduler_job.py:643} INFO - DAG(s) dict_keys(['example_xcom']) retrieved from /home/airflow/sandbox/lib/python3.8/site-packages/airflow/example_dags/example_xcom.py
[2021-08-08 04:15:10,980] {logging_mixin.py:104} INFO - [2021-08-08 04:15:10,980] {dag.py:1833} INFO - Sync 1 DAGs
[2021-08-08 04:15:10,993] {logging_mixin.py:104} INFO - [2021-08-08 04:15:10,992] {dag.py:2306} INFO - Setting next_dagrun for example_xcom to 2021-08-06 00:00:00+00:00
[2021-08-08 04:15:11,021] {scheduler_job.py:190} INFO - Processing /home/airflow/sandbox/lib/python3.8/site-packages/airflow/example_dags/example_xcom.py took 0.075 seconds
[2021-08-08 04:15:44,279] {scheduler_job.py:182} INFO - Started process (PID=3880) to work on /home/airflow/sandbox/lib/python3.8/site-packages/airflow/example_dags/example_xcom.py
[2021-08-08 04:15:44,281] {scheduler_job.py:633} INFO - Processing file /home/airflow/sandbox/lib/python3.8/site-packages/airflow/example_dags/example_xcom.py for tasks to queue
[2021-08-08 04:15:44,284] {logging_mixin.py:104} INFO - [2021-08-08 04:15:44,284] {dagbag.py:496} INFO - Filling up the DagBag from /home/airflow/sandbox/lib/python3.8/site-packages/airflow/example_dags/example_xcom.py
[2021-08-08 04:15:44,294] {scheduler_job.py:643} INFO - DAG(s) dict_keys(['example_xcom']) retrieved from /home/airflow/sandbox/lib/python3.8/site-packages/airflow/example_dags/example_xcom.py
[2021-08-08 04:15:44,306] {logging_mixin.py:104} INFO - [2021-08-08 04:15:44,306] {dag.py:1833} INFO - Sync 1 DAGs
[2021-08-08 04:15:44,315] {logging_mixin.py:104} INFO - [2021-08-08 04:15:44,315] {dag.py:2306} INFO - Setting next_dagrun for example_xcom to 2021-08-06 00:00:00+00:00
[2021-08-08 04:15:44,339] {scheduler_job.py:190} INFO - Processing /home/airflow/sandbox/lib/python3.8/site-packages/airflow/example_dags/example_xcom.py took 0.063 seconds
[2021-08-08 04:16:16,717] {scheduler_job.py:182} INFO - Started process (PID=4154) to work on /home/airflow/sandbox/lib/python3.8/site-packages/airflow/example_dags/example_xcom.py
[2021-08-08 04:16:16,720] {scheduler_job.py:633} INFO - Processing file /home/airflow/sandbox/lib/python3.8/site-packages/airflow/example_dags/example_xcom.py for tasks to queue
[2021-08-08 04:16:16,722] {logging_mixin.py:104} INFO - [2021-08-08 04:16:16,722] {dagbag.py:496} INFO - Filling up the DagBag from /home/airflow/sandbox/lib/python3.8/site-packages/airflow/example_dags/example_xcom.py
[2021-08-08 04:16:16,733] {scheduler_job.py:643} INFO - DAG(s) dict_keys(['example_xcom']) retrieved from /home/airflow/sandbox/lib/python3.8/site-packages/airflow/example_dags/example_xcom.py
[2021-08-08 04:16:16,745] {logging_mixin.py:104} INFO - [2021-08-08 04:16:16,745] {dag.py:1833} INFO - Sync 1 DAGs
[2021-08-08 04:16:16,757] {logging_mixin.py:104} INFO - [2021-08-08 04:16:16,757] {dag.py:2306} INFO - Setting next_dagrun for example_xcom to 2021-08-06 00:00:00+00:00
[2021-08-08 04:16:16,775] {scheduler_job.py:190} INFO - Processing /home/airflow/sandbox/lib/python3.8/site-packages/airflow/example_dags/example_xcom.py took 0.061 seconds
[2021-08-08 04:16:49,139] {scheduler_job.py:182} INFO - Started process (PID=4314) to work on /home/airflow/sandbox/lib/python3.8/site-packages/airflow/example_dags/example_xcom.py
[2021-08-08 04:16:49,153] {scheduler_job.py:633} INFO - Processing file /home/airflow/sandbox/lib/python3.8/site-packages/airflow/example_dags/example_xcom.py for tasks to queue
[2021-08-08 04:16:49,154] {logging_mixin.py:104} INFO - [2021-08-08 04:16:49,153] {dagbag.py:496} INFO - Filling up the DagBag from /home/airflow/sandbox/lib/python3.8/site-packages/airflow/example_dags/example_xcom.py
[2021-08-08 04:16:49,183] {scheduler_job.py:643} INFO - DAG(s) dict_keys(['example_xcom']) retrieved from /home/airflow/sandbox/lib/python3.8/site-packages/airflow/example_dags/example_xcom.py
[2021-08-08 04:16:49,237] {logging_mixin.py:104} INFO - [2021-08-08 04:16:49,237] {dag.py:1833} INFO - Sync 1 DAGs
[2021-08-08 04:16:49,252] {logging_mixin.py:104} INFO - [2021-08-08 04:16:49,252] {dag.py:2306} INFO - Setting next_dagrun for example_xcom to 2021-08-06 00:00:00+00:00
[2021-08-08 04:16:49,269] {scheduler_job.py:190} INFO - Processing /home/airflow/sandbox/lib/python3.8/site-packages/airflow/example_dags/example_xcom.py took 0.142 seconds
[2021-08-08 04:17:24,156] {scheduler_job.py:182} INFO - Started process (PID=4456) to work on /home/airflow/sandbox/lib/python3.8/site-packages/airflow/example_dags/example_xcom.py
[2021-08-08 04:17:24,167] {scheduler_job.py:633} INFO - Processing file /home/airflow/sandbox/lib/python3.8/site-packages/airflow/example_dags/example_xcom.py for tasks to queue
[2021-08-08 04:17:24,171] {logging_mixin.py:104} INFO - [2021-08-08 04:17:24,171] {dagbag.py:496} INFO - Filling up the DagBag from /home/airflow/sandbox/lib/python3.8/site-packages/airflow/example_dags/example_xcom.py
[2021-08-08 04:17:24,191] {scheduler_job.py:643} INFO - DAG(s) dict_keys(['example_xcom']) retrieved from /home/airflow/sandbox/lib/python3.8/site-packages/airflow/example_dags/example_xcom.py
[2021-08-08 04:17:24,217] {logging_mixin.py:104} INFO - [2021-08-08 04:17:24,217] {dag.py:1833} INFO - Sync 1 DAGs
[2021-08-08 04:17:24,229] {logging_mixin.py:104} INFO - [2021-08-08 04:17:24,229] {dag.py:2306} INFO - Setting next_dagrun for example_xcom to 2021-08-06 00:00:00+00:00
[2021-08-08 04:17:24,249] {scheduler_job.py:190} INFO - Processing /home/airflow/sandbox/lib/python3.8/site-packages/airflow/example_dags/example_xcom.py took 0.095 seconds
[2021-08-08 04:17:56,533] {scheduler_job.py:182} INFO - Started process (PID=4575) to work on /home/airflow/sandbox/lib/python3.8/site-packages/airflow/example_dags/example_xcom.py
[2021-08-08 04:17:56,536] {scheduler_job.py:633} INFO - Processing file /home/airflow/sandbox/lib/python3.8/site-packages/airflow/example_dags/example_xcom.py for tasks to queue
[2021-08-08 04:17:56,538] {logging_mixin.py:104} INFO - [2021-08-08 04:17:56,538] {dagbag.py:496} INFO - Filling up the DagBag from /home/airflow/sandbox/lib/python3.8/site-packages/airflow/example_dags/example_xcom.py
[2021-08-08 04:17:56,548] {scheduler_job.py:643} INFO - DAG(s) dict_keys(['example_xcom']) retrieved from /home/airflow/sandbox/lib/python3.8/site-packages/airflow/example_dags/example_xcom.py
[2021-08-08 04:17:56,559] {logging_mixin.py:104} INFO - [2021-08-08 04:17:56,559] {dag.py:1833} INFO - Sync 1 DAGs
[2021-08-08 04:17:56,568] {logging_mixin.py:104} INFO - [2021-08-08 04:17:56,568] {dag.py:2306} INFO - Setting next_dagrun for example_xcom to 2021-08-06 00:00:00+00:00
[2021-08-08 04:17:56,584] {scheduler_job.py:190} INFO - Processing /home/airflow/sandbox/lib/python3.8/site-packages/airflow/example_dags/example_xcom.py took 0.054 seconds
[2021-08-08 04:18:30,012] {scheduler_job.py:182} INFO - Started process (PID=4703) to work on /home/airflow/sandbox/lib/python3.8/site-packages/airflow/example_dags/example_xcom.py
[2021-08-08 04:18:30,014] {scheduler_job.py:633} INFO - Processing file /home/airflow/sandbox/lib/python3.8/site-packages/airflow/example_dags/example_xcom.py for tasks to queue
[2021-08-08 04:18:30,016] {logging_mixin.py:104} INFO - [2021-08-08 04:18:30,016] {dagbag.py:496} INFO - Filling up the DagBag from /home/airflow/sandbox/lib/python3.8/site-packages/airflow/example_dags/example_xcom.py
[2021-08-08 04:18:30,026] {scheduler_job.py:643} INFO - DAG(s) dict_keys(['example_xcom']) retrieved from /home/airflow/sandbox/lib/python3.8/site-packages/airflow/example_dags/example_xcom.py
[2021-08-08 04:18:30,039] {logging_mixin.py:104} INFO - [2021-08-08 04:18:30,039] {dag.py:1833} INFO - Sync 1 DAGs
[2021-08-08 04:18:30,048] {logging_mixin.py:104} INFO - [2021-08-08 04:18:30,048] {dag.py:2306} INFO - Setting next_dagrun for example_xcom to 2021-08-06 00:00:00+00:00
[2021-08-08 04:18:30,064] {scheduler_job.py:190} INFO - Processing /home/airflow/sandbox/lib/python3.8/site-packages/airflow/example_dags/example_xcom.py took 0.055 seconds
[2021-08-08 04:19:02,295] {scheduler_job.py:182} INFO - Started process (PID=4916) to work on /home/airflow/sandbox/lib/python3.8/site-packages/airflow/example_dags/example_xcom.py
[2021-08-08 04:19:02,298] {scheduler_job.py:633} INFO - Processing file /home/airflow/sandbox/lib/python3.8/site-packages/airflow/example_dags/example_xcom.py for tasks to queue
[2021-08-08 04:19:02,300] {logging_mixin.py:104} INFO - [2021-08-08 04:19:02,299] {dagbag.py:496} INFO - Filling up the DagBag from /home/airflow/sandbox/lib/python3.8/site-packages/airflow/example_dags/example_xcom.py
[2021-08-08 04:19:02,309] {scheduler_job.py:643} INFO - DAG(s) dict_keys(['example_xcom']) retrieved from /home/airflow/sandbox/lib/python3.8/site-packages/airflow/example_dags/example_xcom.py
[2021-08-08 04:19:02,321] {logging_mixin.py:104} INFO - [2021-08-08 04:19:02,321] {dag.py:1833} INFO - Sync 1 DAGs
[2021-08-08 04:19:02,330] {logging_mixin.py:104} INFO - [2021-08-08 04:19:02,330] {dag.py:2306} INFO - Setting next_dagrun for example_xcom to 2021-08-06 00:00:00+00:00
[2021-08-08 04:19:02,346] {scheduler_job.py:190} INFO - Processing /home/airflow/sandbox/lib/python3.8/site-packages/airflow/example_dags/example_xcom.py took 0.054 seconds
[2021-08-08 04:19:33,795] {scheduler_job.py:182} INFO - Started process (PID=5037) to work on /home/airflow/sandbox/lib/python3.8/site-packages/airflow/example_dags/example_xcom.py
[2021-08-08 04:19:33,797] {scheduler_job.py:633} INFO - Processing file /home/airflow/sandbox/lib/python3.8/site-packages/airflow/example_dags/example_xcom.py for tasks to queue
[2021-08-08 04:19:33,799] {logging_mixin.py:104} INFO - [2021-08-08 04:19:33,799] {dagbag.py:496} INFO - Filling up the DagBag from /home/airflow/sandbox/lib/python3.8/site-packages/airflow/example_dags/example_xcom.py
[2021-08-08 04:19:33,814] {scheduler_job.py:643} INFO - DAG(s) dict_keys(['example_xcom']) retrieved from /home/airflow/sandbox/lib/python3.8/site-packages/airflow/example_dags/example_xcom.py
[2021-08-08 04:19:33,827] {logging_mixin.py:104} INFO - [2021-08-08 04:19:33,826] {dag.py:1833} INFO - Sync 1 DAGs
[2021-08-08 04:19:33,836] {logging_mixin.py:104} INFO - [2021-08-08 04:19:33,836] {dag.py:2306} INFO - Setting next_dagrun for example_xcom to 2021-08-06 00:00:00+00:00
[2021-08-08 04:19:33,855] {scheduler_job.py:190} INFO - Processing /home/airflow/sandbox/lib/python3.8/site-packages/airflow/example_dags/example_xcom.py took 0.063 seconds
[2021-08-08 04:20:05,512] {scheduler_job.py:182} INFO - Started process (PID=5164) to work on /home/airflow/sandbox/lib/python3.8/site-packages/airflow/example_dags/example_xcom.py
[2021-08-08 04:20:05,514] {scheduler_job.py:633} INFO - Processing file /home/airflow/sandbox/lib/python3.8/site-packages/airflow/example_dags/example_xcom.py for tasks to queue
[2021-08-08 04:20:05,516] {logging_mixin.py:104} INFO - [2021-08-08 04:20:05,516] {dagbag.py:496} INFO - Filling up the DagBag from /home/airflow/sandbox/lib/python3.8/site-packages/airflow/example_dags/example_xcom.py
[2021-08-08 04:20:05,527] {scheduler_job.py:643} INFO - DAG(s) dict_keys(['example_xcom']) retrieved from /home/airflow/sandbox/lib/python3.8/site-packages/airflow/example_dags/example_xcom.py
[2021-08-08 04:20:05,543] {logging_mixin.py:104} INFO - [2021-08-08 04:20:05,543] {dag.py:1833} INFO - Sync 1 DAGs
[2021-08-08 04:20:05,558] {logging_mixin.py:104} INFO - [2021-08-08 04:20:05,558] {dag.py:2306} INFO - Setting next_dagrun for example_xcom to 2021-08-06 00:00:00+00:00
[2021-08-08 04:20:05,576] {scheduler_job.py:190} INFO - Processing /home/airflow/sandbox/lib/python3.8/site-packages/airflow/example_dags/example_xcom.py took 0.068 seconds
[2021-08-08 04:20:38,703] {scheduler_job.py:182} INFO - Started process (PID=5292) to work on /home/airflow/sandbox/lib/python3.8/site-packages/airflow/example_dags/example_xcom.py
[2021-08-08 04:20:38,706] {scheduler_job.py:633} INFO - Processing file /home/airflow/sandbox/lib/python3.8/site-packages/airflow/example_dags/example_xcom.py for tasks to queue
[2021-08-08 04:20:38,709] {logging_mixin.py:104} INFO - [2021-08-08 04:20:38,708] {dagbag.py:496} INFO - Filling up the DagBag from /home/airflow/sandbox/lib/python3.8/site-packages/airflow/example_dags/example_xcom.py
[2021-08-08 04:20:38,719] {scheduler_job.py:643} INFO - DAG(s) dict_keys(['example_xcom']) retrieved from /home/airflow/sandbox/lib/python3.8/site-packages/airflow/example_dags/example_xcom.py
[2021-08-08 04:20:38,731] {logging_mixin.py:104} INFO - [2021-08-08 04:20:38,731] {dag.py:1833} INFO - Sync 1 DAGs
[2021-08-08 04:20:38,740] {logging_mixin.py:104} INFO - [2021-08-08 04:20:38,740] {dag.py:2306} INFO - Setting next_dagrun for example_xcom to 2021-08-06 00:00:00+00:00
[2021-08-08 04:20:38,758] {scheduler_job.py:190} INFO - Processing /home/airflow/sandbox/lib/python3.8/site-packages/airflow/example_dags/example_xcom.py took 0.058 seconds
[2021-08-08 04:21:10,610] {scheduler_job.py:182} INFO - Started process (PID=5456) to work on /home/airflow/sandbox/lib/python3.8/site-packages/airflow/example_dags/example_xcom.py
[2021-08-08 04:21:10,612] {scheduler_job.py:633} INFO - Processing file /home/airflow/sandbox/lib/python3.8/site-packages/airflow/example_dags/example_xcom.py for tasks to queue
[2021-08-08 04:21:10,614] {logging_mixin.py:104} INFO - [2021-08-08 04:21:10,614] {dagbag.py:496} INFO - Filling up the DagBag from /home/airflow/sandbox/lib/python3.8/site-packages/airflow/example_dags/example_xcom.py
[2021-08-08 04:21:10,624] {scheduler_job.py:643} INFO - DAG(s) dict_keys(['example_xcom']) retrieved from /home/airflow/sandbox/lib/python3.8/site-packages/airflow/example_dags/example_xcom.py
[2021-08-08 04:21:10,636] {logging_mixin.py:104} INFO - [2021-08-08 04:21:10,636] {dag.py:1833} INFO - Sync 1 DAGs
[2021-08-08 04:21:10,645] {logging_mixin.py:104} INFO - [2021-08-08 04:21:10,645] {dag.py:2306} INFO - Setting next_dagrun for example_xcom to 2021-08-06 00:00:00+00:00
[2021-08-08 04:21:10,662] {scheduler_job.py:190} INFO - Processing /home/airflow/sandbox/lib/python3.8/site-packages/airflow/example_dags/example_xcom.py took 0.055 seconds
[2021-08-08 04:21:43,149] {scheduler_job.py:182} INFO - Started process (PID=5585) to work on /home/airflow/sandbox/lib/python3.8/site-packages/airflow/example_dags/example_xcom.py
[2021-08-08 04:21:43,152] {scheduler_job.py:633} INFO - Processing file /home/airflow/sandbox/lib/python3.8/site-packages/airflow/example_dags/example_xcom.py for tasks to queue
[2021-08-08 04:21:43,155] {logging_mixin.py:104} INFO - [2021-08-08 04:21:43,154] {dagbag.py:496} INFO - Filling up the DagBag from /home/airflow/sandbox/lib/python3.8/site-packages/airflow/example_dags/example_xcom.py
[2021-08-08 04:21:43,165] {scheduler_job.py:643} INFO - DAG(s) dict_keys(['example_xcom']) retrieved from /home/airflow/sandbox/lib/python3.8/site-packages/airflow/example_dags/example_xcom.py
[2021-08-08 04:21:43,176] {logging_mixin.py:104} INFO - [2021-08-08 04:21:43,176] {dag.py:1833} INFO - Sync 1 DAGs
[2021-08-08 04:21:43,185] {logging_mixin.py:104} INFO - [2021-08-08 04:21:43,185] {dag.py:2306} INFO - Setting next_dagrun for example_xcom to 2021-08-06 00:00:00+00:00
[2021-08-08 04:21:43,203] {scheduler_job.py:190} INFO - Processing /home/airflow/sandbox/lib/python3.8/site-packages/airflow/example_dags/example_xcom.py took 0.056 seconds
[2021-08-08 04:22:15,651] {scheduler_job.py:182} INFO - Started process (PID=5713) to work on /home/airflow/sandbox/lib/python3.8/site-packages/airflow/example_dags/example_xcom.py
[2021-08-08 04:22:15,654] {scheduler_job.py:633} INFO - Processing file /home/airflow/sandbox/lib/python3.8/site-packages/airflow/example_dags/example_xcom.py for tasks to queue
[2021-08-08 04:22:15,656] {logging_mixin.py:104} INFO - [2021-08-08 04:22:15,656] {dagbag.py:496} INFO - Filling up the DagBag from /home/airflow/sandbox/lib/python3.8/site-packages/airflow/example_dags/example_xcom.py
[2021-08-08 04:22:15,666] {scheduler_job.py:643} INFO - DAG(s) dict_keys(['example_xcom']) retrieved from /home/airflow/sandbox/lib/python3.8/site-packages/airflow/example_dags/example_xcom.py
[2021-08-08 04:22:15,678] {logging_mixin.py:104} INFO - [2021-08-08 04:22:15,678] {dag.py:1833} INFO - Sync 1 DAGs
[2021-08-08 04:22:15,687] {logging_mixin.py:104} INFO - [2021-08-08 04:22:15,686] {dag.py:2306} INFO - Setting next_dagrun for example_xcom to 2021-08-06 00:00:00+00:00
[2021-08-08 04:22:15,705] {scheduler_job.py:190} INFO - Processing /home/airflow/sandbox/lib/python3.8/site-packages/airflow/example_dags/example_xcom.py took 0.056 seconds
[2021-08-08 04:22:48,830] {scheduler_job.py:182} INFO - Started process (PID=5908) to work on /home/airflow/sandbox/lib/python3.8/site-packages/airflow/example_dags/example_xcom.py
[2021-08-08 04:22:48,834] {scheduler_job.py:633} INFO - Processing file /home/airflow/sandbox/lib/python3.8/site-packages/airflow/example_dags/example_xcom.py for tasks to queue
[2021-08-08 04:22:48,834] {logging_mixin.py:104} INFO - [2021-08-08 04:22:48,834] {dagbag.py:496} INFO - Filling up the DagBag from /home/airflow/sandbox/lib/python3.8/site-packages/airflow/example_dags/example_xcom.py
[2021-08-08 04:22:48,847] {scheduler_job.py:643} INFO - DAG(s) dict_keys(['example_xcom']) retrieved from /home/airflow/sandbox/lib/python3.8/site-packages/airflow/example_dags/example_xcom.py
[2021-08-08 04:22:48,859] {logging_mixin.py:104} INFO - [2021-08-08 04:22:48,859] {dag.py:1833} INFO - Sync 1 DAGs
[2021-08-08 04:22:48,870] {logging_mixin.py:104} INFO - [2021-08-08 04:22:48,870] {dag.py:2306} INFO - Setting next_dagrun for example_xcom to 2021-08-06 00:00:00+00:00
[2021-08-08 04:22:48,887] {scheduler_job.py:190} INFO - Processing /home/airflow/sandbox/lib/python3.8/site-packages/airflow/example_dags/example_xcom.py took 0.060 seconds
[2021-08-08 04:23:23,672] {scheduler_job.py:182} INFO - Started process (PID=6114) to work on /home/airflow/sandbox/lib/python3.8/site-packages/airflow/example_dags/example_xcom.py
[2021-08-08 04:23:23,676] {scheduler_job.py:633} INFO - Processing file /home/airflow/sandbox/lib/python3.8/site-packages/airflow/example_dags/example_xcom.py for tasks to queue
[2021-08-08 04:23:23,681] {logging_mixin.py:104} INFO - [2021-08-08 04:23:23,681] {dagbag.py:496} INFO - Filling up the DagBag from /home/airflow/sandbox/lib/python3.8/site-packages/airflow/example_dags/example_xcom.py
[2021-08-08 04:23:23,703] {scheduler_job.py:643} INFO - DAG(s) dict_keys(['example_xcom']) retrieved from /home/airflow/sandbox/lib/python3.8/site-packages/airflow/example_dags/example_xcom.py
[2021-08-08 04:23:23,738] {logging_mixin.py:104} INFO - [2021-08-08 04:23:23,738] {dag.py:1833} INFO - Sync 1 DAGs
[2021-08-08 04:23:23,771] {logging_mixin.py:104} INFO - [2021-08-08 04:23:23,771] {dag.py:2306} INFO - Setting next_dagrun for example_xcom to 2021-08-06 00:00:00+00:00
[2021-08-08 04:23:23,805] {scheduler_job.py:190} INFO - Processing /home/airflow/sandbox/lib/python3.8/site-packages/airflow/example_dags/example_xcom.py took 0.138 seconds
[2021-08-08 04:23:57,339] {scheduler_job.py:182} INFO - Started process (PID=6306) to work on /home/airflow/sandbox/lib/python3.8/site-packages/airflow/example_dags/example_xcom.py
[2021-08-08 04:23:57,342] {scheduler_job.py:633} INFO - Processing file /home/airflow/sandbox/lib/python3.8/site-packages/airflow/example_dags/example_xcom.py for tasks to queue
[2021-08-08 04:23:57,344] {logging_mixin.py:104} INFO - [2021-08-08 04:23:57,344] {dagbag.py:496} INFO - Filling up the DagBag from /home/airflow/sandbox/lib/python3.8/site-packages/airflow/example_dags/example_xcom.py
[2021-08-08 04:23:57,355] {scheduler_job.py:643} INFO - DAG(s) dict_keys(['example_xcom']) retrieved from /home/airflow/sandbox/lib/python3.8/site-packages/airflow/example_dags/example_xcom.py
[2021-08-08 04:23:57,368] {logging_mixin.py:104} INFO - [2021-08-08 04:23:57,368] {dag.py:1833} INFO - Sync 1 DAGs
[2021-08-08 04:23:57,378] {logging_mixin.py:104} INFO - [2021-08-08 04:23:57,378] {dag.py:2306} INFO - Setting next_dagrun for example_xcom to 2021-08-06 00:00:00+00:00
[2021-08-08 04:23:57,395] {scheduler_job.py:190} INFO - Processing /home/airflow/sandbox/lib/python3.8/site-packages/airflow/example_dags/example_xcom.py took 0.060 seconds
[2021-08-08 04:24:31,244] {scheduler_job.py:182} INFO - Started process (PID=6441) to work on /home/airflow/sandbox/lib/python3.8/site-packages/airflow/example_dags/example_xcom.py
[2021-08-08 04:24:31,246] {scheduler_job.py:633} INFO - Processing file /home/airflow/sandbox/lib/python3.8/site-packages/airflow/example_dags/example_xcom.py for tasks to queue
[2021-08-08 04:24:31,248] {logging_mixin.py:104} INFO - [2021-08-08 04:24:31,248] {dagbag.py:496} INFO - Filling up the DagBag from /home/airflow/sandbox/lib/python3.8/site-packages/airflow/example_dags/example_xcom.py
[2021-08-08 04:24:31,261] {scheduler_job.py:643} INFO - DAG(s) dict_keys(['example_xcom']) retrieved from /home/airflow/sandbox/lib/python3.8/site-packages/airflow/example_dags/example_xcom.py
[2021-08-08 04:24:31,282] {logging_mixin.py:104} INFO - [2021-08-08 04:24:31,282] {dag.py:1833} INFO - Sync 1 DAGs
[2021-08-08 04:24:31,315] {logging_mixin.py:104} INFO - [2021-08-08 04:24:31,314] {dag.py:2306} INFO - Setting next_dagrun for example_xcom to 2021-08-06 00:00:00+00:00
[2021-08-08 04:24:31,377] {scheduler_job.py:190} INFO - Processing /home/airflow/sandbox/lib/python3.8/site-packages/airflow/example_dags/example_xcom.py took 0.137 seconds
