[2021-08-08 04:11:05,114] {scheduler_job.py:182} INFO - Started process (PID=2546) to work on /home/airflow/sandbox/lib/python3.8/site-packages/airflow/example_dags/example_latest_only.py
[2021-08-08 04:11:05,123] {scheduler_job.py:633} INFO - Processing file /home/airflow/sandbox/lib/python3.8/site-packages/airflow/example_dags/example_latest_only.py for tasks to queue
[2021-08-08 04:11:05,125] {logging_mixin.py:104} INFO - [2021-08-08 04:11:05,125] {dagbag.py:496} INFO - Filling up the DagBag from /home/airflow/sandbox/lib/python3.8/site-packages/airflow/example_dags/example_latest_only.py
[2021-08-08 04:11:05,182] {scheduler_job.py:643} INFO - DAG(s) dict_keys(['latest_only']) retrieved from /home/airflow/sandbox/lib/python3.8/site-packages/airflow/example_dags/example_latest_only.py
[2021-08-08 04:11:05,887] {logging_mixin.py:104} INFO - [2021-08-08 04:11:05,887] {dag.py:1833} INFO - Sync 1 DAGs
[2021-08-08 04:11:05,932] {logging_mixin.py:104} INFO - [2021-08-08 04:11:05,932] {dag.py:2306} INFO - Setting next_dagrun for latest_only to 2021-08-06 00:00:00+00:00
[2021-08-08 04:11:06,030] {scheduler_job.py:190} INFO - Processing /home/airflow/sandbox/lib/python3.8/site-packages/airflow/example_dags/example_latest_only.py took 0.948 seconds
[2021-08-08 04:11:47,755] {scheduler_job.py:182} INFO - Started process (PID=2748) to work on /home/airflow/sandbox/lib/python3.8/site-packages/airflow/example_dags/example_latest_only.py
[2021-08-08 04:11:47,757] {scheduler_job.py:633} INFO - Processing file /home/airflow/sandbox/lib/python3.8/site-packages/airflow/example_dags/example_latest_only.py for tasks to queue
[2021-08-08 04:11:47,761] {logging_mixin.py:104} INFO - [2021-08-08 04:11:47,761] {dagbag.py:496} INFO - Filling up the DagBag from /home/airflow/sandbox/lib/python3.8/site-packages/airflow/example_dags/example_latest_only.py
[2021-08-08 04:11:47,774] {scheduler_job.py:643} INFO - DAG(s) dict_keys(['latest_only']) retrieved from /home/airflow/sandbox/lib/python3.8/site-packages/airflow/example_dags/example_latest_only.py
[2021-08-08 04:11:47,788] {logging_mixin.py:104} INFO - [2021-08-08 04:11:47,788] {dag.py:1833} INFO - Sync 1 DAGs
[2021-08-08 04:11:47,799] {logging_mixin.py:104} INFO - [2021-08-08 04:11:47,799] {dag.py:2306} INFO - Setting next_dagrun for latest_only to 2021-08-06 00:00:00+00:00
[2021-08-08 04:11:47,825] {scheduler_job.py:190} INFO - Processing /home/airflow/sandbox/lib/python3.8/site-packages/airflow/example_dags/example_latest_only.py took 0.073 seconds
[2021-08-08 04:12:21,926] {scheduler_job.py:182} INFO - Started process (PID=2904) to work on /home/airflow/sandbox/lib/python3.8/site-packages/airflow/example_dags/example_latest_only.py
[2021-08-08 04:12:21,929] {scheduler_job.py:633} INFO - Processing file /home/airflow/sandbox/lib/python3.8/site-packages/airflow/example_dags/example_latest_only.py for tasks to queue
[2021-08-08 04:12:21,929] {logging_mixin.py:104} INFO - [2021-08-08 04:12:21,929] {dagbag.py:496} INFO - Filling up the DagBag from /home/airflow/sandbox/lib/python3.8/site-packages/airflow/example_dags/example_latest_only.py
[2021-08-08 04:12:21,947] {scheduler_job.py:643} INFO - DAG(s) dict_keys(['latest_only']) retrieved from /home/airflow/sandbox/lib/python3.8/site-packages/airflow/example_dags/example_latest_only.py
[2021-08-08 04:12:21,960] {logging_mixin.py:104} INFO - [2021-08-08 04:12:21,960] {dag.py:1833} INFO - Sync 1 DAGs
[2021-08-08 04:12:21,974] {logging_mixin.py:104} INFO - [2021-08-08 04:12:21,974] {dag.py:2306} INFO - Setting next_dagrun for latest_only to 2021-08-06 00:00:00+00:00
[2021-08-08 04:12:22,002] {scheduler_job.py:190} INFO - Processing /home/airflow/sandbox/lib/python3.8/site-packages/airflow/example_dags/example_latest_only.py took 0.079 seconds
[2021-08-08 04:12:56,087] {scheduler_job.py:182} INFO - Started process (PID=3050) to work on /home/airflow/sandbox/lib/python3.8/site-packages/airflow/example_dags/example_latest_only.py
[2021-08-08 04:12:56,090] {scheduler_job.py:633} INFO - Processing file /home/airflow/sandbox/lib/python3.8/site-packages/airflow/example_dags/example_latest_only.py for tasks to queue
[2021-08-08 04:12:56,093] {logging_mixin.py:104} INFO - [2021-08-08 04:12:56,093] {dagbag.py:496} INFO - Filling up the DagBag from /home/airflow/sandbox/lib/python3.8/site-packages/airflow/example_dags/example_latest_only.py
[2021-08-08 04:12:56,104] {scheduler_job.py:643} INFO - DAG(s) dict_keys(['latest_only']) retrieved from /home/airflow/sandbox/lib/python3.8/site-packages/airflow/example_dags/example_latest_only.py
[2021-08-08 04:12:56,118] {logging_mixin.py:104} INFO - [2021-08-08 04:12:56,118] {dag.py:1833} INFO - Sync 1 DAGs
[2021-08-08 04:12:56,130] {logging_mixin.py:104} INFO - [2021-08-08 04:12:56,130] {dag.py:2306} INFO - Setting next_dagrun for latest_only to 2021-08-06 00:00:00+00:00
[2021-08-08 04:12:56,146] {scheduler_job.py:190} INFO - Processing /home/airflow/sandbox/lib/python3.8/site-packages/airflow/example_dags/example_latest_only.py took 0.061 seconds
[2021-08-08 04:13:29,750] {scheduler_job.py:182} INFO - Started process (PID=3187) to work on /home/airflow/sandbox/lib/python3.8/site-packages/airflow/example_dags/example_latest_only.py
[2021-08-08 04:13:29,754] {scheduler_job.py:633} INFO - Processing file /home/airflow/sandbox/lib/python3.8/site-packages/airflow/example_dags/example_latest_only.py for tasks to queue
[2021-08-08 04:13:29,754] {logging_mixin.py:104} INFO - [2021-08-08 04:13:29,754] {dagbag.py:496} INFO - Filling up the DagBag from /home/airflow/sandbox/lib/python3.8/site-packages/airflow/example_dags/example_latest_only.py
[2021-08-08 04:13:29,769] {scheduler_job.py:643} INFO - DAG(s) dict_keys(['latest_only']) retrieved from /home/airflow/sandbox/lib/python3.8/site-packages/airflow/example_dags/example_latest_only.py
[2021-08-08 04:13:29,785] {logging_mixin.py:104} INFO - [2021-08-08 04:13:29,785] {dag.py:1833} INFO - Sync 1 DAGs
[2021-08-08 04:13:29,799] {logging_mixin.py:104} INFO - [2021-08-08 04:13:29,799] {dag.py:2306} INFO - Setting next_dagrun for latest_only to 2021-08-06 00:00:00+00:00
[2021-08-08 04:13:29,822] {scheduler_job.py:190} INFO - Processing /home/airflow/sandbox/lib/python3.8/site-packages/airflow/example_dags/example_latest_only.py took 0.075 seconds
[2021-08-08 04:14:03,351] {scheduler_job.py:182} INFO - Started process (PID=3321) to work on /home/airflow/sandbox/lib/python3.8/site-packages/airflow/example_dags/example_latest_only.py
[2021-08-08 04:14:03,354] {scheduler_job.py:633} INFO - Processing file /home/airflow/sandbox/lib/python3.8/site-packages/airflow/example_dags/example_latest_only.py for tasks to queue
[2021-08-08 04:14:03,355] {logging_mixin.py:104} INFO - [2021-08-08 04:14:03,355] {dagbag.py:496} INFO - Filling up the DagBag from /home/airflow/sandbox/lib/python3.8/site-packages/airflow/example_dags/example_latest_only.py
[2021-08-08 04:14:03,369] {scheduler_job.py:643} INFO - DAG(s) dict_keys(['latest_only']) retrieved from /home/airflow/sandbox/lib/python3.8/site-packages/airflow/example_dags/example_latest_only.py
[2021-08-08 04:14:03,384] {logging_mixin.py:104} INFO - [2021-08-08 04:14:03,384] {dag.py:1833} INFO - Sync 1 DAGs
[2021-08-08 04:14:03,393] {logging_mixin.py:104} INFO - [2021-08-08 04:14:03,393] {dag.py:2306} INFO - Setting next_dagrun for latest_only to 2021-08-06 00:00:00+00:00
[2021-08-08 04:14:03,412] {scheduler_job.py:190} INFO - Processing /home/airflow/sandbox/lib/python3.8/site-packages/airflow/example_dags/example_latest_only.py took 0.063 seconds
[2021-08-08 04:14:39,878] {scheduler_job.py:182} INFO - Started process (PID=3546) to work on /home/airflow/sandbox/lib/python3.8/site-packages/airflow/example_dags/example_latest_only.py
[2021-08-08 04:14:39,882] {scheduler_job.py:633} INFO - Processing file /home/airflow/sandbox/lib/python3.8/site-packages/airflow/example_dags/example_latest_only.py for tasks to queue
[2021-08-08 04:14:39,884] {logging_mixin.py:104} INFO - [2021-08-08 04:14:39,884] {dagbag.py:496} INFO - Filling up the DagBag from /home/airflow/sandbox/lib/python3.8/site-packages/airflow/example_dags/example_latest_only.py
[2021-08-08 04:14:39,904] {scheduler_job.py:643} INFO - DAG(s) dict_keys(['latest_only']) retrieved from /home/airflow/sandbox/lib/python3.8/site-packages/airflow/example_dags/example_latest_only.py
[2021-08-08 04:14:39,921] {logging_mixin.py:104} INFO - [2021-08-08 04:14:39,921] {dag.py:1833} INFO - Sync 1 DAGs
[2021-08-08 04:14:39,937] {logging_mixin.py:104} INFO - [2021-08-08 04:14:39,937] {dag.py:2306} INFO - Setting next_dagrun for latest_only to 2021-08-06 00:00:00+00:00
[2021-08-08 04:14:39,956] {scheduler_job.py:190} INFO - Processing /home/airflow/sandbox/lib/python3.8/site-packages/airflow/example_dags/example_latest_only.py took 0.081 seconds
[2021-08-08 04:15:16,099] {scheduler_job.py:182} INFO - Started process (PID=3777) to work on /home/airflow/sandbox/lib/python3.8/site-packages/airflow/example_dags/example_latest_only.py
[2021-08-08 04:15:16,102] {scheduler_job.py:633} INFO - Processing file /home/airflow/sandbox/lib/python3.8/site-packages/airflow/example_dags/example_latest_only.py for tasks to queue
[2021-08-08 04:15:16,105] {logging_mixin.py:104} INFO - [2021-08-08 04:15:16,105] {dagbag.py:496} INFO - Filling up the DagBag from /home/airflow/sandbox/lib/python3.8/site-packages/airflow/example_dags/example_latest_only.py
[2021-08-08 04:15:16,117] {scheduler_job.py:643} INFO - DAG(s) dict_keys(['latest_only']) retrieved from /home/airflow/sandbox/lib/python3.8/site-packages/airflow/example_dags/example_latest_only.py
[2021-08-08 04:15:16,132] {logging_mixin.py:104} INFO - [2021-08-08 04:15:16,131] {dag.py:1833} INFO - Sync 1 DAGs
[2021-08-08 04:15:16,142] {logging_mixin.py:104} INFO - [2021-08-08 04:15:16,142] {dag.py:2306} INFO - Setting next_dagrun for latest_only to 2021-08-06 00:00:00+00:00
[2021-08-08 04:15:16,160] {scheduler_job.py:190} INFO - Processing /home/airflow/sandbox/lib/python3.8/site-packages/airflow/example_dags/example_latest_only.py took 0.064 seconds
[2021-08-08 04:15:49,478] {scheduler_job.py:182} INFO - Started process (PID=3934) to work on /home/airflow/sandbox/lib/python3.8/site-packages/airflow/example_dags/example_latest_only.py
[2021-08-08 04:15:49,481] {scheduler_job.py:633} INFO - Processing file /home/airflow/sandbox/lib/python3.8/site-packages/airflow/example_dags/example_latest_only.py for tasks to queue
[2021-08-08 04:15:49,484] {logging_mixin.py:104} INFO - [2021-08-08 04:15:49,484] {dagbag.py:496} INFO - Filling up the DagBag from /home/airflow/sandbox/lib/python3.8/site-packages/airflow/example_dags/example_latest_only.py
[2021-08-08 04:15:49,494] {scheduler_job.py:643} INFO - DAG(s) dict_keys(['latest_only']) retrieved from /home/airflow/sandbox/lib/python3.8/site-packages/airflow/example_dags/example_latest_only.py
[2021-08-08 04:15:49,507] {logging_mixin.py:104} INFO - [2021-08-08 04:15:49,507] {dag.py:1833} INFO - Sync 1 DAGs
[2021-08-08 04:15:49,517] {logging_mixin.py:104} INFO - [2021-08-08 04:15:49,517] {dag.py:2306} INFO - Setting next_dagrun for latest_only to 2021-08-06 00:00:00+00:00
[2021-08-08 04:15:49,533] {scheduler_job.py:190} INFO - Processing /home/airflow/sandbox/lib/python3.8/site-packages/airflow/example_dags/example_latest_only.py took 0.057 seconds
[2021-08-08 04:16:21,116] {scheduler_job.py:182} INFO - Started process (PID=4171) to work on /home/airflow/sandbox/lib/python3.8/site-packages/airflow/example_dags/example_latest_only.py
[2021-08-08 04:16:21,118] {scheduler_job.py:633} INFO - Processing file /home/airflow/sandbox/lib/python3.8/site-packages/airflow/example_dags/example_latest_only.py for tasks to queue
[2021-08-08 04:16:21,120] {logging_mixin.py:104} INFO - [2021-08-08 04:16:21,120] {dagbag.py:496} INFO - Filling up the DagBag from /home/airflow/sandbox/lib/python3.8/site-packages/airflow/example_dags/example_latest_only.py
[2021-08-08 04:16:21,131] {scheduler_job.py:643} INFO - DAG(s) dict_keys(['latest_only']) retrieved from /home/airflow/sandbox/lib/python3.8/site-packages/airflow/example_dags/example_latest_only.py
[2021-08-08 04:16:21,144] {logging_mixin.py:104} INFO - [2021-08-08 04:16:21,144] {dag.py:1833} INFO - Sync 1 DAGs
[2021-08-08 04:16:21,156] {logging_mixin.py:104} INFO - [2021-08-08 04:16:21,155] {dag.py:2306} INFO - Setting next_dagrun for latest_only to 2021-08-06 00:00:00+00:00
[2021-08-08 04:16:21,176] {scheduler_job.py:190} INFO - Processing /home/airflow/sandbox/lib/python3.8/site-packages/airflow/example_dags/example_latest_only.py took 0.064 seconds
[2021-08-08 04:16:55,615] {scheduler_job.py:182} INFO - Started process (PID=4350) to work on /home/airflow/sandbox/lib/python3.8/site-packages/airflow/example_dags/example_latest_only.py
[2021-08-08 04:16:55,618] {scheduler_job.py:633} INFO - Processing file /home/airflow/sandbox/lib/python3.8/site-packages/airflow/example_dags/example_latest_only.py for tasks to queue
[2021-08-08 04:16:55,620] {logging_mixin.py:104} INFO - [2021-08-08 04:16:55,620] {dagbag.py:496} INFO - Filling up the DagBag from /home/airflow/sandbox/lib/python3.8/site-packages/airflow/example_dags/example_latest_only.py
[2021-08-08 04:16:55,631] {scheduler_job.py:643} INFO - DAG(s) dict_keys(['latest_only']) retrieved from /home/airflow/sandbox/lib/python3.8/site-packages/airflow/example_dags/example_latest_only.py
[2021-08-08 04:16:55,644] {logging_mixin.py:104} INFO - [2021-08-08 04:16:55,644] {dag.py:1833} INFO - Sync 1 DAGs
[2021-08-08 04:16:55,655] {logging_mixin.py:104} INFO - [2021-08-08 04:16:55,655] {dag.py:2306} INFO - Setting next_dagrun for latest_only to 2021-08-06 00:00:00+00:00
[2021-08-08 04:16:55,673] {scheduler_job.py:190} INFO - Processing /home/airflow/sandbox/lib/python3.8/site-packages/airflow/example_dags/example_latest_only.py took 0.061 seconds
[2021-08-08 04:17:29,399] {scheduler_job.py:182} INFO - Started process (PID=4476) to work on /home/airflow/sandbox/lib/python3.8/site-packages/airflow/example_dags/example_latest_only.py
[2021-08-08 04:17:29,404] {scheduler_job.py:633} INFO - Processing file /home/airflow/sandbox/lib/python3.8/site-packages/airflow/example_dags/example_latest_only.py for tasks to queue
[2021-08-08 04:17:29,406] {logging_mixin.py:104} INFO - [2021-08-08 04:17:29,406] {dagbag.py:496} INFO - Filling up the DagBag from /home/airflow/sandbox/lib/python3.8/site-packages/airflow/example_dags/example_latest_only.py
[2021-08-08 04:17:29,418] {scheduler_job.py:643} INFO - DAG(s) dict_keys(['latest_only']) retrieved from /home/airflow/sandbox/lib/python3.8/site-packages/airflow/example_dags/example_latest_only.py
[2021-08-08 04:17:29,430] {logging_mixin.py:104} INFO - [2021-08-08 04:17:29,430] {dag.py:1833} INFO - Sync 1 DAGs
[2021-08-08 04:17:29,440] {logging_mixin.py:104} INFO - [2021-08-08 04:17:29,440] {dag.py:2306} INFO - Setting next_dagrun for latest_only to 2021-08-06 00:00:00+00:00
[2021-08-08 04:17:29,459] {scheduler_job.py:190} INFO - Processing /home/airflow/sandbox/lib/python3.8/site-packages/airflow/example_dags/example_latest_only.py took 0.063 seconds
[2021-08-08 04:18:01,684] {scheduler_job.py:182} INFO - Started process (PID=4595) to work on /home/airflow/sandbox/lib/python3.8/site-packages/airflow/example_dags/example_latest_only.py
[2021-08-08 04:18:01,691] {scheduler_job.py:633} INFO - Processing file /home/airflow/sandbox/lib/python3.8/site-packages/airflow/example_dags/example_latest_only.py for tasks to queue
[2021-08-08 04:18:01,695] {logging_mixin.py:104} INFO - [2021-08-08 04:18:01,695] {dagbag.py:496} INFO - Filling up the DagBag from /home/airflow/sandbox/lib/python3.8/site-packages/airflow/example_dags/example_latest_only.py
[2021-08-08 04:18:01,712] {scheduler_job.py:643} INFO - DAG(s) dict_keys(['latest_only']) retrieved from /home/airflow/sandbox/lib/python3.8/site-packages/airflow/example_dags/example_latest_only.py
[2021-08-08 04:18:01,740] {logging_mixin.py:104} INFO - [2021-08-08 04:18:01,740] {dag.py:1833} INFO - Sync 1 DAGs
[2021-08-08 04:18:01,759] {logging_mixin.py:104} INFO - [2021-08-08 04:18:01,759] {dag.py:2306} INFO - Setting next_dagrun for latest_only to 2021-08-06 00:00:00+00:00
[2021-08-08 04:18:01,779] {scheduler_job.py:190} INFO - Processing /home/airflow/sandbox/lib/python3.8/site-packages/airflow/example_dags/example_latest_only.py took 0.103 seconds
[2021-08-08 04:18:35,366] {scheduler_job.py:182} INFO - Started process (PID=4720) to work on /home/airflow/sandbox/lib/python3.8/site-packages/airflow/example_dags/example_latest_only.py
[2021-08-08 04:18:35,369] {scheduler_job.py:633} INFO - Processing file /home/airflow/sandbox/lib/python3.8/site-packages/airflow/example_dags/example_latest_only.py for tasks to queue
[2021-08-08 04:18:35,372] {logging_mixin.py:104} INFO - [2021-08-08 04:18:35,371] {dagbag.py:496} INFO - Filling up the DagBag from /home/airflow/sandbox/lib/python3.8/site-packages/airflow/example_dags/example_latest_only.py
[2021-08-08 04:18:35,381] {scheduler_job.py:643} INFO - DAG(s) dict_keys(['latest_only']) retrieved from /home/airflow/sandbox/lib/python3.8/site-packages/airflow/example_dags/example_latest_only.py
[2021-08-08 04:18:35,394] {logging_mixin.py:104} INFO - [2021-08-08 04:18:35,393] {dag.py:1833} INFO - Sync 1 DAGs
[2021-08-08 04:18:35,404] {logging_mixin.py:104} INFO - [2021-08-08 04:18:35,404] {dag.py:2306} INFO - Setting next_dagrun for latest_only to 2021-08-06 00:00:00+00:00
[2021-08-08 04:18:35,423] {scheduler_job.py:190} INFO - Processing /home/airflow/sandbox/lib/python3.8/site-packages/airflow/example_dags/example_latest_only.py took 0.060 seconds
[2021-08-08 04:19:08,036] {scheduler_job.py:182} INFO - Started process (PID=4940) to work on /home/airflow/sandbox/lib/python3.8/site-packages/airflow/example_dags/example_latest_only.py
[2021-08-08 04:19:08,038] {scheduler_job.py:633} INFO - Processing file /home/airflow/sandbox/lib/python3.8/site-packages/airflow/example_dags/example_latest_only.py for tasks to queue
[2021-08-08 04:19:08,040] {logging_mixin.py:104} INFO - [2021-08-08 04:19:08,040] {dagbag.py:496} INFO - Filling up the DagBag from /home/airflow/sandbox/lib/python3.8/site-packages/airflow/example_dags/example_latest_only.py
[2021-08-08 04:19:08,051] {scheduler_job.py:643} INFO - DAG(s) dict_keys(['latest_only']) retrieved from /home/airflow/sandbox/lib/python3.8/site-packages/airflow/example_dags/example_latest_only.py
[2021-08-08 04:19:08,063] {logging_mixin.py:104} INFO - [2021-08-08 04:19:08,063] {dag.py:1833} INFO - Sync 1 DAGs
[2021-08-08 04:19:08,072] {logging_mixin.py:104} INFO - [2021-08-08 04:19:08,072] {dag.py:2306} INFO - Setting next_dagrun for latest_only to 2021-08-06 00:00:00+00:00
[2021-08-08 04:19:08,090] {scheduler_job.py:190} INFO - Processing /home/airflow/sandbox/lib/python3.8/site-packages/airflow/example_dags/example_latest_only.py took 0.057 seconds
[2021-08-08 04:19:43,790] {scheduler_job.py:182} INFO - Started process (PID=5077) to work on /home/airflow/sandbox/lib/python3.8/site-packages/airflow/example_dags/example_latest_only.py
[2021-08-08 04:19:43,792] {scheduler_job.py:633} INFO - Processing file /home/airflow/sandbox/lib/python3.8/site-packages/airflow/example_dags/example_latest_only.py for tasks to queue
[2021-08-08 04:19:43,795] {logging_mixin.py:104} INFO - [2021-08-08 04:19:43,795] {dagbag.py:496} INFO - Filling up the DagBag from /home/airflow/sandbox/lib/python3.8/site-packages/airflow/example_dags/example_latest_only.py
[2021-08-08 04:19:43,805] {scheduler_job.py:643} INFO - DAG(s) dict_keys(['latest_only']) retrieved from /home/airflow/sandbox/lib/python3.8/site-packages/airflow/example_dags/example_latest_only.py
[2021-08-08 04:19:43,818] {logging_mixin.py:104} INFO - [2021-08-08 04:19:43,818] {dag.py:1833} INFO - Sync 1 DAGs
[2021-08-08 04:19:43,829] {logging_mixin.py:104} INFO - [2021-08-08 04:19:43,829] {dag.py:2306} INFO - Setting next_dagrun for latest_only to 2021-08-06 00:00:00+00:00
[2021-08-08 04:19:43,848] {scheduler_job.py:190} INFO - Processing /home/airflow/sandbox/lib/python3.8/site-packages/airflow/example_dags/example_latest_only.py took 0.061 seconds
[2021-08-08 04:20:16,958] {scheduler_job.py:182} INFO - Started process (PID=5205) to work on /home/airflow/sandbox/lib/python3.8/site-packages/airflow/example_dags/example_latest_only.py
[2021-08-08 04:20:16,960] {scheduler_job.py:633} INFO - Processing file /home/airflow/sandbox/lib/python3.8/site-packages/airflow/example_dags/example_latest_only.py for tasks to queue
[2021-08-08 04:20:16,962] {logging_mixin.py:104} INFO - [2021-08-08 04:20:16,962] {dagbag.py:496} INFO - Filling up the DagBag from /home/airflow/sandbox/lib/python3.8/site-packages/airflow/example_dags/example_latest_only.py
[2021-08-08 04:20:16,972] {scheduler_job.py:643} INFO - DAG(s) dict_keys(['latest_only']) retrieved from /home/airflow/sandbox/lib/python3.8/site-packages/airflow/example_dags/example_latest_only.py
[2021-08-08 04:20:16,985] {logging_mixin.py:104} INFO - [2021-08-08 04:20:16,985] {dag.py:1833} INFO - Sync 1 DAGs
[2021-08-08 04:20:16,994] {logging_mixin.py:104} INFO - [2021-08-08 04:20:16,994] {dag.py:2306} INFO - Setting next_dagrun for latest_only to 2021-08-06 00:00:00+00:00
[2021-08-08 04:20:17,013] {scheduler_job.py:190} INFO - Processing /home/airflow/sandbox/lib/python3.8/site-packages/airflow/example_dags/example_latest_only.py took 0.058 seconds
[2021-08-08 04:20:49,610] {scheduler_job.py:182} INFO - Started process (PID=5354) to work on /home/airflow/sandbox/lib/python3.8/site-packages/airflow/example_dags/example_latest_only.py
[2021-08-08 04:20:49,612] {scheduler_job.py:633} INFO - Processing file /home/airflow/sandbox/lib/python3.8/site-packages/airflow/example_dags/example_latest_only.py for tasks to queue
[2021-08-08 04:20:49,614] {logging_mixin.py:104} INFO - [2021-08-08 04:20:49,614] {dagbag.py:496} INFO - Filling up the DagBag from /home/airflow/sandbox/lib/python3.8/site-packages/airflow/example_dags/example_latest_only.py
[2021-08-08 04:20:49,624] {scheduler_job.py:643} INFO - DAG(s) dict_keys(['latest_only']) retrieved from /home/airflow/sandbox/lib/python3.8/site-packages/airflow/example_dags/example_latest_only.py
[2021-08-08 04:20:49,636] {logging_mixin.py:104} INFO - [2021-08-08 04:20:49,636] {dag.py:1833} INFO - Sync 1 DAGs
[2021-08-08 04:20:49,645] {logging_mixin.py:104} INFO - [2021-08-08 04:20:49,645] {dag.py:2306} INFO - Setting next_dagrun for latest_only to 2021-08-06 00:00:00+00:00
[2021-08-08 04:20:49,661] {scheduler_job.py:190} INFO - Processing /home/airflow/sandbox/lib/python3.8/site-packages/airflow/example_dags/example_latest_only.py took 0.054 seconds
[2021-08-08 04:21:21,195] {scheduler_job.py:182} INFO - Started process (PID=5496) to work on /home/airflow/sandbox/lib/python3.8/site-packages/airflow/example_dags/example_latest_only.py
[2021-08-08 04:21:21,198] {scheduler_job.py:633} INFO - Processing file /home/airflow/sandbox/lib/python3.8/site-packages/airflow/example_dags/example_latest_only.py for tasks to queue
[2021-08-08 04:21:21,200] {logging_mixin.py:104} INFO - [2021-08-08 04:21:21,200] {dagbag.py:496} INFO - Filling up the DagBag from /home/airflow/sandbox/lib/python3.8/site-packages/airflow/example_dags/example_latest_only.py
[2021-08-08 04:21:21,207] {scheduler_job.py:643} INFO - DAG(s) dict_keys(['latest_only']) retrieved from /home/airflow/sandbox/lib/python3.8/site-packages/airflow/example_dags/example_latest_only.py
[2021-08-08 04:21:21,223] {logging_mixin.py:104} INFO - [2021-08-08 04:21:21,223] {dag.py:1833} INFO - Sync 1 DAGs
[2021-08-08 04:21:21,232] {logging_mixin.py:104} INFO - [2021-08-08 04:21:21,232] {dag.py:2306} INFO - Setting next_dagrun for latest_only to 2021-08-06 00:00:00+00:00
[2021-08-08 04:21:21,249] {scheduler_job.py:190} INFO - Processing /home/airflow/sandbox/lib/python3.8/site-packages/airflow/example_dags/example_latest_only.py took 0.057 seconds
[2021-08-08 04:21:53,271] {scheduler_job.py:182} INFO - Started process (PID=5624) to work on /home/airflow/sandbox/lib/python3.8/site-packages/airflow/example_dags/example_latest_only.py
[2021-08-08 04:21:53,274] {scheduler_job.py:633} INFO - Processing file /home/airflow/sandbox/lib/python3.8/site-packages/airflow/example_dags/example_latest_only.py for tasks to queue
[2021-08-08 04:21:53,276] {logging_mixin.py:104} INFO - [2021-08-08 04:21:53,276] {dagbag.py:496} INFO - Filling up the DagBag from /home/airflow/sandbox/lib/python3.8/site-packages/airflow/example_dags/example_latest_only.py
[2021-08-08 04:21:53,285] {scheduler_job.py:643} INFO - DAG(s) dict_keys(['latest_only']) retrieved from /home/airflow/sandbox/lib/python3.8/site-packages/airflow/example_dags/example_latest_only.py
[2021-08-08 04:21:53,297] {logging_mixin.py:104} INFO - [2021-08-08 04:21:53,297] {dag.py:1833} INFO - Sync 1 DAGs
[2021-08-08 04:21:53,306] {logging_mixin.py:104} INFO - [2021-08-08 04:21:53,306] {dag.py:2306} INFO - Setting next_dagrun for latest_only to 2021-08-06 00:00:00+00:00
[2021-08-08 04:21:53,324] {scheduler_job.py:190} INFO - Processing /home/airflow/sandbox/lib/python3.8/site-packages/airflow/example_dags/example_latest_only.py took 0.056 seconds
[2021-08-08 04:22:25,154] {scheduler_job.py:182} INFO - Started process (PID=5746) to work on /home/airflow/sandbox/lib/python3.8/site-packages/airflow/example_dags/example_latest_only.py
[2021-08-08 04:22:25,157] {scheduler_job.py:633} INFO - Processing file /home/airflow/sandbox/lib/python3.8/site-packages/airflow/example_dags/example_latest_only.py for tasks to queue
[2021-08-08 04:22:25,159] {logging_mixin.py:104} INFO - [2021-08-08 04:22:25,159] {dagbag.py:496} INFO - Filling up the DagBag from /home/airflow/sandbox/lib/python3.8/site-packages/airflow/example_dags/example_latest_only.py
[2021-08-08 04:22:25,169] {scheduler_job.py:643} INFO - DAG(s) dict_keys(['latest_only']) retrieved from /home/airflow/sandbox/lib/python3.8/site-packages/airflow/example_dags/example_latest_only.py
[2021-08-08 04:22:25,181] {logging_mixin.py:104} INFO - [2021-08-08 04:22:25,181] {dag.py:1833} INFO - Sync 1 DAGs
[2021-08-08 04:22:25,190] {logging_mixin.py:104} INFO - [2021-08-08 04:22:25,190] {dag.py:2306} INFO - Setting next_dagrun for latest_only to 2021-08-06 00:00:00+00:00
[2021-08-08 04:22:25,206] {scheduler_job.py:190} INFO - Processing /home/airflow/sandbox/lib/python3.8/site-packages/airflow/example_dags/example_latest_only.py took 0.055 seconds
[2021-08-08 04:22:58,520] {scheduler_job.py:182} INFO - Started process (PID=5947) to work on /home/airflow/sandbox/lib/python3.8/site-packages/airflow/example_dags/example_latest_only.py
[2021-08-08 04:22:58,524] {scheduler_job.py:633} INFO - Processing file /home/airflow/sandbox/lib/python3.8/site-packages/airflow/example_dags/example_latest_only.py for tasks to queue
[2021-08-08 04:22:58,526] {logging_mixin.py:104} INFO - [2021-08-08 04:22:58,526] {dagbag.py:496} INFO - Filling up the DagBag from /home/airflow/sandbox/lib/python3.8/site-packages/airflow/example_dags/example_latest_only.py
[2021-08-08 04:22:58,536] {scheduler_job.py:643} INFO - DAG(s) dict_keys(['latest_only']) retrieved from /home/airflow/sandbox/lib/python3.8/site-packages/airflow/example_dags/example_latest_only.py
[2021-08-08 04:22:58,549] {logging_mixin.py:104} INFO - [2021-08-08 04:22:58,549] {dag.py:1833} INFO - Sync 1 DAGs
[2021-08-08 04:22:58,558] {logging_mixin.py:104} INFO - [2021-08-08 04:22:58,558] {dag.py:2306} INFO - Setting next_dagrun for latest_only to 2021-08-06 00:00:00+00:00
[2021-08-08 04:22:58,577] {scheduler_job.py:190} INFO - Processing /home/airflow/sandbox/lib/python3.8/site-packages/airflow/example_dags/example_latest_only.py took 0.060 seconds
[2021-08-08 04:23:31,489] {scheduler_job.py:182} INFO - Started process (PID=6157) to work on /home/airflow/sandbox/lib/python3.8/site-packages/airflow/example_dags/example_latest_only.py
[2021-08-08 04:23:31,492] {scheduler_job.py:633} INFO - Processing file /home/airflow/sandbox/lib/python3.8/site-packages/airflow/example_dags/example_latest_only.py for tasks to queue
[2021-08-08 04:23:31,495] {logging_mixin.py:104} INFO - [2021-08-08 04:23:31,495] {dagbag.py:496} INFO - Filling up the DagBag from /home/airflow/sandbox/lib/python3.8/site-packages/airflow/example_dags/example_latest_only.py
[2021-08-08 04:23:31,506] {scheduler_job.py:643} INFO - DAG(s) dict_keys(['latest_only']) retrieved from /home/airflow/sandbox/lib/python3.8/site-packages/airflow/example_dags/example_latest_only.py
[2021-08-08 04:23:31,519] {logging_mixin.py:104} INFO - [2021-08-08 04:23:31,519] {dag.py:1833} INFO - Sync 1 DAGs
[2021-08-08 04:23:31,533] {logging_mixin.py:104} INFO - [2021-08-08 04:23:31,532] {dag.py:2306} INFO - Setting next_dagrun for latest_only to 2021-08-06 00:00:00+00:00
[2021-08-08 04:23:31,554] {scheduler_job.py:190} INFO - Processing /home/airflow/sandbox/lib/python3.8/site-packages/airflow/example_dags/example_latest_only.py took 0.068 seconds
[2021-08-08 04:24:04,232] {scheduler_job.py:182} INFO - Started process (PID=6336) to work on /home/airflow/sandbox/lib/python3.8/site-packages/airflow/example_dags/example_latest_only.py
[2021-08-08 04:24:04,234] {scheduler_job.py:633} INFO - Processing file /home/airflow/sandbox/lib/python3.8/site-packages/airflow/example_dags/example_latest_only.py for tasks to queue
[2021-08-08 04:24:04,236] {logging_mixin.py:104} INFO - [2021-08-08 04:24:04,236] {dagbag.py:496} INFO - Filling up the DagBag from /home/airflow/sandbox/lib/python3.8/site-packages/airflow/example_dags/example_latest_only.py
[2021-08-08 04:24:04,245] {scheduler_job.py:643} INFO - DAG(s) dict_keys(['latest_only']) retrieved from /home/airflow/sandbox/lib/python3.8/site-packages/airflow/example_dags/example_latest_only.py
[2021-08-08 04:24:04,257] {logging_mixin.py:104} INFO - [2021-08-08 04:24:04,257] {dag.py:1833} INFO - Sync 1 DAGs
[2021-08-08 04:24:04,266] {logging_mixin.py:104} INFO - [2021-08-08 04:24:04,266] {dag.py:2306} INFO - Setting next_dagrun for latest_only to 2021-08-06 00:00:00+00:00
[2021-08-08 04:24:04,283] {scheduler_job.py:190} INFO - Processing /home/airflow/sandbox/lib/python3.8/site-packages/airflow/example_dags/example_latest_only.py took 0.054 seconds
[2021-08-08 04:24:37,717] {scheduler_job.py:182} INFO - Started process (PID=6479) to work on /home/airflow/sandbox/lib/python3.8/site-packages/airflow/example_dags/example_latest_only.py
[2021-08-08 04:24:37,720] {scheduler_job.py:633} INFO - Processing file /home/airflow/sandbox/lib/python3.8/site-packages/airflow/example_dags/example_latest_only.py for tasks to queue
[2021-08-08 04:24:37,722] {logging_mixin.py:104} INFO - [2021-08-08 04:24:37,722] {dagbag.py:496} INFO - Filling up the DagBag from /home/airflow/sandbox/lib/python3.8/site-packages/airflow/example_dags/example_latest_only.py
[2021-08-08 04:24:37,730] {scheduler_job.py:643} INFO - DAG(s) dict_keys(['latest_only']) retrieved from /home/airflow/sandbox/lib/python3.8/site-packages/airflow/example_dags/example_latest_only.py
[2021-08-08 04:24:37,745] {logging_mixin.py:104} INFO - [2021-08-08 04:24:37,745] {dag.py:1833} INFO - Sync 1 DAGs
[2021-08-08 04:24:37,754] {logging_mixin.py:104} INFO - [2021-08-08 04:24:37,753] {dag.py:2306} INFO - Setting next_dagrun for latest_only to 2021-08-06 00:00:00+00:00
[2021-08-08 04:24:37,779] {scheduler_job.py:190} INFO - Processing /home/airflow/sandbox/lib/python3.8/site-packages/airflow/example_dags/example_latest_only.py took 0.065 seconds
