[2021-08-08 04:11:16,750] {scheduler_job.py:182} INFO - Started process (PID=2619) to work on /home/airflow/sandbox/lib/python3.8/site-packages/airflow/example_dags/example_task_group.py
[2021-08-08 04:11:16,753] {scheduler_job.py:633} INFO - Processing file /home/airflow/sandbox/lib/python3.8/site-packages/airflow/example_dags/example_task_group.py for tasks to queue
[2021-08-08 04:11:16,755] {logging_mixin.py:104} INFO - [2021-08-08 04:11:16,755] {dagbag.py:496} INFO - Filling up the DagBag from /home/airflow/sandbox/lib/python3.8/site-packages/airflow/example_dags/example_task_group.py
[2021-08-08 04:11:16,767] {scheduler_job.py:643} INFO - DAG(s) dict_keys(['example_task_group']) retrieved from /home/airflow/sandbox/lib/python3.8/site-packages/airflow/example_dags/example_task_group.py
[2021-08-08 04:11:17,019] {logging_mixin.py:104} INFO - [2021-08-08 04:11:17,019] {dag.py:1833} INFO - Sync 1 DAGs
[2021-08-08 04:11:17,032] {logging_mixin.py:104} INFO - [2021-08-08 04:11:17,032] {dag.py:2306} INFO - Setting next_dagrun for example_task_group to 2021-08-06 00:00:00+00:00
[2021-08-08 04:11:17,070] {scheduler_job.py:190} INFO - Processing /home/airflow/sandbox/lib/python3.8/site-packages/airflow/example_dags/example_task_group.py took 0.323 seconds
[2021-08-08 04:11:55,590] {scheduler_job.py:182} INFO - Started process (PID=2773) to work on /home/airflow/sandbox/lib/python3.8/site-packages/airflow/example_dags/example_task_group.py
[2021-08-08 04:11:55,593] {scheduler_job.py:633} INFO - Processing file /home/airflow/sandbox/lib/python3.8/site-packages/airflow/example_dags/example_task_group.py for tasks to queue
[2021-08-08 04:11:55,596] {logging_mixin.py:104} INFO - [2021-08-08 04:11:55,596] {dagbag.py:496} INFO - Filling up the DagBag from /home/airflow/sandbox/lib/python3.8/site-packages/airflow/example_dags/example_task_group.py
[2021-08-08 04:11:55,610] {scheduler_job.py:643} INFO - DAG(s) dict_keys(['example_task_group']) retrieved from /home/airflow/sandbox/lib/python3.8/site-packages/airflow/example_dags/example_task_group.py
[2021-08-08 04:11:55,624] {logging_mixin.py:104} INFO - [2021-08-08 04:11:55,623] {dag.py:1833} INFO - Sync 1 DAGs
[2021-08-08 04:11:55,635] {logging_mixin.py:104} INFO - [2021-08-08 04:11:55,635] {dag.py:2306} INFO - Setting next_dagrun for example_task_group to 2021-08-06 00:00:00+00:00
[2021-08-08 04:11:55,655] {scheduler_job.py:190} INFO - Processing /home/airflow/sandbox/lib/python3.8/site-packages/airflow/example_dags/example_task_group.py took 0.067 seconds
[2021-08-08 04:12:29,379] {scheduler_job.py:182} INFO - Started process (PID=2941) to work on /home/airflow/sandbox/lib/python3.8/site-packages/airflow/example_dags/example_task_group.py
[2021-08-08 04:12:29,384] {scheduler_job.py:633} INFO - Processing file /home/airflow/sandbox/lib/python3.8/site-packages/airflow/example_dags/example_task_group.py for tasks to queue
[2021-08-08 04:12:29,388] {logging_mixin.py:104} INFO - [2021-08-08 04:12:29,388] {dagbag.py:496} INFO - Filling up the DagBag from /home/airflow/sandbox/lib/python3.8/site-packages/airflow/example_dags/example_task_group.py
[2021-08-08 04:12:29,408] {scheduler_job.py:643} INFO - DAG(s) dict_keys(['example_task_group']) retrieved from /home/airflow/sandbox/lib/python3.8/site-packages/airflow/example_dags/example_task_group.py
[2021-08-08 04:12:29,426] {logging_mixin.py:104} INFO - [2021-08-08 04:12:29,426] {dag.py:1833} INFO - Sync 1 DAGs
[2021-08-08 04:12:29,444] {logging_mixin.py:104} INFO - [2021-08-08 04:12:29,444] {dag.py:2306} INFO - Setting next_dagrun for example_task_group to 2021-08-06 00:00:00+00:00
[2021-08-08 04:12:29,468] {scheduler_job.py:190} INFO - Processing /home/airflow/sandbox/lib/python3.8/site-packages/airflow/example_dags/example_task_group.py took 0.093 seconds
[2021-08-08 04:13:04,006] {scheduler_job.py:182} INFO - Started process (PID=3090) to work on /home/airflow/sandbox/lib/python3.8/site-packages/airflow/example_dags/example_task_group.py
[2021-08-08 04:13:04,010] {scheduler_job.py:633} INFO - Processing file /home/airflow/sandbox/lib/python3.8/site-packages/airflow/example_dags/example_task_group.py for tasks to queue
[2021-08-08 04:13:04,016] {logging_mixin.py:104} INFO - [2021-08-08 04:13:04,016] {dagbag.py:496} INFO - Filling up the DagBag from /home/airflow/sandbox/lib/python3.8/site-packages/airflow/example_dags/example_task_group.py
[2021-08-08 04:13:04,030] {scheduler_job.py:643} INFO - DAG(s) dict_keys(['example_task_group']) retrieved from /home/airflow/sandbox/lib/python3.8/site-packages/airflow/example_dags/example_task_group.py
[2021-08-08 04:13:04,044] {logging_mixin.py:104} INFO - [2021-08-08 04:13:04,044] {dag.py:1833} INFO - Sync 1 DAGs
[2021-08-08 04:13:04,056] {logging_mixin.py:104} INFO - [2021-08-08 04:13:04,056] {dag.py:2306} INFO - Setting next_dagrun for example_task_group to 2021-08-06 00:00:00+00:00
[2021-08-08 04:13:04,083] {scheduler_job.py:190} INFO - Processing /home/airflow/sandbox/lib/python3.8/site-packages/airflow/example_dags/example_task_group.py took 0.080 seconds
[2021-08-08 04:13:37,492] {scheduler_job.py:182} INFO - Started process (PID=3219) to work on /home/airflow/sandbox/lib/python3.8/site-packages/airflow/example_dags/example_task_group.py
[2021-08-08 04:13:37,495] {scheduler_job.py:633} INFO - Processing file /home/airflow/sandbox/lib/python3.8/site-packages/airflow/example_dags/example_task_group.py for tasks to queue
[2021-08-08 04:13:37,498] {logging_mixin.py:104} INFO - [2021-08-08 04:13:37,498] {dagbag.py:496} INFO - Filling up the DagBag from /home/airflow/sandbox/lib/python3.8/site-packages/airflow/example_dags/example_task_group.py
[2021-08-08 04:13:37,510] {scheduler_job.py:643} INFO - DAG(s) dict_keys(['example_task_group']) retrieved from /home/airflow/sandbox/lib/python3.8/site-packages/airflow/example_dags/example_task_group.py
[2021-08-08 04:13:37,523] {logging_mixin.py:104} INFO - [2021-08-08 04:13:37,523] {dag.py:1833} INFO - Sync 1 DAGs
[2021-08-08 04:13:37,540] {logging_mixin.py:104} INFO - [2021-08-08 04:13:37,539] {dag.py:2306} INFO - Setting next_dagrun for example_task_group to 2021-08-06 00:00:00+00:00
[2021-08-08 04:13:37,559] {scheduler_job.py:190} INFO - Processing /home/airflow/sandbox/lib/python3.8/site-packages/airflow/example_dags/example_task_group.py took 0.070 seconds
[2021-08-08 04:14:11,861] {scheduler_job.py:182} INFO - Started process (PID=3363) to work on /home/airflow/sandbox/lib/python3.8/site-packages/airflow/example_dags/example_task_group.py
[2021-08-08 04:14:11,864] {scheduler_job.py:633} INFO - Processing file /home/airflow/sandbox/lib/python3.8/site-packages/airflow/example_dags/example_task_group.py for tasks to queue
[2021-08-08 04:14:11,866] {logging_mixin.py:104} INFO - [2021-08-08 04:14:11,866] {dagbag.py:496} INFO - Filling up the DagBag from /home/airflow/sandbox/lib/python3.8/site-packages/airflow/example_dags/example_task_group.py
[2021-08-08 04:14:11,881] {scheduler_job.py:643} INFO - DAG(s) dict_keys(['example_task_group']) retrieved from /home/airflow/sandbox/lib/python3.8/site-packages/airflow/example_dags/example_task_group.py
[2021-08-08 04:14:11,895] {logging_mixin.py:104} INFO - [2021-08-08 04:14:11,895] {dag.py:1833} INFO - Sync 1 DAGs
[2021-08-08 04:14:11,907] {logging_mixin.py:104} INFO - [2021-08-08 04:14:11,907] {dag.py:2306} INFO - Setting next_dagrun for example_task_group to 2021-08-06 00:00:00+00:00
[2021-08-08 04:14:11,929] {scheduler_job.py:190} INFO - Processing /home/airflow/sandbox/lib/python3.8/site-packages/airflow/example_dags/example_task_group.py took 0.071 seconds
[2021-08-08 04:14:49,148] {scheduler_job.py:182} INFO - Started process (PID=3620) to work on /home/airflow/sandbox/lib/python3.8/site-packages/airflow/example_dags/example_task_group.py
[2021-08-08 04:14:49,156] {scheduler_job.py:633} INFO - Processing file /home/airflow/sandbox/lib/python3.8/site-packages/airflow/example_dags/example_task_group.py for tasks to queue
[2021-08-08 04:14:49,159] {logging_mixin.py:104} INFO - [2021-08-08 04:14:49,158] {dagbag.py:496} INFO - Filling up the DagBag from /home/airflow/sandbox/lib/python3.8/site-packages/airflow/example_dags/example_task_group.py
[2021-08-08 04:14:49,169] {scheduler_job.py:643} INFO - DAG(s) dict_keys(['example_task_group']) retrieved from /home/airflow/sandbox/lib/python3.8/site-packages/airflow/example_dags/example_task_group.py
[2021-08-08 04:14:49,191] {logging_mixin.py:104} INFO - [2021-08-08 04:14:49,191] {dag.py:1833} INFO - Sync 1 DAGs
[2021-08-08 04:14:49,203] {logging_mixin.py:104} INFO - [2021-08-08 04:14:49,203] {dag.py:2306} INFO - Setting next_dagrun for example_task_group to 2021-08-06 00:00:00+00:00
[2021-08-08 04:14:49,222] {scheduler_job.py:190} INFO - Processing /home/airflow/sandbox/lib/python3.8/site-packages/airflow/example_dags/example_task_group.py took 0.076 seconds
[2021-08-08 04:15:23,968] {scheduler_job.py:182} INFO - Started process (PID=3803) to work on /home/airflow/sandbox/lib/python3.8/site-packages/airflow/example_dags/example_task_group.py
[2021-08-08 04:15:23,971] {scheduler_job.py:633} INFO - Processing file /home/airflow/sandbox/lib/python3.8/site-packages/airflow/example_dags/example_task_group.py for tasks to queue
[2021-08-08 04:15:23,973] {logging_mixin.py:104} INFO - [2021-08-08 04:15:23,973] {dagbag.py:496} INFO - Filling up the DagBag from /home/airflow/sandbox/lib/python3.8/site-packages/airflow/example_dags/example_task_group.py
[2021-08-08 04:15:23,986] {scheduler_job.py:643} INFO - DAG(s) dict_keys(['example_task_group']) retrieved from /home/airflow/sandbox/lib/python3.8/site-packages/airflow/example_dags/example_task_group.py
[2021-08-08 04:15:23,999] {logging_mixin.py:104} INFO - [2021-08-08 04:15:23,999] {dag.py:1833} INFO - Sync 1 DAGs
[2021-08-08 04:15:24,009] {logging_mixin.py:104} INFO - [2021-08-08 04:15:24,009] {dag.py:2306} INFO - Setting next_dagrun for example_task_group to 2021-08-06 00:00:00+00:00
[2021-08-08 04:15:24,028] {scheduler_job.py:190} INFO - Processing /home/airflow/sandbox/lib/python3.8/site-packages/airflow/example_dags/example_task_group.py took 0.063 seconds
[2021-08-08 04:15:56,331] {scheduler_job.py:182} INFO - Started process (PID=4016) to work on /home/airflow/sandbox/lib/python3.8/site-packages/airflow/example_dags/example_task_group.py
[2021-08-08 04:15:56,337] {scheduler_job.py:633} INFO - Processing file /home/airflow/sandbox/lib/python3.8/site-packages/airflow/example_dags/example_task_group.py for tasks to queue
[2021-08-08 04:15:56,340] {logging_mixin.py:104} INFO - [2021-08-08 04:15:56,340] {dagbag.py:496} INFO - Filling up the DagBag from /home/airflow/sandbox/lib/python3.8/site-packages/airflow/example_dags/example_task_group.py
[2021-08-08 04:15:56,357] {scheduler_job.py:643} INFO - DAG(s) dict_keys(['example_task_group']) retrieved from /home/airflow/sandbox/lib/python3.8/site-packages/airflow/example_dags/example_task_group.py
[2021-08-08 04:15:56,391] {logging_mixin.py:104} INFO - [2021-08-08 04:15:56,391] {dag.py:1833} INFO - Sync 1 DAGs
[2021-08-08 04:15:56,401] {logging_mixin.py:104} INFO - [2021-08-08 04:15:56,401] {dag.py:2306} INFO - Setting next_dagrun for example_task_group to 2021-08-06 00:00:00+00:00
[2021-08-08 04:15:56,418] {scheduler_job.py:190} INFO - Processing /home/airflow/sandbox/lib/python3.8/site-packages/airflow/example_dags/example_task_group.py took 0.093 seconds
[2021-08-08 04:16:31,137] {scheduler_job.py:182} INFO - Started process (PID=4205) to work on /home/airflow/sandbox/lib/python3.8/site-packages/airflow/example_dags/example_task_group.py
[2021-08-08 04:16:31,141] {scheduler_job.py:633} INFO - Processing file /home/airflow/sandbox/lib/python3.8/site-packages/airflow/example_dags/example_task_group.py for tasks to queue
[2021-08-08 04:16:31,141] {logging_mixin.py:104} INFO - [2021-08-08 04:16:31,141] {dagbag.py:496} INFO - Filling up the DagBag from /home/airflow/sandbox/lib/python3.8/site-packages/airflow/example_dags/example_task_group.py
[2021-08-08 04:16:31,157] {scheduler_job.py:643} INFO - DAG(s) dict_keys(['example_task_group']) retrieved from /home/airflow/sandbox/lib/python3.8/site-packages/airflow/example_dags/example_task_group.py
[2021-08-08 04:16:31,170] {logging_mixin.py:104} INFO - [2021-08-08 04:16:31,170] {dag.py:1833} INFO - Sync 1 DAGs
[2021-08-08 04:16:31,182] {logging_mixin.py:104} INFO - [2021-08-08 04:16:31,182] {dag.py:2306} INFO - Setting next_dagrun for example_task_group to 2021-08-06 00:00:00+00:00
[2021-08-08 04:16:31,205] {scheduler_job.py:190} INFO - Processing /home/airflow/sandbox/lib/python3.8/site-packages/airflow/example_dags/example_task_group.py took 0.070 seconds
[2021-08-08 04:17:03,627] {scheduler_job.py:182} INFO - Started process (PID=4385) to work on /home/airflow/sandbox/lib/python3.8/site-packages/airflow/example_dags/example_task_group.py
[2021-08-08 04:17:03,630] {scheduler_job.py:633} INFO - Processing file /home/airflow/sandbox/lib/python3.8/site-packages/airflow/example_dags/example_task_group.py for tasks to queue
[2021-08-08 04:17:03,633] {logging_mixin.py:104} INFO - [2021-08-08 04:17:03,633] {dagbag.py:496} INFO - Filling up the DagBag from /home/airflow/sandbox/lib/python3.8/site-packages/airflow/example_dags/example_task_group.py
[2021-08-08 04:17:03,649] {scheduler_job.py:643} INFO - DAG(s) dict_keys(['example_task_group']) retrieved from /home/airflow/sandbox/lib/python3.8/site-packages/airflow/example_dags/example_task_group.py
[2021-08-08 04:17:03,662] {logging_mixin.py:104} INFO - [2021-08-08 04:17:03,662] {dag.py:1833} INFO - Sync 1 DAGs
[2021-08-08 04:17:03,673] {logging_mixin.py:104} INFO - [2021-08-08 04:17:03,673] {dag.py:2306} INFO - Setting next_dagrun for example_task_group to 2021-08-06 00:00:00+00:00
[2021-08-08 04:17:03,694] {scheduler_job.py:190} INFO - Processing /home/airflow/sandbox/lib/python3.8/site-packages/airflow/example_dags/example_task_group.py took 0.070 seconds
[2021-08-08 04:17:37,016] {scheduler_job.py:182} INFO - Started process (PID=4502) to work on /home/airflow/sandbox/lib/python3.8/site-packages/airflow/example_dags/example_task_group.py
[2021-08-08 04:17:37,019] {scheduler_job.py:633} INFO - Processing file /home/airflow/sandbox/lib/python3.8/site-packages/airflow/example_dags/example_task_group.py for tasks to queue
[2021-08-08 04:17:37,021] {logging_mixin.py:104} INFO - [2021-08-08 04:17:37,021] {dagbag.py:496} INFO - Filling up the DagBag from /home/airflow/sandbox/lib/python3.8/site-packages/airflow/example_dags/example_task_group.py
[2021-08-08 04:17:37,033] {scheduler_job.py:643} INFO - DAG(s) dict_keys(['example_task_group']) retrieved from /home/airflow/sandbox/lib/python3.8/site-packages/airflow/example_dags/example_task_group.py
[2021-08-08 04:17:37,045] {logging_mixin.py:104} INFO - [2021-08-08 04:17:37,045] {dag.py:1833} INFO - Sync 1 DAGs
[2021-08-08 04:17:37,054] {logging_mixin.py:104} INFO - [2021-08-08 04:17:37,054] {dag.py:2306} INFO - Setting next_dagrun for example_task_group to 2021-08-06 00:00:00+00:00
[2021-08-08 04:17:37,070] {scheduler_job.py:190} INFO - Processing /home/airflow/sandbox/lib/python3.8/site-packages/airflow/example_dags/example_task_group.py took 0.057 seconds
[2021-08-08 04:18:10,690] {scheduler_job.py:182} INFO - Started process (PID=4630) to work on /home/airflow/sandbox/lib/python3.8/site-packages/airflow/example_dags/example_task_group.py
[2021-08-08 04:18:10,693] {scheduler_job.py:633} INFO - Processing file /home/airflow/sandbox/lib/python3.8/site-packages/airflow/example_dags/example_task_group.py for tasks to queue
[2021-08-08 04:18:10,695] {logging_mixin.py:104} INFO - [2021-08-08 04:18:10,695] {dagbag.py:496} INFO - Filling up the DagBag from /home/airflow/sandbox/lib/python3.8/site-packages/airflow/example_dags/example_task_group.py
[2021-08-08 04:18:10,705] {scheduler_job.py:643} INFO - DAG(s) dict_keys(['example_task_group']) retrieved from /home/airflow/sandbox/lib/python3.8/site-packages/airflow/example_dags/example_task_group.py
[2021-08-08 04:18:10,719] {logging_mixin.py:104} INFO - [2021-08-08 04:18:10,719] {dag.py:1833} INFO - Sync 1 DAGs
[2021-08-08 04:18:10,728] {logging_mixin.py:104} INFO - [2021-08-08 04:18:10,728] {dag.py:2306} INFO - Setting next_dagrun for example_task_group to 2021-08-06 00:00:00+00:00
[2021-08-08 04:18:10,745] {scheduler_job.py:190} INFO - Processing /home/airflow/sandbox/lib/python3.8/site-packages/airflow/example_dags/example_task_group.py took 0.057 seconds
[2021-08-08 04:18:43,418] {scheduler_job.py:182} INFO - Started process (PID=4844) to work on /home/airflow/sandbox/lib/python3.8/site-packages/airflow/example_dags/example_task_group.py
[2021-08-08 04:18:43,420] {scheduler_job.py:633} INFO - Processing file /home/airflow/sandbox/lib/python3.8/site-packages/airflow/example_dags/example_task_group.py for tasks to queue
[2021-08-08 04:18:43,422] {logging_mixin.py:104} INFO - [2021-08-08 04:18:43,422] {dagbag.py:496} INFO - Filling up the DagBag from /home/airflow/sandbox/lib/python3.8/site-packages/airflow/example_dags/example_task_group.py
[2021-08-08 04:18:43,433] {scheduler_job.py:643} INFO - DAG(s) dict_keys(['example_task_group']) retrieved from /home/airflow/sandbox/lib/python3.8/site-packages/airflow/example_dags/example_task_group.py
[2021-08-08 04:18:43,445] {logging_mixin.py:104} INFO - [2021-08-08 04:18:43,445] {dag.py:1833} INFO - Sync 1 DAGs
[2021-08-08 04:18:43,455] {logging_mixin.py:104} INFO - [2021-08-08 04:18:43,455] {dag.py:2306} INFO - Setting next_dagrun for example_task_group to 2021-08-06 00:00:00+00:00
[2021-08-08 04:18:43,472] {scheduler_job.py:190} INFO - Processing /home/airflow/sandbox/lib/python3.8/site-packages/airflow/example_dags/example_task_group.py took 0.058 seconds
[2021-08-08 04:19:16,600] {scheduler_job.py:182} INFO - Started process (PID=4973) to work on /home/airflow/sandbox/lib/python3.8/site-packages/airflow/example_dags/example_task_group.py
[2021-08-08 04:19:16,602] {scheduler_job.py:633} INFO - Processing file /home/airflow/sandbox/lib/python3.8/site-packages/airflow/example_dags/example_task_group.py for tasks to queue
[2021-08-08 04:19:16,605] {logging_mixin.py:104} INFO - [2021-08-08 04:19:16,605] {dagbag.py:496} INFO - Filling up the DagBag from /home/airflow/sandbox/lib/python3.8/site-packages/airflow/example_dags/example_task_group.py
[2021-08-08 04:19:16,617] {scheduler_job.py:643} INFO - DAG(s) dict_keys(['example_task_group']) retrieved from /home/airflow/sandbox/lib/python3.8/site-packages/airflow/example_dags/example_task_group.py
[2021-08-08 04:19:16,630] {logging_mixin.py:104} INFO - [2021-08-08 04:19:16,630] {dag.py:1833} INFO - Sync 1 DAGs
[2021-08-08 04:19:16,642] {logging_mixin.py:104} INFO - [2021-08-08 04:19:16,642] {dag.py:2306} INFO - Setting next_dagrun for example_task_group to 2021-08-06 00:00:00+00:00
[2021-08-08 04:19:16,666] {scheduler_job.py:190} INFO - Processing /home/airflow/sandbox/lib/python3.8/site-packages/airflow/example_dags/example_task_group.py took 0.069 seconds
[2021-08-08 04:19:50,710] {scheduler_job.py:182} INFO - Started process (PID=5108) to work on /home/airflow/sandbox/lib/python3.8/site-packages/airflow/example_dags/example_task_group.py
[2021-08-08 04:19:50,712] {scheduler_job.py:633} INFO - Processing file /home/airflow/sandbox/lib/python3.8/site-packages/airflow/example_dags/example_task_group.py for tasks to queue
[2021-08-08 04:19:50,715] {logging_mixin.py:104} INFO - [2021-08-08 04:19:50,715] {dagbag.py:496} INFO - Filling up the DagBag from /home/airflow/sandbox/lib/python3.8/site-packages/airflow/example_dags/example_task_group.py
[2021-08-08 04:19:50,726] {scheduler_job.py:643} INFO - DAG(s) dict_keys(['example_task_group']) retrieved from /home/airflow/sandbox/lib/python3.8/site-packages/airflow/example_dags/example_task_group.py
[2021-08-08 04:19:50,739] {logging_mixin.py:104} INFO - [2021-08-08 04:19:50,739] {dag.py:1833} INFO - Sync 1 DAGs
[2021-08-08 04:19:50,748] {logging_mixin.py:104} INFO - [2021-08-08 04:19:50,748] {dag.py:2306} INFO - Setting next_dagrun for example_task_group to 2021-08-06 00:00:00+00:00
[2021-08-08 04:19:50,765] {scheduler_job.py:190} INFO - Processing /home/airflow/sandbox/lib/python3.8/site-packages/airflow/example_dags/example_task_group.py took 0.059 seconds
[2021-08-08 04:20:23,942] {scheduler_job.py:182} INFO - Started process (PID=5236) to work on /home/airflow/sandbox/lib/python3.8/site-packages/airflow/example_dags/example_task_group.py
[2021-08-08 04:20:23,945] {scheduler_job.py:633} INFO - Processing file /home/airflow/sandbox/lib/python3.8/site-packages/airflow/example_dags/example_task_group.py for tasks to queue
[2021-08-08 04:20:23,947] {logging_mixin.py:104} INFO - [2021-08-08 04:20:23,947] {dagbag.py:496} INFO - Filling up the DagBag from /home/airflow/sandbox/lib/python3.8/site-packages/airflow/example_dags/example_task_group.py
[2021-08-08 04:20:23,958] {scheduler_job.py:643} INFO - DAG(s) dict_keys(['example_task_group']) retrieved from /home/airflow/sandbox/lib/python3.8/site-packages/airflow/example_dags/example_task_group.py
[2021-08-08 04:20:23,970] {logging_mixin.py:104} INFO - [2021-08-08 04:20:23,970] {dag.py:1833} INFO - Sync 1 DAGs
[2021-08-08 04:20:23,979] {logging_mixin.py:104} INFO - [2021-08-08 04:20:23,979] {dag.py:2306} INFO - Setting next_dagrun for example_task_group to 2021-08-06 00:00:00+00:00
[2021-08-08 04:20:23,996] {scheduler_job.py:190} INFO - Processing /home/airflow/sandbox/lib/python3.8/site-packages/airflow/example_dags/example_task_group.py took 0.056 seconds
[2021-08-08 04:20:56,603] {scheduler_job.py:182} INFO - Started process (PID=5401) to work on /home/airflow/sandbox/lib/python3.8/site-packages/airflow/example_dags/example_task_group.py
[2021-08-08 04:20:56,616] {scheduler_job.py:633} INFO - Processing file /home/airflow/sandbox/lib/python3.8/site-packages/airflow/example_dags/example_task_group.py for tasks to queue
[2021-08-08 04:20:56,620] {logging_mixin.py:104} INFO - [2021-08-08 04:20:56,620] {dagbag.py:496} INFO - Filling up the DagBag from /home/airflow/sandbox/lib/python3.8/site-packages/airflow/example_dags/example_task_group.py
[2021-08-08 04:20:56,639] {scheduler_job.py:643} INFO - DAG(s) dict_keys(['example_task_group']) retrieved from /home/airflow/sandbox/lib/python3.8/site-packages/airflow/example_dags/example_task_group.py
[2021-08-08 04:20:56,667] {logging_mixin.py:104} INFO - [2021-08-08 04:20:56,667] {dag.py:1833} INFO - Sync 1 DAGs
[2021-08-08 04:20:56,680] {logging_mixin.py:104} INFO - [2021-08-08 04:20:56,680] {dag.py:2306} INFO - Setting next_dagrun for example_task_group to 2021-08-06 00:00:00+00:00
[2021-08-08 04:20:56,707] {scheduler_job.py:190} INFO - Processing /home/airflow/sandbox/lib/python3.8/site-packages/airflow/example_dags/example_task_group.py took 0.106 seconds
[2021-08-08 04:21:30,289] {scheduler_job.py:182} INFO - Started process (PID=5535) to work on /home/airflow/sandbox/lib/python3.8/site-packages/airflow/example_dags/example_task_group.py
[2021-08-08 04:21:30,292] {scheduler_job.py:633} INFO - Processing file /home/airflow/sandbox/lib/python3.8/site-packages/airflow/example_dags/example_task_group.py for tasks to queue
[2021-08-08 04:21:30,294] {logging_mixin.py:104} INFO - [2021-08-08 04:21:30,294] {dagbag.py:496} INFO - Filling up the DagBag from /home/airflow/sandbox/lib/python3.8/site-packages/airflow/example_dags/example_task_group.py
[2021-08-08 04:21:30,304] {scheduler_job.py:643} INFO - DAG(s) dict_keys(['example_task_group']) retrieved from /home/airflow/sandbox/lib/python3.8/site-packages/airflow/example_dags/example_task_group.py
[2021-08-08 04:21:30,317] {logging_mixin.py:104} INFO - [2021-08-08 04:21:30,316] {dag.py:1833} INFO - Sync 1 DAGs
[2021-08-08 04:21:30,325] {logging_mixin.py:104} INFO - [2021-08-08 04:21:30,325] {dag.py:2306} INFO - Setting next_dagrun for example_task_group to 2021-08-06 00:00:00+00:00
[2021-08-08 04:21:30,341] {scheduler_job.py:190} INFO - Processing /home/airflow/sandbox/lib/python3.8/site-packages/airflow/example_dags/example_task_group.py took 0.055 seconds
[2021-08-08 04:22:03,571] {scheduler_job.py:182} INFO - Started process (PID=5665) to work on /home/airflow/sandbox/lib/python3.8/site-packages/airflow/example_dags/example_task_group.py
[2021-08-08 04:22:03,574] {scheduler_job.py:633} INFO - Processing file /home/airflow/sandbox/lib/python3.8/site-packages/airflow/example_dags/example_task_group.py for tasks to queue
[2021-08-08 04:22:03,576] {logging_mixin.py:104} INFO - [2021-08-08 04:22:03,576] {dagbag.py:496} INFO - Filling up the DagBag from /home/airflow/sandbox/lib/python3.8/site-packages/airflow/example_dags/example_task_group.py
[2021-08-08 04:22:03,587] {scheduler_job.py:643} INFO - DAG(s) dict_keys(['example_task_group']) retrieved from /home/airflow/sandbox/lib/python3.8/site-packages/airflow/example_dags/example_task_group.py
[2021-08-08 04:22:03,599] {logging_mixin.py:104} INFO - [2021-08-08 04:22:03,599] {dag.py:1833} INFO - Sync 1 DAGs
[2021-08-08 04:22:03,609] {logging_mixin.py:104} INFO - [2021-08-08 04:22:03,609] {dag.py:2306} INFO - Setting next_dagrun for example_task_group to 2021-08-06 00:00:00+00:00
[2021-08-08 04:22:03,625] {scheduler_job.py:190} INFO - Processing /home/airflow/sandbox/lib/python3.8/site-packages/airflow/example_dags/example_task_group.py took 0.056 seconds
[2021-08-08 04:22:37,395] {scheduler_job.py:182} INFO - Started process (PID=5810) to work on /home/airflow/sandbox/lib/python3.8/site-packages/airflow/example_dags/example_task_group.py
[2021-08-08 04:22:37,398] {scheduler_job.py:633} INFO - Processing file /home/airflow/sandbox/lib/python3.8/site-packages/airflow/example_dags/example_task_group.py for tasks to queue
[2021-08-08 04:22:37,400] {logging_mixin.py:104} INFO - [2021-08-08 04:22:37,399] {dagbag.py:496} INFO - Filling up the DagBag from /home/airflow/sandbox/lib/python3.8/site-packages/airflow/example_dags/example_task_group.py
[2021-08-08 04:22:37,411] {scheduler_job.py:643} INFO - DAG(s) dict_keys(['example_task_group']) retrieved from /home/airflow/sandbox/lib/python3.8/site-packages/airflow/example_dags/example_task_group.py
[2021-08-08 04:22:37,424] {logging_mixin.py:104} INFO - [2021-08-08 04:22:37,424] {dag.py:1833} INFO - Sync 1 DAGs
[2021-08-08 04:22:37,434] {logging_mixin.py:104} INFO - [2021-08-08 04:22:37,433] {dag.py:2306} INFO - Setting next_dagrun for example_task_group to 2021-08-06 00:00:00+00:00
[2021-08-08 04:22:37,449] {scheduler_job.py:190} INFO - Processing /home/airflow/sandbox/lib/python3.8/site-packages/airflow/example_dags/example_task_group.py took 0.057 seconds
[2021-08-08 04:23:10,761] {scheduler_job.py:182} INFO - Started process (PID=6013) to work on /home/airflow/sandbox/lib/python3.8/site-packages/airflow/example_dags/example_task_group.py
[2021-08-08 04:23:10,765] {scheduler_job.py:633} INFO - Processing file /home/airflow/sandbox/lib/python3.8/site-packages/airflow/example_dags/example_task_group.py for tasks to queue
[2021-08-08 04:23:10,767] {logging_mixin.py:104} INFO - [2021-08-08 04:23:10,766] {dagbag.py:496} INFO - Filling up the DagBag from /home/airflow/sandbox/lib/python3.8/site-packages/airflow/example_dags/example_task_group.py
[2021-08-08 04:23:10,786] {scheduler_job.py:643} INFO - DAG(s) dict_keys(['example_task_group']) retrieved from /home/airflow/sandbox/lib/python3.8/site-packages/airflow/example_dags/example_task_group.py
[2021-08-08 04:23:10,801] {logging_mixin.py:104} INFO - [2021-08-08 04:23:10,801] {dag.py:1833} INFO - Sync 1 DAGs
[2021-08-08 04:23:10,810] {logging_mixin.py:104} INFO - [2021-08-08 04:23:10,810] {dag.py:2306} INFO - Setting next_dagrun for example_task_group to 2021-08-06 00:00:00+00:00
[2021-08-08 04:23:10,833] {scheduler_job.py:190} INFO - Processing /home/airflow/sandbox/lib/python3.8/site-packages/airflow/example_dags/example_task_group.py took 0.074 seconds
[2021-08-08 04:23:45,923] {scheduler_job.py:182} INFO - Started process (PID=6247) to work on /home/airflow/sandbox/lib/python3.8/site-packages/airflow/example_dags/example_task_group.py
[2021-08-08 04:23:45,927] {scheduler_job.py:633} INFO - Processing file /home/airflow/sandbox/lib/python3.8/site-packages/airflow/example_dags/example_task_group.py for tasks to queue
[2021-08-08 04:23:45,930] {logging_mixin.py:104} INFO - [2021-08-08 04:23:45,930] {dagbag.py:496} INFO - Filling up the DagBag from /home/airflow/sandbox/lib/python3.8/site-packages/airflow/example_dags/example_task_group.py
[2021-08-08 04:23:45,944] {scheduler_job.py:643} INFO - DAG(s) dict_keys(['example_task_group']) retrieved from /home/airflow/sandbox/lib/python3.8/site-packages/airflow/example_dags/example_task_group.py
[2021-08-08 04:23:45,959] {logging_mixin.py:104} INFO - [2021-08-08 04:23:45,958] {dag.py:1833} INFO - Sync 1 DAGs
[2021-08-08 04:23:45,970] {logging_mixin.py:104} INFO - [2021-08-08 04:23:45,970] {dag.py:2306} INFO - Setting next_dagrun for example_task_group to 2021-08-06 00:00:00+00:00
[2021-08-08 04:23:45,993] {scheduler_job.py:190} INFO - Processing /home/airflow/sandbox/lib/python3.8/site-packages/airflow/example_dags/example_task_group.py took 0.073 seconds
[2021-08-08 04:24:19,676] {scheduler_job.py:182} INFO - Started process (PID=6394) to work on /home/airflow/sandbox/lib/python3.8/site-packages/airflow/example_dags/example_task_group.py
[2021-08-08 04:24:19,679] {scheduler_job.py:633} INFO - Processing file /home/airflow/sandbox/lib/python3.8/site-packages/airflow/example_dags/example_task_group.py for tasks to queue
[2021-08-08 04:24:19,681] {logging_mixin.py:104} INFO - [2021-08-08 04:24:19,681] {dagbag.py:496} INFO - Filling up the DagBag from /home/airflow/sandbox/lib/python3.8/site-packages/airflow/example_dags/example_task_group.py
[2021-08-08 04:24:19,692] {scheduler_job.py:643} INFO - DAG(s) dict_keys(['example_task_group']) retrieved from /home/airflow/sandbox/lib/python3.8/site-packages/airflow/example_dags/example_task_group.py
[2021-08-08 04:24:19,704] {logging_mixin.py:104} INFO - [2021-08-08 04:24:19,704] {dag.py:1833} INFO - Sync 1 DAGs
[2021-08-08 04:24:19,714] {logging_mixin.py:104} INFO - [2021-08-08 04:24:19,714] {dag.py:2306} INFO - Setting next_dagrun for example_task_group to 2021-08-06 00:00:00+00:00
[2021-08-08 04:24:19,732] {scheduler_job.py:190} INFO - Processing /home/airflow/sandbox/lib/python3.8/site-packages/airflow/example_dags/example_task_group.py took 0.059 seconds
[2021-08-08 04:24:55,964] {scheduler_job.py:182} INFO - Started process (PID=6597) to work on /home/airflow/sandbox/lib/python3.8/site-packages/airflow/example_dags/example_task_group.py
[2021-08-08 04:24:55,967] {scheduler_job.py:633} INFO - Processing file /home/airflow/sandbox/lib/python3.8/site-packages/airflow/example_dags/example_task_group.py for tasks to queue
[2021-08-08 04:24:55,970] {logging_mixin.py:104} INFO - [2021-08-08 04:24:55,970] {dagbag.py:496} INFO - Filling up the DagBag from /home/airflow/sandbox/lib/python3.8/site-packages/airflow/example_dags/example_task_group.py
[2021-08-08 04:24:55,984] {scheduler_job.py:643} INFO - DAG(s) dict_keys(['example_task_group']) retrieved from /home/airflow/sandbox/lib/python3.8/site-packages/airflow/example_dags/example_task_group.py
[2021-08-08 04:24:55,999] {logging_mixin.py:104} INFO - [2021-08-08 04:24:55,999] {dag.py:1833} INFO - Sync 1 DAGs
[2021-08-08 04:24:56,012] {logging_mixin.py:104} INFO - [2021-08-08 04:24:56,012] {dag.py:2306} INFO - Setting next_dagrun for example_task_group to 2021-08-06 00:00:00+00:00
[2021-08-08 04:24:56,033] {scheduler_job.py:190} INFO - Processing /home/airflow/sandbox/lib/python3.8/site-packages/airflow/example_dags/example_task_group.py took 0.072 seconds
[2021-08-08 04:25:28,268] {scheduler_job.py:182} INFO - Started process (PID=6812) to work on /home/airflow/sandbox/lib/python3.8/site-packages/airflow/example_dags/example_task_group.py
[2021-08-08 04:25:28,271] {scheduler_job.py:633} INFO - Processing file /home/airflow/sandbox/lib/python3.8/site-packages/airflow/example_dags/example_task_group.py for tasks to queue
[2021-08-08 04:25:28,272] {logging_mixin.py:104} INFO - [2021-08-08 04:25:28,272] {dagbag.py:496} INFO - Filling up the DagBag from /home/airflow/sandbox/lib/python3.8/site-packages/airflow/example_dags/example_task_group.py
[2021-08-08 04:25:28,284] {scheduler_job.py:643} INFO - DAG(s) dict_keys(['example_task_group']) retrieved from /home/airflow/sandbox/lib/python3.8/site-packages/airflow/example_dags/example_task_group.py
[2021-08-08 04:25:28,297] {logging_mixin.py:104} INFO - [2021-08-08 04:25:28,297] {dag.py:1833} INFO - Sync 1 DAGs
[2021-08-08 04:25:28,306] {logging_mixin.py:104} INFO - [2021-08-08 04:25:28,306] {dag.py:2306} INFO - Setting next_dagrun for example_task_group to 2021-08-06 00:00:00+00:00
[2021-08-08 04:25:28,324] {scheduler_job.py:190} INFO - Processing /home/airflow/sandbox/lib/python3.8/site-packages/airflow/example_dags/example_task_group.py took 0.058 seconds
