[2021-08-08 04:11:08,869] {scheduler_job.py:182} INFO - Started process (PID=2554) to work on /home/airflow/sandbox/lib/python3.8/site-packages/airflow/example_dags/example_branch_datetime_operator.py
[2021-08-08 04:11:08,883] {scheduler_job.py:633} INFO - Processing file /home/airflow/sandbox/lib/python3.8/site-packages/airflow/example_dags/example_branch_datetime_operator.py for tasks to queue
[2021-08-08 04:11:08,887] {logging_mixin.py:104} INFO - [2021-08-08 04:11:08,887] {dagbag.py:496} INFO - Filling up the DagBag from /home/airflow/sandbox/lib/python3.8/site-packages/airflow/example_dags/example_branch_datetime_operator.py
[2021-08-08 04:11:08,975] {scheduler_job.py:643} INFO - DAG(s) dict_keys(['example_branch_datetime_operator_2']) retrieved from /home/airflow/sandbox/lib/python3.8/site-packages/airflow/example_dags/example_branch_datetime_operator.py
[2021-08-08 04:11:10,044] {logging_mixin.py:104} INFO - [2021-08-08 04:11:10,044] {dag.py:1833} INFO - Sync 1 DAGs
[2021-08-08 04:11:10,066] {logging_mixin.py:104} INFO - [2021-08-08 04:11:10,066] {dag.py:2306} INFO - Setting next_dagrun for example_branch_datetime_operator_2 to 2021-08-06 00:00:00+00:00
[2021-08-08 04:11:10,113] {scheduler_job.py:190} INFO - Processing /home/airflow/sandbox/lib/python3.8/site-packages/airflow/example_dags/example_branch_datetime_operator.py took 1.248 seconds
[2021-08-08 04:11:50,027] {scheduler_job.py:182} INFO - Started process (PID=2756) to work on /home/airflow/sandbox/lib/python3.8/site-packages/airflow/example_dags/example_branch_datetime_operator.py
[2021-08-08 04:11:50,030] {scheduler_job.py:633} INFO - Processing file /home/airflow/sandbox/lib/python3.8/site-packages/airflow/example_dags/example_branch_datetime_operator.py for tasks to queue
[2021-08-08 04:11:50,031] {logging_mixin.py:104} INFO - [2021-08-08 04:11:50,031] {dagbag.py:496} INFO - Filling up the DagBag from /home/airflow/sandbox/lib/python3.8/site-packages/airflow/example_dags/example_branch_datetime_operator.py
[2021-08-08 04:11:50,055] {scheduler_job.py:643} INFO - DAG(s) dict_keys(['example_branch_datetime_operator_2']) retrieved from /home/airflow/sandbox/lib/python3.8/site-packages/airflow/example_dags/example_branch_datetime_operator.py
[2021-08-08 04:11:50,071] {logging_mixin.py:104} INFO - [2021-08-08 04:11:50,071] {dag.py:1833} INFO - Sync 1 DAGs
[2021-08-08 04:11:50,088] {logging_mixin.py:104} INFO - [2021-08-08 04:11:50,088] {dag.py:2306} INFO - Setting next_dagrun for example_branch_datetime_operator_2 to 2021-08-06 00:00:00+00:00
[2021-08-08 04:11:50,109] {scheduler_job.py:190} INFO - Processing /home/airflow/sandbox/lib/python3.8/site-packages/airflow/example_dags/example_branch_datetime_operator.py took 0.085 seconds
[2021-08-08 04:12:24,221] {scheduler_job.py:182} INFO - Started process (PID=2918) to work on /home/airflow/sandbox/lib/python3.8/site-packages/airflow/example_dags/example_branch_datetime_operator.py
[2021-08-08 04:12:24,223] {scheduler_job.py:633} INFO - Processing file /home/airflow/sandbox/lib/python3.8/site-packages/airflow/example_dags/example_branch_datetime_operator.py for tasks to queue
[2021-08-08 04:12:24,225] {logging_mixin.py:104} INFO - [2021-08-08 04:12:24,225] {dagbag.py:496} INFO - Filling up the DagBag from /home/airflow/sandbox/lib/python3.8/site-packages/airflow/example_dags/example_branch_datetime_operator.py
[2021-08-08 04:12:24,240] {scheduler_job.py:643} INFO - DAG(s) dict_keys(['example_branch_datetime_operator_2']) retrieved from /home/airflow/sandbox/lib/python3.8/site-packages/airflow/example_dags/example_branch_datetime_operator.py
[2021-08-08 04:12:24,254] {logging_mixin.py:104} INFO - [2021-08-08 04:12:24,253] {dag.py:1833} INFO - Sync 1 DAGs
[2021-08-08 04:12:24,267] {logging_mixin.py:104} INFO - [2021-08-08 04:12:24,267] {dag.py:2306} INFO - Setting next_dagrun for example_branch_datetime_operator_2 to 2021-08-06 00:00:00+00:00
[2021-08-08 04:12:24,289] {scheduler_job.py:190} INFO - Processing /home/airflow/sandbox/lib/python3.8/site-packages/airflow/example_dags/example_branch_datetime_operator.py took 0.071 seconds
[2021-08-08 04:12:58,347] {scheduler_job.py:182} INFO - Started process (PID=3072) to work on /home/airflow/sandbox/lib/python3.8/site-packages/airflow/example_dags/example_branch_datetime_operator.py
[2021-08-08 04:12:58,350] {scheduler_job.py:633} INFO - Processing file /home/airflow/sandbox/lib/python3.8/site-packages/airflow/example_dags/example_branch_datetime_operator.py for tasks to queue
[2021-08-08 04:12:58,354] {logging_mixin.py:104} INFO - [2021-08-08 04:12:58,354] {dagbag.py:496} INFO - Filling up the DagBag from /home/airflow/sandbox/lib/python3.8/site-packages/airflow/example_dags/example_branch_datetime_operator.py
[2021-08-08 04:12:58,367] {scheduler_job.py:643} INFO - DAG(s) dict_keys(['example_branch_datetime_operator_2']) retrieved from /home/airflow/sandbox/lib/python3.8/site-packages/airflow/example_dags/example_branch_datetime_operator.py
[2021-08-08 04:12:58,381] {logging_mixin.py:104} INFO - [2021-08-08 04:12:58,381] {dag.py:1833} INFO - Sync 1 DAGs
[2021-08-08 04:12:58,395] {logging_mixin.py:104} INFO - [2021-08-08 04:12:58,395] {dag.py:2306} INFO - Setting next_dagrun for example_branch_datetime_operator_2 to 2021-08-06 00:00:00+00:00
[2021-08-08 04:12:58,417] {scheduler_job.py:190} INFO - Processing /home/airflow/sandbox/lib/python3.8/site-packages/airflow/example_dags/example_branch_datetime_operator.py took 0.072 seconds
[2021-08-08 04:13:31,179] {scheduler_job.py:182} INFO - Started process (PID=3201) to work on /home/airflow/sandbox/lib/python3.8/site-packages/airflow/example_dags/example_branch_datetime_operator.py
[2021-08-08 04:13:31,182] {scheduler_job.py:633} INFO - Processing file /home/airflow/sandbox/lib/python3.8/site-packages/airflow/example_dags/example_branch_datetime_operator.py for tasks to queue
[2021-08-08 04:13:31,185] {logging_mixin.py:104} INFO - [2021-08-08 04:13:31,185] {dagbag.py:496} INFO - Filling up the DagBag from /home/airflow/sandbox/lib/python3.8/site-packages/airflow/example_dags/example_branch_datetime_operator.py
[2021-08-08 04:13:31,202] {scheduler_job.py:643} INFO - DAG(s) dict_keys(['example_branch_datetime_operator_2']) retrieved from /home/airflow/sandbox/lib/python3.8/site-packages/airflow/example_dags/example_branch_datetime_operator.py
[2021-08-08 04:13:31,219] {logging_mixin.py:104} INFO - [2021-08-08 04:13:31,218] {dag.py:1833} INFO - Sync 1 DAGs
[2021-08-08 04:13:31,237] {logging_mixin.py:104} INFO - [2021-08-08 04:13:31,237] {dag.py:2306} INFO - Setting next_dagrun for example_branch_datetime_operator_2 to 2021-08-06 00:00:00+00:00
[2021-08-08 04:13:31,256] {scheduler_job.py:190} INFO - Processing /home/airflow/sandbox/lib/python3.8/site-packages/airflow/example_dags/example_branch_datetime_operator.py took 0.080 seconds
[2021-08-08 04:14:04,946] {scheduler_job.py:182} INFO - Started process (PID=3329) to work on /home/airflow/sandbox/lib/python3.8/site-packages/airflow/example_dags/example_branch_datetime_operator.py
[2021-08-08 04:14:04,949] {scheduler_job.py:633} INFO - Processing file /home/airflow/sandbox/lib/python3.8/site-packages/airflow/example_dags/example_branch_datetime_operator.py for tasks to queue
[2021-08-08 04:14:04,952] {logging_mixin.py:104} INFO - [2021-08-08 04:14:04,952] {dagbag.py:496} INFO - Filling up the DagBag from /home/airflow/sandbox/lib/python3.8/site-packages/airflow/example_dags/example_branch_datetime_operator.py
[2021-08-08 04:14:04,964] {scheduler_job.py:643} INFO - DAG(s) dict_keys(['example_branch_datetime_operator_2']) retrieved from /home/airflow/sandbox/lib/python3.8/site-packages/airflow/example_dags/example_branch_datetime_operator.py
[2021-08-08 04:14:04,979] {logging_mixin.py:104} INFO - [2021-08-08 04:14:04,979] {dag.py:1833} INFO - Sync 1 DAGs
[2021-08-08 04:14:04,993] {logging_mixin.py:104} INFO - [2021-08-08 04:14:04,993] {dag.py:2306} INFO - Setting next_dagrun for example_branch_datetime_operator_2 to 2021-08-06 00:00:00+00:00
[2021-08-08 04:14:05,014] {scheduler_job.py:190} INFO - Processing /home/airflow/sandbox/lib/python3.8/site-packages/airflow/example_dags/example_branch_datetime_operator.py took 0.070 seconds
[2021-08-08 04:14:42,890] {scheduler_job.py:182} INFO - Started process (PID=3554) to work on /home/airflow/sandbox/lib/python3.8/site-packages/airflow/example_dags/example_branch_datetime_operator.py
[2021-08-08 04:14:42,914] {scheduler_job.py:633} INFO - Processing file /home/airflow/sandbox/lib/python3.8/site-packages/airflow/example_dags/example_branch_datetime_operator.py for tasks to queue
[2021-08-08 04:14:42,926] {logging_mixin.py:104} INFO - [2021-08-08 04:14:42,926] {dagbag.py:496} INFO - Filling up the DagBag from /home/airflow/sandbox/lib/python3.8/site-packages/airflow/example_dags/example_branch_datetime_operator.py
[2021-08-08 04:14:43,072] {scheduler_job.py:643} INFO - DAG(s) dict_keys(['example_branch_datetime_operator_2']) retrieved from /home/airflow/sandbox/lib/python3.8/site-packages/airflow/example_dags/example_branch_datetime_operator.py
[2021-08-08 04:14:43,173] {logging_mixin.py:104} INFO - [2021-08-08 04:14:43,173] {dag.py:1833} INFO - Sync 1 DAGs
[2021-08-08 04:14:43,220] {logging_mixin.py:104} INFO - [2021-08-08 04:14:43,220] {dag.py:2306} INFO - Setting next_dagrun for example_branch_datetime_operator_2 to 2021-08-06 00:00:00+00:00
[2021-08-08 04:14:43,273] {scheduler_job.py:190} INFO - Processing /home/airflow/sandbox/lib/python3.8/site-packages/airflow/example_dags/example_branch_datetime_operator.py took 0.434 seconds
[2021-08-08 04:15:18,360] {scheduler_job.py:182} INFO - Started process (PID=3785) to work on /home/airflow/sandbox/lib/python3.8/site-packages/airflow/example_dags/example_branch_datetime_operator.py
[2021-08-08 04:15:18,363] {scheduler_job.py:633} INFO - Processing file /home/airflow/sandbox/lib/python3.8/site-packages/airflow/example_dags/example_branch_datetime_operator.py for tasks to queue
[2021-08-08 04:15:18,365] {logging_mixin.py:104} INFO - [2021-08-08 04:15:18,365] {dagbag.py:496} INFO - Filling up the DagBag from /home/airflow/sandbox/lib/python3.8/site-packages/airflow/example_dags/example_branch_datetime_operator.py
[2021-08-08 04:15:18,378] {scheduler_job.py:643} INFO - DAG(s) dict_keys(['example_branch_datetime_operator_2']) retrieved from /home/airflow/sandbox/lib/python3.8/site-packages/airflow/example_dags/example_branch_datetime_operator.py
[2021-08-08 04:15:18,391] {logging_mixin.py:104} INFO - [2021-08-08 04:15:18,390] {dag.py:1833} INFO - Sync 1 DAGs
[2021-08-08 04:15:18,403] {logging_mixin.py:104} INFO - [2021-08-08 04:15:18,403] {dag.py:2306} INFO - Setting next_dagrun for example_branch_datetime_operator_2 to 2021-08-06 00:00:00+00:00
[2021-08-08 04:15:18,419] {scheduler_job.py:190} INFO - Processing /home/airflow/sandbox/lib/python3.8/site-packages/airflow/example_dags/example_branch_datetime_operator.py took 0.062 seconds
[2021-08-08 04:15:50,845] {scheduler_job.py:182} INFO - Started process (PID=3945) to work on /home/airflow/sandbox/lib/python3.8/site-packages/airflow/example_dags/example_branch_datetime_operator.py
[2021-08-08 04:15:50,848] {scheduler_job.py:633} INFO - Processing file /home/airflow/sandbox/lib/python3.8/site-packages/airflow/example_dags/example_branch_datetime_operator.py for tasks to queue
[2021-08-08 04:15:50,850] {logging_mixin.py:104} INFO - [2021-08-08 04:15:50,850] {dagbag.py:496} INFO - Filling up the DagBag from /home/airflow/sandbox/lib/python3.8/site-packages/airflow/example_dags/example_branch_datetime_operator.py
[2021-08-08 04:15:50,861] {scheduler_job.py:643} INFO - DAG(s) dict_keys(['example_branch_datetime_operator_2']) retrieved from /home/airflow/sandbox/lib/python3.8/site-packages/airflow/example_dags/example_branch_datetime_operator.py
[2021-08-08 04:15:50,872] {logging_mixin.py:104} INFO - [2021-08-08 04:15:50,872] {dag.py:1833} INFO - Sync 1 DAGs
[2021-08-08 04:15:50,883] {logging_mixin.py:104} INFO - [2021-08-08 04:15:50,883] {dag.py:2306} INFO - Setting next_dagrun for example_branch_datetime_operator_2 to 2021-08-06 00:00:00+00:00
[2021-08-08 04:15:50,899] {scheduler_job.py:190} INFO - Processing /home/airflow/sandbox/lib/python3.8/site-packages/airflow/example_dags/example_branch_datetime_operator.py took 0.056 seconds
[2021-08-08 04:16:24,534] {scheduler_job.py:182} INFO - Started process (PID=4181) to work on /home/airflow/sandbox/lib/python3.8/site-packages/airflow/example_dags/example_branch_datetime_operator.py
[2021-08-08 04:16:24,537] {scheduler_job.py:633} INFO - Processing file /home/airflow/sandbox/lib/python3.8/site-packages/airflow/example_dags/example_branch_datetime_operator.py for tasks to queue
[2021-08-08 04:16:24,540] {logging_mixin.py:104} INFO - [2021-08-08 04:16:24,540] {dagbag.py:496} INFO - Filling up the DagBag from /home/airflow/sandbox/lib/python3.8/site-packages/airflow/example_dags/example_branch_datetime_operator.py
[2021-08-08 04:16:24,553] {scheduler_job.py:643} INFO - DAG(s) dict_keys(['example_branch_datetime_operator_2']) retrieved from /home/airflow/sandbox/lib/python3.8/site-packages/airflow/example_dags/example_branch_datetime_operator.py
[2021-08-08 04:16:24,566] {logging_mixin.py:104} INFO - [2021-08-08 04:16:24,566] {dag.py:1833} INFO - Sync 1 DAGs
[2021-08-08 04:16:24,579] {logging_mixin.py:104} INFO - [2021-08-08 04:16:24,579] {dag.py:2306} INFO - Setting next_dagrun for example_branch_datetime_operator_2 to 2021-08-06 00:00:00+00:00
[2021-08-08 04:16:24,606] {scheduler_job.py:190} INFO - Processing /home/airflow/sandbox/lib/python3.8/site-packages/airflow/example_dags/example_branch_datetime_operator.py took 0.075 seconds
[2021-08-08 04:16:57,875] {scheduler_job.py:182} INFO - Started process (PID=4358) to work on /home/airflow/sandbox/lib/python3.8/site-packages/airflow/example_dags/example_branch_datetime_operator.py
[2021-08-08 04:16:57,878] {scheduler_job.py:633} INFO - Processing file /home/airflow/sandbox/lib/python3.8/site-packages/airflow/example_dags/example_branch_datetime_operator.py for tasks to queue
[2021-08-08 04:16:57,881] {logging_mixin.py:104} INFO - [2021-08-08 04:16:57,881] {dagbag.py:496} INFO - Filling up the DagBag from /home/airflow/sandbox/lib/python3.8/site-packages/airflow/example_dags/example_branch_datetime_operator.py
[2021-08-08 04:16:57,894] {scheduler_job.py:643} INFO - DAG(s) dict_keys(['example_branch_datetime_operator_2']) retrieved from /home/airflow/sandbox/lib/python3.8/site-packages/airflow/example_dags/example_branch_datetime_operator.py
[2021-08-08 04:16:57,906] {logging_mixin.py:104} INFO - [2021-08-08 04:16:57,906] {dag.py:1833} INFO - Sync 1 DAGs
[2021-08-08 04:16:57,919] {logging_mixin.py:104} INFO - [2021-08-08 04:16:57,919] {dag.py:2306} INFO - Setting next_dagrun for example_branch_datetime_operator_2 to 2021-08-06 00:00:00+00:00
[2021-08-08 04:16:57,939] {scheduler_job.py:190} INFO - Processing /home/airflow/sandbox/lib/python3.8/site-packages/airflow/example_dags/example_branch_datetime_operator.py took 0.066 seconds
[2021-08-08 04:17:33,011] {scheduler_job.py:182} INFO - Started process (PID=4485) to work on /home/airflow/sandbox/lib/python3.8/site-packages/airflow/example_dags/example_branch_datetime_operator.py
[2021-08-08 04:17:33,015] {scheduler_job.py:633} INFO - Processing file /home/airflow/sandbox/lib/python3.8/site-packages/airflow/example_dags/example_branch_datetime_operator.py for tasks to queue
[2021-08-08 04:17:33,019] {logging_mixin.py:104} INFO - [2021-08-08 04:17:33,019] {dagbag.py:496} INFO - Filling up the DagBag from /home/airflow/sandbox/lib/python3.8/site-packages/airflow/example_dags/example_branch_datetime_operator.py
[2021-08-08 04:17:33,034] {scheduler_job.py:643} INFO - DAG(s) dict_keys(['example_branch_datetime_operator_2']) retrieved from /home/airflow/sandbox/lib/python3.8/site-packages/airflow/example_dags/example_branch_datetime_operator.py
[2021-08-08 04:17:33,047] {logging_mixin.py:104} INFO - [2021-08-08 04:17:33,047] {dag.py:1833} INFO - Sync 1 DAGs
[2021-08-08 04:17:33,059] {logging_mixin.py:104} INFO - [2021-08-08 04:17:33,059] {dag.py:2306} INFO - Setting next_dagrun for example_branch_datetime_operator_2 to 2021-08-06 00:00:00+00:00
[2021-08-08 04:17:33,082] {scheduler_job.py:190} INFO - Processing /home/airflow/sandbox/lib/python3.8/site-packages/airflow/example_dags/example_branch_datetime_operator.py took 0.075 seconds
[2021-08-08 04:18:05,687] {scheduler_job.py:182} INFO - Started process (PID=4607) to work on /home/airflow/sandbox/lib/python3.8/site-packages/airflow/example_dags/example_branch_datetime_operator.py
[2021-08-08 04:18:05,693] {scheduler_job.py:633} INFO - Processing file /home/airflow/sandbox/lib/python3.8/site-packages/airflow/example_dags/example_branch_datetime_operator.py for tasks to queue
[2021-08-08 04:18:05,695] {logging_mixin.py:104} INFO - [2021-08-08 04:18:05,693] {dagbag.py:496} INFO - Filling up the DagBag from /home/airflow/sandbox/lib/python3.8/site-packages/airflow/example_dags/example_branch_datetime_operator.py
[2021-08-08 04:18:05,729] {scheduler_job.py:643} INFO - DAG(s) dict_keys(['example_branch_datetime_operator_2']) retrieved from /home/airflow/sandbox/lib/python3.8/site-packages/airflow/example_dags/example_branch_datetime_operator.py
[2021-08-08 04:18:05,751] {logging_mixin.py:104} INFO - [2021-08-08 04:18:05,751] {dag.py:1833} INFO - Sync 1 DAGs
[2021-08-08 04:18:05,770] {logging_mixin.py:104} INFO - [2021-08-08 04:18:05,770] {dag.py:2306} INFO - Setting next_dagrun for example_branch_datetime_operator_2 to 2021-08-06 00:00:00+00:00
[2021-08-08 04:18:05,797] {scheduler_job.py:190} INFO - Processing /home/airflow/sandbox/lib/python3.8/site-packages/airflow/example_dags/example_branch_datetime_operator.py took 0.114 seconds
[2021-08-08 04:18:37,769] {scheduler_job.py:182} INFO - Started process (PID=4729) to work on /home/airflow/sandbox/lib/python3.8/site-packages/airflow/example_dags/example_branch_datetime_operator.py
[2021-08-08 04:18:37,773] {scheduler_job.py:633} INFO - Processing file /home/airflow/sandbox/lib/python3.8/site-packages/airflow/example_dags/example_branch_datetime_operator.py for tasks to queue
[2021-08-08 04:18:37,780] {logging_mixin.py:104} INFO - [2021-08-08 04:18:37,780] {dagbag.py:496} INFO - Filling up the DagBag from /home/airflow/sandbox/lib/python3.8/site-packages/airflow/example_dags/example_branch_datetime_operator.py
[2021-08-08 04:18:37,798] {scheduler_job.py:643} INFO - DAG(s) dict_keys(['example_branch_datetime_operator_2']) retrieved from /home/airflow/sandbox/lib/python3.8/site-packages/airflow/example_dags/example_branch_datetime_operator.py
[2021-08-08 04:18:37,829] {logging_mixin.py:104} INFO - [2021-08-08 04:18:37,829] {dag.py:1833} INFO - Sync 1 DAGs
[2021-08-08 04:18:37,851] {logging_mixin.py:104} INFO - [2021-08-08 04:18:37,851] {dag.py:2306} INFO - Setting next_dagrun for example_branch_datetime_operator_2 to 2021-08-06 00:00:00+00:00
[2021-08-08 04:18:37,871] {scheduler_job.py:190} INFO - Processing /home/airflow/sandbox/lib/python3.8/site-packages/airflow/example_dags/example_branch_datetime_operator.py took 0.108 seconds
[2021-08-08 04:19:11,662] {scheduler_job.py:182} INFO - Started process (PID=4955) to work on /home/airflow/sandbox/lib/python3.8/site-packages/airflow/example_dags/example_branch_datetime_operator.py
[2021-08-08 04:19:11,664] {scheduler_job.py:633} INFO - Processing file /home/airflow/sandbox/lib/python3.8/site-packages/airflow/example_dags/example_branch_datetime_operator.py for tasks to queue
[2021-08-08 04:19:11,667] {logging_mixin.py:104} INFO - [2021-08-08 04:19:11,667] {dagbag.py:496} INFO - Filling up the DagBag from /home/airflow/sandbox/lib/python3.8/site-packages/airflow/example_dags/example_branch_datetime_operator.py
[2021-08-08 04:19:11,678] {scheduler_job.py:643} INFO - DAG(s) dict_keys(['example_branch_datetime_operator_2']) retrieved from /home/airflow/sandbox/lib/python3.8/site-packages/airflow/example_dags/example_branch_datetime_operator.py
[2021-08-08 04:19:11,690] {logging_mixin.py:104} INFO - [2021-08-08 04:19:11,690] {dag.py:1833} INFO - Sync 1 DAGs
[2021-08-08 04:19:11,701] {logging_mixin.py:104} INFO - [2021-08-08 04:19:11,701] {dag.py:2306} INFO - Setting next_dagrun for example_branch_datetime_operator_2 to 2021-08-06 00:00:00+00:00
[2021-08-08 04:19:11,718] {scheduler_job.py:190} INFO - Processing /home/airflow/sandbox/lib/python3.8/site-packages/airflow/example_dags/example_branch_datetime_operator.py took 0.060 seconds
[2021-08-08 04:19:45,551] {scheduler_job.py:182} INFO - Started process (PID=5085) to work on /home/airflow/sandbox/lib/python3.8/site-packages/airflow/example_dags/example_branch_datetime_operator.py
[2021-08-08 04:19:45,554] {scheduler_job.py:633} INFO - Processing file /home/airflow/sandbox/lib/python3.8/site-packages/airflow/example_dags/example_branch_datetime_operator.py for tasks to queue
[2021-08-08 04:19:45,556] {logging_mixin.py:104} INFO - [2021-08-08 04:19:45,556] {dagbag.py:496} INFO - Filling up the DagBag from /home/airflow/sandbox/lib/python3.8/site-packages/airflow/example_dags/example_branch_datetime_operator.py
[2021-08-08 04:19:45,567] {scheduler_job.py:643} INFO - DAG(s) dict_keys(['example_branch_datetime_operator_2']) retrieved from /home/airflow/sandbox/lib/python3.8/site-packages/airflow/example_dags/example_branch_datetime_operator.py
[2021-08-08 04:19:45,579] {logging_mixin.py:104} INFO - [2021-08-08 04:19:45,579] {dag.py:1833} INFO - Sync 1 DAGs
[2021-08-08 04:19:45,589] {logging_mixin.py:104} INFO - [2021-08-08 04:19:45,589] {dag.py:2306} INFO - Setting next_dagrun for example_branch_datetime_operator_2 to 2021-08-06 00:00:00+00:00
[2021-08-08 04:19:45,606] {scheduler_job.py:190} INFO - Processing /home/airflow/sandbox/lib/python3.8/site-packages/airflow/example_dags/example_branch_datetime_operator.py took 0.058 seconds
[2021-08-08 04:20:19,234] {scheduler_job.py:182} INFO - Started process (PID=5213) to work on /home/airflow/sandbox/lib/python3.8/site-packages/airflow/example_dags/example_branch_datetime_operator.py
[2021-08-08 04:20:19,237] {scheduler_job.py:633} INFO - Processing file /home/airflow/sandbox/lib/python3.8/site-packages/airflow/example_dags/example_branch_datetime_operator.py for tasks to queue
[2021-08-08 04:20:19,239] {logging_mixin.py:104} INFO - [2021-08-08 04:20:19,239] {dagbag.py:496} INFO - Filling up the DagBag from /home/airflow/sandbox/lib/python3.8/site-packages/airflow/example_dags/example_branch_datetime_operator.py
[2021-08-08 04:20:19,249] {scheduler_job.py:643} INFO - DAG(s) dict_keys(['example_branch_datetime_operator_2']) retrieved from /home/airflow/sandbox/lib/python3.8/site-packages/airflow/example_dags/example_branch_datetime_operator.py
[2021-08-08 04:20:19,261] {logging_mixin.py:104} INFO - [2021-08-08 04:20:19,261] {dag.py:1833} INFO - Sync 1 DAGs
[2021-08-08 04:20:19,272] {logging_mixin.py:104} INFO - [2021-08-08 04:20:19,272] {dag.py:2306} INFO - Setting next_dagrun for example_branch_datetime_operator_2 to 2021-08-06 00:00:00+00:00
[2021-08-08 04:20:19,288] {scheduler_job.py:190} INFO - Processing /home/airflow/sandbox/lib/python3.8/site-packages/airflow/example_dags/example_branch_datetime_operator.py took 0.060 seconds
[2021-08-08 04:20:51,879] {scheduler_job.py:182} INFO - Started process (PID=5362) to work on /home/airflow/sandbox/lib/python3.8/site-packages/airflow/example_dags/example_branch_datetime_operator.py
[2021-08-08 04:20:51,881] {scheduler_job.py:633} INFO - Processing file /home/airflow/sandbox/lib/python3.8/site-packages/airflow/example_dags/example_branch_datetime_operator.py for tasks to queue
[2021-08-08 04:20:51,884] {logging_mixin.py:104} INFO - [2021-08-08 04:20:51,884] {dagbag.py:496} INFO - Filling up the DagBag from /home/airflow/sandbox/lib/python3.8/site-packages/airflow/example_dags/example_branch_datetime_operator.py
[2021-08-08 04:20:51,892] {scheduler_job.py:643} INFO - DAG(s) dict_keys(['example_branch_datetime_operator_2']) retrieved from /home/airflow/sandbox/lib/python3.8/site-packages/airflow/example_dags/example_branch_datetime_operator.py
[2021-08-08 04:20:51,905] {logging_mixin.py:104} INFO - [2021-08-08 04:20:51,905] {dag.py:1833} INFO - Sync 1 DAGs
[2021-08-08 04:20:51,916] {logging_mixin.py:104} INFO - [2021-08-08 04:20:51,916] {dag.py:2306} INFO - Setting next_dagrun for example_branch_datetime_operator_2 to 2021-08-06 00:00:00+00:00
[2021-08-08 04:20:51,935] {scheduler_job.py:190} INFO - Processing /home/airflow/sandbox/lib/python3.8/site-packages/airflow/example_dags/example_branch_datetime_operator.py took 0.058 seconds
[2021-08-08 04:21:24,088] {scheduler_job.py:182} INFO - Started process (PID=5511) to work on /home/airflow/sandbox/lib/python3.8/site-packages/airflow/example_dags/example_branch_datetime_operator.py
[2021-08-08 04:21:24,091] {scheduler_job.py:633} INFO - Processing file /home/airflow/sandbox/lib/python3.8/site-packages/airflow/example_dags/example_branch_datetime_operator.py for tasks to queue
[2021-08-08 04:21:24,093] {logging_mixin.py:104} INFO - [2021-08-08 04:21:24,093] {dagbag.py:496} INFO - Filling up the DagBag from /home/airflow/sandbox/lib/python3.8/site-packages/airflow/example_dags/example_branch_datetime_operator.py
[2021-08-08 04:21:24,103] {scheduler_job.py:643} INFO - DAG(s) dict_keys(['example_branch_datetime_operator_2']) retrieved from /home/airflow/sandbox/lib/python3.8/site-packages/airflow/example_dags/example_branch_datetime_operator.py
[2021-08-08 04:21:24,115] {logging_mixin.py:104} INFO - [2021-08-08 04:21:24,115] {dag.py:1833} INFO - Sync 1 DAGs
[2021-08-08 04:21:24,125] {logging_mixin.py:104} INFO - [2021-08-08 04:21:24,125] {dag.py:2306} INFO - Setting next_dagrun for example_branch_datetime_operator_2 to 2021-08-06 00:00:00+00:00
[2021-08-08 04:21:24,142] {scheduler_job.py:190} INFO - Processing /home/airflow/sandbox/lib/python3.8/site-packages/airflow/example_dags/example_branch_datetime_operator.py took 0.057 seconds
[2021-08-08 04:21:56,020] {scheduler_job.py:182} INFO - Started process (PID=5633) to work on /home/airflow/sandbox/lib/python3.8/site-packages/airflow/example_dags/example_branch_datetime_operator.py
[2021-08-08 04:21:56,022] {scheduler_job.py:633} INFO - Processing file /home/airflow/sandbox/lib/python3.8/site-packages/airflow/example_dags/example_branch_datetime_operator.py for tasks to queue
[2021-08-08 04:21:56,024] {logging_mixin.py:104} INFO - [2021-08-08 04:21:56,024] {dagbag.py:496} INFO - Filling up the DagBag from /home/airflow/sandbox/lib/python3.8/site-packages/airflow/example_dags/example_branch_datetime_operator.py
[2021-08-08 04:21:56,035] {scheduler_job.py:643} INFO - DAG(s) dict_keys(['example_branch_datetime_operator_2']) retrieved from /home/airflow/sandbox/lib/python3.8/site-packages/airflow/example_dags/example_branch_datetime_operator.py
[2021-08-08 04:21:56,046] {logging_mixin.py:104} INFO - [2021-08-08 04:21:56,046] {dag.py:1833} INFO - Sync 1 DAGs
[2021-08-08 04:21:56,057] {logging_mixin.py:104} INFO - [2021-08-08 04:21:56,057] {dag.py:2306} INFO - Setting next_dagrun for example_branch_datetime_operator_2 to 2021-08-06 00:00:00+00:00
[2021-08-08 04:21:56,074] {scheduler_job.py:190} INFO - Processing /home/airflow/sandbox/lib/python3.8/site-packages/airflow/example_dags/example_branch_datetime_operator.py took 0.057 seconds
[2021-08-08 04:22:29,959] {scheduler_job.py:182} INFO - Started process (PID=5769) to work on /home/airflow/sandbox/lib/python3.8/site-packages/airflow/example_dags/example_branch_datetime_operator.py
[2021-08-08 04:22:29,962] {scheduler_job.py:633} INFO - Processing file /home/airflow/sandbox/lib/python3.8/site-packages/airflow/example_dags/example_branch_datetime_operator.py for tasks to queue
[2021-08-08 04:22:29,963] {logging_mixin.py:104} INFO - [2021-08-08 04:22:29,963] {dagbag.py:496} INFO - Filling up the DagBag from /home/airflow/sandbox/lib/python3.8/site-packages/airflow/example_dags/example_branch_datetime_operator.py
[2021-08-08 04:22:29,980] {scheduler_job.py:643} INFO - DAG(s) dict_keys(['example_branch_datetime_operator_2']) retrieved from /home/airflow/sandbox/lib/python3.8/site-packages/airflow/example_dags/example_branch_datetime_operator.py
[2021-08-08 04:22:29,993] {logging_mixin.py:104} INFO - [2021-08-08 04:22:29,993] {dag.py:1833} INFO - Sync 1 DAGs
[2021-08-08 04:22:30,005] {logging_mixin.py:104} INFO - [2021-08-08 04:22:30,005] {dag.py:2306} INFO - Setting next_dagrun for example_branch_datetime_operator_2 to 2021-08-06 00:00:00+00:00
[2021-08-08 04:22:30,026] {scheduler_job.py:190} INFO - Processing /home/airflow/sandbox/lib/python3.8/site-packages/airflow/example_dags/example_branch_datetime_operator.py took 0.071 seconds
[2021-08-08 04:23:01,389] {scheduler_job.py:182} INFO - Started process (PID=5962) to work on /home/airflow/sandbox/lib/python3.8/site-packages/airflow/example_dags/example_branch_datetime_operator.py
[2021-08-08 04:23:01,393] {scheduler_job.py:633} INFO - Processing file /home/airflow/sandbox/lib/python3.8/site-packages/airflow/example_dags/example_branch_datetime_operator.py for tasks to queue
[2021-08-08 04:23:01,394] {logging_mixin.py:104} INFO - [2021-08-08 04:23:01,394] {dagbag.py:496} INFO - Filling up the DagBag from /home/airflow/sandbox/lib/python3.8/site-packages/airflow/example_dags/example_branch_datetime_operator.py
[2021-08-08 04:23:01,405] {scheduler_job.py:643} INFO - DAG(s) dict_keys(['example_branch_datetime_operator_2']) retrieved from /home/airflow/sandbox/lib/python3.8/site-packages/airflow/example_dags/example_branch_datetime_operator.py
[2021-08-08 04:23:01,419] {logging_mixin.py:104} INFO - [2021-08-08 04:23:01,419] {dag.py:1833} INFO - Sync 1 DAGs
[2021-08-08 04:23:01,431] {logging_mixin.py:104} INFO - [2021-08-08 04:23:01,431] {dag.py:2306} INFO - Setting next_dagrun for example_branch_datetime_operator_2 to 2021-08-06 00:00:00+00:00
[2021-08-08 04:23:01,450] {scheduler_job.py:190} INFO - Processing /home/airflow/sandbox/lib/python3.8/site-packages/airflow/example_dags/example_branch_datetime_operator.py took 0.064 seconds
[2021-08-08 04:23:35,405] {scheduler_job.py:182} INFO - Started process (PID=6179) to work on /home/airflow/sandbox/lib/python3.8/site-packages/airflow/example_dags/example_branch_datetime_operator.py
[2021-08-08 04:23:35,409] {scheduler_job.py:633} INFO - Processing file /home/airflow/sandbox/lib/python3.8/site-packages/airflow/example_dags/example_branch_datetime_operator.py for tasks to queue
[2021-08-08 04:23:35,409] {logging_mixin.py:104} INFO - [2021-08-08 04:23:35,409] {dagbag.py:496} INFO - Filling up the DagBag from /home/airflow/sandbox/lib/python3.8/site-packages/airflow/example_dags/example_branch_datetime_operator.py
[2021-08-08 04:23:35,426] {scheduler_job.py:643} INFO - DAG(s) dict_keys(['example_branch_datetime_operator_2']) retrieved from /home/airflow/sandbox/lib/python3.8/site-packages/airflow/example_dags/example_branch_datetime_operator.py
[2021-08-08 04:23:35,441] {logging_mixin.py:104} INFO - [2021-08-08 04:23:35,441] {dag.py:1833} INFO - Sync 1 DAGs
[2021-08-08 04:23:35,454] {logging_mixin.py:104} INFO - [2021-08-08 04:23:35,454] {dag.py:2306} INFO - Setting next_dagrun for example_branch_datetime_operator_2 to 2021-08-06 00:00:00+00:00
[2021-08-08 04:23:35,475] {scheduler_job.py:190} INFO - Processing /home/airflow/sandbox/lib/python3.8/site-packages/airflow/example_dags/example_branch_datetime_operator.py took 0.073 seconds
[2021-08-08 04:24:09,085] {scheduler_job.py:182} INFO - Started process (PID=6352) to work on /home/airflow/sandbox/lib/python3.8/site-packages/airflow/example_dags/example_branch_datetime_operator.py
[2021-08-08 04:24:09,088] {scheduler_job.py:633} INFO - Processing file /home/airflow/sandbox/lib/python3.8/site-packages/airflow/example_dags/example_branch_datetime_operator.py for tasks to queue
[2021-08-08 04:24:09,090] {logging_mixin.py:104} INFO - [2021-08-08 04:24:09,090] {dagbag.py:496} INFO - Filling up the DagBag from /home/airflow/sandbox/lib/python3.8/site-packages/airflow/example_dags/example_branch_datetime_operator.py
[2021-08-08 04:24:09,100] {scheduler_job.py:643} INFO - DAG(s) dict_keys(['example_branch_datetime_operator_2']) retrieved from /home/airflow/sandbox/lib/python3.8/site-packages/airflow/example_dags/example_branch_datetime_operator.py
[2021-08-08 04:24:09,111] {logging_mixin.py:104} INFO - [2021-08-08 04:24:09,111] {dag.py:1833} INFO - Sync 1 DAGs
[2021-08-08 04:24:09,123] {logging_mixin.py:104} INFO - [2021-08-08 04:24:09,123] {dag.py:2306} INFO - Setting next_dagrun for example_branch_datetime_operator_2 to 2021-08-06 00:00:00+00:00
[2021-08-08 04:24:09,140] {scheduler_job.py:190} INFO - Processing /home/airflow/sandbox/lib/python3.8/site-packages/airflow/example_dags/example_branch_datetime_operator.py took 0.057 seconds
[2021-08-08 04:24:41,626] {scheduler_job.py:182} INFO - Started process (PID=6501) to work on /home/airflow/sandbox/lib/python3.8/site-packages/airflow/example_dags/example_branch_datetime_operator.py
[2021-08-08 04:24:41,629] {scheduler_job.py:633} INFO - Processing file /home/airflow/sandbox/lib/python3.8/site-packages/airflow/example_dags/example_branch_datetime_operator.py for tasks to queue
[2021-08-08 04:24:41,632] {logging_mixin.py:104} INFO - [2021-08-08 04:24:41,632] {dagbag.py:496} INFO - Filling up the DagBag from /home/airflow/sandbox/lib/python3.8/site-packages/airflow/example_dags/example_branch_datetime_operator.py
[2021-08-08 04:24:41,660] {scheduler_job.py:643} INFO - DAG(s) dict_keys(['example_branch_datetime_operator_2']) retrieved from /home/airflow/sandbox/lib/python3.8/site-packages/airflow/example_dags/example_branch_datetime_operator.py
[2021-08-08 04:24:41,676] {logging_mixin.py:104} INFO - [2021-08-08 04:24:41,676] {dag.py:1833} INFO - Sync 1 DAGs
[2021-08-08 04:24:41,694] {logging_mixin.py:104} INFO - [2021-08-08 04:24:41,694] {dag.py:2306} INFO - Setting next_dagrun for example_branch_datetime_operator_2 to 2021-08-06 00:00:00+00:00
[2021-08-08 04:24:41,727] {scheduler_job.py:190} INFO - Processing /home/airflow/sandbox/lib/python3.8/site-packages/airflow/example_dags/example_branch_datetime_operator.py took 0.104 seconds
[2021-08-08 04:25:16,566] {scheduler_job.py:182} INFO - Started process (PID=6734) to work on /home/airflow/sandbox/lib/python3.8/site-packages/airflow/example_dags/example_branch_datetime_operator.py
[2021-08-08 04:25:16,569] {scheduler_job.py:633} INFO - Processing file /home/airflow/sandbox/lib/python3.8/site-packages/airflow/example_dags/example_branch_datetime_operator.py for tasks to queue
[2021-08-08 04:25:16,571] {logging_mixin.py:104} INFO - [2021-08-08 04:25:16,571] {dagbag.py:496} INFO - Filling up the DagBag from /home/airflow/sandbox/lib/python3.8/site-packages/airflow/example_dags/example_branch_datetime_operator.py
[2021-08-08 04:25:16,582] {scheduler_job.py:643} INFO - DAG(s) dict_keys(['example_branch_datetime_operator_2']) retrieved from /home/airflow/sandbox/lib/python3.8/site-packages/airflow/example_dags/example_branch_datetime_operator.py
[2021-08-08 04:25:16,596] {logging_mixin.py:104} INFO - [2021-08-08 04:25:16,596] {dag.py:1833} INFO - Sync 1 DAGs
[2021-08-08 04:25:16,606] {logging_mixin.py:104} INFO - [2021-08-08 04:25:16,606] {dag.py:2306} INFO - Setting next_dagrun for example_branch_datetime_operator_2 to 2021-08-06 00:00:00+00:00
[2021-08-08 04:25:16,625] {scheduler_job.py:190} INFO - Processing /home/airflow/sandbox/lib/python3.8/site-packages/airflow/example_dags/example_branch_datetime_operator.py took 0.061 seconds
