[2021-08-08 04:11:18,625] {scheduler_job.py:182} INFO - Started process (PID=2627) to work on /home/airflow/sandbox/lib/python3.8/site-packages/airflow/example_dags/example_trigger_controller_dag.py
[2021-08-08 04:11:18,627] {scheduler_job.py:633} INFO - Processing file /home/airflow/sandbox/lib/python3.8/site-packages/airflow/example_dags/example_trigger_controller_dag.py for tasks to queue
[2021-08-08 04:11:18,631] {logging_mixin.py:104} INFO - [2021-08-08 04:11:18,631] {dagbag.py:496} INFO - Filling up the DagBag from /home/airflow/sandbox/lib/python3.8/site-packages/airflow/example_dags/example_trigger_controller_dag.py
[2021-08-08 04:11:18,646] {scheduler_job.py:643} INFO - DAG(s) dict_keys(['example_trigger_controller_dag']) retrieved from /home/airflow/sandbox/lib/python3.8/site-packages/airflow/example_dags/example_trigger_controller_dag.py
[2021-08-08 04:11:18,887] {logging_mixin.py:104} INFO - [2021-08-08 04:11:18,887] {dag.py:1833} INFO - Sync 1 DAGs
[2021-08-08 04:11:18,897] {logging_mixin.py:104} INFO - [2021-08-08 04:11:18,897] {dag.py:2306} INFO - Setting next_dagrun for example_trigger_controller_dag to 2021-08-06 00:00:00+00:00
[2021-08-08 04:11:18,916] {scheduler_job.py:190} INFO - Processing /home/airflow/sandbox/lib/python3.8/site-packages/airflow/example_dags/example_trigger_controller_dag.py took 0.293 seconds
[2021-08-08 04:11:57,331] {scheduler_job.py:182} INFO - Started process (PID=2781) to work on /home/airflow/sandbox/lib/python3.8/site-packages/airflow/example_dags/example_trigger_controller_dag.py
[2021-08-08 04:11:57,336] {scheduler_job.py:633} INFO - Processing file /home/airflow/sandbox/lib/python3.8/site-packages/airflow/example_dags/example_trigger_controller_dag.py for tasks to queue
[2021-08-08 04:11:57,340] {logging_mixin.py:104} INFO - [2021-08-08 04:11:57,340] {dagbag.py:496} INFO - Filling up the DagBag from /home/airflow/sandbox/lib/python3.8/site-packages/airflow/example_dags/example_trigger_controller_dag.py
[2021-08-08 04:11:57,352] {scheduler_job.py:643} INFO - DAG(s) dict_keys(['example_trigger_controller_dag']) retrieved from /home/airflow/sandbox/lib/python3.8/site-packages/airflow/example_dags/example_trigger_controller_dag.py
[2021-08-08 04:11:57,366] {logging_mixin.py:104} INFO - [2021-08-08 04:11:57,365] {dag.py:1833} INFO - Sync 1 DAGs
[2021-08-08 04:11:57,378] {logging_mixin.py:104} INFO - [2021-08-08 04:11:57,377] {dag.py:2306} INFO - Setting next_dagrun for example_trigger_controller_dag to 2021-08-06 00:00:00+00:00
[2021-08-08 04:11:57,399] {scheduler_job.py:190} INFO - Processing /home/airflow/sandbox/lib/python3.8/site-packages/airflow/example_dags/example_trigger_controller_dag.py took 0.071 seconds
[2021-08-08 04:12:31,642] {scheduler_job.py:182} INFO - Started process (PID=2943) to work on /home/airflow/sandbox/lib/python3.8/site-packages/airflow/example_dags/example_trigger_controller_dag.py
[2021-08-08 04:12:31,646] {scheduler_job.py:633} INFO - Processing file /home/airflow/sandbox/lib/python3.8/site-packages/airflow/example_dags/example_trigger_controller_dag.py for tasks to queue
[2021-08-08 04:12:31,647] {logging_mixin.py:104} INFO - [2021-08-08 04:12:31,647] {dagbag.py:496} INFO - Filling up the DagBag from /home/airflow/sandbox/lib/python3.8/site-packages/airflow/example_dags/example_trigger_controller_dag.py
[2021-08-08 04:12:31,665] {scheduler_job.py:643} INFO - DAG(s) dict_keys(['example_trigger_controller_dag']) retrieved from /home/airflow/sandbox/lib/python3.8/site-packages/airflow/example_dags/example_trigger_controller_dag.py
[2021-08-08 04:12:31,683] {logging_mixin.py:104} INFO - [2021-08-08 04:12:31,682] {dag.py:1833} INFO - Sync 1 DAGs
[2021-08-08 04:12:31,693] {logging_mixin.py:104} INFO - [2021-08-08 04:12:31,693] {dag.py:2306} INFO - Setting next_dagrun for example_trigger_controller_dag to 2021-08-06 00:00:00+00:00
[2021-08-08 04:12:31,721] {scheduler_job.py:190} INFO - Processing /home/airflow/sandbox/lib/python3.8/site-packages/airflow/example_dags/example_trigger_controller_dag.py took 0.083 seconds
[2021-08-08 04:13:06,338] {scheduler_job.py:182} INFO - Started process (PID=3104) to work on /home/airflow/sandbox/lib/python3.8/site-packages/airflow/example_dags/example_trigger_controller_dag.py
[2021-08-08 04:13:06,341] {scheduler_job.py:633} INFO - Processing file /home/airflow/sandbox/lib/python3.8/site-packages/airflow/example_dags/example_trigger_controller_dag.py for tasks to queue
[2021-08-08 04:13:06,344] {logging_mixin.py:104} INFO - [2021-08-08 04:13:06,344] {dagbag.py:496} INFO - Filling up the DagBag from /home/airflow/sandbox/lib/python3.8/site-packages/airflow/example_dags/example_trigger_controller_dag.py
[2021-08-08 04:13:06,356] {scheduler_job.py:643} INFO - DAG(s) dict_keys(['example_trigger_controller_dag']) retrieved from /home/airflow/sandbox/lib/python3.8/site-packages/airflow/example_dags/example_trigger_controller_dag.py
[2021-08-08 04:13:06,368] {logging_mixin.py:104} INFO - [2021-08-08 04:13:06,368] {dag.py:1833} INFO - Sync 1 DAGs
[2021-08-08 04:13:06,378] {logging_mixin.py:104} INFO - [2021-08-08 04:13:06,378] {dag.py:2306} INFO - Setting next_dagrun for example_trigger_controller_dag to 2021-08-06 00:00:00+00:00
[2021-08-08 04:13:06,397] {scheduler_job.py:190} INFO - Processing /home/airflow/sandbox/lib/python3.8/site-packages/airflow/example_dags/example_trigger_controller_dag.py took 0.062 seconds
[2021-08-08 04:13:39,754] {scheduler_job.py:182} INFO - Started process (PID=3227) to work on /home/airflow/sandbox/lib/python3.8/site-packages/airflow/example_dags/example_trigger_controller_dag.py
[2021-08-08 04:13:39,756] {scheduler_job.py:633} INFO - Processing file /home/airflow/sandbox/lib/python3.8/site-packages/airflow/example_dags/example_trigger_controller_dag.py for tasks to queue
[2021-08-08 04:13:39,758] {logging_mixin.py:104} INFO - [2021-08-08 04:13:39,758] {dagbag.py:496} INFO - Filling up the DagBag from /home/airflow/sandbox/lib/python3.8/site-packages/airflow/example_dags/example_trigger_controller_dag.py
[2021-08-08 04:13:39,767] {scheduler_job.py:643} INFO - DAG(s) dict_keys(['example_trigger_controller_dag']) retrieved from /home/airflow/sandbox/lib/python3.8/site-packages/airflow/example_dags/example_trigger_controller_dag.py
[2021-08-08 04:13:39,779] {logging_mixin.py:104} INFO - [2021-08-08 04:13:39,779] {dag.py:1833} INFO - Sync 1 DAGs
[2021-08-08 04:13:39,788] {logging_mixin.py:104} INFO - [2021-08-08 04:13:39,788] {dag.py:2306} INFO - Setting next_dagrun for example_trigger_controller_dag to 2021-08-06 00:00:00+00:00
[2021-08-08 04:13:39,808] {scheduler_job.py:190} INFO - Processing /home/airflow/sandbox/lib/python3.8/site-packages/airflow/example_dags/example_trigger_controller_dag.py took 0.056 seconds
[2021-08-08 04:14:14,643] {scheduler_job.py:182} INFO - Started process (PID=3372) to work on /home/airflow/sandbox/lib/python3.8/site-packages/airflow/example_dags/example_trigger_controller_dag.py
[2021-08-08 04:14:14,645] {scheduler_job.py:633} INFO - Processing file /home/airflow/sandbox/lib/python3.8/site-packages/airflow/example_dags/example_trigger_controller_dag.py for tasks to queue
[2021-08-08 04:14:14,648] {logging_mixin.py:104} INFO - [2021-08-08 04:14:14,648] {dagbag.py:496} INFO - Filling up the DagBag from /home/airflow/sandbox/lib/python3.8/site-packages/airflow/example_dags/example_trigger_controller_dag.py
[2021-08-08 04:14:14,659] {scheduler_job.py:643} INFO - DAG(s) dict_keys(['example_trigger_controller_dag']) retrieved from /home/airflow/sandbox/lib/python3.8/site-packages/airflow/example_dags/example_trigger_controller_dag.py
[2021-08-08 04:14:14,672] {logging_mixin.py:104} INFO - [2021-08-08 04:14:14,672] {dag.py:1833} INFO - Sync 1 DAGs
[2021-08-08 04:14:14,687] {logging_mixin.py:104} INFO - [2021-08-08 04:14:14,687] {dag.py:2306} INFO - Setting next_dagrun for example_trigger_controller_dag to 2021-08-06 00:00:00+00:00
[2021-08-08 04:14:14,713] {scheduler_job.py:190} INFO - Processing /home/airflow/sandbox/lib/python3.8/site-packages/airflow/example_dags/example_trigger_controller_dag.py took 0.073 seconds
[2021-08-08 04:14:51,434] {scheduler_job.py:182} INFO - Started process (PID=3640) to work on /home/airflow/sandbox/lib/python3.8/site-packages/airflow/example_dags/example_trigger_controller_dag.py
[2021-08-08 04:14:51,437] {scheduler_job.py:633} INFO - Processing file /home/airflow/sandbox/lib/python3.8/site-packages/airflow/example_dags/example_trigger_controller_dag.py for tasks to queue
[2021-08-08 04:14:51,439] {logging_mixin.py:104} INFO - [2021-08-08 04:14:51,439] {dagbag.py:496} INFO - Filling up the DagBag from /home/airflow/sandbox/lib/python3.8/site-packages/airflow/example_dags/example_trigger_controller_dag.py
[2021-08-08 04:14:51,451] {scheduler_job.py:643} INFO - DAG(s) dict_keys(['example_trigger_controller_dag']) retrieved from /home/airflow/sandbox/lib/python3.8/site-packages/airflow/example_dags/example_trigger_controller_dag.py
[2021-08-08 04:14:51,465] {logging_mixin.py:104} INFO - [2021-08-08 04:14:51,465] {dag.py:1833} INFO - Sync 1 DAGs
[2021-08-08 04:14:51,475] {logging_mixin.py:104} INFO - [2021-08-08 04:14:51,475] {dag.py:2306} INFO - Setting next_dagrun for example_trigger_controller_dag to 2021-08-06 00:00:00+00:00
[2021-08-08 04:14:51,495] {scheduler_job.py:190} INFO - Processing /home/airflow/sandbox/lib/python3.8/site-packages/airflow/example_dags/example_trigger_controller_dag.py took 0.064 seconds
[2021-08-08 04:15:27,605] {scheduler_job.py:182} INFO - Started process (PID=3812) to work on /home/airflow/sandbox/lib/python3.8/site-packages/airflow/example_dags/example_trigger_controller_dag.py
[2021-08-08 04:15:27,608] {scheduler_job.py:633} INFO - Processing file /home/airflow/sandbox/lib/python3.8/site-packages/airflow/example_dags/example_trigger_controller_dag.py for tasks to queue
[2021-08-08 04:15:27,611] {logging_mixin.py:104} INFO - [2021-08-08 04:15:27,611] {dagbag.py:496} INFO - Filling up the DagBag from /home/airflow/sandbox/lib/python3.8/site-packages/airflow/example_dags/example_trigger_controller_dag.py
[2021-08-08 04:15:27,622] {scheduler_job.py:643} INFO - DAG(s) dict_keys(['example_trigger_controller_dag']) retrieved from /home/airflow/sandbox/lib/python3.8/site-packages/airflow/example_dags/example_trigger_controller_dag.py
[2021-08-08 04:15:27,636] {logging_mixin.py:104} INFO - [2021-08-08 04:15:27,636] {dag.py:1833} INFO - Sync 1 DAGs
[2021-08-08 04:15:27,645] {logging_mixin.py:104} INFO - [2021-08-08 04:15:27,645] {dag.py:2306} INFO - Setting next_dagrun for example_trigger_controller_dag to 2021-08-06 00:00:00+00:00
[2021-08-08 04:15:27,661] {scheduler_job.py:190} INFO - Processing /home/airflow/sandbox/lib/python3.8/site-packages/airflow/example_dags/example_trigger_controller_dag.py took 0.059 seconds
[2021-08-08 04:16:00,078] {scheduler_job.py:182} INFO - Started process (PID=4062) to work on /home/airflow/sandbox/lib/python3.8/site-packages/airflow/example_dags/example_trigger_controller_dag.py
[2021-08-08 04:16:00,081] {scheduler_job.py:633} INFO - Processing file /home/airflow/sandbox/lib/python3.8/site-packages/airflow/example_dags/example_trigger_controller_dag.py for tasks to queue
[2021-08-08 04:16:00,083] {logging_mixin.py:104} INFO - [2021-08-08 04:16:00,083] {dagbag.py:496} INFO - Filling up the DagBag from /home/airflow/sandbox/lib/python3.8/site-packages/airflow/example_dags/example_trigger_controller_dag.py
[2021-08-08 04:16:00,093] {scheduler_job.py:643} INFO - DAG(s) dict_keys(['example_trigger_controller_dag']) retrieved from /home/airflow/sandbox/lib/python3.8/site-packages/airflow/example_dags/example_trigger_controller_dag.py
[2021-08-08 04:16:00,105] {logging_mixin.py:104} INFO - [2021-08-08 04:16:00,105] {dag.py:1833} INFO - Sync 1 DAGs
[2021-08-08 04:16:00,113] {logging_mixin.py:104} INFO - [2021-08-08 04:16:00,113] {dag.py:2306} INFO - Setting next_dagrun for example_trigger_controller_dag to 2021-08-06 00:00:00+00:00
[2021-08-08 04:16:00,130] {scheduler_job.py:190} INFO - Processing /home/airflow/sandbox/lib/python3.8/site-packages/airflow/example_dags/example_trigger_controller_dag.py took 0.054 seconds
[2021-08-08 04:16:32,571] {scheduler_job.py:182} INFO - Started process (PID=4214) to work on /home/airflow/sandbox/lib/python3.8/site-packages/airflow/example_dags/example_trigger_controller_dag.py
[2021-08-08 04:16:32,574] {scheduler_job.py:633} INFO - Processing file /home/airflow/sandbox/lib/python3.8/site-packages/airflow/example_dags/example_trigger_controller_dag.py for tasks to queue
[2021-08-08 04:16:32,575] {logging_mixin.py:104} INFO - [2021-08-08 04:16:32,575] {dagbag.py:496} INFO - Filling up the DagBag from /home/airflow/sandbox/lib/python3.8/site-packages/airflow/example_dags/example_trigger_controller_dag.py
[2021-08-08 04:16:32,589] {scheduler_job.py:643} INFO - DAG(s) dict_keys(['example_trigger_controller_dag']) retrieved from /home/airflow/sandbox/lib/python3.8/site-packages/airflow/example_dags/example_trigger_controller_dag.py
[2021-08-08 04:16:32,606] {logging_mixin.py:104} INFO - [2021-08-08 04:16:32,606] {dag.py:1833} INFO - Sync 1 DAGs
[2021-08-08 04:16:32,618] {logging_mixin.py:104} INFO - [2021-08-08 04:16:32,618] {dag.py:2306} INFO - Setting next_dagrun for example_trigger_controller_dag to 2021-08-06 00:00:00+00:00
[2021-08-08 04:16:32,643] {scheduler_job.py:190} INFO - Processing /home/airflow/sandbox/lib/python3.8/site-packages/airflow/example_dags/example_trigger_controller_dag.py took 0.076 seconds
[2021-08-08 04:17:05,905] {scheduler_job.py:182} INFO - Started process (PID=4394) to work on /home/airflow/sandbox/lib/python3.8/site-packages/airflow/example_dags/example_trigger_controller_dag.py
[2021-08-08 04:17:05,908] {scheduler_job.py:633} INFO - Processing file /home/airflow/sandbox/lib/python3.8/site-packages/airflow/example_dags/example_trigger_controller_dag.py for tasks to queue
[2021-08-08 04:17:05,910] {logging_mixin.py:104} INFO - [2021-08-08 04:17:05,910] {dagbag.py:496} INFO - Filling up the DagBag from /home/airflow/sandbox/lib/python3.8/site-packages/airflow/example_dags/example_trigger_controller_dag.py
[2021-08-08 04:17:05,921] {scheduler_job.py:643} INFO - DAG(s) dict_keys(['example_trigger_controller_dag']) retrieved from /home/airflow/sandbox/lib/python3.8/site-packages/airflow/example_dags/example_trigger_controller_dag.py
[2021-08-08 04:17:05,935] {logging_mixin.py:104} INFO - [2021-08-08 04:17:05,935] {dag.py:1833} INFO - Sync 1 DAGs
[2021-08-08 04:17:05,946] {logging_mixin.py:104} INFO - [2021-08-08 04:17:05,946] {dag.py:2306} INFO - Setting next_dagrun for example_trigger_controller_dag to 2021-08-06 00:00:00+00:00
[2021-08-08 04:17:05,965] {scheduler_job.py:190} INFO - Processing /home/airflow/sandbox/lib/python3.8/site-packages/airflow/example_dags/example_trigger_controller_dag.py took 0.062 seconds
[2021-08-08 04:17:39,286] {scheduler_job.py:182} INFO - Started process (PID=4510) to work on /home/airflow/sandbox/lib/python3.8/site-packages/airflow/example_dags/example_trigger_controller_dag.py
[2021-08-08 04:17:39,289] {scheduler_job.py:633} INFO - Processing file /home/airflow/sandbox/lib/python3.8/site-packages/airflow/example_dags/example_trigger_controller_dag.py for tasks to queue
[2021-08-08 04:17:39,292] {logging_mixin.py:104} INFO - [2021-08-08 04:17:39,291] {dagbag.py:496} INFO - Filling up the DagBag from /home/airflow/sandbox/lib/python3.8/site-packages/airflow/example_dags/example_trigger_controller_dag.py
[2021-08-08 04:17:39,303] {scheduler_job.py:643} INFO - DAG(s) dict_keys(['example_trigger_controller_dag']) retrieved from /home/airflow/sandbox/lib/python3.8/site-packages/airflow/example_dags/example_trigger_controller_dag.py
[2021-08-08 04:17:39,315] {logging_mixin.py:104} INFO - [2021-08-08 04:17:39,315] {dag.py:1833} INFO - Sync 1 DAGs
[2021-08-08 04:17:39,324] {logging_mixin.py:104} INFO - [2021-08-08 04:17:39,324] {dag.py:2306} INFO - Setting next_dagrun for example_trigger_controller_dag to 2021-08-06 00:00:00+00:00
[2021-08-08 04:17:39,345] {scheduler_job.py:190} INFO - Processing /home/airflow/sandbox/lib/python3.8/site-packages/airflow/example_dags/example_trigger_controller_dag.py took 0.062 seconds
[2021-08-08 04:18:12,091] {scheduler_job.py:182} INFO - Started process (PID=4632) to work on /home/airflow/sandbox/lib/python3.8/site-packages/airflow/example_dags/example_trigger_controller_dag.py
[2021-08-08 04:18:12,095] {scheduler_job.py:633} INFO - Processing file /home/airflow/sandbox/lib/python3.8/site-packages/airflow/example_dags/example_trigger_controller_dag.py for tasks to queue
[2021-08-08 04:18:12,097] {logging_mixin.py:104} INFO - [2021-08-08 04:18:12,097] {dagbag.py:496} INFO - Filling up the DagBag from /home/airflow/sandbox/lib/python3.8/site-packages/airflow/example_dags/example_trigger_controller_dag.py
[2021-08-08 04:18:12,106] {scheduler_job.py:643} INFO - DAG(s) dict_keys(['example_trigger_controller_dag']) retrieved from /home/airflow/sandbox/lib/python3.8/site-packages/airflow/example_dags/example_trigger_controller_dag.py
[2021-08-08 04:18:12,118] {logging_mixin.py:104} INFO - [2021-08-08 04:18:12,117] {dag.py:1833} INFO - Sync 1 DAGs
[2021-08-08 04:18:12,126] {logging_mixin.py:104} INFO - [2021-08-08 04:18:12,126] {dag.py:2306} INFO - Setting next_dagrun for example_trigger_controller_dag to 2021-08-06 00:00:00+00:00
[2021-08-08 04:18:12,141] {scheduler_job.py:190} INFO - Processing /home/airflow/sandbox/lib/python3.8/site-packages/airflow/example_dags/example_trigger_controller_dag.py took 0.052 seconds
[2021-08-08 04:18:45,681] {scheduler_job.py:182} INFO - Started process (PID=4852) to work on /home/airflow/sandbox/lib/python3.8/site-packages/airflow/example_dags/example_trigger_controller_dag.py
[2021-08-08 04:18:45,684] {scheduler_job.py:633} INFO - Processing file /home/airflow/sandbox/lib/python3.8/site-packages/airflow/example_dags/example_trigger_controller_dag.py for tasks to queue
[2021-08-08 04:18:45,687] {logging_mixin.py:104} INFO - [2021-08-08 04:18:45,687] {dagbag.py:496} INFO - Filling up the DagBag from /home/airflow/sandbox/lib/python3.8/site-packages/airflow/example_dags/example_trigger_controller_dag.py
[2021-08-08 04:18:45,696] {scheduler_job.py:643} INFO - DAG(s) dict_keys(['example_trigger_controller_dag']) retrieved from /home/airflow/sandbox/lib/python3.8/site-packages/airflow/example_dags/example_trigger_controller_dag.py
[2021-08-08 04:18:45,709] {logging_mixin.py:104} INFO - [2021-08-08 04:18:45,709] {dag.py:1833} INFO - Sync 1 DAGs
[2021-08-08 04:18:45,718] {logging_mixin.py:104} INFO - [2021-08-08 04:18:45,718] {dag.py:2306} INFO - Setting next_dagrun for example_trigger_controller_dag to 2021-08-06 00:00:00+00:00
[2021-08-08 04:18:45,735] {scheduler_job.py:190} INFO - Processing /home/airflow/sandbox/lib/python3.8/site-packages/airflow/example_dags/example_trigger_controller_dag.py took 0.057 seconds
[2021-08-08 04:19:18,338] {scheduler_job.py:182} INFO - Started process (PID=4981) to work on /home/airflow/sandbox/lib/python3.8/site-packages/airflow/example_dags/example_trigger_controller_dag.py
[2021-08-08 04:19:18,340] {scheduler_job.py:633} INFO - Processing file /home/airflow/sandbox/lib/python3.8/site-packages/airflow/example_dags/example_trigger_controller_dag.py for tasks to queue
[2021-08-08 04:19:18,343] {logging_mixin.py:104} INFO - [2021-08-08 04:19:18,343] {dagbag.py:496} INFO - Filling up the DagBag from /home/airflow/sandbox/lib/python3.8/site-packages/airflow/example_dags/example_trigger_controller_dag.py
[2021-08-08 04:19:18,353] {scheduler_job.py:643} INFO - DAG(s) dict_keys(['example_trigger_controller_dag']) retrieved from /home/airflow/sandbox/lib/python3.8/site-packages/airflow/example_dags/example_trigger_controller_dag.py
[2021-08-08 04:19:18,365] {logging_mixin.py:104} INFO - [2021-08-08 04:19:18,365] {dag.py:1833} INFO - Sync 1 DAGs
[2021-08-08 04:19:18,373] {logging_mixin.py:104} INFO - [2021-08-08 04:19:18,373] {dag.py:2306} INFO - Setting next_dagrun for example_trigger_controller_dag to 2021-08-06 00:00:00+00:00
[2021-08-08 04:19:18,391] {scheduler_job.py:190} INFO - Processing /home/airflow/sandbox/lib/python3.8/site-packages/airflow/example_dags/example_trigger_controller_dag.py took 0.056 seconds
[2021-08-08 04:19:52,966] {scheduler_job.py:182} INFO - Started process (PID=5116) to work on /home/airflow/sandbox/lib/python3.8/site-packages/airflow/example_dags/example_trigger_controller_dag.py
[2021-08-08 04:19:52,970] {scheduler_job.py:633} INFO - Processing file /home/airflow/sandbox/lib/python3.8/site-packages/airflow/example_dags/example_trigger_controller_dag.py for tasks to queue
[2021-08-08 04:19:52,980] {logging_mixin.py:104} INFO - [2021-08-08 04:19:52,980] {dagbag.py:496} INFO - Filling up the DagBag from /home/airflow/sandbox/lib/python3.8/site-packages/airflow/example_dags/example_trigger_controller_dag.py
[2021-08-08 04:19:52,992] {scheduler_job.py:643} INFO - DAG(s) dict_keys(['example_trigger_controller_dag']) retrieved from /home/airflow/sandbox/lib/python3.8/site-packages/airflow/example_dags/example_trigger_controller_dag.py
[2021-08-08 04:19:53,006] {logging_mixin.py:104} INFO - [2021-08-08 04:19:53,006] {dag.py:1833} INFO - Sync 1 DAGs
[2021-08-08 04:19:53,017] {logging_mixin.py:104} INFO - [2021-08-08 04:19:53,016] {dag.py:2306} INFO - Setting next_dagrun for example_trigger_controller_dag to 2021-08-06 00:00:00+00:00
[2021-08-08 04:19:53,034] {scheduler_job.py:190} INFO - Processing /home/airflow/sandbox/lib/python3.8/site-packages/airflow/example_dags/example_trigger_controller_dag.py took 0.071 seconds
[2021-08-08 04:20:27,271] {scheduler_job.py:182} INFO - Started process (PID=5245) to work on /home/airflow/sandbox/lib/python3.8/site-packages/airflow/example_dags/example_trigger_controller_dag.py
[2021-08-08 04:20:27,274] {scheduler_job.py:633} INFO - Processing file /home/airflow/sandbox/lib/python3.8/site-packages/airflow/example_dags/example_trigger_controller_dag.py for tasks to queue
[2021-08-08 04:20:27,276] {logging_mixin.py:104} INFO - [2021-08-08 04:20:27,276] {dagbag.py:496} INFO - Filling up the DagBag from /home/airflow/sandbox/lib/python3.8/site-packages/airflow/example_dags/example_trigger_controller_dag.py
[2021-08-08 04:20:27,286] {scheduler_job.py:643} INFO - DAG(s) dict_keys(['example_trigger_controller_dag']) retrieved from /home/airflow/sandbox/lib/python3.8/site-packages/airflow/example_dags/example_trigger_controller_dag.py
[2021-08-08 04:20:27,298] {logging_mixin.py:104} INFO - [2021-08-08 04:20:27,298] {dag.py:1833} INFO - Sync 1 DAGs
[2021-08-08 04:20:27,315] {logging_mixin.py:104} INFO - [2021-08-08 04:20:27,315] {dag.py:2306} INFO - Setting next_dagrun for example_trigger_controller_dag to 2021-08-06 00:00:00+00:00
[2021-08-08 04:20:27,334] {scheduler_job.py:190} INFO - Processing /home/airflow/sandbox/lib/python3.8/site-packages/airflow/example_dags/example_trigger_controller_dag.py took 0.067 seconds
[2021-08-08 04:21:00,814] {scheduler_job.py:182} INFO - Started process (PID=5422) to work on /home/airflow/sandbox/lib/python3.8/site-packages/airflow/example_dags/example_trigger_controller_dag.py
[2021-08-08 04:21:00,816] {scheduler_job.py:633} INFO - Processing file /home/airflow/sandbox/lib/python3.8/site-packages/airflow/example_dags/example_trigger_controller_dag.py for tasks to queue
[2021-08-08 04:21:00,819] {logging_mixin.py:104} INFO - [2021-08-08 04:21:00,819] {dagbag.py:496} INFO - Filling up the DagBag from /home/airflow/sandbox/lib/python3.8/site-packages/airflow/example_dags/example_trigger_controller_dag.py
[2021-08-08 04:21:00,830] {scheduler_job.py:643} INFO - DAG(s) dict_keys(['example_trigger_controller_dag']) retrieved from /home/airflow/sandbox/lib/python3.8/site-packages/airflow/example_dags/example_trigger_controller_dag.py
[2021-08-08 04:21:00,843] {logging_mixin.py:104} INFO - [2021-08-08 04:21:00,843] {dag.py:1833} INFO - Sync 1 DAGs
[2021-08-08 04:21:00,852] {logging_mixin.py:104} INFO - [2021-08-08 04:21:00,852] {dag.py:2306} INFO - Setting next_dagrun for example_trigger_controller_dag to 2021-08-06 00:00:00+00:00
[2021-08-08 04:21:00,870] {scheduler_job.py:190} INFO - Processing /home/airflow/sandbox/lib/python3.8/site-packages/airflow/example_dags/example_trigger_controller_dag.py took 0.058 seconds
[2021-08-08 04:21:35,455] {scheduler_job.py:182} INFO - Started process (PID=5553) to work on /home/airflow/sandbox/lib/python3.8/site-packages/airflow/example_dags/example_trigger_controller_dag.py
[2021-08-08 04:21:35,458] {scheduler_job.py:633} INFO - Processing file /home/airflow/sandbox/lib/python3.8/site-packages/airflow/example_dags/example_trigger_controller_dag.py for tasks to queue
[2021-08-08 04:21:35,460] {logging_mixin.py:104} INFO - [2021-08-08 04:21:35,460] {dagbag.py:496} INFO - Filling up the DagBag from /home/airflow/sandbox/lib/python3.8/site-packages/airflow/example_dags/example_trigger_controller_dag.py
[2021-08-08 04:21:35,469] {scheduler_job.py:643} INFO - DAG(s) dict_keys(['example_trigger_controller_dag']) retrieved from /home/airflow/sandbox/lib/python3.8/site-packages/airflow/example_dags/example_trigger_controller_dag.py
[2021-08-08 04:21:35,483] {logging_mixin.py:104} INFO - [2021-08-08 04:21:35,483] {dag.py:1833} INFO - Sync 1 DAGs
[2021-08-08 04:21:35,493] {logging_mixin.py:104} INFO - [2021-08-08 04:21:35,493] {dag.py:2306} INFO - Setting next_dagrun for example_trigger_controller_dag to 2021-08-06 00:00:00+00:00
[2021-08-08 04:21:35,511] {scheduler_job.py:190} INFO - Processing /home/airflow/sandbox/lib/python3.8/site-packages/airflow/example_dags/example_trigger_controller_dag.py took 0.058 seconds
[2021-08-08 04:22:10,019] {scheduler_job.py:182} INFO - Started process (PID=5689) to work on /home/airflow/sandbox/lib/python3.8/site-packages/airflow/example_dags/example_trigger_controller_dag.py
[2021-08-08 04:22:10,022] {scheduler_job.py:633} INFO - Processing file /home/airflow/sandbox/lib/python3.8/site-packages/airflow/example_dags/example_trigger_controller_dag.py for tasks to queue
[2021-08-08 04:22:10,025] {logging_mixin.py:104} INFO - [2021-08-08 04:22:10,025] {dagbag.py:496} INFO - Filling up the DagBag from /home/airflow/sandbox/lib/python3.8/site-packages/airflow/example_dags/example_trigger_controller_dag.py
[2021-08-08 04:22:10,035] {scheduler_job.py:643} INFO - DAG(s) dict_keys(['example_trigger_controller_dag']) retrieved from /home/airflow/sandbox/lib/python3.8/site-packages/airflow/example_dags/example_trigger_controller_dag.py
[2021-08-08 04:22:10,047] {logging_mixin.py:104} INFO - [2021-08-08 04:22:10,047] {dag.py:1833} INFO - Sync 1 DAGs
[2021-08-08 04:22:10,057] {logging_mixin.py:104} INFO - [2021-08-08 04:22:10,057] {dag.py:2306} INFO - Setting next_dagrun for example_trigger_controller_dag to 2021-08-06 00:00:00+00:00
[2021-08-08 04:22:10,074] {scheduler_job.py:190} INFO - Processing /home/airflow/sandbox/lib/python3.8/site-packages/airflow/example_dags/example_trigger_controller_dag.py took 0.059 seconds
[2021-08-08 04:22:45,116] {scheduler_job.py:182} INFO - Started process (PID=5880) to work on /home/airflow/sandbox/lib/python3.8/site-packages/airflow/example_dags/example_trigger_controller_dag.py
[2021-08-08 04:22:45,119] {scheduler_job.py:633} INFO - Processing file /home/airflow/sandbox/lib/python3.8/site-packages/airflow/example_dags/example_trigger_controller_dag.py for tasks to queue
[2021-08-08 04:22:45,122] {logging_mixin.py:104} INFO - [2021-08-08 04:22:45,121] {dagbag.py:496} INFO - Filling up the DagBag from /home/airflow/sandbox/lib/python3.8/site-packages/airflow/example_dags/example_trigger_controller_dag.py
[2021-08-08 04:22:45,135] {scheduler_job.py:643} INFO - DAG(s) dict_keys(['example_trigger_controller_dag']) retrieved from /home/airflow/sandbox/lib/python3.8/site-packages/airflow/example_dags/example_trigger_controller_dag.py
[2021-08-08 04:22:45,148] {logging_mixin.py:104} INFO - [2021-08-08 04:22:45,148] {dag.py:1833} INFO - Sync 1 DAGs
[2021-08-08 04:22:45,159] {logging_mixin.py:104} INFO - [2021-08-08 04:22:45,158] {dag.py:2306} INFO - Setting next_dagrun for example_trigger_controller_dag to 2021-08-06 00:00:00+00:00
[2021-08-08 04:22:45,177] {scheduler_job.py:190} INFO - Processing /home/airflow/sandbox/lib/python3.8/site-packages/airflow/example_dags/example_trigger_controller_dag.py took 0.064 seconds
[2021-08-08 04:23:18,520] {scheduler_job.py:182} INFO - Started process (PID=6085) to work on /home/airflow/sandbox/lib/python3.8/site-packages/airflow/example_dags/example_trigger_controller_dag.py
[2021-08-08 04:23:18,523] {scheduler_job.py:633} INFO - Processing file /home/airflow/sandbox/lib/python3.8/site-packages/airflow/example_dags/example_trigger_controller_dag.py for tasks to queue
[2021-08-08 04:23:18,527] {logging_mixin.py:104} INFO - [2021-08-08 04:23:18,527] {dagbag.py:496} INFO - Filling up the DagBag from /home/airflow/sandbox/lib/python3.8/site-packages/airflow/example_dags/example_trigger_controller_dag.py
[2021-08-08 04:23:18,537] {scheduler_job.py:643} INFO - DAG(s) dict_keys(['example_trigger_controller_dag']) retrieved from /home/airflow/sandbox/lib/python3.8/site-packages/airflow/example_dags/example_trigger_controller_dag.py
[2021-08-08 04:23:18,551] {logging_mixin.py:104} INFO - [2021-08-08 04:23:18,551] {dag.py:1833} INFO - Sync 1 DAGs
[2021-08-08 04:23:18,562] {logging_mixin.py:104} INFO - [2021-08-08 04:23:18,562] {dag.py:2306} INFO - Setting next_dagrun for example_trigger_controller_dag to 2021-08-06 00:00:00+00:00
[2021-08-08 04:23:18,581] {scheduler_job.py:190} INFO - Processing /home/airflow/sandbox/lib/python3.8/site-packages/airflow/example_dags/example_trigger_controller_dag.py took 0.064 seconds
[2021-08-08 04:23:52,503] {scheduler_job.py:182} INFO - Started process (PID=6289) to work on /home/airflow/sandbox/lib/python3.8/site-packages/airflow/example_dags/example_trigger_controller_dag.py
[2021-08-08 04:23:52,506] {scheduler_job.py:633} INFO - Processing file /home/airflow/sandbox/lib/python3.8/site-packages/airflow/example_dags/example_trigger_controller_dag.py for tasks to queue
[2021-08-08 04:23:52,508] {logging_mixin.py:104} INFO - [2021-08-08 04:23:52,508] {dagbag.py:496} INFO - Filling up the DagBag from /home/airflow/sandbox/lib/python3.8/site-packages/airflow/example_dags/example_trigger_controller_dag.py
[2021-08-08 04:23:52,518] {scheduler_job.py:643} INFO - DAG(s) dict_keys(['example_trigger_controller_dag']) retrieved from /home/airflow/sandbox/lib/python3.8/site-packages/airflow/example_dags/example_trigger_controller_dag.py
[2021-08-08 04:23:52,530] {logging_mixin.py:104} INFO - [2021-08-08 04:23:52,530] {dag.py:1833} INFO - Sync 1 DAGs
[2021-08-08 04:23:52,539] {logging_mixin.py:104} INFO - [2021-08-08 04:23:52,539] {dag.py:2306} INFO - Setting next_dagrun for example_trigger_controller_dag to 2021-08-06 00:00:00+00:00
[2021-08-08 04:23:52,556] {scheduler_job.py:190} INFO - Processing /home/airflow/sandbox/lib/python3.8/site-packages/airflow/example_dags/example_trigger_controller_dag.py took 0.056 seconds
[2021-08-08 04:24:26,179] {scheduler_job.py:182} INFO - Started process (PID=6418) to work on /home/airflow/sandbox/lib/python3.8/site-packages/airflow/example_dags/example_trigger_controller_dag.py
[2021-08-08 04:24:26,182] {scheduler_job.py:633} INFO - Processing file /home/airflow/sandbox/lib/python3.8/site-packages/airflow/example_dags/example_trigger_controller_dag.py for tasks to queue
[2021-08-08 04:24:26,184] {logging_mixin.py:104} INFO - [2021-08-08 04:24:26,184] {dagbag.py:496} INFO - Filling up the DagBag from /home/airflow/sandbox/lib/python3.8/site-packages/airflow/example_dags/example_trigger_controller_dag.py
[2021-08-08 04:24:26,193] {scheduler_job.py:643} INFO - DAG(s) dict_keys(['example_trigger_controller_dag']) retrieved from /home/airflow/sandbox/lib/python3.8/site-packages/airflow/example_dags/example_trigger_controller_dag.py
[2021-08-08 04:24:26,205] {logging_mixin.py:104} INFO - [2021-08-08 04:24:26,205] {dag.py:1833} INFO - Sync 1 DAGs
[2021-08-08 04:24:26,215] {logging_mixin.py:104} INFO - [2021-08-08 04:24:26,215] {dag.py:2306} INFO - Setting next_dagrun for example_trigger_controller_dag to 2021-08-06 00:00:00+00:00
[2021-08-08 04:24:26,232] {scheduler_job.py:190} INFO - Processing /home/airflow/sandbox/lib/python3.8/site-packages/airflow/example_dags/example_trigger_controller_dag.py took 0.057 seconds
[2021-08-08 04:25:00,462] {scheduler_job.py:182} INFO - Started process (PID=6620) to work on /home/airflow/sandbox/lib/python3.8/site-packages/airflow/example_dags/example_trigger_controller_dag.py
[2021-08-08 04:25:00,471] {scheduler_job.py:633} INFO - Processing file /home/airflow/sandbox/lib/python3.8/site-packages/airflow/example_dags/example_trigger_controller_dag.py for tasks to queue
[2021-08-08 04:25:00,486] {logging_mixin.py:104} INFO - [2021-08-08 04:25:00,486] {dagbag.py:496} INFO - Filling up the DagBag from /home/airflow/sandbox/lib/python3.8/site-packages/airflow/example_dags/example_trigger_controller_dag.py
[2021-08-08 04:25:00,499] {scheduler_job.py:643} INFO - DAG(s) dict_keys(['example_trigger_controller_dag']) retrieved from /home/airflow/sandbox/lib/python3.8/site-packages/airflow/example_dags/example_trigger_controller_dag.py
[2021-08-08 04:25:00,514] {logging_mixin.py:104} INFO - [2021-08-08 04:25:00,513] {dag.py:1833} INFO - Sync 1 DAGs
[2021-08-08 04:25:00,524] {logging_mixin.py:104} INFO - [2021-08-08 04:25:00,524] {dag.py:2306} INFO - Setting next_dagrun for example_trigger_controller_dag to 2021-08-06 00:00:00+00:00
[2021-08-08 04:25:00,548] {scheduler_job.py:190} INFO - Processing /home/airflow/sandbox/lib/python3.8/site-packages/airflow/example_dags/example_trigger_controller_dag.py took 0.091 seconds
[2021-08-08 04:25:32,034] {scheduler_job.py:182} INFO - Started process (PID=6838) to work on /home/airflow/sandbox/lib/python3.8/site-packages/airflow/example_dags/example_trigger_controller_dag.py
[2021-08-08 04:25:32,037] {scheduler_job.py:633} INFO - Processing file /home/airflow/sandbox/lib/python3.8/site-packages/airflow/example_dags/example_trigger_controller_dag.py for tasks to queue
[2021-08-08 04:25:32,040] {logging_mixin.py:104} INFO - [2021-08-08 04:25:32,040] {dagbag.py:496} INFO - Filling up the DagBag from /home/airflow/sandbox/lib/python3.8/site-packages/airflow/example_dags/example_trigger_controller_dag.py
[2021-08-08 04:25:32,050] {scheduler_job.py:643} INFO - DAG(s) dict_keys(['example_trigger_controller_dag']) retrieved from /home/airflow/sandbox/lib/python3.8/site-packages/airflow/example_dags/example_trigger_controller_dag.py
[2021-08-08 04:25:32,064] {logging_mixin.py:104} INFO - [2021-08-08 04:25:32,064] {dag.py:1833} INFO - Sync 1 DAGs
[2021-08-08 04:25:32,074] {logging_mixin.py:104} INFO - [2021-08-08 04:25:32,074] {dag.py:2306} INFO - Setting next_dagrun for example_trigger_controller_dag to 2021-08-06 00:00:00+00:00
[2021-08-08 04:25:32,092] {scheduler_job.py:190} INFO - Processing /home/airflow/sandbox/lib/python3.8/site-packages/airflow/example_dags/example_trigger_controller_dag.py took 0.060 seconds
