[2021-08-08 04:10:50,106] {scheduler_job.py:182} INFO - Started process (PID=2508) to work on /home/airflow/sandbox/lib/python3.8/site-packages/airflow/example_dags/example_xcomargs.py
[2021-08-08 04:10:50,109] {scheduler_job.py:633} INFO - Processing file /home/airflow/sandbox/lib/python3.8/site-packages/airflow/example_dags/example_xcomargs.py for tasks to queue
[2021-08-08 04:10:50,110] {logging_mixin.py:104} INFO - [2021-08-08 04:10:50,110] {dagbag.py:496} INFO - Filling up the DagBag from /home/airflow/sandbox/lib/python3.8/site-packages/airflow/example_dags/example_xcomargs.py
[2021-08-08 04:10:50,128] {scheduler_job.py:643} INFO - DAG(s) dict_keys(['example_xcom_args', 'example_xcom_args_with_operators']) retrieved from /home/airflow/sandbox/lib/python3.8/site-packages/airflow/example_dags/example_xcomargs.py
[2021-08-08 04:10:50,354] {logging_mixin.py:104} INFO - [2021-08-08 04:10:50,354] {dag.py:1833} INFO - Sync 2 DAGs
[2021-08-08 04:10:50,363] {logging_mixin.py:104} INFO - [2021-08-08 04:10:50,363] {dag.py:2306} INFO - Setting next_dagrun for example_xcom_args to None
[2021-08-08 04:10:50,364] {logging_mixin.py:104} INFO - [2021-08-08 04:10:50,364] {dag.py:2306} INFO - Setting next_dagrun for example_xcom_args_with_operators to None
[2021-08-08 04:10:50,387] {scheduler_job.py:190} INFO - Processing /home/airflow/sandbox/lib/python3.8/site-packages/airflow/example_dags/example_xcomargs.py took 0.284 seconds
[2021-08-08 04:11:33,755] {scheduler_job.py:182} INFO - Started process (PID=2665) to work on /home/airflow/sandbox/lib/python3.8/site-packages/airflow/example_dags/example_xcomargs.py
[2021-08-08 04:11:33,758] {scheduler_job.py:633} INFO - Processing file /home/airflow/sandbox/lib/python3.8/site-packages/airflow/example_dags/example_xcomargs.py for tasks to queue
[2021-08-08 04:11:33,762] {logging_mixin.py:104} INFO - [2021-08-08 04:11:33,762] {dagbag.py:496} INFO - Filling up the DagBag from /home/airflow/sandbox/lib/python3.8/site-packages/airflow/example_dags/example_xcomargs.py
[2021-08-08 04:11:33,781] {scheduler_job.py:643} INFO - DAG(s) dict_keys(['example_xcom_args', 'example_xcom_args_with_operators']) retrieved from /home/airflow/sandbox/lib/python3.8/site-packages/airflow/example_dags/example_xcomargs.py
[2021-08-08 04:11:34,054] {logging_mixin.py:104} INFO - [2021-08-08 04:11:34,054] {dag.py:1833} INFO - Sync 2 DAGs
[2021-08-08 04:11:34,067] {logging_mixin.py:104} INFO - [2021-08-08 04:11:34,067] {dag.py:2306} INFO - Setting next_dagrun for example_xcom_args to None
[2021-08-08 04:11:34,070] {logging_mixin.py:104} INFO - [2021-08-08 04:11:34,070] {dag.py:2306} INFO - Setting next_dagrun for example_xcom_args_with_operators to None
[2021-08-08 04:11:34,096] {scheduler_job.py:190} INFO - Processing /home/airflow/sandbox/lib/python3.8/site-packages/airflow/example_dags/example_xcomargs.py took 0.343 seconds
[2021-08-08 04:12:09,912] {scheduler_job.py:182} INFO - Started process (PID=2834) to work on /home/airflow/sandbox/lib/python3.8/site-packages/airflow/example_dags/example_xcomargs.py
[2021-08-08 04:12:09,916] {scheduler_job.py:633} INFO - Processing file /home/airflow/sandbox/lib/python3.8/site-packages/airflow/example_dags/example_xcomargs.py for tasks to queue
[2021-08-08 04:12:09,916] {logging_mixin.py:104} INFO - [2021-08-08 04:12:09,916] {dagbag.py:496} INFO - Filling up the DagBag from /home/airflow/sandbox/lib/python3.8/site-packages/airflow/example_dags/example_xcomargs.py
[2021-08-08 04:12:09,935] {scheduler_job.py:643} INFO - DAG(s) dict_keys(['example_xcom_args', 'example_xcom_args_with_operators']) retrieved from /home/airflow/sandbox/lib/python3.8/site-packages/airflow/example_dags/example_xcomargs.py
[2021-08-08 04:12:10,172] {logging_mixin.py:104} INFO - [2021-08-08 04:12:10,172] {dag.py:1833} INFO - Sync 2 DAGs
[2021-08-08 04:12:10,182] {logging_mixin.py:104} INFO - [2021-08-08 04:12:10,182] {dag.py:2306} INFO - Setting next_dagrun for example_xcom_args to None
[2021-08-08 04:12:10,184] {logging_mixin.py:104} INFO - [2021-08-08 04:12:10,184] {dag.py:2306} INFO - Setting next_dagrun for example_xcom_args_with_operators to None
[2021-08-08 04:12:10,215] {scheduler_job.py:190} INFO - Processing /home/airflow/sandbox/lib/python3.8/site-packages/airflow/example_dags/example_xcomargs.py took 0.306 seconds
[2021-08-08 04:12:43,824] {scheduler_job.py:182} INFO - Started process (PID=2973) to work on /home/airflow/sandbox/lib/python3.8/site-packages/airflow/example_dags/example_xcomargs.py
[2021-08-08 04:12:43,829] {scheduler_job.py:633} INFO - Processing file /home/airflow/sandbox/lib/python3.8/site-packages/airflow/example_dags/example_xcomargs.py for tasks to queue
[2021-08-08 04:12:43,830] {logging_mixin.py:104} INFO - [2021-08-08 04:12:43,830] {dagbag.py:496} INFO - Filling up the DagBag from /home/airflow/sandbox/lib/python3.8/site-packages/airflow/example_dags/example_xcomargs.py
[2021-08-08 04:12:43,875] {scheduler_job.py:643} INFO - DAG(s) dict_keys(['example_xcom_args', 'example_xcom_args_with_operators']) retrieved from /home/airflow/sandbox/lib/python3.8/site-packages/airflow/example_dags/example_xcomargs.py
[2021-08-08 04:12:44,465] {logging_mixin.py:104} INFO - [2021-08-08 04:12:44,465] {dag.py:1833} INFO - Sync 2 DAGs
[2021-08-08 04:12:44,490] {logging_mixin.py:104} INFO - [2021-08-08 04:12:44,489] {dag.py:2306} INFO - Setting next_dagrun for example_xcom_args to None
[2021-08-08 04:12:44,497] {logging_mixin.py:104} INFO - [2021-08-08 04:12:44,497] {dag.py:2306} INFO - Setting next_dagrun for example_xcom_args_with_operators to None
[2021-08-08 04:12:44,566] {scheduler_job.py:190} INFO - Processing /home/airflow/sandbox/lib/python3.8/site-packages/airflow/example_dags/example_xcomargs.py took 0.757 seconds
[2021-08-08 04:13:16,733] {scheduler_job.py:182} INFO - Started process (PID=3145) to work on /home/airflow/sandbox/lib/python3.8/site-packages/airflow/example_dags/example_xcomargs.py
[2021-08-08 04:13:16,736] {scheduler_job.py:633} INFO - Processing file /home/airflow/sandbox/lib/python3.8/site-packages/airflow/example_dags/example_xcomargs.py for tasks to queue
[2021-08-08 04:13:16,740] {logging_mixin.py:104} INFO - [2021-08-08 04:13:16,740] {dagbag.py:496} INFO - Filling up the DagBag from /home/airflow/sandbox/lib/python3.8/site-packages/airflow/example_dags/example_xcomargs.py
[2021-08-08 04:13:16,757] {scheduler_job.py:643} INFO - DAG(s) dict_keys(['example_xcom_args', 'example_xcom_args_with_operators']) retrieved from /home/airflow/sandbox/lib/python3.8/site-packages/airflow/example_dags/example_xcomargs.py
[2021-08-08 04:13:17,002] {logging_mixin.py:104} INFO - [2021-08-08 04:13:17,001] {dag.py:1833} INFO - Sync 2 DAGs
[2021-08-08 04:13:17,012] {logging_mixin.py:104} INFO - [2021-08-08 04:13:17,012] {dag.py:2306} INFO - Setting next_dagrun for example_xcom_args to None
[2021-08-08 04:13:17,015] {logging_mixin.py:104} INFO - [2021-08-08 04:13:17,015] {dag.py:2306} INFO - Setting next_dagrun for example_xcom_args_with_operators to None
[2021-08-08 04:13:17,037] {scheduler_job.py:190} INFO - Processing /home/airflow/sandbox/lib/python3.8/site-packages/airflow/example_dags/example_xcomargs.py took 0.306 seconds
[2021-08-08 04:13:49,611] {scheduler_job.py:182} INFO - Started process (PID=3267) to work on /home/airflow/sandbox/lib/python3.8/site-packages/airflow/example_dags/example_xcomargs.py
[2021-08-08 04:13:49,614] {scheduler_job.py:633} INFO - Processing file /home/airflow/sandbox/lib/python3.8/site-packages/airflow/example_dags/example_xcomargs.py for tasks to queue
[2021-08-08 04:13:49,616] {logging_mixin.py:104} INFO - [2021-08-08 04:13:49,616] {dagbag.py:496} INFO - Filling up the DagBag from /home/airflow/sandbox/lib/python3.8/site-packages/airflow/example_dags/example_xcomargs.py
[2021-08-08 04:13:49,631] {scheduler_job.py:643} INFO - DAG(s) dict_keys(['example_xcom_args', 'example_xcom_args_with_operators']) retrieved from /home/airflow/sandbox/lib/python3.8/site-packages/airflow/example_dags/example_xcomargs.py
[2021-08-08 04:13:49,821] {logging_mixin.py:104} INFO - [2021-08-08 04:13:49,821] {dag.py:1833} INFO - Sync 2 DAGs
[2021-08-08 04:13:49,830] {logging_mixin.py:104} INFO - [2021-08-08 04:13:49,830] {dag.py:2306} INFO - Setting next_dagrun for example_xcom_args to None
[2021-08-08 04:13:49,832] {logging_mixin.py:104} INFO - [2021-08-08 04:13:49,832] {dag.py:2306} INFO - Setting next_dagrun for example_xcom_args_with_operators to None
[2021-08-08 04:13:49,849] {scheduler_job.py:190} INFO - Processing /home/airflow/sandbox/lib/python3.8/site-packages/airflow/example_dags/example_xcomargs.py took 0.241 seconds
[2021-08-08 04:14:22,805] {scheduler_job.py:182} INFO - Started process (PID=3428) to work on /home/airflow/sandbox/lib/python3.8/site-packages/airflow/example_dags/example_xcomargs.py
[2021-08-08 04:14:22,808] {scheduler_job.py:633} INFO - Processing file /home/airflow/sandbox/lib/python3.8/site-packages/airflow/example_dags/example_xcomargs.py for tasks to queue
[2021-08-08 04:14:22,810] {logging_mixin.py:104} INFO - [2021-08-08 04:14:22,809] {dagbag.py:496} INFO - Filling up the DagBag from /home/airflow/sandbox/lib/python3.8/site-packages/airflow/example_dags/example_xcomargs.py
[2021-08-08 04:14:22,825] {scheduler_job.py:643} INFO - DAG(s) dict_keys(['example_xcom_args', 'example_xcom_args_with_operators']) retrieved from /home/airflow/sandbox/lib/python3.8/site-packages/airflow/example_dags/example_xcomargs.py
[2021-08-08 04:14:23,100] {logging_mixin.py:104} INFO - [2021-08-08 04:14:23,100] {dag.py:1833} INFO - Sync 2 DAGs
[2021-08-08 04:14:23,109] {logging_mixin.py:104} INFO - [2021-08-08 04:14:23,109] {dag.py:2306} INFO - Setting next_dagrun for example_xcom_args to None
[2021-08-08 04:14:23,112] {logging_mixin.py:104} INFO - [2021-08-08 04:14:23,112] {dag.py:2306} INFO - Setting next_dagrun for example_xcom_args_with_operators to None
[2021-08-08 04:14:23,138] {scheduler_job.py:190} INFO - Processing /home/airflow/sandbox/lib/python3.8/site-packages/airflow/example_dags/example_xcomargs.py took 0.335 seconds
[2021-08-08 04:14:54,290] {scheduler_job.py:182} INFO - Started process (PID=3649) to work on /home/airflow/sandbox/lib/python3.8/site-packages/airflow/example_dags/example_xcomargs.py
[2021-08-08 04:14:54,293] {scheduler_job.py:633} INFO - Processing file /home/airflow/sandbox/lib/python3.8/site-packages/airflow/example_dags/example_xcomargs.py for tasks to queue
[2021-08-08 04:14:54,295] {logging_mixin.py:104} INFO - [2021-08-08 04:14:54,295] {dagbag.py:496} INFO - Filling up the DagBag from /home/airflow/sandbox/lib/python3.8/site-packages/airflow/example_dags/example_xcomargs.py
[2021-08-08 04:14:54,310] {scheduler_job.py:643} INFO - DAG(s) dict_keys(['example_xcom_args', 'example_xcom_args_with_operators']) retrieved from /home/airflow/sandbox/lib/python3.8/site-packages/airflow/example_dags/example_xcomargs.py
[2021-08-08 04:14:54,512] {logging_mixin.py:104} INFO - [2021-08-08 04:14:54,512] {dag.py:1833} INFO - Sync 2 DAGs
[2021-08-08 04:14:54,520] {logging_mixin.py:104} INFO - [2021-08-08 04:14:54,520] {dag.py:2306} INFO - Setting next_dagrun for example_xcom_args to None
[2021-08-08 04:14:54,523] {logging_mixin.py:104} INFO - [2021-08-08 04:14:54,523] {dag.py:2306} INFO - Setting next_dagrun for example_xcom_args_with_operators to None
[2021-08-08 04:14:54,541] {scheduler_job.py:190} INFO - Processing /home/airflow/sandbox/lib/python3.8/site-packages/airflow/example_dags/example_xcomargs.py took 0.253 seconds
[2021-08-08 04:15:25,098] {scheduler_job.py:182} INFO - Started process (PID=3804) to work on /home/airflow/sandbox/lib/python3.8/site-packages/airflow/example_dags/example_xcomargs.py
[2021-08-08 04:15:25,102] {scheduler_job.py:633} INFO - Processing file /home/airflow/sandbox/lib/python3.8/site-packages/airflow/example_dags/example_xcomargs.py for tasks to queue
[2021-08-08 04:15:25,103] {logging_mixin.py:104} INFO - [2021-08-08 04:15:25,102] {dagbag.py:496} INFO - Filling up the DagBag from /home/airflow/sandbox/lib/python3.8/site-packages/airflow/example_dags/example_xcomargs.py
[2021-08-08 04:15:25,121] {scheduler_job.py:643} INFO - DAG(s) dict_keys(['example_xcom_args', 'example_xcom_args_with_operators']) retrieved from /home/airflow/sandbox/lib/python3.8/site-packages/airflow/example_dags/example_xcomargs.py
[2021-08-08 04:15:25,338] {logging_mixin.py:104} INFO - [2021-08-08 04:15:25,338] {dag.py:1833} INFO - Sync 2 DAGs
[2021-08-08 04:15:25,345] {logging_mixin.py:104} INFO - [2021-08-08 04:15:25,345] {dag.py:2306} INFO - Setting next_dagrun for example_xcom_args to None
[2021-08-08 04:15:25,349] {logging_mixin.py:104} INFO - [2021-08-08 04:15:25,349] {dag.py:2306} INFO - Setting next_dagrun for example_xcom_args_with_operators to None
[2021-08-08 04:15:25,371] {scheduler_job.py:190} INFO - Processing /home/airflow/sandbox/lib/python3.8/site-packages/airflow/example_dags/example_xcomargs.py took 0.276 seconds
[2021-08-08 04:15:57,476] {scheduler_job.py:182} INFO - Started process (PID=4023) to work on /home/airflow/sandbox/lib/python3.8/site-packages/airflow/example_dags/example_xcomargs.py
[2021-08-08 04:15:57,478] {scheduler_job.py:633} INFO - Processing file /home/airflow/sandbox/lib/python3.8/site-packages/airflow/example_dags/example_xcomargs.py for tasks to queue
[2021-08-08 04:15:57,480] {logging_mixin.py:104} INFO - [2021-08-08 04:15:57,480] {dagbag.py:496} INFO - Filling up the DagBag from /home/airflow/sandbox/lib/python3.8/site-packages/airflow/example_dags/example_xcomargs.py
[2021-08-08 04:15:57,495] {scheduler_job.py:643} INFO - DAG(s) dict_keys(['example_xcom_args', 'example_xcom_args_with_operators']) retrieved from /home/airflow/sandbox/lib/python3.8/site-packages/airflow/example_dags/example_xcomargs.py
[2021-08-08 04:15:57,704] {logging_mixin.py:104} INFO - [2021-08-08 04:15:57,704] {dag.py:1833} INFO - Sync 2 DAGs
[2021-08-08 04:15:57,711] {logging_mixin.py:104} INFO - [2021-08-08 04:15:57,711] {dag.py:2306} INFO - Setting next_dagrun for example_xcom_args to None
[2021-08-08 04:15:57,714] {logging_mixin.py:104} INFO - [2021-08-08 04:15:57,714] {dag.py:2306} INFO - Setting next_dagrun for example_xcom_args_with_operators to None
[2021-08-08 04:15:57,735] {scheduler_job.py:190} INFO - Processing /home/airflow/sandbox/lib/python3.8/site-packages/airflow/example_dags/example_xcomargs.py took 0.262 seconds
[2021-08-08 04:16:28,572] {scheduler_job.py:182} INFO - Started process (PID=4197) to work on /home/airflow/sandbox/lib/python3.8/site-packages/airflow/example_dags/example_xcomargs.py
[2021-08-08 04:16:28,575] {scheduler_job.py:633} INFO - Processing file /home/airflow/sandbox/lib/python3.8/site-packages/airflow/example_dags/example_xcomargs.py for tasks to queue
[2021-08-08 04:16:28,577] {logging_mixin.py:104} INFO - [2021-08-08 04:16:28,577] {dagbag.py:496} INFO - Filling up the DagBag from /home/airflow/sandbox/lib/python3.8/site-packages/airflow/example_dags/example_xcomargs.py
[2021-08-08 04:16:28,593] {scheduler_job.py:643} INFO - DAG(s) dict_keys(['example_xcom_args', 'example_xcom_args_with_operators']) retrieved from /home/airflow/sandbox/lib/python3.8/site-packages/airflow/example_dags/example_xcomargs.py
[2021-08-08 04:16:28,816] {logging_mixin.py:104} INFO - [2021-08-08 04:16:28,816] {dag.py:1833} INFO - Sync 2 DAGs
[2021-08-08 04:16:28,825] {logging_mixin.py:104} INFO - [2021-08-08 04:16:28,825] {dag.py:2306} INFO - Setting next_dagrun for example_xcom_args to None
[2021-08-08 04:16:28,828] {logging_mixin.py:104} INFO - [2021-08-08 04:16:28,828] {dag.py:2306} INFO - Setting next_dagrun for example_xcom_args_with_operators to None
[2021-08-08 04:16:28,851] {scheduler_job.py:190} INFO - Processing /home/airflow/sandbox/lib/python3.8/site-packages/airflow/example_dags/example_xcomargs.py took 0.281 seconds
[2021-08-08 04:16:59,628] {scheduler_job.py:182} INFO - Started process (PID=4366) to work on /home/airflow/sandbox/lib/python3.8/site-packages/airflow/example_dags/example_xcomargs.py
[2021-08-08 04:16:59,631] {scheduler_job.py:633} INFO - Processing file /home/airflow/sandbox/lib/python3.8/site-packages/airflow/example_dags/example_xcomargs.py for tasks to queue
[2021-08-08 04:16:59,633] {logging_mixin.py:104} INFO - [2021-08-08 04:16:59,633] {dagbag.py:496} INFO - Filling up the DagBag from /home/airflow/sandbox/lib/python3.8/site-packages/airflow/example_dags/example_xcomargs.py
[2021-08-08 04:16:59,652] {scheduler_job.py:643} INFO - DAG(s) dict_keys(['example_xcom_args', 'example_xcom_args_with_operators']) retrieved from /home/airflow/sandbox/lib/python3.8/site-packages/airflow/example_dags/example_xcomargs.py
[2021-08-08 04:16:59,884] {logging_mixin.py:104} INFO - [2021-08-08 04:16:59,884] {dag.py:1833} INFO - Sync 2 DAGs
[2021-08-08 04:16:59,892] {logging_mixin.py:104} INFO - [2021-08-08 04:16:59,892] {dag.py:2306} INFO - Setting next_dagrun for example_xcom_args to None
[2021-08-08 04:16:59,894] {logging_mixin.py:104} INFO - [2021-08-08 04:16:59,894] {dag.py:2306} INFO - Setting next_dagrun for example_xcom_args_with_operators to None
[2021-08-08 04:16:59,912] {scheduler_job.py:190} INFO - Processing /home/airflow/sandbox/lib/python3.8/site-packages/airflow/example_dags/example_xcomargs.py took 0.286 seconds
[2021-08-08 04:17:31,675] {scheduler_job.py:182} INFO - Started process (PID=4484) to work on /home/airflow/sandbox/lib/python3.8/site-packages/airflow/example_dags/example_xcomargs.py
[2021-08-08 04:17:31,678] {scheduler_job.py:633} INFO - Processing file /home/airflow/sandbox/lib/python3.8/site-packages/airflow/example_dags/example_xcomargs.py for tasks to queue
[2021-08-08 04:17:31,680] {logging_mixin.py:104} INFO - [2021-08-08 04:17:31,680] {dagbag.py:496} INFO - Filling up the DagBag from /home/airflow/sandbox/lib/python3.8/site-packages/airflow/example_dags/example_xcomargs.py
[2021-08-08 04:17:31,696] {scheduler_job.py:643} INFO - DAG(s) dict_keys(['example_xcom_args', 'example_xcom_args_with_operators']) retrieved from /home/airflow/sandbox/lib/python3.8/site-packages/airflow/example_dags/example_xcomargs.py
[2021-08-08 04:17:31,928] {logging_mixin.py:104} INFO - [2021-08-08 04:17:31,928] {dag.py:1833} INFO - Sync 2 DAGs
[2021-08-08 04:17:31,938] {logging_mixin.py:104} INFO - [2021-08-08 04:17:31,938] {dag.py:2306} INFO - Setting next_dagrun for example_xcom_args to None
[2021-08-08 04:17:31,941] {logging_mixin.py:104} INFO - [2021-08-08 04:17:31,941] {dag.py:2306} INFO - Setting next_dagrun for example_xcom_args_with_operators to None
[2021-08-08 04:17:31,965] {scheduler_job.py:190} INFO - Processing /home/airflow/sandbox/lib/python3.8/site-packages/airflow/example_dags/example_xcomargs.py took 0.292 seconds
[2021-08-08 04:18:03,034] {scheduler_job.py:182} INFO - Started process (PID=4599) to work on /home/airflow/sandbox/lib/python3.8/site-packages/airflow/example_dags/example_xcomargs.py
[2021-08-08 04:18:03,069] {scheduler_job.py:633} INFO - Processing file /home/airflow/sandbox/lib/python3.8/site-packages/airflow/example_dags/example_xcomargs.py for tasks to queue
[2021-08-08 04:18:03,086] {logging_mixin.py:104} INFO - [2021-08-08 04:18:03,081] {dagbag.py:496} INFO - Filling up the DagBag from /home/airflow/sandbox/lib/python3.8/site-packages/airflow/example_dags/example_xcomargs.py
[2021-08-08 04:18:03,217] {scheduler_job.py:643} INFO - DAG(s) dict_keys(['example_xcom_args', 'example_xcom_args_with_operators']) retrieved from /home/airflow/sandbox/lib/python3.8/site-packages/airflow/example_dags/example_xcomargs.py
[2021-08-08 04:18:03,957] {logging_mixin.py:104} INFO - [2021-08-08 04:18:03,957] {dag.py:1833} INFO - Sync 2 DAGs
[2021-08-08 04:18:03,976] {logging_mixin.py:104} INFO - [2021-08-08 04:18:03,976] {dag.py:2306} INFO - Setting next_dagrun for example_xcom_args to None
[2021-08-08 04:18:03,980] {logging_mixin.py:104} INFO - [2021-08-08 04:18:03,980] {dag.py:2306} INFO - Setting next_dagrun for example_xcom_args_with_operators to None
[2021-08-08 04:18:04,016] {scheduler_job.py:190} INFO - Processing /home/airflow/sandbox/lib/python3.8/site-packages/airflow/example_dags/example_xcomargs.py took 1.035 seconds
[2021-08-08 04:18:36,497] {scheduler_job.py:182} INFO - Started process (PID=4727) to work on /home/airflow/sandbox/lib/python3.8/site-packages/airflow/example_dags/example_xcomargs.py
[2021-08-08 04:18:36,500] {scheduler_job.py:633} INFO - Processing file /home/airflow/sandbox/lib/python3.8/site-packages/airflow/example_dags/example_xcomargs.py for tasks to queue
[2021-08-08 04:18:36,502] {logging_mixin.py:104} INFO - [2021-08-08 04:18:36,502] {dagbag.py:496} INFO - Filling up the DagBag from /home/airflow/sandbox/lib/python3.8/site-packages/airflow/example_dags/example_xcomargs.py
[2021-08-08 04:18:36,517] {scheduler_job.py:643} INFO - DAG(s) dict_keys(['example_xcom_args', 'example_xcom_args_with_operators']) retrieved from /home/airflow/sandbox/lib/python3.8/site-packages/airflow/example_dags/example_xcomargs.py
[2021-08-08 04:18:36,714] {logging_mixin.py:104} INFO - [2021-08-08 04:18:36,714] {dag.py:1833} INFO - Sync 2 DAGs
[2021-08-08 04:18:36,721] {logging_mixin.py:104} INFO - [2021-08-08 04:18:36,721] {dag.py:2306} INFO - Setting next_dagrun for example_xcom_args to None
[2021-08-08 04:18:36,723] {logging_mixin.py:104} INFO - [2021-08-08 04:18:36,723] {dag.py:2306} INFO - Setting next_dagrun for example_xcom_args_with_operators to None
[2021-08-08 04:18:36,741] {scheduler_job.py:190} INFO - Processing /home/airflow/sandbox/lib/python3.8/site-packages/airflow/example_dags/example_xcomargs.py took 0.247 seconds
[2021-08-08 04:19:09,193] {scheduler_job.py:182} INFO - Started process (PID=4941) to work on /home/airflow/sandbox/lib/python3.8/site-packages/airflow/example_dags/example_xcomargs.py
[2021-08-08 04:19:09,196] {scheduler_job.py:633} INFO - Processing file /home/airflow/sandbox/lib/python3.8/site-packages/airflow/example_dags/example_xcomargs.py for tasks to queue
[2021-08-08 04:19:09,197] {logging_mixin.py:104} INFO - [2021-08-08 04:19:09,197] {dagbag.py:496} INFO - Filling up the DagBag from /home/airflow/sandbox/lib/python3.8/site-packages/airflow/example_dags/example_xcomargs.py
[2021-08-08 04:19:09,211] {scheduler_job.py:643} INFO - DAG(s) dict_keys(['example_xcom_args', 'example_xcom_args_with_operators']) retrieved from /home/airflow/sandbox/lib/python3.8/site-packages/airflow/example_dags/example_xcomargs.py
[2021-08-08 04:19:09,464] {logging_mixin.py:104} INFO - [2021-08-08 04:19:09,464] {dag.py:1833} INFO - Sync 2 DAGs
[2021-08-08 04:19:09,472] {logging_mixin.py:104} INFO - [2021-08-08 04:19:09,472] {dag.py:2306} INFO - Setting next_dagrun for example_xcom_args to None
[2021-08-08 04:19:09,478] {logging_mixin.py:104} INFO - [2021-08-08 04:19:09,478] {dag.py:2306} INFO - Setting next_dagrun for example_xcom_args_with_operators to None
[2021-08-08 04:19:09,493] {scheduler_job.py:190} INFO - Processing /home/airflow/sandbox/lib/python3.8/site-packages/airflow/example_dags/example_xcomargs.py took 0.303 seconds
[2021-08-08 04:19:41,521] {scheduler_job.py:182} INFO - Started process (PID=5069) to work on /home/airflow/sandbox/lib/python3.8/site-packages/airflow/example_dags/example_xcomargs.py
[2021-08-08 04:19:41,524] {scheduler_job.py:633} INFO - Processing file /home/airflow/sandbox/lib/python3.8/site-packages/airflow/example_dags/example_xcomargs.py for tasks to queue
[2021-08-08 04:19:41,526] {logging_mixin.py:104} INFO - [2021-08-08 04:19:41,526] {dagbag.py:496} INFO - Filling up the DagBag from /home/airflow/sandbox/lib/python3.8/site-packages/airflow/example_dags/example_xcomargs.py
[2021-08-08 04:19:41,542] {scheduler_job.py:643} INFO - DAG(s) dict_keys(['example_xcom_args', 'example_xcom_args_with_operators']) retrieved from /home/airflow/sandbox/lib/python3.8/site-packages/airflow/example_dags/example_xcomargs.py
[2021-08-08 04:19:41,556] {logging_mixin.py:104} INFO - [2021-08-08 04:19:41,556] {dag.py:1833} INFO - Sync 2 DAGs
[2021-08-08 04:19:41,566] {logging_mixin.py:104} INFO - [2021-08-08 04:19:41,566] {dag.py:2306} INFO - Setting next_dagrun for example_xcom_args to None
[2021-08-08 04:19:41,569] {logging_mixin.py:104} INFO - [2021-08-08 04:19:41,569] {dag.py:2306} INFO - Setting next_dagrun for example_xcom_args_with_operators to None
[2021-08-08 04:19:41,593] {scheduler_job.py:190} INFO - Processing /home/airflow/sandbox/lib/python3.8/site-packages/airflow/example_dags/example_xcomargs.py took 0.075 seconds
[2021-08-08 04:20:12,943] {scheduler_job.py:182} INFO - Started process (PID=5189) to work on /home/airflow/sandbox/lib/python3.8/site-packages/airflow/example_dags/example_xcomargs.py
[2021-08-08 04:20:12,946] {scheduler_job.py:633} INFO - Processing file /home/airflow/sandbox/lib/python3.8/site-packages/airflow/example_dags/example_xcomargs.py for tasks to queue
[2021-08-08 04:20:12,949] {logging_mixin.py:104} INFO - [2021-08-08 04:20:12,949] {dagbag.py:496} INFO - Filling up the DagBag from /home/airflow/sandbox/lib/python3.8/site-packages/airflow/example_dags/example_xcomargs.py
[2021-08-08 04:20:12,967] {scheduler_job.py:643} INFO - DAG(s) dict_keys(['example_xcom_args', 'example_xcom_args_with_operators']) retrieved from /home/airflow/sandbox/lib/python3.8/site-packages/airflow/example_dags/example_xcomargs.py
[2021-08-08 04:20:13,185] {logging_mixin.py:104} INFO - [2021-08-08 04:20:13,185] {dag.py:1833} INFO - Sync 2 DAGs
[2021-08-08 04:20:13,193] {logging_mixin.py:104} INFO - [2021-08-08 04:20:13,193] {dag.py:2306} INFO - Setting next_dagrun for example_xcom_args to None
[2021-08-08 04:20:13,196] {logging_mixin.py:104} INFO - [2021-08-08 04:20:13,196] {dag.py:2306} INFO - Setting next_dagrun for example_xcom_args_with_operators to None
[2021-08-08 04:20:13,217] {scheduler_job.py:190} INFO - Processing /home/airflow/sandbox/lib/python3.8/site-packages/airflow/example_dags/example_xcomargs.py took 0.276 seconds
[2021-08-08 04:20:43,823] {scheduler_job.py:182} INFO - Started process (PID=5309) to work on /home/airflow/sandbox/lib/python3.8/site-packages/airflow/example_dags/example_xcomargs.py
[2021-08-08 04:20:43,826] {scheduler_job.py:633} INFO - Processing file /home/airflow/sandbox/lib/python3.8/site-packages/airflow/example_dags/example_xcomargs.py for tasks to queue
[2021-08-08 04:20:43,828] {logging_mixin.py:104} INFO - [2021-08-08 04:20:43,828] {dagbag.py:496} INFO - Filling up the DagBag from /home/airflow/sandbox/lib/python3.8/site-packages/airflow/example_dags/example_xcomargs.py
[2021-08-08 04:20:43,843] {scheduler_job.py:643} INFO - DAG(s) dict_keys(['example_xcom_args', 'example_xcom_args_with_operators']) retrieved from /home/airflow/sandbox/lib/python3.8/site-packages/airflow/example_dags/example_xcomargs.py
[2021-08-08 04:20:43,857] {logging_mixin.py:104} INFO - [2021-08-08 04:20:43,857] {dag.py:1833} INFO - Sync 2 DAGs
[2021-08-08 04:20:43,867] {logging_mixin.py:104} INFO - [2021-08-08 04:20:43,867] {dag.py:2306} INFO - Setting next_dagrun for example_xcom_args to None
[2021-08-08 04:20:43,870] {logging_mixin.py:104} INFO - [2021-08-08 04:20:43,870] {dag.py:2306} INFO - Setting next_dagrun for example_xcom_args_with_operators to None
[2021-08-08 04:20:43,886] {scheduler_job.py:190} INFO - Processing /home/airflow/sandbox/lib/python3.8/site-packages/airflow/example_dags/example_xcomargs.py took 0.065 seconds
[2021-08-08 04:21:14,923] {scheduler_job.py:182} INFO - Started process (PID=5472) to work on /home/airflow/sandbox/lib/python3.8/site-packages/airflow/example_dags/example_xcomargs.py
[2021-08-08 04:21:14,926] {scheduler_job.py:633} INFO - Processing file /home/airflow/sandbox/lib/python3.8/site-packages/airflow/example_dags/example_xcomargs.py for tasks to queue
[2021-08-08 04:21:14,930] {logging_mixin.py:104} INFO - [2021-08-08 04:21:14,930] {dagbag.py:496} INFO - Filling up the DagBag from /home/airflow/sandbox/lib/python3.8/site-packages/airflow/example_dags/example_xcomargs.py
[2021-08-08 04:21:14,946] {scheduler_job.py:643} INFO - DAG(s) dict_keys(['example_xcom_args', 'example_xcom_args_with_operators']) retrieved from /home/airflow/sandbox/lib/python3.8/site-packages/airflow/example_dags/example_xcomargs.py
[2021-08-08 04:21:15,152] {logging_mixin.py:104} INFO - [2021-08-08 04:21:15,152] {dag.py:1833} INFO - Sync 2 DAGs
[2021-08-08 04:21:15,160] {logging_mixin.py:104} INFO - [2021-08-08 04:21:15,160] {dag.py:2306} INFO - Setting next_dagrun for example_xcom_args to None
[2021-08-08 04:21:15,162] {logging_mixin.py:104} INFO - [2021-08-08 04:21:15,162] {dag.py:2306} INFO - Setting next_dagrun for example_xcom_args_with_operators to None
[2021-08-08 04:21:15,180] {scheduler_job.py:190} INFO - Processing /home/airflow/sandbox/lib/python3.8/site-packages/airflow/example_dags/example_xcomargs.py took 0.260 seconds
[2021-08-08 04:21:45,955] {scheduler_job.py:182} INFO - Started process (PID=5594) to work on /home/airflow/sandbox/lib/python3.8/site-packages/airflow/example_dags/example_xcomargs.py
[2021-08-08 04:21:45,958] {scheduler_job.py:633} INFO - Processing file /home/airflow/sandbox/lib/python3.8/site-packages/airflow/example_dags/example_xcomargs.py for tasks to queue
[2021-08-08 04:21:45,960] {logging_mixin.py:104} INFO - [2021-08-08 04:21:45,960] {dagbag.py:496} INFO - Filling up the DagBag from /home/airflow/sandbox/lib/python3.8/site-packages/airflow/example_dags/example_xcomargs.py
[2021-08-08 04:21:45,973] {scheduler_job.py:643} INFO - DAG(s) dict_keys(['example_xcom_args', 'example_xcom_args_with_operators']) retrieved from /home/airflow/sandbox/lib/python3.8/site-packages/airflow/example_dags/example_xcomargs.py
[2021-08-08 04:21:46,235] {logging_mixin.py:104} INFO - [2021-08-08 04:21:46,235] {dag.py:1833} INFO - Sync 2 DAGs
[2021-08-08 04:21:46,243] {logging_mixin.py:104} INFO - [2021-08-08 04:21:46,243] {dag.py:2306} INFO - Setting next_dagrun for example_xcom_args to None
[2021-08-08 04:21:46,246] {logging_mixin.py:104} INFO - [2021-08-08 04:21:46,246] {dag.py:2306} INFO - Setting next_dagrun for example_xcom_args_with_operators to None
[2021-08-08 04:21:46,265] {scheduler_job.py:190} INFO - Processing /home/airflow/sandbox/lib/python3.8/site-packages/airflow/example_dags/example_xcomargs.py took 0.312 seconds
[2021-08-08 04:22:19,137] {scheduler_job.py:182} INFO - Started process (PID=5722) to work on /home/airflow/sandbox/lib/python3.8/site-packages/airflow/example_dags/example_xcomargs.py
[2021-08-08 04:22:19,140] {scheduler_job.py:633} INFO - Processing file /home/airflow/sandbox/lib/python3.8/site-packages/airflow/example_dags/example_xcomargs.py for tasks to queue
[2021-08-08 04:22:19,142] {logging_mixin.py:104} INFO - [2021-08-08 04:22:19,142] {dagbag.py:496} INFO - Filling up the DagBag from /home/airflow/sandbox/lib/python3.8/site-packages/airflow/example_dags/example_xcomargs.py
[2021-08-08 04:22:19,157] {scheduler_job.py:643} INFO - DAG(s) dict_keys(['example_xcom_args', 'example_xcom_args_with_operators']) retrieved from /home/airflow/sandbox/lib/python3.8/site-packages/airflow/example_dags/example_xcomargs.py
[2021-08-08 04:22:19,420] {logging_mixin.py:104} INFO - [2021-08-08 04:22:19,420] {dag.py:1833} INFO - Sync 2 DAGs
[2021-08-08 04:22:19,428] {logging_mixin.py:104} INFO - [2021-08-08 04:22:19,428] {dag.py:2306} INFO - Setting next_dagrun for example_xcom_args to None
[2021-08-08 04:22:19,431] {logging_mixin.py:104} INFO - [2021-08-08 04:22:19,431] {dag.py:2306} INFO - Setting next_dagrun for example_xcom_args_with_operators to None
[2021-08-08 04:22:19,451] {scheduler_job.py:190} INFO - Processing /home/airflow/sandbox/lib/python3.8/site-packages/airflow/example_dags/example_xcomargs.py took 0.316 seconds
[2021-08-08 04:22:50,565] {scheduler_job.py:182} INFO - Started process (PID=5922) to work on /home/airflow/sandbox/lib/python3.8/site-packages/airflow/example_dags/example_xcomargs.py
[2021-08-08 04:22:50,568] {scheduler_job.py:633} INFO - Processing file /home/airflow/sandbox/lib/python3.8/site-packages/airflow/example_dags/example_xcomargs.py for tasks to queue
[2021-08-08 04:22:50,571] {logging_mixin.py:104} INFO - [2021-08-08 04:22:50,570] {dagbag.py:496} INFO - Filling up the DagBag from /home/airflow/sandbox/lib/python3.8/site-packages/airflow/example_dags/example_xcomargs.py
[2021-08-08 04:22:50,592] {scheduler_job.py:643} INFO - DAG(s) dict_keys(['example_xcom_args', 'example_xcom_args_with_operators']) retrieved from /home/airflow/sandbox/lib/python3.8/site-packages/airflow/example_dags/example_xcomargs.py
[2021-08-08 04:22:50,826] {logging_mixin.py:104} INFO - [2021-08-08 04:22:50,826] {dag.py:1833} INFO - Sync 2 DAGs
[2021-08-08 04:22:50,836] {logging_mixin.py:104} INFO - [2021-08-08 04:22:50,835] {dag.py:2306} INFO - Setting next_dagrun for example_xcom_args to None
[2021-08-08 04:22:50,838] {logging_mixin.py:104} INFO - [2021-08-08 04:22:50,838] {dag.py:2306} INFO - Setting next_dagrun for example_xcom_args_with_operators to None
[2021-08-08 04:22:50,862] {scheduler_job.py:190} INFO - Processing /home/airflow/sandbox/lib/python3.8/site-packages/airflow/example_dags/example_xcomargs.py took 0.302 seconds
[2021-08-08 04:23:21,923] {scheduler_job.py:182} INFO - Started process (PID=6112) to work on /home/airflow/sandbox/lib/python3.8/site-packages/airflow/example_dags/example_xcomargs.py
[2021-08-08 04:23:21,927] {scheduler_job.py:633} INFO - Processing file /home/airflow/sandbox/lib/python3.8/site-packages/airflow/example_dags/example_xcomargs.py for tasks to queue
[2021-08-08 04:23:21,932] {logging_mixin.py:104} INFO - [2021-08-08 04:23:21,932] {dagbag.py:496} INFO - Filling up the DagBag from /home/airflow/sandbox/lib/python3.8/site-packages/airflow/example_dags/example_xcomargs.py
[2021-08-08 04:23:21,948] {scheduler_job.py:643} INFO - DAG(s) dict_keys(['example_xcom_args', 'example_xcom_args_with_operators']) retrieved from /home/airflow/sandbox/lib/python3.8/site-packages/airflow/example_dags/example_xcomargs.py
[2021-08-08 04:23:22,180] {logging_mixin.py:104} INFO - [2021-08-08 04:23:22,180] {dag.py:1833} INFO - Sync 2 DAGs
[2021-08-08 04:23:22,190] {logging_mixin.py:104} INFO - [2021-08-08 04:23:22,190] {dag.py:2306} INFO - Setting next_dagrun for example_xcom_args to None
[2021-08-08 04:23:22,192] {logging_mixin.py:104} INFO - [2021-08-08 04:23:22,192] {dag.py:2306} INFO - Setting next_dagrun for example_xcom_args_with_operators to None
[2021-08-08 04:23:22,210] {scheduler_job.py:190} INFO - Processing /home/airflow/sandbox/lib/python3.8/site-packages/airflow/example_dags/example_xcomargs.py took 0.290 seconds
[2021-08-08 04:23:55,087] {scheduler_job.py:182} INFO - Started process (PID=6298) to work on /home/airflow/sandbox/lib/python3.8/site-packages/airflow/example_dags/example_xcomargs.py
[2021-08-08 04:23:55,090] {scheduler_job.py:633} INFO - Processing file /home/airflow/sandbox/lib/python3.8/site-packages/airflow/example_dags/example_xcomargs.py for tasks to queue
[2021-08-08 04:23:55,094] {logging_mixin.py:104} INFO - [2021-08-08 04:23:55,093] {dagbag.py:496} INFO - Filling up the DagBag from /home/airflow/sandbox/lib/python3.8/site-packages/airflow/example_dags/example_xcomargs.py
[2021-08-08 04:23:55,112] {scheduler_job.py:643} INFO - DAG(s) dict_keys(['example_xcom_args', 'example_xcom_args_with_operators']) retrieved from /home/airflow/sandbox/lib/python3.8/site-packages/airflow/example_dags/example_xcomargs.py
[2021-08-08 04:23:55,341] {logging_mixin.py:104} INFO - [2021-08-08 04:23:55,341] {dag.py:1833} INFO - Sync 2 DAGs
[2021-08-08 04:23:55,350] {logging_mixin.py:104} INFO - [2021-08-08 04:23:55,350] {dag.py:2306} INFO - Setting next_dagrun for example_xcom_args to None
[2021-08-08 04:23:55,353] {logging_mixin.py:104} INFO - [2021-08-08 04:23:55,353] {dag.py:2306} INFO - Setting next_dagrun for example_xcom_args_with_operators to None
[2021-08-08 04:23:55,371] {scheduler_job.py:190} INFO - Processing /home/airflow/sandbox/lib/python3.8/site-packages/airflow/example_dags/example_xcomargs.py took 0.286 seconds
[2021-08-08 04:24:28,755] {scheduler_job.py:182} INFO - Started process (PID=6433) to work on /home/airflow/sandbox/lib/python3.8/site-packages/airflow/example_dags/example_xcomargs.py
[2021-08-08 04:24:28,757] {scheduler_job.py:633} INFO - Processing file /home/airflow/sandbox/lib/python3.8/site-packages/airflow/example_dags/example_xcomargs.py for tasks to queue
[2021-08-08 04:24:28,760] {logging_mixin.py:104} INFO - [2021-08-08 04:24:28,760] {dagbag.py:496} INFO - Filling up the DagBag from /home/airflow/sandbox/lib/python3.8/site-packages/airflow/example_dags/example_xcomargs.py
[2021-08-08 04:24:28,779] {scheduler_job.py:643} INFO - DAG(s) dict_keys(['example_xcom_args', 'example_xcom_args_with_operators']) retrieved from /home/airflow/sandbox/lib/python3.8/site-packages/airflow/example_dags/example_xcomargs.py
[2021-08-08 04:24:28,996] {logging_mixin.py:104} INFO - [2021-08-08 04:24:28,996] {dag.py:1833} INFO - Sync 2 DAGs
[2021-08-08 04:24:29,005] {logging_mixin.py:104} INFO - [2021-08-08 04:24:29,005] {dag.py:2306} INFO - Setting next_dagrun for example_xcom_args to None
[2021-08-08 04:24:29,007] {logging_mixin.py:104} INFO - [2021-08-08 04:24:29,007] {dag.py:2306} INFO - Setting next_dagrun for example_xcom_args_with_operators to None
[2021-08-08 04:24:29,029] {scheduler_job.py:190} INFO - Processing /home/airflow/sandbox/lib/python3.8/site-packages/airflow/example_dags/example_xcomargs.py took 0.277 seconds
[2021-08-08 04:25:02,270] {scheduler_job.py:182} INFO - Started process (PID=6644) to work on /home/airflow/sandbox/lib/python3.8/site-packages/airflow/example_dags/example_xcomargs.py
[2021-08-08 04:25:02,272] {scheduler_job.py:633} INFO - Processing file /home/airflow/sandbox/lib/python3.8/site-packages/airflow/example_dags/example_xcomargs.py for tasks to queue
[2021-08-08 04:25:02,274] {logging_mixin.py:104} INFO - [2021-08-08 04:25:02,274] {dagbag.py:496} INFO - Filling up the DagBag from /home/airflow/sandbox/lib/python3.8/site-packages/airflow/example_dags/example_xcomargs.py
[2021-08-08 04:25:02,289] {scheduler_job.py:643} INFO - DAG(s) dict_keys(['example_xcom_args', 'example_xcom_args_with_operators']) retrieved from /home/airflow/sandbox/lib/python3.8/site-packages/airflow/example_dags/example_xcomargs.py
[2021-08-08 04:25:02,303] {logging_mixin.py:104} INFO - [2021-08-08 04:25:02,302] {dag.py:1833} INFO - Sync 2 DAGs
[2021-08-08 04:25:02,313] {logging_mixin.py:104} INFO - [2021-08-08 04:25:02,313] {dag.py:2306} INFO - Setting next_dagrun for example_xcom_args to None
[2021-08-08 04:25:02,315] {logging_mixin.py:104} INFO - [2021-08-08 04:25:02,315] {dag.py:2306} INFO - Setting next_dagrun for example_xcom_args_with_operators to None
[2021-08-08 04:25:02,335] {scheduler_job.py:190} INFO - Processing /home/airflow/sandbox/lib/python3.8/site-packages/airflow/example_dags/example_xcomargs.py took 0.068 seconds
[2021-08-08 04:25:34,416] {scheduler_job.py:182} INFO - Started process (PID=6846) to work on /home/airflow/sandbox/lib/python3.8/site-packages/airflow/example_dags/example_xcomargs.py
[2021-08-08 04:25:34,419] {scheduler_job.py:633} INFO - Processing file /home/airflow/sandbox/lib/python3.8/site-packages/airflow/example_dags/example_xcomargs.py for tasks to queue
[2021-08-08 04:25:34,421] {logging_mixin.py:104} INFO - [2021-08-08 04:25:34,421] {dagbag.py:496} INFO - Filling up the DagBag from /home/airflow/sandbox/lib/python3.8/site-packages/airflow/example_dags/example_xcomargs.py
[2021-08-08 04:25:34,436] {scheduler_job.py:643} INFO - DAG(s) dict_keys(['example_xcom_args', 'example_xcom_args_with_operators']) retrieved from /home/airflow/sandbox/lib/python3.8/site-packages/airflow/example_dags/example_xcomargs.py
[2021-08-08 04:25:34,818] {logging_mixin.py:104} INFO - [2021-08-08 04:25:34,818] {dag.py:1833} INFO - Sync 2 DAGs
[2021-08-08 04:25:34,827] {logging_mixin.py:104} INFO - [2021-08-08 04:25:34,827] {dag.py:2306} INFO - Setting next_dagrun for example_xcom_args to None
[2021-08-08 04:25:34,831] {logging_mixin.py:104} INFO - [2021-08-08 04:25:34,830] {dag.py:2306} INFO - Setting next_dagrun for example_xcom_args_with_operators to None
[2021-08-08 04:25:34,851] {scheduler_job.py:190} INFO - Processing /home/airflow/sandbox/lib/python3.8/site-packages/airflow/example_dags/example_xcomargs.py took 0.438 seconds
