[2021-08-08 04:11:14,526] {scheduler_job.py:182} INFO - Started process (PID=2587) to work on /home/airflow/sandbox/lib/python3.8/site-packages/airflow/example_dags/example_branch_day_of_week_operator.py
[2021-08-08 04:11:14,534] {scheduler_job.py:633} INFO - Processing file /home/airflow/sandbox/lib/python3.8/site-packages/airflow/example_dags/example_branch_day_of_week_operator.py for tasks to queue
[2021-08-08 04:11:14,538] {logging_mixin.py:104} INFO - [2021-08-08 04:11:14,538] {dagbag.py:496} INFO - Filling up the DagBag from /home/airflow/sandbox/lib/python3.8/site-packages/airflow/example_dags/example_branch_day_of_week_operator.py
[2021-08-08 04:11:14,555] {scheduler_job.py:643} INFO - DAG(s) dict_keys(['example_weekday_branch_operator']) retrieved from /home/airflow/sandbox/lib/python3.8/site-packages/airflow/example_dags/example_branch_day_of_week_operator.py
[2021-08-08 04:11:14,926] {logging_mixin.py:104} INFO - [2021-08-08 04:11:14,926] {dag.py:1833} INFO - Sync 1 DAGs
[2021-08-08 04:11:14,943] {logging_mixin.py:104} INFO - [2021-08-08 04:11:14,943] {dag.py:2306} INFO - Setting next_dagrun for example_weekday_branch_operator to 2021-08-06 00:00:00+00:00
[2021-08-08 04:11:14,970] {scheduler_job.py:190} INFO - Processing /home/airflow/sandbox/lib/python3.8/site-packages/airflow/example_dags/example_branch_day_of_week_operator.py took 0.447 seconds
[2021-08-08 04:11:53,330] {scheduler_job.py:182} INFO - Started process (PID=2765) to work on /home/airflow/sandbox/lib/python3.8/site-packages/airflow/example_dags/example_branch_day_of_week_operator.py
[2021-08-08 04:11:53,333] {scheduler_job.py:633} INFO - Processing file /home/airflow/sandbox/lib/python3.8/site-packages/airflow/example_dags/example_branch_day_of_week_operator.py for tasks to queue
[2021-08-08 04:11:53,333] {logging_mixin.py:104} INFO - [2021-08-08 04:11:53,333] {dagbag.py:496} INFO - Filling up the DagBag from /home/airflow/sandbox/lib/python3.8/site-packages/airflow/example_dags/example_branch_day_of_week_operator.py
[2021-08-08 04:11:53,348] {scheduler_job.py:643} INFO - DAG(s) dict_keys(['example_weekday_branch_operator']) retrieved from /home/airflow/sandbox/lib/python3.8/site-packages/airflow/example_dags/example_branch_day_of_week_operator.py
[2021-08-08 04:11:53,364] {logging_mixin.py:104} INFO - [2021-08-08 04:11:53,364] {dag.py:1833} INFO - Sync 1 DAGs
[2021-08-08 04:11:53,378] {logging_mixin.py:104} INFO - [2021-08-08 04:11:53,378] {dag.py:2306} INFO - Setting next_dagrun for example_weekday_branch_operator to 2021-08-06 00:00:00+00:00
[2021-08-08 04:11:53,397] {scheduler_job.py:190} INFO - Processing /home/airflow/sandbox/lib/python3.8/site-packages/airflow/example_dags/example_branch_day_of_week_operator.py took 0.071 seconds
[2021-08-08 04:12:27,614] {scheduler_job.py:182} INFO - Started process (PID=2933) to work on /home/airflow/sandbox/lib/python3.8/site-packages/airflow/example_dags/example_branch_day_of_week_operator.py
[2021-08-08 04:12:27,623] {scheduler_job.py:633} INFO - Processing file /home/airflow/sandbox/lib/python3.8/site-packages/airflow/example_dags/example_branch_day_of_week_operator.py for tasks to queue
[2021-08-08 04:12:27,629] {logging_mixin.py:104} INFO - [2021-08-08 04:12:27,629] {dagbag.py:496} INFO - Filling up the DagBag from /home/airflow/sandbox/lib/python3.8/site-packages/airflow/example_dags/example_branch_day_of_week_operator.py
[2021-08-08 04:12:27,689] {scheduler_job.py:643} INFO - DAG(s) dict_keys(['example_weekday_branch_operator']) retrieved from /home/airflow/sandbox/lib/python3.8/site-packages/airflow/example_dags/example_branch_day_of_week_operator.py
[2021-08-08 04:12:27,870] {logging_mixin.py:104} INFO - [2021-08-08 04:12:27,870] {dag.py:1833} INFO - Sync 1 DAGs
[2021-08-08 04:12:27,929] {logging_mixin.py:104} INFO - [2021-08-08 04:12:27,929] {dag.py:2306} INFO - Setting next_dagrun for example_weekday_branch_operator to 2021-08-06 00:00:00+00:00
[2021-08-08 04:12:27,994] {scheduler_job.py:190} INFO - Processing /home/airflow/sandbox/lib/python3.8/site-packages/airflow/example_dags/example_branch_day_of_week_operator.py took 0.384 seconds
[2021-08-08 04:13:01,240] {scheduler_job.py:182} INFO - Started process (PID=3087) to work on /home/airflow/sandbox/lib/python3.8/site-packages/airflow/example_dags/example_branch_day_of_week_operator.py
[2021-08-08 04:13:01,243] {scheduler_job.py:633} INFO - Processing file /home/airflow/sandbox/lib/python3.8/site-packages/airflow/example_dags/example_branch_day_of_week_operator.py for tasks to queue
[2021-08-08 04:13:01,246] {logging_mixin.py:104} INFO - [2021-08-08 04:13:01,246] {dagbag.py:496} INFO - Filling up the DagBag from /home/airflow/sandbox/lib/python3.8/site-packages/airflow/example_dags/example_branch_day_of_week_operator.py
[2021-08-08 04:13:01,259] {scheduler_job.py:643} INFO - DAG(s) dict_keys(['example_weekday_branch_operator']) retrieved from /home/airflow/sandbox/lib/python3.8/site-packages/airflow/example_dags/example_branch_day_of_week_operator.py
[2021-08-08 04:13:01,274] {logging_mixin.py:104} INFO - [2021-08-08 04:13:01,274] {dag.py:1833} INFO - Sync 1 DAGs
[2021-08-08 04:13:01,303] {logging_mixin.py:104} INFO - [2021-08-08 04:13:01,303] {dag.py:2306} INFO - Setting next_dagrun for example_weekday_branch_operator to 2021-08-06 00:00:00+00:00
[2021-08-08 04:13:01,321] {scheduler_job.py:190} INFO - Processing /home/airflow/sandbox/lib/python3.8/site-packages/airflow/example_dags/example_branch_day_of_week_operator.py took 0.084 seconds
[2021-08-08 04:13:34,477] {scheduler_job.py:182} INFO - Started process (PID=3210) to work on /home/airflow/sandbox/lib/python3.8/site-packages/airflow/example_dags/example_branch_day_of_week_operator.py
[2021-08-08 04:13:34,480] {scheduler_job.py:633} INFO - Processing file /home/airflow/sandbox/lib/python3.8/site-packages/airflow/example_dags/example_branch_day_of_week_operator.py for tasks to queue
[2021-08-08 04:13:34,482] {logging_mixin.py:104} INFO - [2021-08-08 04:13:34,482] {dagbag.py:496} INFO - Filling up the DagBag from /home/airflow/sandbox/lib/python3.8/site-packages/airflow/example_dags/example_branch_day_of_week_operator.py
[2021-08-08 04:13:34,494] {scheduler_job.py:643} INFO - DAG(s) dict_keys(['example_weekday_branch_operator']) retrieved from /home/airflow/sandbox/lib/python3.8/site-packages/airflow/example_dags/example_branch_day_of_week_operator.py
[2021-08-08 04:13:34,506] {logging_mixin.py:104} INFO - [2021-08-08 04:13:34,506] {dag.py:1833} INFO - Sync 1 DAGs
[2021-08-08 04:13:34,517] {logging_mixin.py:104} INFO - [2021-08-08 04:13:34,517] {dag.py:2306} INFO - Setting next_dagrun for example_weekday_branch_operator to 2021-08-06 00:00:00+00:00
[2021-08-08 04:13:34,534] {scheduler_job.py:190} INFO - Processing /home/airflow/sandbox/lib/python3.8/site-packages/airflow/example_dags/example_branch_day_of_week_operator.py took 0.060 seconds
[2021-08-08 04:14:09,597] {scheduler_job.py:182} INFO - Started process (PID=3349) to work on /home/airflow/sandbox/lib/python3.8/site-packages/airflow/example_dags/example_branch_day_of_week_operator.py
[2021-08-08 04:14:09,600] {scheduler_job.py:633} INFO - Processing file /home/airflow/sandbox/lib/python3.8/site-packages/airflow/example_dags/example_branch_day_of_week_operator.py for tasks to queue
[2021-08-08 04:14:09,602] {logging_mixin.py:104} INFO - [2021-08-08 04:14:09,602] {dagbag.py:496} INFO - Filling up the DagBag from /home/airflow/sandbox/lib/python3.8/site-packages/airflow/example_dags/example_branch_day_of_week_operator.py
[2021-08-08 04:14:09,617] {scheduler_job.py:643} INFO - DAG(s) dict_keys(['example_weekday_branch_operator']) retrieved from /home/airflow/sandbox/lib/python3.8/site-packages/airflow/example_dags/example_branch_day_of_week_operator.py
[2021-08-08 04:14:09,633] {logging_mixin.py:104} INFO - [2021-08-08 04:14:09,633] {dag.py:1833} INFO - Sync 1 DAGs
[2021-08-08 04:14:09,646] {logging_mixin.py:104} INFO - [2021-08-08 04:14:09,646] {dag.py:2306} INFO - Setting next_dagrun for example_weekday_branch_operator to 2021-08-06 00:00:00+00:00
[2021-08-08 04:14:09,667] {scheduler_job.py:190} INFO - Processing /home/airflow/sandbox/lib/python3.8/site-packages/airflow/example_dags/example_branch_day_of_week_operator.py took 0.072 seconds
[2021-08-08 04:14:46,271] {scheduler_job.py:182} INFO - Started process (PID=3599) to work on /home/airflow/sandbox/lib/python3.8/site-packages/airflow/example_dags/example_branch_day_of_week_operator.py
[2021-08-08 04:14:46,274] {scheduler_job.py:633} INFO - Processing file /home/airflow/sandbox/lib/python3.8/site-packages/airflow/example_dags/example_branch_day_of_week_operator.py for tasks to queue
[2021-08-08 04:14:46,276] {logging_mixin.py:104} INFO - [2021-08-08 04:14:46,276] {dagbag.py:496} INFO - Filling up the DagBag from /home/airflow/sandbox/lib/python3.8/site-packages/airflow/example_dags/example_branch_day_of_week_operator.py
[2021-08-08 04:14:46,286] {scheduler_job.py:643} INFO - DAG(s) dict_keys(['example_weekday_branch_operator']) retrieved from /home/airflow/sandbox/lib/python3.8/site-packages/airflow/example_dags/example_branch_day_of_week_operator.py
[2021-08-08 04:14:46,298] {logging_mixin.py:104} INFO - [2021-08-08 04:14:46,298] {dag.py:1833} INFO - Sync 1 DAGs
[2021-08-08 04:14:46,310] {logging_mixin.py:104} INFO - [2021-08-08 04:14:46,310] {dag.py:2306} INFO - Setting next_dagrun for example_weekday_branch_operator to 2021-08-06 00:00:00+00:00
[2021-08-08 04:14:46,330] {scheduler_job.py:190} INFO - Processing /home/airflow/sandbox/lib/python3.8/site-packages/airflow/example_dags/example_branch_day_of_week_operator.py took 0.062 seconds
[2021-08-08 04:15:21,707] {scheduler_job.py:182} INFO - Started process (PID=3795) to work on /home/airflow/sandbox/lib/python3.8/site-packages/airflow/example_dags/example_branch_day_of_week_operator.py
[2021-08-08 04:15:21,710] {scheduler_job.py:633} INFO - Processing file /home/airflow/sandbox/lib/python3.8/site-packages/airflow/example_dags/example_branch_day_of_week_operator.py for tasks to queue
[2021-08-08 04:15:21,713] {logging_mixin.py:104} INFO - [2021-08-08 04:15:21,713] {dagbag.py:496} INFO - Filling up the DagBag from /home/airflow/sandbox/lib/python3.8/site-packages/airflow/example_dags/example_branch_day_of_week_operator.py
[2021-08-08 04:15:21,725] {scheduler_job.py:643} INFO - DAG(s) dict_keys(['example_weekday_branch_operator']) retrieved from /home/airflow/sandbox/lib/python3.8/site-packages/airflow/example_dags/example_branch_day_of_week_operator.py
[2021-08-08 04:15:21,738] {logging_mixin.py:104} INFO - [2021-08-08 04:15:21,738] {dag.py:1833} INFO - Sync 1 DAGs
[2021-08-08 04:15:21,751] {logging_mixin.py:104} INFO - [2021-08-08 04:15:21,751] {dag.py:2306} INFO - Setting next_dagrun for example_weekday_branch_operator to 2021-08-06 00:00:00+00:00
[2021-08-08 04:15:21,769] {scheduler_job.py:190} INFO - Processing /home/airflow/sandbox/lib/python3.8/site-packages/airflow/example_dags/example_branch_day_of_week_operator.py took 0.064 seconds
[2021-08-08 04:15:54,584] {scheduler_job.py:182} INFO - Started process (PID=4003) to work on /home/airflow/sandbox/lib/python3.8/site-packages/airflow/example_dags/example_branch_day_of_week_operator.py
[2021-08-08 04:15:54,586] {scheduler_job.py:633} INFO - Processing file /home/airflow/sandbox/lib/python3.8/site-packages/airflow/example_dags/example_branch_day_of_week_operator.py for tasks to queue
[2021-08-08 04:15:54,589] {logging_mixin.py:104} INFO - [2021-08-08 04:15:54,588] {dagbag.py:496} INFO - Filling up the DagBag from /home/airflow/sandbox/lib/python3.8/site-packages/airflow/example_dags/example_branch_day_of_week_operator.py
[2021-08-08 04:15:54,601] {scheduler_job.py:643} INFO - DAG(s) dict_keys(['example_weekday_branch_operator']) retrieved from /home/airflow/sandbox/lib/python3.8/site-packages/airflow/example_dags/example_branch_day_of_week_operator.py
[2021-08-08 04:15:54,614] {logging_mixin.py:104} INFO - [2021-08-08 04:15:54,614] {dag.py:1833} INFO - Sync 1 DAGs
[2021-08-08 04:15:54,631] {logging_mixin.py:104} INFO - [2021-08-08 04:15:54,631] {dag.py:2306} INFO - Setting next_dagrun for example_weekday_branch_operator to 2021-08-06 00:00:00+00:00
[2021-08-08 04:15:54,651] {scheduler_job.py:190} INFO - Processing /home/airflow/sandbox/lib/python3.8/site-packages/airflow/example_dags/example_branch_day_of_week_operator.py took 0.070 seconds
[2021-08-08 04:16:27,406] {scheduler_job.py:182} INFO - Started process (PID=4190) to work on /home/airflow/sandbox/lib/python3.8/site-packages/airflow/example_dags/example_branch_day_of_week_operator.py
[2021-08-08 04:16:27,409] {scheduler_job.py:633} INFO - Processing file /home/airflow/sandbox/lib/python3.8/site-packages/airflow/example_dags/example_branch_day_of_week_operator.py for tasks to queue
[2021-08-08 04:16:27,411] {logging_mixin.py:104} INFO - [2021-08-08 04:16:27,411] {dagbag.py:496} INFO - Filling up the DagBag from /home/airflow/sandbox/lib/python3.8/site-packages/airflow/example_dags/example_branch_day_of_week_operator.py
[2021-08-08 04:16:27,423] {scheduler_job.py:643} INFO - DAG(s) dict_keys(['example_weekday_branch_operator']) retrieved from /home/airflow/sandbox/lib/python3.8/site-packages/airflow/example_dags/example_branch_day_of_week_operator.py
[2021-08-08 04:16:27,434] {logging_mixin.py:104} INFO - [2021-08-08 04:16:27,434] {dag.py:1833} INFO - Sync 1 DAGs
[2021-08-08 04:16:27,457] {logging_mixin.py:104} INFO - [2021-08-08 04:16:27,457] {dag.py:2306} INFO - Setting next_dagrun for example_weekday_branch_operator to 2021-08-06 00:00:00+00:00
[2021-08-08 04:16:27,491] {scheduler_job.py:190} INFO - Processing /home/airflow/sandbox/lib/python3.8/site-packages/airflow/example_dags/example_branch_day_of_week_operator.py took 0.088 seconds
[2021-08-08 04:17:02,201] {scheduler_job.py:182} INFO - Started process (PID=4377) to work on /home/airflow/sandbox/lib/python3.8/site-packages/airflow/example_dags/example_branch_day_of_week_operator.py
[2021-08-08 04:17:02,204] {scheduler_job.py:633} INFO - Processing file /home/airflow/sandbox/lib/python3.8/site-packages/airflow/example_dags/example_branch_day_of_week_operator.py for tasks to queue
[2021-08-08 04:17:02,206] {logging_mixin.py:104} INFO - [2021-08-08 04:17:02,206] {dagbag.py:496} INFO - Filling up the DagBag from /home/airflow/sandbox/lib/python3.8/site-packages/airflow/example_dags/example_branch_day_of_week_operator.py
[2021-08-08 04:17:02,219] {scheduler_job.py:643} INFO - DAG(s) dict_keys(['example_weekday_branch_operator']) retrieved from /home/airflow/sandbox/lib/python3.8/site-packages/airflow/example_dags/example_branch_day_of_week_operator.py
[2021-08-08 04:17:02,234] {logging_mixin.py:104} INFO - [2021-08-08 04:17:02,234] {dag.py:1833} INFO - Sync 1 DAGs
[2021-08-08 04:17:02,248] {logging_mixin.py:104} INFO - [2021-08-08 04:17:02,248] {dag.py:2306} INFO - Setting next_dagrun for example_weekday_branch_operator to 2021-08-06 00:00:00+00:00
[2021-08-08 04:17:02,269] {scheduler_job.py:190} INFO - Processing /home/airflow/sandbox/lib/python3.8/site-packages/airflow/example_dags/example_branch_day_of_week_operator.py took 0.070 seconds
[2021-08-08 04:17:35,709] {scheduler_job.py:182} INFO - Started process (PID=4500) to work on /home/airflow/sandbox/lib/python3.8/site-packages/airflow/example_dags/example_branch_day_of_week_operator.py
[2021-08-08 04:17:35,712] {scheduler_job.py:633} INFO - Processing file /home/airflow/sandbox/lib/python3.8/site-packages/airflow/example_dags/example_branch_day_of_week_operator.py for tasks to queue
[2021-08-08 04:17:35,714] {logging_mixin.py:104} INFO - [2021-08-08 04:17:35,713] {dagbag.py:496} INFO - Filling up the DagBag from /home/airflow/sandbox/lib/python3.8/site-packages/airflow/example_dags/example_branch_day_of_week_operator.py
[2021-08-08 04:17:35,727] {scheduler_job.py:643} INFO - DAG(s) dict_keys(['example_weekday_branch_operator']) retrieved from /home/airflow/sandbox/lib/python3.8/site-packages/airflow/example_dags/example_branch_day_of_week_operator.py
[2021-08-08 04:17:35,739] {logging_mixin.py:104} INFO - [2021-08-08 04:17:35,739] {dag.py:1833} INFO - Sync 1 DAGs
[2021-08-08 04:17:35,752] {logging_mixin.py:104} INFO - [2021-08-08 04:17:35,752] {dag.py:2306} INFO - Setting next_dagrun for example_weekday_branch_operator to 2021-08-06 00:00:00+00:00
[2021-08-08 04:17:35,774] {scheduler_job.py:190} INFO - Processing /home/airflow/sandbox/lib/python3.8/site-packages/airflow/example_dags/example_branch_day_of_week_operator.py took 0.067 seconds
[2021-08-08 04:18:08,421] {scheduler_job.py:182} INFO - Started process (PID=4622) to work on /home/airflow/sandbox/lib/python3.8/site-packages/airflow/example_dags/example_branch_day_of_week_operator.py
[2021-08-08 04:18:08,424] {scheduler_job.py:633} INFO - Processing file /home/airflow/sandbox/lib/python3.8/site-packages/airflow/example_dags/example_branch_day_of_week_operator.py for tasks to queue
[2021-08-08 04:18:08,426] {logging_mixin.py:104} INFO - [2021-08-08 04:18:08,426] {dagbag.py:496} INFO - Filling up the DagBag from /home/airflow/sandbox/lib/python3.8/site-packages/airflow/example_dags/example_branch_day_of_week_operator.py
[2021-08-08 04:18:08,436] {scheduler_job.py:643} INFO - DAG(s) dict_keys(['example_weekday_branch_operator']) retrieved from /home/airflow/sandbox/lib/python3.8/site-packages/airflow/example_dags/example_branch_day_of_week_operator.py
[2021-08-08 04:18:08,448] {logging_mixin.py:104} INFO - [2021-08-08 04:18:08,448] {dag.py:1833} INFO - Sync 1 DAGs
[2021-08-08 04:18:08,458] {logging_mixin.py:104} INFO - [2021-08-08 04:18:08,458] {dag.py:2306} INFO - Setting next_dagrun for example_weekday_branch_operator to 2021-08-06 00:00:00+00:00
[2021-08-08 04:18:08,473] {scheduler_job.py:190} INFO - Processing /home/airflow/sandbox/lib/python3.8/site-packages/airflow/example_dags/example_branch_day_of_week_operator.py took 0.055 seconds
[2021-08-08 04:18:41,401] {scheduler_job.py:182} INFO - Started process (PID=4812) to work on /home/airflow/sandbox/lib/python3.8/site-packages/airflow/example_dags/example_branch_day_of_week_operator.py
[2021-08-08 04:18:41,404] {scheduler_job.py:633} INFO - Processing file /home/airflow/sandbox/lib/python3.8/site-packages/airflow/example_dags/example_branch_day_of_week_operator.py for tasks to queue
[2021-08-08 04:18:41,407] {logging_mixin.py:104} INFO - [2021-08-08 04:18:41,407] {dagbag.py:496} INFO - Filling up the DagBag from /home/airflow/sandbox/lib/python3.8/site-packages/airflow/example_dags/example_branch_day_of_week_operator.py
[2021-08-08 04:18:41,425] {scheduler_job.py:643} INFO - DAG(s) dict_keys(['example_weekday_branch_operator']) retrieved from /home/airflow/sandbox/lib/python3.8/site-packages/airflow/example_dags/example_branch_day_of_week_operator.py
[2021-08-08 04:18:41,466] {logging_mixin.py:104} INFO - [2021-08-08 04:18:41,466] {dag.py:1833} INFO - Sync 1 DAGs
[2021-08-08 04:18:41,494] {logging_mixin.py:104} INFO - [2021-08-08 04:18:41,493] {dag.py:2306} INFO - Setting next_dagrun for example_weekday_branch_operator to 2021-08-06 00:00:00+00:00
[2021-08-08 04:18:41,529] {scheduler_job.py:190} INFO - Processing /home/airflow/sandbox/lib/python3.8/site-packages/airflow/example_dags/example_branch_day_of_week_operator.py took 0.130 seconds
[2021-08-08 04:19:14,334] {scheduler_job.py:182} INFO - Started process (PID=4965) to work on /home/airflow/sandbox/lib/python3.8/site-packages/airflow/example_dags/example_branch_day_of_week_operator.py
[2021-08-08 04:19:14,336] {scheduler_job.py:633} INFO - Processing file /home/airflow/sandbox/lib/python3.8/site-packages/airflow/example_dags/example_branch_day_of_week_operator.py for tasks to queue
[2021-08-08 04:19:14,339] {logging_mixin.py:104} INFO - [2021-08-08 04:19:14,339] {dagbag.py:496} INFO - Filling up the DagBag from /home/airflow/sandbox/lib/python3.8/site-packages/airflow/example_dags/example_branch_day_of_week_operator.py
[2021-08-08 04:19:14,351] {scheduler_job.py:643} INFO - DAG(s) dict_keys(['example_weekday_branch_operator']) retrieved from /home/airflow/sandbox/lib/python3.8/site-packages/airflow/example_dags/example_branch_day_of_week_operator.py
[2021-08-08 04:19:14,363] {logging_mixin.py:104} INFO - [2021-08-08 04:19:14,363] {dag.py:1833} INFO - Sync 1 DAGs
[2021-08-08 04:19:14,377] {logging_mixin.py:104} INFO - [2021-08-08 04:19:14,377] {dag.py:2306} INFO - Setting next_dagrun for example_weekday_branch_operator to 2021-08-06 00:00:00+00:00
[2021-08-08 04:19:14,394] {scheduler_job.py:190} INFO - Processing /home/airflow/sandbox/lib/python3.8/site-packages/airflow/example_dags/example_branch_day_of_week_operator.py took 0.064 seconds
[2021-08-08 04:19:48,949] {scheduler_job.py:182} INFO - Started process (PID=5100) to work on /home/airflow/sandbox/lib/python3.8/site-packages/airflow/example_dags/example_branch_day_of_week_operator.py
[2021-08-08 04:19:48,952] {scheduler_job.py:633} INFO - Processing file /home/airflow/sandbox/lib/python3.8/site-packages/airflow/example_dags/example_branch_day_of_week_operator.py for tasks to queue
[2021-08-08 04:19:48,954] {logging_mixin.py:104} INFO - [2021-08-08 04:19:48,954] {dagbag.py:496} INFO - Filling up the DagBag from /home/airflow/sandbox/lib/python3.8/site-packages/airflow/example_dags/example_branch_day_of_week_operator.py
[2021-08-08 04:19:48,967] {scheduler_job.py:643} INFO - DAG(s) dict_keys(['example_weekday_branch_operator']) retrieved from /home/airflow/sandbox/lib/python3.8/site-packages/airflow/example_dags/example_branch_day_of_week_operator.py
[2021-08-08 04:19:48,983] {logging_mixin.py:104} INFO - [2021-08-08 04:19:48,983] {dag.py:1833} INFO - Sync 1 DAGs
[2021-08-08 04:19:48,996] {logging_mixin.py:104} INFO - [2021-08-08 04:19:48,996] {dag.py:2306} INFO - Setting next_dagrun for example_weekday_branch_operator to 2021-08-06 00:00:00+00:00
[2021-08-08 04:19:49,017] {scheduler_job.py:190} INFO - Processing /home/airflow/sandbox/lib/python3.8/site-packages/airflow/example_dags/example_branch_day_of_week_operator.py took 0.070 seconds
[2021-08-08 04:20:22,117] {scheduler_job.py:182} INFO - Started process (PID=5228) to work on /home/airflow/sandbox/lib/python3.8/site-packages/airflow/example_dags/example_branch_day_of_week_operator.py
[2021-08-08 04:20:22,119] {scheduler_job.py:633} INFO - Processing file /home/airflow/sandbox/lib/python3.8/site-packages/airflow/example_dags/example_branch_day_of_week_operator.py for tasks to queue
[2021-08-08 04:20:22,121] {logging_mixin.py:104} INFO - [2021-08-08 04:20:22,121] {dagbag.py:496} INFO - Filling up the DagBag from /home/airflow/sandbox/lib/python3.8/site-packages/airflow/example_dags/example_branch_day_of_week_operator.py
[2021-08-08 04:20:22,132] {scheduler_job.py:643} INFO - DAG(s) dict_keys(['example_weekday_branch_operator']) retrieved from /home/airflow/sandbox/lib/python3.8/site-packages/airflow/example_dags/example_branch_day_of_week_operator.py
[2021-08-08 04:20:22,144] {logging_mixin.py:104} INFO - [2021-08-08 04:20:22,144] {dag.py:1833} INFO - Sync 1 DAGs
[2021-08-08 04:20:22,155] {logging_mixin.py:104} INFO - [2021-08-08 04:20:22,155] {dag.py:2306} INFO - Setting next_dagrun for example_weekday_branch_operator to 2021-08-06 00:00:00+00:00
[2021-08-08 04:20:22,173] {scheduler_job.py:190} INFO - Processing /home/airflow/sandbox/lib/python3.8/site-packages/airflow/example_dags/example_branch_day_of_week_operator.py took 0.059 seconds
[2021-08-08 04:20:54,334] {scheduler_job.py:182} INFO - Started process (PID=5383) to work on /home/airflow/sandbox/lib/python3.8/site-packages/airflow/example_dags/example_branch_day_of_week_operator.py
[2021-08-08 04:20:54,336] {scheduler_job.py:633} INFO - Processing file /home/airflow/sandbox/lib/python3.8/site-packages/airflow/example_dags/example_branch_day_of_week_operator.py for tasks to queue
[2021-08-08 04:20:54,338] {logging_mixin.py:104} INFO - [2021-08-08 04:20:54,338] {dagbag.py:496} INFO - Filling up the DagBag from /home/airflow/sandbox/lib/python3.8/site-packages/airflow/example_dags/example_branch_day_of_week_operator.py
[2021-08-08 04:20:54,349] {scheduler_job.py:643} INFO - DAG(s) dict_keys(['example_weekday_branch_operator']) retrieved from /home/airflow/sandbox/lib/python3.8/site-packages/airflow/example_dags/example_branch_day_of_week_operator.py
[2021-08-08 04:20:54,362] {logging_mixin.py:104} INFO - [2021-08-08 04:20:54,362] {dag.py:1833} INFO - Sync 1 DAGs
[2021-08-08 04:20:54,373] {logging_mixin.py:104} INFO - [2021-08-08 04:20:54,373] {dag.py:2306} INFO - Setting next_dagrun for example_weekday_branch_operator to 2021-08-06 00:00:00+00:00
[2021-08-08 04:20:54,389] {scheduler_job.py:190} INFO - Processing /home/airflow/sandbox/lib/python3.8/site-packages/airflow/example_dags/example_branch_day_of_week_operator.py took 0.058 seconds
[2021-08-08 04:21:26,881] {scheduler_job.py:182} INFO - Started process (PID=5520) to work on /home/airflow/sandbox/lib/python3.8/site-packages/airflow/example_dags/example_branch_day_of_week_operator.py
[2021-08-08 04:21:26,883] {scheduler_job.py:633} INFO - Processing file /home/airflow/sandbox/lib/python3.8/site-packages/airflow/example_dags/example_branch_day_of_week_operator.py for tasks to queue
[2021-08-08 04:21:26,885] {logging_mixin.py:104} INFO - [2021-08-08 04:21:26,885] {dagbag.py:496} INFO - Filling up the DagBag from /home/airflow/sandbox/lib/python3.8/site-packages/airflow/example_dags/example_branch_day_of_week_operator.py
[2021-08-08 04:21:26,896] {scheduler_job.py:643} INFO - DAG(s) dict_keys(['example_weekday_branch_operator']) retrieved from /home/airflow/sandbox/lib/python3.8/site-packages/airflow/example_dags/example_branch_day_of_week_operator.py
[2021-08-08 04:21:26,907] {logging_mixin.py:104} INFO - [2021-08-08 04:21:26,907] {dag.py:1833} INFO - Sync 1 DAGs
[2021-08-08 04:21:26,917] {logging_mixin.py:104} INFO - [2021-08-08 04:21:26,917] {dag.py:2306} INFO - Setting next_dagrun for example_weekday_branch_operator to 2021-08-06 00:00:00+00:00
[2021-08-08 04:21:26,938] {scheduler_job.py:190} INFO - Processing /home/airflow/sandbox/lib/python3.8/site-packages/airflow/example_dags/example_branch_day_of_week_operator.py took 0.060 seconds
[2021-08-08 04:22:00,174] {scheduler_job.py:182} INFO - Started process (PID=5649) to work on /home/airflow/sandbox/lib/python3.8/site-packages/airflow/example_dags/example_branch_day_of_week_operator.py
[2021-08-08 04:22:00,177] {scheduler_job.py:633} INFO - Processing file /home/airflow/sandbox/lib/python3.8/site-packages/airflow/example_dags/example_branch_day_of_week_operator.py for tasks to queue
[2021-08-08 04:22:00,178] {logging_mixin.py:104} INFO - [2021-08-08 04:22:00,178] {dagbag.py:496} INFO - Filling up the DagBag from /home/airflow/sandbox/lib/python3.8/site-packages/airflow/example_dags/example_branch_day_of_week_operator.py
[2021-08-08 04:22:00,189] {scheduler_job.py:643} INFO - DAG(s) dict_keys(['example_weekday_branch_operator']) retrieved from /home/airflow/sandbox/lib/python3.8/site-packages/airflow/example_dags/example_branch_day_of_week_operator.py
[2021-08-08 04:22:00,201] {logging_mixin.py:104} INFO - [2021-08-08 04:22:00,201] {dag.py:1833} INFO - Sync 1 DAGs
[2021-08-08 04:22:00,213] {logging_mixin.py:104} INFO - [2021-08-08 04:22:00,213] {dag.py:2306} INFO - Setting next_dagrun for example_weekday_branch_operator to 2021-08-06 00:00:00+00:00
[2021-08-08 04:22:00,230] {scheduler_job.py:190} INFO - Processing /home/airflow/sandbox/lib/python3.8/site-packages/airflow/example_dags/example_branch_day_of_week_operator.py took 0.059 seconds
[2021-08-08 04:22:35,117] {scheduler_job.py:182} INFO - Started process (PID=5800) to work on /home/airflow/sandbox/lib/python3.8/site-packages/airflow/example_dags/example_branch_day_of_week_operator.py
[2021-08-08 04:22:35,120] {scheduler_job.py:633} INFO - Processing file /home/airflow/sandbox/lib/python3.8/site-packages/airflow/example_dags/example_branch_day_of_week_operator.py for tasks to queue
[2021-08-08 04:22:35,122] {logging_mixin.py:104} INFO - [2021-08-08 04:22:35,122] {dagbag.py:496} INFO - Filling up the DagBag from /home/airflow/sandbox/lib/python3.8/site-packages/airflow/example_dags/example_branch_day_of_week_operator.py
[2021-08-08 04:22:35,136] {scheduler_job.py:643} INFO - DAG(s) dict_keys(['example_weekday_branch_operator']) retrieved from /home/airflow/sandbox/lib/python3.8/site-packages/airflow/example_dags/example_branch_day_of_week_operator.py
[2021-08-08 04:22:35,148] {logging_mixin.py:104} INFO - [2021-08-08 04:22:35,148] {dag.py:1833} INFO - Sync 1 DAGs
[2021-08-08 04:22:35,161] {logging_mixin.py:104} INFO - [2021-08-08 04:22:35,161] {dag.py:2306} INFO - Setting next_dagrun for example_weekday_branch_operator to 2021-08-06 00:00:00+00:00
[2021-08-08 04:22:35,184] {scheduler_job.py:190} INFO - Processing /home/airflow/sandbox/lib/python3.8/site-packages/airflow/example_dags/example_branch_day_of_week_operator.py took 0.069 seconds
[2021-08-08 04:23:08,942] {scheduler_job.py:182} INFO - Started process (PID=5993) to work on /home/airflow/sandbox/lib/python3.8/site-packages/airflow/example_dags/example_branch_day_of_week_operator.py
[2021-08-08 04:23:08,946] {scheduler_job.py:633} INFO - Processing file /home/airflow/sandbox/lib/python3.8/site-packages/airflow/example_dags/example_branch_day_of_week_operator.py for tasks to queue
[2021-08-08 04:23:08,948] {logging_mixin.py:104} INFO - [2021-08-08 04:23:08,948] {dagbag.py:496} INFO - Filling up the DagBag from /home/airflow/sandbox/lib/python3.8/site-packages/airflow/example_dags/example_branch_day_of_week_operator.py
[2021-08-08 04:23:08,960] {scheduler_job.py:643} INFO - DAG(s) dict_keys(['example_weekday_branch_operator']) retrieved from /home/airflow/sandbox/lib/python3.8/site-packages/airflow/example_dags/example_branch_day_of_week_operator.py
[2021-08-08 04:23:08,974] {logging_mixin.py:104} INFO - [2021-08-08 04:23:08,973] {dag.py:1833} INFO - Sync 1 DAGs
[2021-08-08 04:23:08,985] {logging_mixin.py:104} INFO - [2021-08-08 04:23:08,985] {dag.py:2306} INFO - Setting next_dagrun for example_weekday_branch_operator to 2021-08-06 00:00:00+00:00
[2021-08-08 04:23:09,007] {scheduler_job.py:190} INFO - Processing /home/airflow/sandbox/lib/python3.8/site-packages/airflow/example_dags/example_branch_day_of_week_operator.py took 0.068 seconds
[2021-08-08 04:23:43,553] {scheduler_job.py:182} INFO - Started process (PID=6229) to work on /home/airflow/sandbox/lib/python3.8/site-packages/airflow/example_dags/example_branch_day_of_week_operator.py
[2021-08-08 04:23:43,556] {scheduler_job.py:633} INFO - Processing file /home/airflow/sandbox/lib/python3.8/site-packages/airflow/example_dags/example_branch_day_of_week_operator.py for tasks to queue
[2021-08-08 04:23:43,559] {logging_mixin.py:104} INFO - [2021-08-08 04:23:43,559] {dagbag.py:496} INFO - Filling up the DagBag from /home/airflow/sandbox/lib/python3.8/site-packages/airflow/example_dags/example_branch_day_of_week_operator.py
[2021-08-08 04:23:43,588] {scheduler_job.py:643} INFO - DAG(s) dict_keys(['example_weekday_branch_operator']) retrieved from /home/airflow/sandbox/lib/python3.8/site-packages/airflow/example_dags/example_branch_day_of_week_operator.py
[2021-08-08 04:23:43,610] {logging_mixin.py:104} INFO - [2021-08-08 04:23:43,610] {dag.py:1833} INFO - Sync 1 DAGs
[2021-08-08 04:23:43,638] {logging_mixin.py:104} INFO - [2021-08-08 04:23:43,638] {dag.py:2306} INFO - Setting next_dagrun for example_weekday_branch_operator to 2021-08-06 00:00:00+00:00
[2021-08-08 04:23:43,663] {scheduler_job.py:190} INFO - Processing /home/airflow/sandbox/lib/python3.8/site-packages/airflow/example_dags/example_branch_day_of_week_operator.py took 0.114 seconds
[2021-08-08 04:24:18,151] {scheduler_job.py:182} INFO - Started process (PID=6385) to work on /home/airflow/sandbox/lib/python3.8/site-packages/airflow/example_dags/example_branch_day_of_week_operator.py
[2021-08-08 04:24:18,154] {scheduler_job.py:633} INFO - Processing file /home/airflow/sandbox/lib/python3.8/site-packages/airflow/example_dags/example_branch_day_of_week_operator.py for tasks to queue
[2021-08-08 04:24:18,156] {logging_mixin.py:104} INFO - [2021-08-08 04:24:18,156] {dagbag.py:496} INFO - Filling up the DagBag from /home/airflow/sandbox/lib/python3.8/site-packages/airflow/example_dags/example_branch_day_of_week_operator.py
[2021-08-08 04:24:18,168] {scheduler_job.py:643} INFO - DAG(s) dict_keys(['example_weekday_branch_operator']) retrieved from /home/airflow/sandbox/lib/python3.8/site-packages/airflow/example_dags/example_branch_day_of_week_operator.py
[2021-08-08 04:24:18,181] {logging_mixin.py:104} INFO - [2021-08-08 04:24:18,181] {dag.py:1833} INFO - Sync 1 DAGs
[2021-08-08 04:24:18,192] {logging_mixin.py:104} INFO - [2021-08-08 04:24:18,192] {dag.py:2306} INFO - Setting next_dagrun for example_weekday_branch_operator to 2021-08-06 00:00:00+00:00
[2021-08-08 04:24:18,211] {scheduler_job.py:190} INFO - Processing /home/airflow/sandbox/lib/python3.8/site-packages/airflow/example_dags/example_branch_day_of_week_operator.py took 0.064 seconds
[2021-08-08 04:24:50,811] {scheduler_job.py:182} INFO - Started process (PID=6567) to work on /home/airflow/sandbox/lib/python3.8/site-packages/airflow/example_dags/example_branch_day_of_week_operator.py
[2021-08-08 04:24:50,813] {scheduler_job.py:633} INFO - Processing file /home/airflow/sandbox/lib/python3.8/site-packages/airflow/example_dags/example_branch_day_of_week_operator.py for tasks to queue
[2021-08-08 04:24:50,815] {logging_mixin.py:104} INFO - [2021-08-08 04:24:50,815] {dagbag.py:496} INFO - Filling up the DagBag from /home/airflow/sandbox/lib/python3.8/site-packages/airflow/example_dags/example_branch_day_of_week_operator.py
[2021-08-08 04:24:50,827] {scheduler_job.py:643} INFO - DAG(s) dict_keys(['example_weekday_branch_operator']) retrieved from /home/airflow/sandbox/lib/python3.8/site-packages/airflow/example_dags/example_branch_day_of_week_operator.py
[2021-08-08 04:24:50,837] {logging_mixin.py:104} INFO - [2021-08-08 04:24:50,837] {dag.py:1833} INFO - Sync 1 DAGs
[2021-08-08 04:24:50,848] {logging_mixin.py:104} INFO - [2021-08-08 04:24:50,848] {dag.py:2306} INFO - Setting next_dagrun for example_weekday_branch_operator to 2021-08-06 00:00:00+00:00
[2021-08-08 04:24:50,866] {scheduler_job.py:190} INFO - Processing /home/airflow/sandbox/lib/python3.8/site-packages/airflow/example_dags/example_branch_day_of_week_operator.py took 0.058 seconds
[2021-08-08 04:25:24,007] {scheduler_job.py:182} INFO - Started process (PID=6768) to work on /home/airflow/sandbox/lib/python3.8/site-packages/airflow/example_dags/example_branch_day_of_week_operator.py
[2021-08-08 04:25:24,010] {scheduler_job.py:633} INFO - Processing file /home/airflow/sandbox/lib/python3.8/site-packages/airflow/example_dags/example_branch_day_of_week_operator.py for tasks to queue
[2021-08-08 04:25:24,013] {logging_mixin.py:104} INFO - [2021-08-08 04:25:24,013] {dagbag.py:496} INFO - Filling up the DagBag from /home/airflow/sandbox/lib/python3.8/site-packages/airflow/example_dags/example_branch_day_of_week_operator.py
[2021-08-08 04:25:24,024] {scheduler_job.py:643} INFO - DAG(s) dict_keys(['example_weekday_branch_operator']) retrieved from /home/airflow/sandbox/lib/python3.8/site-packages/airflow/example_dags/example_branch_day_of_week_operator.py
[2021-08-08 04:25:24,037] {logging_mixin.py:104} INFO - [2021-08-08 04:25:24,037] {dag.py:1833} INFO - Sync 1 DAGs
[2021-08-08 04:25:24,049] {logging_mixin.py:104} INFO - [2021-08-08 04:25:24,049] {dag.py:2306} INFO - Setting next_dagrun for example_weekday_branch_operator to 2021-08-06 00:00:00+00:00
[2021-08-08 04:25:24,072] {scheduler_job.py:190} INFO - Processing /home/airflow/sandbox/lib/python3.8/site-packages/airflow/example_dags/example_branch_day_of_week_operator.py took 0.068 seconds
