[2021-08-08 04:11:20,752] {scheduler_job.py:182} INFO - Started process (PID=2629) to work on /home/airflow/sandbox/lib/python3.8/site-packages/airflow/example_dags/example_python_operator.py
[2021-08-08 04:11:20,754] {scheduler_job.py:633} INFO - Processing file /home/airflow/sandbox/lib/python3.8/site-packages/airflow/example_dags/example_python_operator.py for tasks to queue
[2021-08-08 04:11:20,756] {logging_mixin.py:104} INFO - [2021-08-08 04:11:20,756] {dagbag.py:496} INFO - Filling up the DagBag from /home/airflow/sandbox/lib/python3.8/site-packages/airflow/example_dags/example_python_operator.py
[2021-08-08 04:11:20,769] {scheduler_job.py:643} INFO - DAG(s) dict_keys(['example_python_operator']) retrieved from /home/airflow/sandbox/lib/python3.8/site-packages/airflow/example_dags/example_python_operator.py
[2021-08-08 04:11:20,991] {logging_mixin.py:104} INFO - [2021-08-08 04:11:20,991] {dag.py:1833} INFO - Sync 1 DAGs
[2021-08-08 04:11:21,001] {logging_mixin.py:104} INFO - [2021-08-08 04:11:21,001] {dag.py:2306} INFO - Setting next_dagrun for example_python_operator to None
[2021-08-08 04:11:21,020] {scheduler_job.py:190} INFO - Processing /home/airflow/sandbox/lib/python3.8/site-packages/airflow/example_dags/example_python_operator.py took 0.271 seconds
[2021-08-08 04:11:59,706] {scheduler_job.py:182} INFO - Started process (PID=2783) to work on /home/airflow/sandbox/lib/python3.8/site-packages/airflow/example_dags/example_python_operator.py
[2021-08-08 04:11:59,709] {scheduler_job.py:633} INFO - Processing file /home/airflow/sandbox/lib/python3.8/site-packages/airflow/example_dags/example_python_operator.py for tasks to queue
[2021-08-08 04:11:59,712] {logging_mixin.py:104} INFO - [2021-08-08 04:11:59,712] {dagbag.py:496} INFO - Filling up the DagBag from /home/airflow/sandbox/lib/python3.8/site-packages/airflow/example_dags/example_python_operator.py
[2021-08-08 04:11:59,725] {scheduler_job.py:643} INFO - DAG(s) dict_keys(['example_python_operator']) retrieved from /home/airflow/sandbox/lib/python3.8/site-packages/airflow/example_dags/example_python_operator.py
[2021-08-08 04:11:59,741] {logging_mixin.py:104} INFO - [2021-08-08 04:11:59,741] {dag.py:1833} INFO - Sync 1 DAGs
[2021-08-08 04:11:59,753] {logging_mixin.py:104} INFO - [2021-08-08 04:11:59,753] {dag.py:2306} INFO - Setting next_dagrun for example_python_operator to None
[2021-08-08 04:11:59,777] {scheduler_job.py:190} INFO - Processing /home/airflow/sandbox/lib/python3.8/site-packages/airflow/example_dags/example_python_operator.py took 0.074 seconds
[2021-08-08 04:12:34,643] {scheduler_job.py:182} INFO - Started process (PID=2952) to work on /home/airflow/sandbox/lib/python3.8/site-packages/airflow/example_dags/example_python_operator.py
[2021-08-08 04:12:34,646] {scheduler_job.py:633} INFO - Processing file /home/airflow/sandbox/lib/python3.8/site-packages/airflow/example_dags/example_python_operator.py for tasks to queue
[2021-08-08 04:12:34,649] {logging_mixin.py:104} INFO - [2021-08-08 04:12:34,649] {dagbag.py:496} INFO - Filling up the DagBag from /home/airflow/sandbox/lib/python3.8/site-packages/airflow/example_dags/example_python_operator.py
[2021-08-08 04:12:34,661] {scheduler_job.py:643} INFO - DAG(s) dict_keys(['example_python_operator']) retrieved from /home/airflow/sandbox/lib/python3.8/site-packages/airflow/example_dags/example_python_operator.py
[2021-08-08 04:12:34,674] {logging_mixin.py:104} INFO - [2021-08-08 04:12:34,674] {dag.py:1833} INFO - Sync 1 DAGs
[2021-08-08 04:12:34,687] {logging_mixin.py:104} INFO - [2021-08-08 04:12:34,687] {dag.py:2306} INFO - Setting next_dagrun for example_python_operator to None
[2021-08-08 04:12:34,706] {scheduler_job.py:190} INFO - Processing /home/airflow/sandbox/lib/python3.8/site-packages/airflow/example_dags/example_python_operator.py took 0.065 seconds
[2021-08-08 04:13:08,601] {scheduler_job.py:182} INFO - Started process (PID=3106) to work on /home/airflow/sandbox/lib/python3.8/site-packages/airflow/example_dags/example_python_operator.py
[2021-08-08 04:13:08,603] {scheduler_job.py:633} INFO - Processing file /home/airflow/sandbox/lib/python3.8/site-packages/airflow/example_dags/example_python_operator.py for tasks to queue
[2021-08-08 04:13:08,606] {logging_mixin.py:104} INFO - [2021-08-08 04:13:08,606] {dagbag.py:496} INFO - Filling up the DagBag from /home/airflow/sandbox/lib/python3.8/site-packages/airflow/example_dags/example_python_operator.py
[2021-08-08 04:13:08,619] {scheduler_job.py:643} INFO - DAG(s) dict_keys(['example_python_operator']) retrieved from /home/airflow/sandbox/lib/python3.8/site-packages/airflow/example_dags/example_python_operator.py
[2021-08-08 04:13:08,634] {logging_mixin.py:104} INFO - [2021-08-08 04:13:08,634] {dag.py:1833} INFO - Sync 1 DAGs
[2021-08-08 04:13:08,644] {logging_mixin.py:104} INFO - [2021-08-08 04:13:08,644] {dag.py:2306} INFO - Setting next_dagrun for example_python_operator to None
[2021-08-08 04:13:08,663] {scheduler_job.py:190} INFO - Processing /home/airflow/sandbox/lib/python3.8/site-packages/airflow/example_dags/example_python_operator.py took 0.064 seconds
[2021-08-08 04:13:41,492] {scheduler_job.py:182} INFO - Started process (PID=3241) to work on /home/airflow/sandbox/lib/python3.8/site-packages/airflow/example_dags/example_python_operator.py
[2021-08-08 04:13:41,494] {scheduler_job.py:633} INFO - Processing file /home/airflow/sandbox/lib/python3.8/site-packages/airflow/example_dags/example_python_operator.py for tasks to queue
[2021-08-08 04:13:41,497] {logging_mixin.py:104} INFO - [2021-08-08 04:13:41,497] {dagbag.py:496} INFO - Filling up the DagBag from /home/airflow/sandbox/lib/python3.8/site-packages/airflow/example_dags/example_python_operator.py
[2021-08-08 04:13:41,507] {scheduler_job.py:643} INFO - DAG(s) dict_keys(['example_python_operator']) retrieved from /home/airflow/sandbox/lib/python3.8/site-packages/airflow/example_dags/example_python_operator.py
[2021-08-08 04:13:41,520] {logging_mixin.py:104} INFO - [2021-08-08 04:13:41,520] {dag.py:1833} INFO - Sync 1 DAGs
[2021-08-08 04:13:41,529] {logging_mixin.py:104} INFO - [2021-08-08 04:13:41,529] {dag.py:2306} INFO - Setting next_dagrun for example_python_operator to None
[2021-08-08 04:13:41,549] {scheduler_job.py:190} INFO - Processing /home/airflow/sandbox/lib/python3.8/site-packages/airflow/example_dags/example_python_operator.py took 0.061 seconds
[2021-08-08 04:14:17,016] {scheduler_job.py:182} INFO - Started process (PID=3380) to work on /home/airflow/sandbox/lib/python3.8/site-packages/airflow/example_dags/example_python_operator.py
[2021-08-08 04:14:17,032] {scheduler_job.py:633} INFO - Processing file /home/airflow/sandbox/lib/python3.8/site-packages/airflow/example_dags/example_python_operator.py for tasks to queue
[2021-08-08 04:14:17,035] {logging_mixin.py:104} INFO - [2021-08-08 04:14:17,035] {dagbag.py:496} INFO - Filling up the DagBag from /home/airflow/sandbox/lib/python3.8/site-packages/airflow/example_dags/example_python_operator.py
[2021-08-08 04:14:17,094] {scheduler_job.py:643} INFO - DAG(s) dict_keys(['example_python_operator']) retrieved from /home/airflow/sandbox/lib/python3.8/site-packages/airflow/example_dags/example_python_operator.py
[2021-08-08 04:14:17,121] {logging_mixin.py:104} INFO - [2021-08-08 04:14:17,121] {dag.py:1833} INFO - Sync 1 DAGs
[2021-08-08 04:14:17,133] {logging_mixin.py:104} INFO - [2021-08-08 04:14:17,133] {dag.py:2306} INFO - Setting next_dagrun for example_python_operator to None
[2021-08-08 04:14:17,155] {scheduler_job.py:190} INFO - Processing /home/airflow/sandbox/lib/python3.8/site-packages/airflow/example_dags/example_python_operator.py took 0.148 seconds
[2021-08-08 04:14:53,692] {scheduler_job.py:182} INFO - Started process (PID=3648) to work on /home/airflow/sandbox/lib/python3.8/site-packages/airflow/example_dags/example_python_operator.py
[2021-08-08 04:14:53,695] {scheduler_job.py:633} INFO - Processing file /home/airflow/sandbox/lib/python3.8/site-packages/airflow/example_dags/example_python_operator.py for tasks to queue
[2021-08-08 04:14:53,699] {logging_mixin.py:104} INFO - [2021-08-08 04:14:53,699] {dagbag.py:496} INFO - Filling up the DagBag from /home/airflow/sandbox/lib/python3.8/site-packages/airflow/example_dags/example_python_operator.py
[2021-08-08 04:14:53,711] {scheduler_job.py:643} INFO - DAG(s) dict_keys(['example_python_operator']) retrieved from /home/airflow/sandbox/lib/python3.8/site-packages/airflow/example_dags/example_python_operator.py
[2021-08-08 04:14:53,727] {logging_mixin.py:104} INFO - [2021-08-08 04:14:53,727] {dag.py:1833} INFO - Sync 1 DAGs
[2021-08-08 04:14:53,738] {logging_mixin.py:104} INFO - [2021-08-08 04:14:53,738] {dag.py:2306} INFO - Setting next_dagrun for example_python_operator to None
[2021-08-08 04:14:53,769] {scheduler_job.py:190} INFO - Processing /home/airflow/sandbox/lib/python3.8/site-packages/airflow/example_dags/example_python_operator.py took 0.080 seconds
[2021-08-08 04:15:29,866] {scheduler_job.py:182} INFO - Started process (PID=3820) to work on /home/airflow/sandbox/lib/python3.8/site-packages/airflow/example_dags/example_python_operator.py
[2021-08-08 04:15:29,869] {scheduler_job.py:633} INFO - Processing file /home/airflow/sandbox/lib/python3.8/site-packages/airflow/example_dags/example_python_operator.py for tasks to queue
[2021-08-08 04:15:29,871] {logging_mixin.py:104} INFO - [2021-08-08 04:15:29,871] {dagbag.py:496} INFO - Filling up the DagBag from /home/airflow/sandbox/lib/python3.8/site-packages/airflow/example_dags/example_python_operator.py
[2021-08-08 04:15:29,885] {scheduler_job.py:643} INFO - DAG(s) dict_keys(['example_python_operator']) retrieved from /home/airflow/sandbox/lib/python3.8/site-packages/airflow/example_dags/example_python_operator.py
[2021-08-08 04:15:29,898] {logging_mixin.py:104} INFO - [2021-08-08 04:15:29,898] {dag.py:1833} INFO - Sync 1 DAGs
[2021-08-08 04:15:29,908] {logging_mixin.py:104} INFO - [2021-08-08 04:15:29,908] {dag.py:2306} INFO - Setting next_dagrun for example_python_operator to None
[2021-08-08 04:15:29,926] {scheduler_job.py:190} INFO - Processing /home/airflow/sandbox/lib/python3.8/site-packages/airflow/example_dags/example_python_operator.py took 0.063 seconds
[2021-08-08 04:16:01,473] {scheduler_job.py:182} INFO - Started process (PID=4079) to work on /home/airflow/sandbox/lib/python3.8/site-packages/airflow/example_dags/example_python_operator.py
[2021-08-08 04:16:01,476] {scheduler_job.py:633} INFO - Processing file /home/airflow/sandbox/lib/python3.8/site-packages/airflow/example_dags/example_python_operator.py for tasks to queue
[2021-08-08 04:16:01,478] {logging_mixin.py:104} INFO - [2021-08-08 04:16:01,478] {dagbag.py:496} INFO - Filling up the DagBag from /home/airflow/sandbox/lib/python3.8/site-packages/airflow/example_dags/example_python_operator.py
[2021-08-08 04:16:01,492] {scheduler_job.py:643} INFO - DAG(s) dict_keys(['example_python_operator']) retrieved from /home/airflow/sandbox/lib/python3.8/site-packages/airflow/example_dags/example_python_operator.py
[2021-08-08 04:16:01,507] {logging_mixin.py:104} INFO - [2021-08-08 04:16:01,506] {dag.py:1833} INFO - Sync 1 DAGs
[2021-08-08 04:16:01,516] {logging_mixin.py:104} INFO - [2021-08-08 04:16:01,516] {dag.py:2306} INFO - Setting next_dagrun for example_python_operator to None
[2021-08-08 04:16:01,545] {scheduler_job.py:190} INFO - Processing /home/airflow/sandbox/lib/python3.8/site-packages/airflow/example_dags/example_python_operator.py took 0.076 seconds
[2021-08-08 04:16:34,857] {scheduler_job.py:182} INFO - Started process (PID=4222) to work on /home/airflow/sandbox/lib/python3.8/site-packages/airflow/example_dags/example_python_operator.py
[2021-08-08 04:16:34,862] {scheduler_job.py:633} INFO - Processing file /home/airflow/sandbox/lib/python3.8/site-packages/airflow/example_dags/example_python_operator.py for tasks to queue
[2021-08-08 04:16:34,863] {logging_mixin.py:104} INFO - [2021-08-08 04:16:34,863] {dagbag.py:496} INFO - Filling up the DagBag from /home/airflow/sandbox/lib/python3.8/site-packages/airflow/example_dags/example_python_operator.py
[2021-08-08 04:16:34,878] {scheduler_job.py:643} INFO - DAG(s) dict_keys(['example_python_operator']) retrieved from /home/airflow/sandbox/lib/python3.8/site-packages/airflow/example_dags/example_python_operator.py
[2021-08-08 04:16:34,896] {logging_mixin.py:104} INFO - [2021-08-08 04:16:34,895] {dag.py:1833} INFO - Sync 1 DAGs
[2021-08-08 04:16:34,909] {logging_mixin.py:104} INFO - [2021-08-08 04:16:34,908] {dag.py:2306} INFO - Setting next_dagrun for example_python_operator to None
[2021-08-08 04:16:34,930] {scheduler_job.py:190} INFO - Processing /home/airflow/sandbox/lib/python3.8/site-packages/airflow/example_dags/example_python_operator.py took 0.076 seconds
[2021-08-08 04:17:07,778] {scheduler_job.py:182} INFO - Started process (PID=4396) to work on /home/airflow/sandbox/lib/python3.8/site-packages/airflow/example_dags/example_python_operator.py
[2021-08-08 04:17:07,781] {scheduler_job.py:633} INFO - Processing file /home/airflow/sandbox/lib/python3.8/site-packages/airflow/example_dags/example_python_operator.py for tasks to queue
[2021-08-08 04:17:07,784] {logging_mixin.py:104} INFO - [2021-08-08 04:17:07,784] {dagbag.py:496} INFO - Filling up the DagBag from /home/airflow/sandbox/lib/python3.8/site-packages/airflow/example_dags/example_python_operator.py
[2021-08-08 04:17:07,797] {scheduler_job.py:643} INFO - DAG(s) dict_keys(['example_python_operator']) retrieved from /home/airflow/sandbox/lib/python3.8/site-packages/airflow/example_dags/example_python_operator.py
[2021-08-08 04:17:07,810] {logging_mixin.py:104} INFO - [2021-08-08 04:17:07,810] {dag.py:1833} INFO - Sync 1 DAGs
[2021-08-08 04:17:07,821] {logging_mixin.py:104} INFO - [2021-08-08 04:17:07,821] {dag.py:2306} INFO - Setting next_dagrun for example_python_operator to None
[2021-08-08 04:17:07,839] {scheduler_job.py:190} INFO - Processing /home/airflow/sandbox/lib/python3.8/site-packages/airflow/example_dags/example_python_operator.py took 0.063 seconds
[2021-08-08 04:17:40,868] {scheduler_job.py:182} INFO - Started process (PID=4518) to work on /home/airflow/sandbox/lib/python3.8/site-packages/airflow/example_dags/example_python_operator.py
[2021-08-08 04:17:40,871] {scheduler_job.py:633} INFO - Processing file /home/airflow/sandbox/lib/python3.8/site-packages/airflow/example_dags/example_python_operator.py for tasks to queue
[2021-08-08 04:17:40,873] {logging_mixin.py:104} INFO - [2021-08-08 04:17:40,873] {dagbag.py:496} INFO - Filling up the DagBag from /home/airflow/sandbox/lib/python3.8/site-packages/airflow/example_dags/example_python_operator.py
[2021-08-08 04:17:40,884] {scheduler_job.py:643} INFO - DAG(s) dict_keys(['example_python_operator']) retrieved from /home/airflow/sandbox/lib/python3.8/site-packages/airflow/example_dags/example_python_operator.py
[2021-08-08 04:17:40,896] {logging_mixin.py:104} INFO - [2021-08-08 04:17:40,896] {dag.py:1833} INFO - Sync 1 DAGs
[2021-08-08 04:17:40,906] {logging_mixin.py:104} INFO - [2021-08-08 04:17:40,905] {dag.py:2306} INFO - Setting next_dagrun for example_python_operator to None
[2021-08-08 04:17:40,922] {scheduler_job.py:190} INFO - Processing /home/airflow/sandbox/lib/python3.8/site-packages/airflow/example_dags/example_python_operator.py took 0.057 seconds
[2021-08-08 04:18:14,350] {scheduler_job.py:182} INFO - Started process (PID=4640) to work on /home/airflow/sandbox/lib/python3.8/site-packages/airflow/example_dags/example_python_operator.py
[2021-08-08 04:18:14,352] {scheduler_job.py:633} INFO - Processing file /home/airflow/sandbox/lib/python3.8/site-packages/airflow/example_dags/example_python_operator.py for tasks to queue
[2021-08-08 04:18:14,354] {logging_mixin.py:104} INFO - [2021-08-08 04:18:14,354] {dagbag.py:496} INFO - Filling up the DagBag from /home/airflow/sandbox/lib/python3.8/site-packages/airflow/example_dags/example_python_operator.py
[2021-08-08 04:18:14,364] {scheduler_job.py:643} INFO - DAG(s) dict_keys(['example_python_operator']) retrieved from /home/airflow/sandbox/lib/python3.8/site-packages/airflow/example_dags/example_python_operator.py
[2021-08-08 04:18:14,379] {logging_mixin.py:104} INFO - [2021-08-08 04:18:14,378] {dag.py:1833} INFO - Sync 1 DAGs
[2021-08-08 04:18:14,387] {logging_mixin.py:104} INFO - [2021-08-08 04:18:14,387] {dag.py:2306} INFO - Setting next_dagrun for example_python_operator to None
[2021-08-08 04:18:14,405] {scheduler_job.py:190} INFO - Processing /home/airflow/sandbox/lib/python3.8/site-packages/airflow/example_dags/example_python_operator.py took 0.058 seconds
[2021-08-08 04:18:47,423] {scheduler_job.py:182} INFO - Started process (PID=4860) to work on /home/airflow/sandbox/lib/python3.8/site-packages/airflow/example_dags/example_python_operator.py
[2021-08-08 04:18:47,426] {scheduler_job.py:633} INFO - Processing file /home/airflow/sandbox/lib/python3.8/site-packages/airflow/example_dags/example_python_operator.py for tasks to queue
[2021-08-08 04:18:47,428] {logging_mixin.py:104} INFO - [2021-08-08 04:18:47,428] {dagbag.py:496} INFO - Filling up the DagBag from /home/airflow/sandbox/lib/python3.8/site-packages/airflow/example_dags/example_python_operator.py
[2021-08-08 04:18:47,440] {scheduler_job.py:643} INFO - DAG(s) dict_keys(['example_python_operator']) retrieved from /home/airflow/sandbox/lib/python3.8/site-packages/airflow/example_dags/example_python_operator.py
[2021-08-08 04:18:47,452] {logging_mixin.py:104} INFO - [2021-08-08 04:18:47,452] {dag.py:1833} INFO - Sync 1 DAGs
[2021-08-08 04:18:47,463] {logging_mixin.py:104} INFO - [2021-08-08 04:18:47,463] {dag.py:2306} INFO - Setting next_dagrun for example_python_operator to None
[2021-08-08 04:18:47,481] {scheduler_job.py:190} INFO - Processing /home/airflow/sandbox/lib/python3.8/site-packages/airflow/example_dags/example_python_operator.py took 0.060 seconds
[2021-08-08 04:19:22,060] {scheduler_job.py:182} INFO - Started process (PID=4996) to work on /home/airflow/sandbox/lib/python3.8/site-packages/airflow/example_dags/example_python_operator.py
[2021-08-08 04:19:22,062] {scheduler_job.py:633} INFO - Processing file /home/airflow/sandbox/lib/python3.8/site-packages/airflow/example_dags/example_python_operator.py for tasks to queue
[2021-08-08 04:19:22,064] {logging_mixin.py:104} INFO - [2021-08-08 04:19:22,064] {dagbag.py:496} INFO - Filling up the DagBag from /home/airflow/sandbox/lib/python3.8/site-packages/airflow/example_dags/example_python_operator.py
[2021-08-08 04:19:22,074] {scheduler_job.py:643} INFO - DAG(s) dict_keys(['example_python_operator']) retrieved from /home/airflow/sandbox/lib/python3.8/site-packages/airflow/example_dags/example_python_operator.py
[2021-08-08 04:19:22,086] {logging_mixin.py:104} INFO - [2021-08-08 04:19:22,086] {dag.py:1833} INFO - Sync 1 DAGs
[2021-08-08 04:19:22,095] {logging_mixin.py:104} INFO - [2021-08-08 04:19:22,095] {dag.py:2306} INFO - Setting next_dagrun for example_python_operator to None
[2021-08-08 04:19:22,113] {scheduler_job.py:190} INFO - Processing /home/airflow/sandbox/lib/python3.8/site-packages/airflow/example_dags/example_python_operator.py took 0.055 seconds
[2021-08-08 04:19:58,424] {scheduler_job.py:182} INFO - Started process (PID=5133) to work on /home/airflow/sandbox/lib/python3.8/site-packages/airflow/example_dags/example_python_operator.py
[2021-08-08 04:19:58,427] {scheduler_job.py:633} INFO - Processing file /home/airflow/sandbox/lib/python3.8/site-packages/airflow/example_dags/example_python_operator.py for tasks to queue
[2021-08-08 04:19:58,429] {logging_mixin.py:104} INFO - [2021-08-08 04:19:58,429] {dagbag.py:496} INFO - Filling up the DagBag from /home/airflow/sandbox/lib/python3.8/site-packages/airflow/example_dags/example_python_operator.py
[2021-08-08 04:19:58,440] {scheduler_job.py:643} INFO - DAG(s) dict_keys(['example_python_operator']) retrieved from /home/airflow/sandbox/lib/python3.8/site-packages/airflow/example_dags/example_python_operator.py
[2021-08-08 04:19:58,455] {logging_mixin.py:104} INFO - [2021-08-08 04:19:58,455] {dag.py:1833} INFO - Sync 1 DAGs
[2021-08-08 04:19:58,465] {logging_mixin.py:104} INFO - [2021-08-08 04:19:58,465] {dag.py:2306} INFO - Setting next_dagrun for example_python_operator to None
[2021-08-08 04:19:58,480] {scheduler_job.py:190} INFO - Processing /home/airflow/sandbox/lib/python3.8/site-packages/airflow/example_dags/example_python_operator.py took 0.059 seconds
[2021-08-08 04:20:33,553] {scheduler_job.py:182} INFO - Started process (PID=5269) to work on /home/airflow/sandbox/lib/python3.8/site-packages/airflow/example_dags/example_python_operator.py
[2021-08-08 04:20:33,556] {scheduler_job.py:633} INFO - Processing file /home/airflow/sandbox/lib/python3.8/site-packages/airflow/example_dags/example_python_operator.py for tasks to queue
[2021-08-08 04:20:33,558] {logging_mixin.py:104} INFO - [2021-08-08 04:20:33,558] {dagbag.py:496} INFO - Filling up the DagBag from /home/airflow/sandbox/lib/python3.8/site-packages/airflow/example_dags/example_python_operator.py
[2021-08-08 04:20:33,568] {scheduler_job.py:643} INFO - DAG(s) dict_keys(['example_python_operator']) retrieved from /home/airflow/sandbox/lib/python3.8/site-packages/airflow/example_dags/example_python_operator.py
[2021-08-08 04:20:33,581] {logging_mixin.py:104} INFO - [2021-08-08 04:20:33,581] {dag.py:1833} INFO - Sync 1 DAGs
[2021-08-08 04:20:33,590] {logging_mixin.py:104} INFO - [2021-08-08 04:20:33,589] {dag.py:2306} INFO - Setting next_dagrun for example_python_operator to None
[2021-08-08 04:20:33,613] {scheduler_job.py:190} INFO - Processing /home/airflow/sandbox/lib/python3.8/site-packages/airflow/example_dags/example_python_operator.py took 0.063 seconds
[2021-08-08 04:21:06,058] {scheduler_job.py:182} INFO - Started process (PID=5439) to work on /home/airflow/sandbox/lib/python3.8/site-packages/airflow/example_dags/example_python_operator.py
[2021-08-08 04:21:06,061] {scheduler_job.py:633} INFO - Processing file /home/airflow/sandbox/lib/python3.8/site-packages/airflow/example_dags/example_python_operator.py for tasks to queue
[2021-08-08 04:21:06,063] {logging_mixin.py:104} INFO - [2021-08-08 04:21:06,063] {dagbag.py:496} INFO - Filling up the DagBag from /home/airflow/sandbox/lib/python3.8/site-packages/airflow/example_dags/example_python_operator.py
[2021-08-08 04:21:06,074] {scheduler_job.py:643} INFO - DAG(s) dict_keys(['example_python_operator']) retrieved from /home/airflow/sandbox/lib/python3.8/site-packages/airflow/example_dags/example_python_operator.py
[2021-08-08 04:21:06,087] {logging_mixin.py:104} INFO - [2021-08-08 04:21:06,087] {dag.py:1833} INFO - Sync 1 DAGs
[2021-08-08 04:21:06,096] {logging_mixin.py:104} INFO - [2021-08-08 04:21:06,096] {dag.py:2306} INFO - Setting next_dagrun for example_python_operator to None
[2021-08-08 04:21:06,119] {scheduler_job.py:190} INFO - Processing /home/airflow/sandbox/lib/python3.8/site-packages/airflow/example_dags/example_python_operator.py took 0.064 seconds
[2021-08-08 04:21:38,321] {scheduler_job.py:182} INFO - Started process (PID=5568) to work on /home/airflow/sandbox/lib/python3.8/site-packages/airflow/example_dags/example_python_operator.py
[2021-08-08 04:21:38,324] {scheduler_job.py:633} INFO - Processing file /home/airflow/sandbox/lib/python3.8/site-packages/airflow/example_dags/example_python_operator.py for tasks to queue
[2021-08-08 04:21:38,326] {logging_mixin.py:104} INFO - [2021-08-08 04:21:38,326] {dagbag.py:496} INFO - Filling up the DagBag from /home/airflow/sandbox/lib/python3.8/site-packages/airflow/example_dags/example_python_operator.py
[2021-08-08 04:21:38,338] {scheduler_job.py:643} INFO - DAG(s) dict_keys(['example_python_operator']) retrieved from /home/airflow/sandbox/lib/python3.8/site-packages/airflow/example_dags/example_python_operator.py
[2021-08-08 04:21:38,351] {logging_mixin.py:104} INFO - [2021-08-08 04:21:38,351] {dag.py:1833} INFO - Sync 1 DAGs
[2021-08-08 04:21:38,360] {logging_mixin.py:104} INFO - [2021-08-08 04:21:38,360] {dag.py:2306} INFO - Setting next_dagrun for example_python_operator to None
[2021-08-08 04:21:38,381] {scheduler_job.py:190} INFO - Processing /home/airflow/sandbox/lib/python3.8/site-packages/airflow/example_dags/example_python_operator.py took 0.063 seconds
[2021-08-08 04:22:12,284] {scheduler_job.py:182} INFO - Started process (PID=5697) to work on /home/airflow/sandbox/lib/python3.8/site-packages/airflow/example_dags/example_python_operator.py
[2021-08-08 04:22:12,287] {scheduler_job.py:633} INFO - Processing file /home/airflow/sandbox/lib/python3.8/site-packages/airflow/example_dags/example_python_operator.py for tasks to queue
[2021-08-08 04:22:12,290] {logging_mixin.py:104} INFO - [2021-08-08 04:22:12,290] {dagbag.py:496} INFO - Filling up the DagBag from /home/airflow/sandbox/lib/python3.8/site-packages/airflow/example_dags/example_python_operator.py
[2021-08-08 04:22:12,303] {scheduler_job.py:643} INFO - DAG(s) dict_keys(['example_python_operator']) retrieved from /home/airflow/sandbox/lib/python3.8/site-packages/airflow/example_dags/example_python_operator.py
[2021-08-08 04:22:12,315] {logging_mixin.py:104} INFO - [2021-08-08 04:22:12,314] {dag.py:1833} INFO - Sync 1 DAGs
[2021-08-08 04:22:12,324] {logging_mixin.py:104} INFO - [2021-08-08 04:22:12,324] {dag.py:2306} INFO - Setting next_dagrun for example_python_operator to None
[2021-08-08 04:22:12,341] {scheduler_job.py:190} INFO - Processing /home/airflow/sandbox/lib/python3.8/site-packages/airflow/example_dags/example_python_operator.py took 0.060 seconds
[2021-08-08 04:22:46,567] {scheduler_job.py:182} INFO - Started process (PID=5897) to work on /home/airflow/sandbox/lib/python3.8/site-packages/airflow/example_dags/example_python_operator.py
[2021-08-08 04:22:46,570] {scheduler_job.py:633} INFO - Processing file /home/airflow/sandbox/lib/python3.8/site-packages/airflow/example_dags/example_python_operator.py for tasks to queue
[2021-08-08 04:22:46,572] {logging_mixin.py:104} INFO - [2021-08-08 04:22:46,572] {dagbag.py:496} INFO - Filling up the DagBag from /home/airflow/sandbox/lib/python3.8/site-packages/airflow/example_dags/example_python_operator.py
[2021-08-08 04:22:46,588] {scheduler_job.py:643} INFO - DAG(s) dict_keys(['example_python_operator']) retrieved from /home/airflow/sandbox/lib/python3.8/site-packages/airflow/example_dags/example_python_operator.py
[2021-08-08 04:22:46,605] {logging_mixin.py:104} INFO - [2021-08-08 04:22:46,605] {dag.py:1833} INFO - Sync 1 DAGs
[2021-08-08 04:22:46,617] {logging_mixin.py:104} INFO - [2021-08-08 04:22:46,617] {dag.py:2306} INFO - Setting next_dagrun for example_python_operator to None
[2021-08-08 04:22:46,639] {scheduler_job.py:190} INFO - Processing /home/airflow/sandbox/lib/python3.8/site-packages/airflow/example_dags/example_python_operator.py took 0.076 seconds
[2021-08-08 04:23:20,781] {scheduler_job.py:182} INFO - Started process (PID=6105) to work on /home/airflow/sandbox/lib/python3.8/site-packages/airflow/example_dags/example_python_operator.py
[2021-08-08 04:23:20,785] {scheduler_job.py:633} INFO - Processing file /home/airflow/sandbox/lib/python3.8/site-packages/airflow/example_dags/example_python_operator.py for tasks to queue
[2021-08-08 04:23:20,785] {logging_mixin.py:104} INFO - [2021-08-08 04:23:20,785] {dagbag.py:496} INFO - Filling up the DagBag from /home/airflow/sandbox/lib/python3.8/site-packages/airflow/example_dags/example_python_operator.py
[2021-08-08 04:23:20,802] {scheduler_job.py:643} INFO - DAG(s) dict_keys(['example_python_operator']) retrieved from /home/airflow/sandbox/lib/python3.8/site-packages/airflow/example_dags/example_python_operator.py
[2021-08-08 04:23:20,819] {logging_mixin.py:104} INFO - [2021-08-08 04:23:20,819] {dag.py:1833} INFO - Sync 1 DAGs
[2021-08-08 04:23:20,831] {logging_mixin.py:104} INFO - [2021-08-08 04:23:20,831] {dag.py:2306} INFO - Setting next_dagrun for example_python_operator to None
[2021-08-08 04:23:20,862] {scheduler_job.py:190} INFO - Processing /home/airflow/sandbox/lib/python3.8/site-packages/airflow/example_dags/example_python_operator.py took 0.084 seconds
[2021-08-08 04:23:53,938] {scheduler_job.py:182} INFO - Started process (PID=6297) to work on /home/airflow/sandbox/lib/python3.8/site-packages/airflow/example_dags/example_python_operator.py
[2021-08-08 04:23:53,941] {scheduler_job.py:633} INFO - Processing file /home/airflow/sandbox/lib/python3.8/site-packages/airflow/example_dags/example_python_operator.py for tasks to queue
[2021-08-08 04:23:53,945] {logging_mixin.py:104} INFO - [2021-08-08 04:23:53,944] {dagbag.py:496} INFO - Filling up the DagBag from /home/airflow/sandbox/lib/python3.8/site-packages/airflow/example_dags/example_python_operator.py
[2021-08-08 04:23:53,956] {scheduler_job.py:643} INFO - DAG(s) dict_keys(['example_python_operator']) retrieved from /home/airflow/sandbox/lib/python3.8/site-packages/airflow/example_dags/example_python_operator.py
[2021-08-08 04:23:53,968] {logging_mixin.py:104} INFO - [2021-08-08 04:23:53,968] {dag.py:1833} INFO - Sync 1 DAGs
[2021-08-08 04:23:53,977] {logging_mixin.py:104} INFO - [2021-08-08 04:23:53,977] {dag.py:2306} INFO - Setting next_dagrun for example_python_operator to None
[2021-08-08 04:23:53,995] {scheduler_job.py:190} INFO - Processing /home/airflow/sandbox/lib/python3.8/site-packages/airflow/example_dags/example_python_operator.py took 0.060 seconds
[2021-08-08 04:24:27,623] {scheduler_job.py:182} INFO - Started process (PID=6426) to work on /home/airflow/sandbox/lib/python3.8/site-packages/airflow/example_dags/example_python_operator.py
[2021-08-08 04:24:27,626] {scheduler_job.py:633} INFO - Processing file /home/airflow/sandbox/lib/python3.8/site-packages/airflow/example_dags/example_python_operator.py for tasks to queue
[2021-08-08 04:24:27,629] {logging_mixin.py:104} INFO - [2021-08-08 04:24:27,629] {dagbag.py:496} INFO - Filling up the DagBag from /home/airflow/sandbox/lib/python3.8/site-packages/airflow/example_dags/example_python_operator.py
[2021-08-08 04:24:27,640] {scheduler_job.py:643} INFO - DAG(s) dict_keys(['example_python_operator']) retrieved from /home/airflow/sandbox/lib/python3.8/site-packages/airflow/example_dags/example_python_operator.py
[2021-08-08 04:24:27,653] {logging_mixin.py:104} INFO - [2021-08-08 04:24:27,653] {dag.py:1833} INFO - Sync 1 DAGs
[2021-08-08 04:24:27,662] {logging_mixin.py:104} INFO - [2021-08-08 04:24:27,662] {dag.py:2306} INFO - Setting next_dagrun for example_python_operator to None
[2021-08-08 04:24:27,680] {scheduler_job.py:190} INFO - Processing /home/airflow/sandbox/lib/python3.8/site-packages/airflow/example_dags/example_python_operator.py took 0.059 seconds
