[2021-08-08 04:11:24,956] {scheduler_job.py:182} INFO - Started process (PID=2632) to work on /home/airflow/sandbox/lib/python3.8/site-packages/airflow/example_dags/example_dag_decorator.py
[2021-08-08 04:11:24,959] {scheduler_job.py:633} INFO - Processing file /home/airflow/sandbox/lib/python3.8/site-packages/airflow/example_dags/example_dag_decorator.py for tasks to queue
[2021-08-08 04:11:24,964] {logging_mixin.py:104} INFO - [2021-08-08 04:11:24,964] {dagbag.py:496} INFO - Filling up the DagBag from /home/airflow/sandbox/lib/python3.8/site-packages/airflow/example_dags/example_dag_decorator.py
[2021-08-08 04:11:24,988] {scheduler_job.py:643} INFO - DAG(s) dict_keys(['example_dag_decorator']) retrieved from /home/airflow/sandbox/lib/python3.8/site-packages/airflow/example_dags/example_dag_decorator.py
[2021-08-08 04:11:25,437] {logging_mixin.py:104} INFO - [2021-08-08 04:11:25,437] {dag.py:1833} INFO - Sync 1 DAGs
[2021-08-08 04:11:25,452] {logging_mixin.py:104} INFO - [2021-08-08 04:11:25,452] {dag.py:2306} INFO - Setting next_dagrun for example_dag_decorator to None
[2021-08-08 04:11:25,474] {scheduler_job.py:190} INFO - Processing /home/airflow/sandbox/lib/python3.8/site-packages/airflow/example_dags/example_dag_decorator.py took 0.521 seconds
[2021-08-08 04:12:02,891] {scheduler_job.py:182} INFO - Started process (PID=2799) to work on /home/airflow/sandbox/lib/python3.8/site-packages/airflow/example_dags/example_dag_decorator.py
[2021-08-08 04:12:02,894] {scheduler_job.py:633} INFO - Processing file /home/airflow/sandbox/lib/python3.8/site-packages/airflow/example_dags/example_dag_decorator.py for tasks to queue
[2021-08-08 04:12:02,897] {logging_mixin.py:104} INFO - [2021-08-08 04:12:02,897] {dagbag.py:496} INFO - Filling up the DagBag from /home/airflow/sandbox/lib/python3.8/site-packages/airflow/example_dags/example_dag_decorator.py
[2021-08-08 04:12:02,915] {scheduler_job.py:643} INFO - DAG(s) dict_keys(['example_dag_decorator']) retrieved from /home/airflow/sandbox/lib/python3.8/site-packages/airflow/example_dags/example_dag_decorator.py
[2021-08-08 04:12:03,184] {logging_mixin.py:104} INFO - [2021-08-08 04:12:03,184] {dag.py:1833} INFO - Sync 1 DAGs
[2021-08-08 04:12:03,192] {logging_mixin.py:104} INFO - [2021-08-08 04:12:03,192] {dag.py:2306} INFO - Setting next_dagrun for example_dag_decorator to None
[2021-08-08 04:12:03,216] {scheduler_job.py:190} INFO - Processing /home/airflow/sandbox/lib/python3.8/site-packages/airflow/example_dags/example_dag_decorator.py took 0.327 seconds
[2021-08-08 04:12:38,144] {scheduler_job.py:182} INFO - Started process (PID=2955) to work on /home/airflow/sandbox/lib/python3.8/site-packages/airflow/example_dags/example_dag_decorator.py
[2021-08-08 04:12:38,147] {scheduler_job.py:633} INFO - Processing file /home/airflow/sandbox/lib/python3.8/site-packages/airflow/example_dags/example_dag_decorator.py for tasks to queue
[2021-08-08 04:12:38,151] {logging_mixin.py:104} INFO - [2021-08-08 04:12:38,151] {dagbag.py:496} INFO - Filling up the DagBag from /home/airflow/sandbox/lib/python3.8/site-packages/airflow/example_dags/example_dag_decorator.py
[2021-08-08 04:12:38,168] {scheduler_job.py:643} INFO - DAG(s) dict_keys(['example_dag_decorator']) retrieved from /home/airflow/sandbox/lib/python3.8/site-packages/airflow/example_dags/example_dag_decorator.py
[2021-08-08 04:12:38,413] {logging_mixin.py:104} INFO - [2021-08-08 04:12:38,413] {dag.py:1833} INFO - Sync 1 DAGs
[2021-08-08 04:12:38,422] {logging_mixin.py:104} INFO - [2021-08-08 04:12:38,422] {dag.py:2306} INFO - Setting next_dagrun for example_dag_decorator to None
[2021-08-08 04:12:38,448] {scheduler_job.py:190} INFO - Processing /home/airflow/sandbox/lib/python3.8/site-packages/airflow/example_dags/example_dag_decorator.py took 0.307 seconds
[2021-08-08 04:13:11,587] {scheduler_job.py:182} INFO - Started process (PID=3121) to work on /home/airflow/sandbox/lib/python3.8/site-packages/airflow/example_dags/example_dag_decorator.py
[2021-08-08 04:13:11,590] {scheduler_job.py:633} INFO - Processing file /home/airflow/sandbox/lib/python3.8/site-packages/airflow/example_dags/example_dag_decorator.py for tasks to queue
[2021-08-08 04:13:11,592] {logging_mixin.py:104} INFO - [2021-08-08 04:13:11,592] {dagbag.py:496} INFO - Filling up the DagBag from /home/airflow/sandbox/lib/python3.8/site-packages/airflow/example_dags/example_dag_decorator.py
[2021-08-08 04:13:11,609] {scheduler_job.py:643} INFO - DAG(s) dict_keys(['example_dag_decorator']) retrieved from /home/airflow/sandbox/lib/python3.8/site-packages/airflow/example_dags/example_dag_decorator.py
[2021-08-08 04:13:11,838] {logging_mixin.py:104} INFO - [2021-08-08 04:13:11,838] {dag.py:1833} INFO - Sync 1 DAGs
[2021-08-08 04:13:11,847] {logging_mixin.py:104} INFO - [2021-08-08 04:13:11,846] {dag.py:2306} INFO - Setting next_dagrun for example_dag_decorator to None
[2021-08-08 04:13:11,874] {scheduler_job.py:190} INFO - Processing /home/airflow/sandbox/lib/python3.8/site-packages/airflow/example_dags/example_dag_decorator.py took 0.289 seconds
[2021-08-08 04:13:45,009] {scheduler_job.py:182} INFO - Started process (PID=3250) to work on /home/airflow/sandbox/lib/python3.8/site-packages/airflow/example_dags/example_dag_decorator.py
[2021-08-08 04:13:45,012] {scheduler_job.py:633} INFO - Processing file /home/airflow/sandbox/lib/python3.8/site-packages/airflow/example_dags/example_dag_decorator.py for tasks to queue
[2021-08-08 04:13:45,015] {logging_mixin.py:104} INFO - [2021-08-08 04:13:45,015] {dagbag.py:496} INFO - Filling up the DagBag from /home/airflow/sandbox/lib/python3.8/site-packages/airflow/example_dags/example_dag_decorator.py
[2021-08-08 04:13:45,031] {scheduler_job.py:643} INFO - DAG(s) dict_keys(['example_dag_decorator']) retrieved from /home/airflow/sandbox/lib/python3.8/site-packages/airflow/example_dags/example_dag_decorator.py
[2021-08-08 04:13:45,248] {logging_mixin.py:104} INFO - [2021-08-08 04:13:45,248] {dag.py:1833} INFO - Sync 1 DAGs
[2021-08-08 04:13:45,257] {logging_mixin.py:104} INFO - [2021-08-08 04:13:45,257] {dag.py:2306} INFO - Setting next_dagrun for example_dag_decorator to None
[2021-08-08 04:13:45,279] {scheduler_job.py:190} INFO - Processing /home/airflow/sandbox/lib/python3.8/site-packages/airflow/example_dags/example_dag_decorator.py took 0.273 seconds
[2021-08-08 04:14:21,174] {scheduler_job.py:182} INFO - Started process (PID=3420) to work on /home/airflow/sandbox/lib/python3.8/site-packages/airflow/example_dags/example_dag_decorator.py
[2021-08-08 04:14:21,177] {scheduler_job.py:633} INFO - Processing file /home/airflow/sandbox/lib/python3.8/site-packages/airflow/example_dags/example_dag_decorator.py for tasks to queue
[2021-08-08 04:14:21,181] {logging_mixin.py:104} INFO - [2021-08-08 04:14:21,180] {dagbag.py:496} INFO - Filling up the DagBag from /home/airflow/sandbox/lib/python3.8/site-packages/airflow/example_dags/example_dag_decorator.py
[2021-08-08 04:14:21,200] {scheduler_job.py:643} INFO - DAG(s) dict_keys(['example_dag_decorator']) retrieved from /home/airflow/sandbox/lib/python3.8/site-packages/airflow/example_dags/example_dag_decorator.py
[2021-08-08 04:14:21,435] {logging_mixin.py:104} INFO - [2021-08-08 04:14:21,435] {dag.py:1833} INFO - Sync 1 DAGs
[2021-08-08 04:14:21,443] {logging_mixin.py:104} INFO - [2021-08-08 04:14:21,443] {dag.py:2306} INFO - Setting next_dagrun for example_dag_decorator to None
[2021-08-08 04:14:21,466] {scheduler_job.py:190} INFO - Processing /home/airflow/sandbox/lib/python3.8/site-packages/airflow/example_dags/example_dag_decorator.py took 0.295 seconds
[2021-08-08 04:14:57,906] {scheduler_job.py:182} INFO - Started process (PID=3664) to work on /home/airflow/sandbox/lib/python3.8/site-packages/airflow/example_dags/example_dag_decorator.py
[2021-08-08 04:14:57,918] {scheduler_job.py:633} INFO - Processing file /home/airflow/sandbox/lib/python3.8/site-packages/airflow/example_dags/example_dag_decorator.py for tasks to queue
[2021-08-08 04:14:57,919] {logging_mixin.py:104} INFO - [2021-08-08 04:14:57,919] {dagbag.py:496} INFO - Filling up the DagBag from /home/airflow/sandbox/lib/python3.8/site-packages/airflow/example_dags/example_dag_decorator.py
[2021-08-08 04:14:57,957] {scheduler_job.py:643} INFO - DAG(s) dict_keys(['example_dag_decorator']) retrieved from /home/airflow/sandbox/lib/python3.8/site-packages/airflow/example_dags/example_dag_decorator.py
[2021-08-08 04:14:58,322] {logging_mixin.py:104} INFO - [2021-08-08 04:14:58,322] {dag.py:1833} INFO - Sync 1 DAGs
[2021-08-08 04:14:58,339] {logging_mixin.py:104} INFO - [2021-08-08 04:14:58,339] {dag.py:2306} INFO - Setting next_dagrun for example_dag_decorator to None
[2021-08-08 04:14:58,392] {scheduler_job.py:190} INFO - Processing /home/airflow/sandbox/lib/python3.8/site-packages/airflow/example_dags/example_dag_decorator.py took 0.490 seconds
[2021-08-08 04:15:32,756] {scheduler_job.py:182} INFO - Started process (PID=3829) to work on /home/airflow/sandbox/lib/python3.8/site-packages/airflow/example_dags/example_dag_decorator.py
[2021-08-08 04:15:32,759] {scheduler_job.py:633} INFO - Processing file /home/airflow/sandbox/lib/python3.8/site-packages/airflow/example_dags/example_dag_decorator.py for tasks to queue
[2021-08-08 04:15:32,762] {logging_mixin.py:104} INFO - [2021-08-08 04:15:32,762] {dagbag.py:496} INFO - Filling up the DagBag from /home/airflow/sandbox/lib/python3.8/site-packages/airflow/example_dags/example_dag_decorator.py
[2021-08-08 04:15:32,785] {scheduler_job.py:643} INFO - DAG(s) dict_keys(['example_dag_decorator']) retrieved from /home/airflow/sandbox/lib/python3.8/site-packages/airflow/example_dags/example_dag_decorator.py
[2021-08-08 04:15:33,012] {logging_mixin.py:104} INFO - [2021-08-08 04:15:33,011] {dag.py:1833} INFO - Sync 1 DAGs
[2021-08-08 04:15:33,020] {logging_mixin.py:104} INFO - [2021-08-08 04:15:33,020] {dag.py:2306} INFO - Setting next_dagrun for example_dag_decorator to None
[2021-08-08 04:15:33,051] {scheduler_job.py:190} INFO - Processing /home/airflow/sandbox/lib/python3.8/site-packages/airflow/example_dags/example_dag_decorator.py took 0.298 seconds
[2021-08-08 04:16:04,902] {scheduler_job.py:182} INFO - Started process (PID=4109) to work on /home/airflow/sandbox/lib/python3.8/site-packages/airflow/example_dags/example_dag_decorator.py
[2021-08-08 04:16:04,905] {scheduler_job.py:633} INFO - Processing file /home/airflow/sandbox/lib/python3.8/site-packages/airflow/example_dags/example_dag_decorator.py for tasks to queue
[2021-08-08 04:16:04,907] {logging_mixin.py:104} INFO - [2021-08-08 04:16:04,907] {dagbag.py:496} INFO - Filling up the DagBag from /home/airflow/sandbox/lib/python3.8/site-packages/airflow/example_dags/example_dag_decorator.py
[2021-08-08 04:16:04,926] {scheduler_job.py:643} INFO - DAG(s) dict_keys(['example_dag_decorator']) retrieved from /home/airflow/sandbox/lib/python3.8/site-packages/airflow/example_dags/example_dag_decorator.py
[2021-08-08 04:16:05,231] {logging_mixin.py:104} INFO - [2021-08-08 04:16:05,231] {dag.py:1833} INFO - Sync 1 DAGs
[2021-08-08 04:16:05,249] {logging_mixin.py:104} INFO - [2021-08-08 04:16:05,249] {dag.py:2306} INFO - Setting next_dagrun for example_dag_decorator to None
[2021-08-08 04:16:05,310] {scheduler_job.py:190} INFO - Processing /home/airflow/sandbox/lib/python3.8/site-packages/airflow/example_dags/example_dag_decorator.py took 0.413 seconds
[2021-08-08 04:16:37,484] {scheduler_job.py:182} INFO - Started process (PID=4231) to work on /home/airflow/sandbox/lib/python3.8/site-packages/airflow/example_dags/example_dag_decorator.py
[2021-08-08 04:16:37,487] {scheduler_job.py:633} INFO - Processing file /home/airflow/sandbox/lib/python3.8/site-packages/airflow/example_dags/example_dag_decorator.py for tasks to queue
[2021-08-08 04:16:37,490] {logging_mixin.py:104} INFO - [2021-08-08 04:16:37,489] {dagbag.py:496} INFO - Filling up the DagBag from /home/airflow/sandbox/lib/python3.8/site-packages/airflow/example_dags/example_dag_decorator.py
[2021-08-08 04:16:37,506] {scheduler_job.py:643} INFO - DAG(s) dict_keys(['example_dag_decorator']) retrieved from /home/airflow/sandbox/lib/python3.8/site-packages/airflow/example_dags/example_dag_decorator.py
[2021-08-08 04:16:37,740] {logging_mixin.py:104} INFO - [2021-08-08 04:16:37,740] {dag.py:1833} INFO - Sync 1 DAGs
[2021-08-08 04:16:37,750] {logging_mixin.py:104} INFO - [2021-08-08 04:16:37,750] {dag.py:2306} INFO - Setting next_dagrun for example_dag_decorator to None
[2021-08-08 04:16:37,770] {scheduler_job.py:190} INFO - Processing /home/airflow/sandbox/lib/python3.8/site-packages/airflow/example_dags/example_dag_decorator.py took 0.289 seconds
[2021-08-08 04:17:13,734] {scheduler_job.py:182} INFO - Started process (PID=4419) to work on /home/airflow/sandbox/lib/python3.8/site-packages/airflow/example_dags/example_dag_decorator.py
[2021-08-08 04:17:13,738] {scheduler_job.py:633} INFO - Processing file /home/airflow/sandbox/lib/python3.8/site-packages/airflow/example_dags/example_dag_decorator.py for tasks to queue
[2021-08-08 04:17:13,739] {logging_mixin.py:104} INFO - [2021-08-08 04:17:13,739] {dagbag.py:496} INFO - Filling up the DagBag from /home/airflow/sandbox/lib/python3.8/site-packages/airflow/example_dags/example_dag_decorator.py
[2021-08-08 04:17:13,758] {scheduler_job.py:643} INFO - DAG(s) dict_keys(['example_dag_decorator']) retrieved from /home/airflow/sandbox/lib/python3.8/site-packages/airflow/example_dags/example_dag_decorator.py
[2021-08-08 04:17:14,001] {logging_mixin.py:104} INFO - [2021-08-08 04:17:14,001] {dag.py:1833} INFO - Sync 1 DAGs
[2021-08-08 04:17:14,008] {logging_mixin.py:104} INFO - [2021-08-08 04:17:14,008] {dag.py:2306} INFO - Setting next_dagrun for example_dag_decorator to None
[2021-08-08 04:17:14,029] {scheduler_job.py:190} INFO - Processing /home/airflow/sandbox/lib/python3.8/site-packages/airflow/example_dags/example_dag_decorator.py took 0.298 seconds
[2021-08-08 04:17:47,158] {scheduler_job.py:182} INFO - Started process (PID=4542) to work on /home/airflow/sandbox/lib/python3.8/site-packages/airflow/example_dags/example_dag_decorator.py
[2021-08-08 04:17:47,161] {scheduler_job.py:633} INFO - Processing file /home/airflow/sandbox/lib/python3.8/site-packages/airflow/example_dags/example_dag_decorator.py for tasks to queue
[2021-08-08 04:17:47,163] {logging_mixin.py:104} INFO - [2021-08-08 04:17:47,163] {dagbag.py:496} INFO - Filling up the DagBag from /home/airflow/sandbox/lib/python3.8/site-packages/airflow/example_dags/example_dag_decorator.py
[2021-08-08 04:17:47,178] {scheduler_job.py:643} INFO - DAG(s) dict_keys(['example_dag_decorator']) retrieved from /home/airflow/sandbox/lib/python3.8/site-packages/airflow/example_dags/example_dag_decorator.py
[2021-08-08 04:17:47,379] {logging_mixin.py:104} INFO - [2021-08-08 04:17:47,379] {dag.py:1833} INFO - Sync 1 DAGs
[2021-08-08 04:17:47,387] {logging_mixin.py:104} INFO - [2021-08-08 04:17:47,387] {dag.py:2306} INFO - Setting next_dagrun for example_dag_decorator to None
[2021-08-08 04:17:47,406] {scheduler_job.py:190} INFO - Processing /home/airflow/sandbox/lib/python3.8/site-packages/airflow/example_dags/example_dag_decorator.py took 0.250 seconds
[2021-08-08 04:18:21,239] {scheduler_job.py:182} INFO - Started process (PID=4671) to work on /home/airflow/sandbox/lib/python3.8/site-packages/airflow/example_dags/example_dag_decorator.py
[2021-08-08 04:18:21,242] {scheduler_job.py:633} INFO - Processing file /home/airflow/sandbox/lib/python3.8/site-packages/airflow/example_dags/example_dag_decorator.py for tasks to queue
[2021-08-08 04:18:21,243] {logging_mixin.py:104} INFO - [2021-08-08 04:18:21,243] {dagbag.py:496} INFO - Filling up the DagBag from /home/airflow/sandbox/lib/python3.8/site-packages/airflow/example_dags/example_dag_decorator.py
[2021-08-08 04:18:21,257] {scheduler_job.py:643} INFO - DAG(s) dict_keys(['example_dag_decorator']) retrieved from /home/airflow/sandbox/lib/python3.8/site-packages/airflow/example_dags/example_dag_decorator.py
[2021-08-08 04:18:21,455] {logging_mixin.py:104} INFO - [2021-08-08 04:18:21,455] {dag.py:1833} INFO - Sync 1 DAGs
[2021-08-08 04:18:21,462] {logging_mixin.py:104} INFO - [2021-08-08 04:18:21,462] {dag.py:2306} INFO - Setting next_dagrun for example_dag_decorator to None
[2021-08-08 04:18:21,481] {scheduler_job.py:190} INFO - Processing /home/airflow/sandbox/lib/python3.8/site-packages/airflow/example_dags/example_dag_decorator.py took 0.246 seconds
[2021-08-08 04:18:54,138] {scheduler_job.py:182} INFO - Started process (PID=4885) to work on /home/airflow/sandbox/lib/python3.8/site-packages/airflow/example_dags/example_dag_decorator.py
[2021-08-08 04:18:54,141] {scheduler_job.py:633} INFO - Processing file /home/airflow/sandbox/lib/python3.8/site-packages/airflow/example_dags/example_dag_decorator.py for tasks to queue
[2021-08-08 04:18:54,143] {logging_mixin.py:104} INFO - [2021-08-08 04:18:54,143] {dagbag.py:496} INFO - Filling up the DagBag from /home/airflow/sandbox/lib/python3.8/site-packages/airflow/example_dags/example_dag_decorator.py
[2021-08-08 04:18:54,159] {scheduler_job.py:643} INFO - DAG(s) dict_keys(['example_dag_decorator']) retrieved from /home/airflow/sandbox/lib/python3.8/site-packages/airflow/example_dags/example_dag_decorator.py
[2021-08-08 04:18:54,374] {logging_mixin.py:104} INFO - [2021-08-08 04:18:54,373] {dag.py:1833} INFO - Sync 1 DAGs
[2021-08-08 04:18:54,382] {logging_mixin.py:104} INFO - [2021-08-08 04:18:54,382] {dag.py:2306} INFO - Setting next_dagrun for example_dag_decorator to None
[2021-08-08 04:18:54,401] {scheduler_job.py:190} INFO - Processing /home/airflow/sandbox/lib/python3.8/site-packages/airflow/example_dags/example_dag_decorator.py took 0.265 seconds
[2021-08-08 04:19:29,795] {scheduler_job.py:182} INFO - Started process (PID=5022) to work on /home/airflow/sandbox/lib/python3.8/site-packages/airflow/example_dags/example_dag_decorator.py
[2021-08-08 04:19:29,797] {scheduler_job.py:633} INFO - Processing file /home/airflow/sandbox/lib/python3.8/site-packages/airflow/example_dags/example_dag_decorator.py for tasks to queue
[2021-08-08 04:19:29,800] {logging_mixin.py:104} INFO - [2021-08-08 04:19:29,800] {dagbag.py:496} INFO - Filling up the DagBag from /home/airflow/sandbox/lib/python3.8/site-packages/airflow/example_dags/example_dag_decorator.py
[2021-08-08 04:19:29,814] {scheduler_job.py:643} INFO - DAG(s) dict_keys(['example_dag_decorator']) retrieved from /home/airflow/sandbox/lib/python3.8/site-packages/airflow/example_dags/example_dag_decorator.py
[2021-08-08 04:19:30,071] {logging_mixin.py:104} INFO - [2021-08-08 04:19:30,071] {dag.py:1833} INFO - Sync 1 DAGs
[2021-08-08 04:19:30,087] {logging_mixin.py:104} INFO - [2021-08-08 04:19:30,087] {dag.py:2306} INFO - Setting next_dagrun for example_dag_decorator to None
[2021-08-08 04:19:30,112] {scheduler_job.py:190} INFO - Processing /home/airflow/sandbox/lib/python3.8/site-packages/airflow/example_dags/example_dag_decorator.py took 0.320 seconds
[2021-08-08 04:20:06,663] {scheduler_job.py:182} INFO - Started process (PID=5165) to work on /home/airflow/sandbox/lib/python3.8/site-packages/airflow/example_dags/example_dag_decorator.py
[2021-08-08 04:20:06,666] {scheduler_job.py:633} INFO - Processing file /home/airflow/sandbox/lib/python3.8/site-packages/airflow/example_dags/example_dag_decorator.py for tasks to queue
[2021-08-08 04:20:06,668] {logging_mixin.py:104} INFO - [2021-08-08 04:20:06,668] {dagbag.py:496} INFO - Filling up the DagBag from /home/airflow/sandbox/lib/python3.8/site-packages/airflow/example_dags/example_dag_decorator.py
[2021-08-08 04:20:06,682] {scheduler_job.py:643} INFO - DAG(s) dict_keys(['example_dag_decorator']) retrieved from /home/airflow/sandbox/lib/python3.8/site-packages/airflow/example_dags/example_dag_decorator.py
[2021-08-08 04:20:06,884] {logging_mixin.py:104} INFO - [2021-08-08 04:20:06,884] {dag.py:1833} INFO - Sync 1 DAGs
[2021-08-08 04:20:06,892] {logging_mixin.py:104} INFO - [2021-08-08 04:20:06,892] {dag.py:2306} INFO - Setting next_dagrun for example_dag_decorator to None
[2021-08-08 04:20:06,912] {scheduler_job.py:190} INFO - Processing /home/airflow/sandbox/lib/python3.8/site-packages/airflow/example_dags/example_dag_decorator.py took 0.251 seconds
[2021-08-08 04:20:39,078] {scheduler_job.py:182} INFO - Started process (PID=5293) to work on /home/airflow/sandbox/lib/python3.8/site-packages/airflow/example_dags/example_dag_decorator.py
[2021-08-08 04:20:39,081] {scheduler_job.py:633} INFO - Processing file /home/airflow/sandbox/lib/python3.8/site-packages/airflow/example_dags/example_dag_decorator.py for tasks to queue
[2021-08-08 04:20:39,083] {logging_mixin.py:104} INFO - [2021-08-08 04:20:39,083] {dagbag.py:496} INFO - Filling up the DagBag from /home/airflow/sandbox/lib/python3.8/site-packages/airflow/example_dags/example_dag_decorator.py
[2021-08-08 04:20:39,097] {scheduler_job.py:643} INFO - DAG(s) dict_keys(['example_dag_decorator']) retrieved from /home/airflow/sandbox/lib/python3.8/site-packages/airflow/example_dags/example_dag_decorator.py
[2021-08-08 04:20:39,293] {logging_mixin.py:104} INFO - [2021-08-08 04:20:39,293] {dag.py:1833} INFO - Sync 1 DAGs
[2021-08-08 04:20:39,300] {logging_mixin.py:104} INFO - [2021-08-08 04:20:39,300] {dag.py:2306} INFO - Setting next_dagrun for example_dag_decorator to None
[2021-08-08 04:20:39,319] {scheduler_job.py:190} INFO - Processing /home/airflow/sandbox/lib/python3.8/site-packages/airflow/example_dags/example_dag_decorator.py took 0.244 seconds
[2021-08-08 04:21:11,743] {scheduler_job.py:182} INFO - Started process (PID=5463) to work on /home/airflow/sandbox/lib/python3.8/site-packages/airflow/example_dags/example_dag_decorator.py
[2021-08-08 04:21:11,746] {scheduler_job.py:633} INFO - Processing file /home/airflow/sandbox/lib/python3.8/site-packages/airflow/example_dags/example_dag_decorator.py for tasks to queue
[2021-08-08 04:21:11,749] {logging_mixin.py:104} INFO - [2021-08-08 04:21:11,749] {dagbag.py:496} INFO - Filling up the DagBag from /home/airflow/sandbox/lib/python3.8/site-packages/airflow/example_dags/example_dag_decorator.py
[2021-08-08 04:21:11,763] {scheduler_job.py:643} INFO - DAG(s) dict_keys(['example_dag_decorator']) retrieved from /home/airflow/sandbox/lib/python3.8/site-packages/airflow/example_dags/example_dag_decorator.py
[2021-08-08 04:21:11,975] {logging_mixin.py:104} INFO - [2021-08-08 04:21:11,975] {dag.py:1833} INFO - Sync 1 DAGs
[2021-08-08 04:21:11,982] {logging_mixin.py:104} INFO - [2021-08-08 04:21:11,982] {dag.py:2306} INFO - Setting next_dagrun for example_dag_decorator to None
[2021-08-08 04:21:11,999] {scheduler_job.py:190} INFO - Processing /home/airflow/sandbox/lib/python3.8/site-packages/airflow/example_dags/example_dag_decorator.py took 0.259 seconds
[2021-08-08 04:21:44,621] {scheduler_job.py:182} INFO - Started process (PID=5593) to work on /home/airflow/sandbox/lib/python3.8/site-packages/airflow/example_dags/example_dag_decorator.py
[2021-08-08 04:21:44,623] {scheduler_job.py:633} INFO - Processing file /home/airflow/sandbox/lib/python3.8/site-packages/airflow/example_dags/example_dag_decorator.py for tasks to queue
[2021-08-08 04:21:44,625] {logging_mixin.py:104} INFO - [2021-08-08 04:21:44,625] {dagbag.py:496} INFO - Filling up the DagBag from /home/airflow/sandbox/lib/python3.8/site-packages/airflow/example_dags/example_dag_decorator.py
[2021-08-08 04:21:44,639] {scheduler_job.py:643} INFO - DAG(s) dict_keys(['example_dag_decorator']) retrieved from /home/airflow/sandbox/lib/python3.8/site-packages/airflow/example_dags/example_dag_decorator.py
[2021-08-08 04:21:44,841] {logging_mixin.py:104} INFO - [2021-08-08 04:21:44,841] {dag.py:1833} INFO - Sync 1 DAGs
[2021-08-08 04:21:44,848] {logging_mixin.py:104} INFO - [2021-08-08 04:21:44,848] {dag.py:2306} INFO - Setting next_dagrun for example_dag_decorator to None
[2021-08-08 04:21:44,868] {scheduler_job.py:190} INFO - Processing /home/airflow/sandbox/lib/python3.8/site-packages/airflow/example_dags/example_dag_decorator.py took 0.250 seconds
[2021-08-08 04:22:23,481] {scheduler_job.py:182} INFO - Started process (PID=5744) to work on /home/airflow/sandbox/lib/python3.8/site-packages/airflow/example_dags/example_dag_decorator.py
[2021-08-08 04:22:23,483] {scheduler_job.py:633} INFO - Processing file /home/airflow/sandbox/lib/python3.8/site-packages/airflow/example_dags/example_dag_decorator.py for tasks to queue
[2021-08-08 04:22:23,486] {logging_mixin.py:104} INFO - [2021-08-08 04:22:23,486] {dagbag.py:496} INFO - Filling up the DagBag from /home/airflow/sandbox/lib/python3.8/site-packages/airflow/example_dags/example_dag_decorator.py
[2021-08-08 04:22:23,502] {scheduler_job.py:643} INFO - DAG(s) dict_keys(['example_dag_decorator']) retrieved from /home/airflow/sandbox/lib/python3.8/site-packages/airflow/example_dags/example_dag_decorator.py
[2021-08-08 04:22:23,711] {logging_mixin.py:104} INFO - [2021-08-08 04:22:23,710] {dag.py:1833} INFO - Sync 1 DAGs
[2021-08-08 04:22:23,718] {logging_mixin.py:104} INFO - [2021-08-08 04:22:23,718] {dag.py:2306} INFO - Setting next_dagrun for example_dag_decorator to None
[2021-08-08 04:22:23,738] {scheduler_job.py:190} INFO - Processing /home/airflow/sandbox/lib/python3.8/site-packages/airflow/example_dags/example_dag_decorator.py took 0.260 seconds
[2021-08-08 04:22:56,038] {scheduler_job.py:182} INFO - Started process (PID=5939) to work on /home/airflow/sandbox/lib/python3.8/site-packages/airflow/example_dags/example_dag_decorator.py
[2021-08-08 04:22:56,042] {scheduler_job.py:633} INFO - Processing file /home/airflow/sandbox/lib/python3.8/site-packages/airflow/example_dags/example_dag_decorator.py for tasks to queue
[2021-08-08 04:22:56,043] {logging_mixin.py:104} INFO - [2021-08-08 04:22:56,042] {dagbag.py:496} INFO - Filling up the DagBag from /home/airflow/sandbox/lib/python3.8/site-packages/airflow/example_dags/example_dag_decorator.py
[2021-08-08 04:22:56,060] {scheduler_job.py:643} INFO - DAG(s) dict_keys(['example_dag_decorator']) retrieved from /home/airflow/sandbox/lib/python3.8/site-packages/airflow/example_dags/example_dag_decorator.py
[2021-08-08 04:22:56,280] {logging_mixin.py:104} INFO - [2021-08-08 04:22:56,280] {dag.py:1833} INFO - Sync 1 DAGs
[2021-08-08 04:22:56,287] {logging_mixin.py:104} INFO - [2021-08-08 04:22:56,287] {dag.py:2306} INFO - Setting next_dagrun for example_dag_decorator to None
[2021-08-08 04:22:56,309] {scheduler_job.py:190} INFO - Processing /home/airflow/sandbox/lib/python3.8/site-packages/airflow/example_dags/example_dag_decorator.py took 0.275 seconds
[2021-08-08 04:23:32,619] {scheduler_job.py:182} INFO - Started process (PID=6164) to work on /home/airflow/sandbox/lib/python3.8/site-packages/airflow/example_dags/example_dag_decorator.py
[2021-08-08 04:23:32,621] {scheduler_job.py:633} INFO - Processing file /home/airflow/sandbox/lib/python3.8/site-packages/airflow/example_dags/example_dag_decorator.py for tasks to queue
[2021-08-08 04:23:32,625] {logging_mixin.py:104} INFO - [2021-08-08 04:23:32,625] {dagbag.py:496} INFO - Filling up the DagBag from /home/airflow/sandbox/lib/python3.8/site-packages/airflow/example_dags/example_dag_decorator.py
[2021-08-08 04:23:32,642] {scheduler_job.py:643} INFO - DAG(s) dict_keys(['example_dag_decorator']) retrieved from /home/airflow/sandbox/lib/python3.8/site-packages/airflow/example_dags/example_dag_decorator.py
[2021-08-08 04:23:32,904] {logging_mixin.py:104} INFO - [2021-08-08 04:23:32,904] {dag.py:1833} INFO - Sync 1 DAGs
[2021-08-08 04:23:32,913] {logging_mixin.py:104} INFO - [2021-08-08 04:23:32,913] {dag.py:2306} INFO - Setting next_dagrun for example_dag_decorator to None
[2021-08-08 04:23:32,933] {scheduler_job.py:190} INFO - Processing /home/airflow/sandbox/lib/python3.8/site-packages/airflow/example_dags/example_dag_decorator.py took 0.317 seconds
[2021-08-08 04:24:06,608] {scheduler_job.py:182} INFO - Started process (PID=6344) to work on /home/airflow/sandbox/lib/python3.8/site-packages/airflow/example_dags/example_dag_decorator.py
[2021-08-08 04:24:06,610] {scheduler_job.py:633} INFO - Processing file /home/airflow/sandbox/lib/python3.8/site-packages/airflow/example_dags/example_dag_decorator.py for tasks to queue
[2021-08-08 04:24:06,612] {logging_mixin.py:104} INFO - [2021-08-08 04:24:06,612] {dagbag.py:496} INFO - Filling up the DagBag from /home/airflow/sandbox/lib/python3.8/site-packages/airflow/example_dags/example_dag_decorator.py
[2021-08-08 04:24:06,626] {scheduler_job.py:643} INFO - DAG(s) dict_keys(['example_dag_decorator']) retrieved from /home/airflow/sandbox/lib/python3.8/site-packages/airflow/example_dags/example_dag_decorator.py
[2021-08-08 04:24:06,829] {logging_mixin.py:104} INFO - [2021-08-08 04:24:06,829] {dag.py:1833} INFO - Sync 1 DAGs
[2021-08-08 04:24:06,836] {logging_mixin.py:104} INFO - [2021-08-08 04:24:06,836] {dag.py:2306} INFO - Setting next_dagrun for example_dag_decorator to None
[2021-08-08 04:24:06,856] {scheduler_job.py:190} INFO - Processing /home/airflow/sandbox/lib/python3.8/site-packages/airflow/example_dags/example_dag_decorator.py took 0.251 seconds
[2021-08-08 04:24:39,989] {scheduler_job.py:182} INFO - Started process (PID=6487) to work on /home/airflow/sandbox/lib/python3.8/site-packages/airflow/example_dags/example_dag_decorator.py
[2021-08-08 04:24:39,993] {scheduler_job.py:633} INFO - Processing file /home/airflow/sandbox/lib/python3.8/site-packages/airflow/example_dags/example_dag_decorator.py for tasks to queue
[2021-08-08 04:24:39,996] {logging_mixin.py:104} INFO - [2021-08-08 04:24:39,996] {dagbag.py:496} INFO - Filling up the DagBag from /home/airflow/sandbox/lib/python3.8/site-packages/airflow/example_dags/example_dag_decorator.py
[2021-08-08 04:24:40,013] {scheduler_job.py:643} INFO - DAG(s) dict_keys(['example_dag_decorator']) retrieved from /home/airflow/sandbox/lib/python3.8/site-packages/airflow/example_dags/example_dag_decorator.py
[2021-08-08 04:24:40,218] {logging_mixin.py:104} INFO - [2021-08-08 04:24:40,218] {dag.py:1833} INFO - Sync 1 DAGs
[2021-08-08 04:24:40,228] {logging_mixin.py:104} INFO - [2021-08-08 04:24:40,228] {dag.py:2306} INFO - Setting next_dagrun for example_dag_decorator to None
[2021-08-08 04:24:40,244] {scheduler_job.py:190} INFO - Processing /home/airflow/sandbox/lib/python3.8/site-packages/airflow/example_dags/example_dag_decorator.py took 0.258 seconds
