[2021-08-08 04:11:27,526] {scheduler_job.py:182} INFO - Started process (PID=2647) to work on /home/airflow/sandbox/lib/python3.8/site-packages/airflow/example_dags/example_kubernetes_executor_config.py
[2021-08-08 04:11:27,530] {scheduler_job.py:633} INFO - Processing file /home/airflow/sandbox/lib/python3.8/site-packages/airflow/example_dags/example_kubernetes_executor_config.py for tasks to queue
[2021-08-08 04:11:27,530] {logging_mixin.py:104} INFO - [2021-08-08 04:11:27,530] {dagbag.py:496} INFO - Filling up the DagBag from /home/airflow/sandbox/lib/python3.8/site-packages/airflow/example_dags/example_kubernetes_executor_config.py
[2021-08-08 04:11:27,544] {logging_mixin.py:104} INFO - [2021-08-08 04:11:27,543] {example_kubernetes_executor_config.py:175} WARNING - Could not import DAGs in example_kubernetes_executor_config.py: No module named 'kubernetes'
[2021-08-08 04:11:27,548] {logging_mixin.py:104} INFO - [2021-08-08 04:11:27,548] {example_kubernetes_executor_config.py:176} WARNING - Install kubernetes dependencies with: pip install apache-airflow['cncf.kubernetes']
[2021-08-08 04:11:27,548] {scheduler_job.py:645} WARNING - No viable dags retrieved from /home/airflow/sandbox/lib/python3.8/site-packages/airflow/example_dags/example_kubernetes_executor_config.py
[2021-08-08 04:11:27,562] {scheduler_job.py:190} INFO - Processing /home/airflow/sandbox/lib/python3.8/site-packages/airflow/example_dags/example_kubernetes_executor_config.py took 0.038 seconds
[2021-08-08 04:12:05,464] {scheduler_job.py:182} INFO - Started process (PID=2801) to work on /home/airflow/sandbox/lib/python3.8/site-packages/airflow/example_dags/example_kubernetes_executor_config.py
[2021-08-08 04:12:05,467] {scheduler_job.py:633} INFO - Processing file /home/airflow/sandbox/lib/python3.8/site-packages/airflow/example_dags/example_kubernetes_executor_config.py for tasks to queue
[2021-08-08 04:12:05,470] {logging_mixin.py:104} INFO - [2021-08-08 04:12:05,470] {dagbag.py:496} INFO - Filling up the DagBag from /home/airflow/sandbox/lib/python3.8/site-packages/airflow/example_dags/example_kubernetes_executor_config.py
[2021-08-08 04:12:05,478] {logging_mixin.py:104} INFO - [2021-08-08 04:12:05,478] {example_kubernetes_executor_config.py:175} WARNING - Could not import DAGs in example_kubernetes_executor_config.py: No module named 'kubernetes'
[2021-08-08 04:12:05,480] {logging_mixin.py:104} INFO - [2021-08-08 04:12:05,480] {example_kubernetes_executor_config.py:176} WARNING - Install kubernetes dependencies with: pip install apache-airflow['cncf.kubernetes']
[2021-08-08 04:12:05,483] {scheduler_job.py:645} WARNING - No viable dags retrieved from /home/airflow/sandbox/lib/python3.8/site-packages/airflow/example_dags/example_kubernetes_executor_config.py
[2021-08-08 04:12:05,492] {scheduler_job.py:190} INFO - Processing /home/airflow/sandbox/lib/python3.8/site-packages/airflow/example_dags/example_kubernetes_executor_config.py took 0.031 seconds
[2021-08-08 04:12:39,801] {scheduler_job.py:182} INFO - Started process (PID=2963) to work on /home/airflow/sandbox/lib/python3.8/site-packages/airflow/example_dags/example_kubernetes_executor_config.py
[2021-08-08 04:12:39,804] {scheduler_job.py:633} INFO - Processing file /home/airflow/sandbox/lib/python3.8/site-packages/airflow/example_dags/example_kubernetes_executor_config.py for tasks to queue
[2021-08-08 04:12:39,807] {logging_mixin.py:104} INFO - [2021-08-08 04:12:39,806] {dagbag.py:496} INFO - Filling up the DagBag from /home/airflow/sandbox/lib/python3.8/site-packages/airflow/example_dags/example_kubernetes_executor_config.py
[2021-08-08 04:12:39,818] {logging_mixin.py:104} INFO - [2021-08-08 04:12:39,818] {example_kubernetes_executor_config.py:175} WARNING - Could not import DAGs in example_kubernetes_executor_config.py: No module named 'kubernetes'
[2021-08-08 04:12:39,821] {logging_mixin.py:104} INFO - [2021-08-08 04:12:39,821] {example_kubernetes_executor_config.py:176} WARNING - Install kubernetes dependencies with: pip install apache-airflow['cncf.kubernetes']
[2021-08-08 04:12:39,821] {scheduler_job.py:645} WARNING - No viable dags retrieved from /home/airflow/sandbox/lib/python3.8/site-packages/airflow/example_dags/example_kubernetes_executor_config.py
[2021-08-08 04:12:39,834] {scheduler_job.py:190} INFO - Processing /home/airflow/sandbox/lib/python3.8/site-packages/airflow/example_dags/example_kubernetes_executor_config.py took 0.036 seconds
[2021-08-08 04:13:14,044] {scheduler_job.py:182} INFO - Started process (PID=3130) to work on /home/airflow/sandbox/lib/python3.8/site-packages/airflow/example_dags/example_kubernetes_executor_config.py
[2021-08-08 04:13:14,047] {scheduler_job.py:633} INFO - Processing file /home/airflow/sandbox/lib/python3.8/site-packages/airflow/example_dags/example_kubernetes_executor_config.py for tasks to queue
[2021-08-08 04:13:14,048] {logging_mixin.py:104} INFO - [2021-08-08 04:13:14,048] {dagbag.py:496} INFO - Filling up the DagBag from /home/airflow/sandbox/lib/python3.8/site-packages/airflow/example_dags/example_kubernetes_executor_config.py
[2021-08-08 04:13:14,057] {logging_mixin.py:104} INFO - [2021-08-08 04:13:14,057] {example_kubernetes_executor_config.py:175} WARNING - Could not import DAGs in example_kubernetes_executor_config.py: No module named 'kubernetes'
[2021-08-08 04:13:14,059] {logging_mixin.py:104} INFO - [2021-08-08 04:13:14,059] {example_kubernetes_executor_config.py:176} WARNING - Install kubernetes dependencies with: pip install apache-airflow['cncf.kubernetes']
[2021-08-08 04:13:14,062] {scheduler_job.py:645} WARNING - No viable dags retrieved from /home/airflow/sandbox/lib/python3.8/site-packages/airflow/example_dags/example_kubernetes_executor_config.py
[2021-08-08 04:13:14,073] {scheduler_job.py:190} INFO - Processing /home/airflow/sandbox/lib/python3.8/site-packages/airflow/example_dags/example_kubernetes_executor_config.py took 0.032 seconds
[2021-08-08 04:13:47,802] {scheduler_job.py:182} INFO - Started process (PID=3259) to work on /home/airflow/sandbox/lib/python3.8/site-packages/airflow/example_dags/example_kubernetes_executor_config.py
[2021-08-08 04:13:47,805] {scheduler_job.py:633} INFO - Processing file /home/airflow/sandbox/lib/python3.8/site-packages/airflow/example_dags/example_kubernetes_executor_config.py for tasks to queue
[2021-08-08 04:13:47,807] {logging_mixin.py:104} INFO - [2021-08-08 04:13:47,807] {dagbag.py:496} INFO - Filling up the DagBag from /home/airflow/sandbox/lib/python3.8/site-packages/airflow/example_dags/example_kubernetes_executor_config.py
[2021-08-08 04:13:47,813] {logging_mixin.py:104} INFO - [2021-08-08 04:13:47,813] {example_kubernetes_executor_config.py:175} WARNING - Could not import DAGs in example_kubernetes_executor_config.py: No module named 'kubernetes'
[2021-08-08 04:13:47,815] {logging_mixin.py:104} INFO - [2021-08-08 04:13:47,815] {example_kubernetes_executor_config.py:176} WARNING - Install kubernetes dependencies with: pip install apache-airflow['cncf.kubernetes']
[2021-08-08 04:13:47,817] {scheduler_job.py:645} WARNING - No viable dags retrieved from /home/airflow/sandbox/lib/python3.8/site-packages/airflow/example_dags/example_kubernetes_executor_config.py
[2021-08-08 04:13:47,825] {scheduler_job.py:190} INFO - Processing /home/airflow/sandbox/lib/python3.8/site-packages/airflow/example_dags/example_kubernetes_executor_config.py took 0.026 seconds
[2021-08-08 04:14:25,396] {scheduler_job.py:182} INFO - Started process (PID=3460) to work on /home/airflow/sandbox/lib/python3.8/site-packages/airflow/example_dags/example_kubernetes_executor_config.py
[2021-08-08 04:14:25,402] {scheduler_job.py:633} INFO - Processing file /home/airflow/sandbox/lib/python3.8/site-packages/airflow/example_dags/example_kubernetes_executor_config.py for tasks to queue
[2021-08-08 04:14:25,409] {logging_mixin.py:104} INFO - [2021-08-08 04:14:25,408] {dagbag.py:496} INFO - Filling up the DagBag from /home/airflow/sandbox/lib/python3.8/site-packages/airflow/example_dags/example_kubernetes_executor_config.py
[2021-08-08 04:14:25,429] {logging_mixin.py:104} INFO - [2021-08-08 04:14:25,427] {example_kubernetes_executor_config.py:175} WARNING - Could not import DAGs in example_kubernetes_executor_config.py: No module named 'kubernetes'
[2021-08-08 04:14:25,432] {logging_mixin.py:104} INFO - [2021-08-08 04:14:25,432] {example_kubernetes_executor_config.py:176} WARNING - Install kubernetes dependencies with: pip install apache-airflow['cncf.kubernetes']
[2021-08-08 04:14:25,436] {scheduler_job.py:645} WARNING - No viable dags retrieved from /home/airflow/sandbox/lib/python3.8/site-packages/airflow/example_dags/example_kubernetes_executor_config.py
[2021-08-08 04:14:25,458] {scheduler_job.py:190} INFO - Processing /home/airflow/sandbox/lib/python3.8/site-packages/airflow/example_dags/example_kubernetes_executor_config.py took 0.069 seconds
[2021-08-08 04:15:04,641] {scheduler_job.py:182} INFO - Started process (PID=3712) to work on /home/airflow/sandbox/lib/python3.8/site-packages/airflow/example_dags/example_kubernetes_executor_config.py
[2021-08-08 04:15:04,644] {scheduler_job.py:633} INFO - Processing file /home/airflow/sandbox/lib/python3.8/site-packages/airflow/example_dags/example_kubernetes_executor_config.py for tasks to queue
[2021-08-08 04:15:04,651] {logging_mixin.py:104} INFO - [2021-08-08 04:15:04,651] {dagbag.py:496} INFO - Filling up the DagBag from /home/airflow/sandbox/lib/python3.8/site-packages/airflow/example_dags/example_kubernetes_executor_config.py
[2021-08-08 04:15:04,659] {logging_mixin.py:104} INFO - [2021-08-08 04:15:04,658] {example_kubernetes_executor_config.py:175} WARNING - Could not import DAGs in example_kubernetes_executor_config.py: No module named 'kubernetes'
[2021-08-08 04:15:04,660] {logging_mixin.py:104} INFO - [2021-08-08 04:15:04,660] {example_kubernetes_executor_config.py:176} WARNING - Install kubernetes dependencies with: pip install apache-airflow['cncf.kubernetes']
[2021-08-08 04:15:04,664] {scheduler_job.py:645} WARNING - No viable dags retrieved from /home/airflow/sandbox/lib/python3.8/site-packages/airflow/example_dags/example_kubernetes_executor_config.py
[2021-08-08 04:15:04,670] {scheduler_job.py:190} INFO - Processing /home/airflow/sandbox/lib/python3.8/site-packages/airflow/example_dags/example_kubernetes_executor_config.py took 0.031 seconds
[2021-08-08 04:15:37,977] {scheduler_job.py:182} INFO - Started process (PID=3846) to work on /home/airflow/sandbox/lib/python3.8/site-packages/airflow/example_dags/example_kubernetes_executor_config.py
[2021-08-08 04:15:37,980] {scheduler_job.py:633} INFO - Processing file /home/airflow/sandbox/lib/python3.8/site-packages/airflow/example_dags/example_kubernetes_executor_config.py for tasks to queue
[2021-08-08 04:15:37,982] {logging_mixin.py:104} INFO - [2021-08-08 04:15:37,982] {dagbag.py:496} INFO - Filling up the DagBag from /home/airflow/sandbox/lib/python3.8/site-packages/airflow/example_dags/example_kubernetes_executor_config.py
[2021-08-08 04:15:37,987] {logging_mixin.py:104} INFO - [2021-08-08 04:15:37,987] {example_kubernetes_executor_config.py:175} WARNING - Could not import DAGs in example_kubernetes_executor_config.py: No module named 'kubernetes'
[2021-08-08 04:15:37,987] {logging_mixin.py:104} INFO - [2021-08-08 04:15:37,987] {example_kubernetes_executor_config.py:176} WARNING - Install kubernetes dependencies with: pip install apache-airflow['cncf.kubernetes']
[2021-08-08 04:15:37,987] {scheduler_job.py:645} WARNING - No viable dags retrieved from /home/airflow/sandbox/lib/python3.8/site-packages/airflow/example_dags/example_kubernetes_executor_config.py
[2021-08-08 04:15:37,997] {scheduler_job.py:190} INFO - Processing /home/airflow/sandbox/lib/python3.8/site-packages/airflow/example_dags/example_kubernetes_executor_config.py took 0.022 seconds
[2021-08-08 04:16:10,235] {scheduler_job.py:182} INFO - Started process (PID=4129) to work on /home/airflow/sandbox/lib/python3.8/site-packages/airflow/example_dags/example_kubernetes_executor_config.py
[2021-08-08 04:16:10,238] {scheduler_job.py:633} INFO - Processing file /home/airflow/sandbox/lib/python3.8/site-packages/airflow/example_dags/example_kubernetes_executor_config.py for tasks to queue
[2021-08-08 04:16:10,240] {logging_mixin.py:104} INFO - [2021-08-08 04:16:10,240] {dagbag.py:496} INFO - Filling up the DagBag from /home/airflow/sandbox/lib/python3.8/site-packages/airflow/example_dags/example_kubernetes_executor_config.py
[2021-08-08 04:16:10,247] {logging_mixin.py:104} INFO - [2021-08-08 04:16:10,247] {example_kubernetes_executor_config.py:175} WARNING - Could not import DAGs in example_kubernetes_executor_config.py: No module named 'kubernetes'
[2021-08-08 04:16:10,249] {logging_mixin.py:104} INFO - [2021-08-08 04:16:10,249] {example_kubernetes_executor_config.py:176} WARNING - Install kubernetes dependencies with: pip install apache-airflow['cncf.kubernetes']
[2021-08-08 04:16:10,251] {scheduler_job.py:645} WARNING - No viable dags retrieved from /home/airflow/sandbox/lib/python3.8/site-packages/airflow/example_dags/example_kubernetes_executor_config.py
[2021-08-08 04:16:10,260] {scheduler_job.py:190} INFO - Processing /home/airflow/sandbox/lib/python3.8/site-packages/airflow/example_dags/example_kubernetes_executor_config.py took 0.027 seconds
[2021-08-08 04:16:43,984] {scheduler_job.py:182} INFO - Started process (PID=4264) to work on /home/airflow/sandbox/lib/python3.8/site-packages/airflow/example_dags/example_kubernetes_executor_config.py
[2021-08-08 04:16:43,988] {scheduler_job.py:633} INFO - Processing file /home/airflow/sandbox/lib/python3.8/site-packages/airflow/example_dags/example_kubernetes_executor_config.py for tasks to queue
[2021-08-08 04:16:43,991] {logging_mixin.py:104} INFO - [2021-08-08 04:16:43,991] {dagbag.py:496} INFO - Filling up the DagBag from /home/airflow/sandbox/lib/python3.8/site-packages/airflow/example_dags/example_kubernetes_executor_config.py
[2021-08-08 04:16:44,002] {logging_mixin.py:104} INFO - [2021-08-08 04:16:44,002] {example_kubernetes_executor_config.py:175} WARNING - Could not import DAGs in example_kubernetes_executor_config.py: No module named 'kubernetes'
[2021-08-08 04:16:44,004] {logging_mixin.py:104} INFO - [2021-08-08 04:16:44,004] {example_kubernetes_executor_config.py:176} WARNING - Install kubernetes dependencies with: pip install apache-airflow['cncf.kubernetes']
[2021-08-08 04:16:44,007] {scheduler_job.py:645} WARNING - No viable dags retrieved from /home/airflow/sandbox/lib/python3.8/site-packages/airflow/example_dags/example_kubernetes_executor_config.py
[2021-08-08 04:16:44,016] {scheduler_job.py:190} INFO - Processing /home/airflow/sandbox/lib/python3.8/site-packages/airflow/example_dags/example_kubernetes_executor_config.py took 0.036 seconds
[2021-08-08 04:17:18,479] {scheduler_job.py:182} INFO - Started process (PID=4435) to work on /home/airflow/sandbox/lib/python3.8/site-packages/airflow/example_dags/example_kubernetes_executor_config.py
[2021-08-08 04:17:18,482] {scheduler_job.py:633} INFO - Processing file /home/airflow/sandbox/lib/python3.8/site-packages/airflow/example_dags/example_kubernetes_executor_config.py for tasks to queue
[2021-08-08 04:17:18,484] {logging_mixin.py:104} INFO - [2021-08-08 04:17:18,484] {dagbag.py:496} INFO - Filling up the DagBag from /home/airflow/sandbox/lib/python3.8/site-packages/airflow/example_dags/example_kubernetes_executor_config.py
[2021-08-08 04:17:18,491] {logging_mixin.py:104} INFO - [2021-08-08 04:17:18,491] {example_kubernetes_executor_config.py:175} WARNING - Could not import DAGs in example_kubernetes_executor_config.py: No module named 'kubernetes'
[2021-08-08 04:17:18,494] {logging_mixin.py:104} INFO - [2021-08-08 04:17:18,494] {example_kubernetes_executor_config.py:176} WARNING - Install kubernetes dependencies with: pip install apache-airflow['cncf.kubernetes']
[2021-08-08 04:17:18,496] {scheduler_job.py:645} WARNING - No viable dags retrieved from /home/airflow/sandbox/lib/python3.8/site-packages/airflow/example_dags/example_kubernetes_executor_config.py
[2021-08-08 04:17:18,510] {scheduler_job.py:190} INFO - Processing /home/airflow/sandbox/lib/python3.8/site-packages/airflow/example_dags/example_kubernetes_executor_config.py took 0.033 seconds
[2021-08-08 04:17:51,385] {scheduler_job.py:182} INFO - Started process (PID=4558) to work on /home/airflow/sandbox/lib/python3.8/site-packages/airflow/example_dags/example_kubernetes_executor_config.py
[2021-08-08 04:17:51,387] {scheduler_job.py:633} INFO - Processing file /home/airflow/sandbox/lib/python3.8/site-packages/airflow/example_dags/example_kubernetes_executor_config.py for tasks to queue
[2021-08-08 04:17:51,390] {logging_mixin.py:104} INFO - [2021-08-08 04:17:51,389] {dagbag.py:496} INFO - Filling up the DagBag from /home/airflow/sandbox/lib/python3.8/site-packages/airflow/example_dags/example_kubernetes_executor_config.py
[2021-08-08 04:17:51,396] {logging_mixin.py:104} INFO - [2021-08-08 04:17:51,396] {example_kubernetes_executor_config.py:175} WARNING - Could not import DAGs in example_kubernetes_executor_config.py: No module named 'kubernetes'
[2021-08-08 04:17:51,398] {logging_mixin.py:104} INFO - [2021-08-08 04:17:51,398] {example_kubernetes_executor_config.py:176} WARNING - Install kubernetes dependencies with: pip install apache-airflow['cncf.kubernetes']
[2021-08-08 04:17:51,401] {scheduler_job.py:645} WARNING - No viable dags retrieved from /home/airflow/sandbox/lib/python3.8/site-packages/airflow/example_dags/example_kubernetes_executor_config.py
[2021-08-08 04:17:51,408] {scheduler_job.py:190} INFO - Processing /home/airflow/sandbox/lib/python3.8/site-packages/airflow/example_dags/example_kubernetes_executor_config.py took 0.027 seconds
[2021-08-08 04:18:26,021] {scheduler_job.py:182} INFO - Started process (PID=4687) to work on /home/airflow/sandbox/lib/python3.8/site-packages/airflow/example_dags/example_kubernetes_executor_config.py
[2021-08-08 04:18:26,024] {scheduler_job.py:633} INFO - Processing file /home/airflow/sandbox/lib/python3.8/site-packages/airflow/example_dags/example_kubernetes_executor_config.py for tasks to queue
[2021-08-08 04:18:26,026] {logging_mixin.py:104} INFO - [2021-08-08 04:18:26,026] {dagbag.py:496} INFO - Filling up the DagBag from /home/airflow/sandbox/lib/python3.8/site-packages/airflow/example_dags/example_kubernetes_executor_config.py
[2021-08-08 04:18:26,032] {logging_mixin.py:104} INFO - [2021-08-08 04:18:26,032] {example_kubernetes_executor_config.py:175} WARNING - Could not import DAGs in example_kubernetes_executor_config.py: No module named 'kubernetes'
[2021-08-08 04:18:26,034] {logging_mixin.py:104} INFO - [2021-08-08 04:18:26,034] {example_kubernetes_executor_config.py:176} WARNING - Install kubernetes dependencies with: pip install apache-airflow['cncf.kubernetes']
[2021-08-08 04:18:26,036] {scheduler_job.py:645} WARNING - No viable dags retrieved from /home/airflow/sandbox/lib/python3.8/site-packages/airflow/example_dags/example_kubernetes_executor_config.py
[2021-08-08 04:18:26,042] {scheduler_job.py:190} INFO - Processing /home/airflow/sandbox/lib/python3.8/site-packages/airflow/example_dags/example_kubernetes_executor_config.py took 0.023 seconds
[2021-08-08 04:19:00,034] {scheduler_job.py:182} INFO - Started process (PID=4908) to work on /home/airflow/sandbox/lib/python3.8/site-packages/airflow/example_dags/example_kubernetes_executor_config.py
[2021-08-08 04:19:00,037] {scheduler_job.py:633} INFO - Processing file /home/airflow/sandbox/lib/python3.8/site-packages/airflow/example_dags/example_kubernetes_executor_config.py for tasks to queue
[2021-08-08 04:19:00,039] {logging_mixin.py:104} INFO - [2021-08-08 04:19:00,039] {dagbag.py:496} INFO - Filling up the DagBag from /home/airflow/sandbox/lib/python3.8/site-packages/airflow/example_dags/example_kubernetes_executor_config.py
[2021-08-08 04:19:00,045] {logging_mixin.py:104} INFO - [2021-08-08 04:19:00,045] {example_kubernetes_executor_config.py:175} WARNING - Could not import DAGs in example_kubernetes_executor_config.py: No module named 'kubernetes'
[2021-08-08 04:19:00,047] {logging_mixin.py:104} INFO - [2021-08-08 04:19:00,047] {example_kubernetes_executor_config.py:176} WARNING - Install kubernetes dependencies with: pip install apache-airflow['cncf.kubernetes']
[2021-08-08 04:19:00,049] {scheduler_job.py:645} WARNING - No viable dags retrieved from /home/airflow/sandbox/lib/python3.8/site-packages/airflow/example_dags/example_kubernetes_executor_config.py
[2021-08-08 04:19:00,054] {scheduler_job.py:190} INFO - Processing /home/airflow/sandbox/lib/python3.8/site-packages/airflow/example_dags/example_kubernetes_executor_config.py took 0.022 seconds
[2021-08-08 04:19:34,944] {scheduler_job.py:182} INFO - Started process (PID=5044) to work on /home/airflow/sandbox/lib/python3.8/site-packages/airflow/example_dags/example_kubernetes_executor_config.py
[2021-08-08 04:19:34,947] {scheduler_job.py:633} INFO - Processing file /home/airflow/sandbox/lib/python3.8/site-packages/airflow/example_dags/example_kubernetes_executor_config.py for tasks to queue
[2021-08-08 04:19:34,949] {logging_mixin.py:104} INFO - [2021-08-08 04:19:34,949] {dagbag.py:496} INFO - Filling up the DagBag from /home/airflow/sandbox/lib/python3.8/site-packages/airflow/example_dags/example_kubernetes_executor_config.py
[2021-08-08 04:19:34,957] {logging_mixin.py:104} INFO - [2021-08-08 04:19:34,957] {example_kubernetes_executor_config.py:175} WARNING - Could not import DAGs in example_kubernetes_executor_config.py: No module named 'kubernetes'
[2021-08-08 04:19:34,958] {logging_mixin.py:104} INFO - [2021-08-08 04:19:34,958] {example_kubernetes_executor_config.py:176} WARNING - Install kubernetes dependencies with: pip install apache-airflow['cncf.kubernetes']
[2021-08-08 04:19:34,961] {scheduler_job.py:645} WARNING - No viable dags retrieved from /home/airflow/sandbox/lib/python3.8/site-packages/airflow/example_dags/example_kubernetes_executor_config.py
[2021-08-08 04:19:34,968] {scheduler_job.py:190} INFO - Processing /home/airflow/sandbox/lib/python3.8/site-packages/airflow/example_dags/example_kubernetes_executor_config.py took 0.028 seconds
[2021-08-08 04:20:10,669] {scheduler_job.py:182} INFO - Started process (PID=5181) to work on /home/airflow/sandbox/lib/python3.8/site-packages/airflow/example_dags/example_kubernetes_executor_config.py
[2021-08-08 04:20:10,671] {scheduler_job.py:633} INFO - Processing file /home/airflow/sandbox/lib/python3.8/site-packages/airflow/example_dags/example_kubernetes_executor_config.py for tasks to queue
[2021-08-08 04:20:10,673] {logging_mixin.py:104} INFO - [2021-08-08 04:20:10,673] {dagbag.py:496} INFO - Filling up the DagBag from /home/airflow/sandbox/lib/python3.8/site-packages/airflow/example_dags/example_kubernetes_executor_config.py
[2021-08-08 04:20:10,681] {logging_mixin.py:104} INFO - [2021-08-08 04:20:10,681] {example_kubernetes_executor_config.py:175} WARNING - Could not import DAGs in example_kubernetes_executor_config.py: No module named 'kubernetes'
[2021-08-08 04:20:10,681] {logging_mixin.py:104} INFO - [2021-08-08 04:20:10,681] {example_kubernetes_executor_config.py:176} WARNING - Install kubernetes dependencies with: pip install apache-airflow['cncf.kubernetes']
[2021-08-08 04:20:10,681] {scheduler_job.py:645} WARNING - No viable dags retrieved from /home/airflow/sandbox/lib/python3.8/site-packages/airflow/example_dags/example_kubernetes_executor_config.py
[2021-08-08 04:20:10,691] {scheduler_job.py:190} INFO - Processing /home/airflow/sandbox/lib/python3.8/site-packages/airflow/example_dags/example_kubernetes_executor_config.py took 0.025 seconds
[2021-08-08 04:20:44,954] {scheduler_job.py:182} INFO - Started process (PID=5316) to work on /home/airflow/sandbox/lib/python3.8/site-packages/airflow/example_dags/example_kubernetes_executor_config.py
[2021-08-08 04:20:44,957] {scheduler_job.py:633} INFO - Processing file /home/airflow/sandbox/lib/python3.8/site-packages/airflow/example_dags/example_kubernetes_executor_config.py for tasks to queue
[2021-08-08 04:20:44,959] {logging_mixin.py:104} INFO - [2021-08-08 04:20:44,959] {dagbag.py:496} INFO - Filling up the DagBag from /home/airflow/sandbox/lib/python3.8/site-packages/airflow/example_dags/example_kubernetes_executor_config.py
[2021-08-08 04:20:44,971] {logging_mixin.py:104} INFO - [2021-08-08 04:20:44,970] {example_kubernetes_executor_config.py:175} WARNING - Could not import DAGs in example_kubernetes_executor_config.py: No module named 'kubernetes'
[2021-08-08 04:20:44,973] {logging_mixin.py:104} INFO - [2021-08-08 04:20:44,973] {example_kubernetes_executor_config.py:176} WARNING - Install kubernetes dependencies with: pip install apache-airflow['cncf.kubernetes']
[2021-08-08 04:20:44,975] {scheduler_job.py:645} WARNING - No viable dags retrieved from /home/airflow/sandbox/lib/python3.8/site-packages/airflow/example_dags/example_kubernetes_executor_config.py
[2021-08-08 04:20:44,982] {scheduler_job.py:190} INFO - Processing /home/airflow/sandbox/lib/python3.8/site-packages/airflow/example_dags/example_kubernetes_executor_config.py took 0.031 seconds
[2021-08-08 04:21:17,792] {scheduler_job.py:182} INFO - Started process (PID=5487) to work on /home/airflow/sandbox/lib/python3.8/site-packages/airflow/example_dags/example_kubernetes_executor_config.py
[2021-08-08 04:21:17,795] {scheduler_job.py:633} INFO - Processing file /home/airflow/sandbox/lib/python3.8/site-packages/airflow/example_dags/example_kubernetes_executor_config.py for tasks to queue
[2021-08-08 04:21:17,797] {logging_mixin.py:104} INFO - [2021-08-08 04:21:17,797] {dagbag.py:496} INFO - Filling up the DagBag from /home/airflow/sandbox/lib/python3.8/site-packages/airflow/example_dags/example_kubernetes_executor_config.py
[2021-08-08 04:21:17,803] {logging_mixin.py:104} INFO - [2021-08-08 04:21:17,803] {example_kubernetes_executor_config.py:175} WARNING - Could not import DAGs in example_kubernetes_executor_config.py: No module named 'kubernetes'
[2021-08-08 04:21:17,805] {logging_mixin.py:104} INFO - [2021-08-08 04:21:17,805] {example_kubernetes_executor_config.py:176} WARNING - Install kubernetes dependencies with: pip install apache-airflow['cncf.kubernetes']
[2021-08-08 04:21:17,807] {scheduler_job.py:645} WARNING - No viable dags retrieved from /home/airflow/sandbox/lib/python3.8/site-packages/airflow/example_dags/example_kubernetes_executor_config.py
[2021-08-08 04:21:17,815] {scheduler_job.py:190} INFO - Processing /home/airflow/sandbox/lib/python3.8/site-packages/airflow/example_dags/example_kubernetes_executor_config.py took 0.026 seconds
[2021-08-08 04:21:51,006] {scheduler_job.py:182} INFO - Started process (PID=5616) to work on /home/airflow/sandbox/lib/python3.8/site-packages/airflow/example_dags/example_kubernetes_executor_config.py
[2021-08-08 04:21:51,009] {scheduler_job.py:633} INFO - Processing file /home/airflow/sandbox/lib/python3.8/site-packages/airflow/example_dags/example_kubernetes_executor_config.py for tasks to queue
[2021-08-08 04:21:51,011] {logging_mixin.py:104} INFO - [2021-08-08 04:21:51,011] {dagbag.py:496} INFO - Filling up the DagBag from /home/airflow/sandbox/lib/python3.8/site-packages/airflow/example_dags/example_kubernetes_executor_config.py
[2021-08-08 04:21:51,018] {logging_mixin.py:104} INFO - [2021-08-08 04:21:51,017] {example_kubernetes_executor_config.py:175} WARNING - Could not import DAGs in example_kubernetes_executor_config.py: No module named 'kubernetes'
[2021-08-08 04:21:51,020] {logging_mixin.py:104} INFO - [2021-08-08 04:21:51,020] {example_kubernetes_executor_config.py:176} WARNING - Install kubernetes dependencies with: pip install apache-airflow['cncf.kubernetes']
[2021-08-08 04:21:51,023] {scheduler_job.py:645} WARNING - No viable dags retrieved from /home/airflow/sandbox/lib/python3.8/site-packages/airflow/example_dags/example_kubernetes_executor_config.py
[2021-08-08 04:21:51,031] {scheduler_job.py:190} INFO - Processing /home/airflow/sandbox/lib/python3.8/site-packages/airflow/example_dags/example_kubernetes_executor_config.py took 0.028 seconds
[2021-08-08 04:22:27,423] {scheduler_job.py:182} INFO - Started process (PID=5754) to work on /home/airflow/sandbox/lib/python3.8/site-packages/airflow/example_dags/example_kubernetes_executor_config.py
[2021-08-08 04:22:27,426] {scheduler_job.py:633} INFO - Processing file /home/airflow/sandbox/lib/python3.8/site-packages/airflow/example_dags/example_kubernetes_executor_config.py for tasks to queue
[2021-08-08 04:22:27,428] {logging_mixin.py:104} INFO - [2021-08-08 04:22:27,428] {dagbag.py:496} INFO - Filling up the DagBag from /home/airflow/sandbox/lib/python3.8/site-packages/airflow/example_dags/example_kubernetes_executor_config.py
[2021-08-08 04:22:27,435] {logging_mixin.py:104} INFO - [2021-08-08 04:22:27,435] {example_kubernetes_executor_config.py:175} WARNING - Could not import DAGs in example_kubernetes_executor_config.py: No module named 'kubernetes'
[2021-08-08 04:22:27,437] {logging_mixin.py:104} INFO - [2021-08-08 04:22:27,437] {example_kubernetes_executor_config.py:176} WARNING - Install kubernetes dependencies with: pip install apache-airflow['cncf.kubernetes']
[2021-08-08 04:22:27,439] {scheduler_job.py:645} WARNING - No viable dags retrieved from /home/airflow/sandbox/lib/python3.8/site-packages/airflow/example_dags/example_kubernetes_executor_config.py
[2021-08-08 04:22:27,447] {scheduler_job.py:190} INFO - Processing /home/airflow/sandbox/lib/python3.8/site-packages/airflow/example_dags/example_kubernetes_executor_config.py took 0.027 seconds
[2021-08-08 04:23:02,536] {scheduler_job.py:182} INFO - Started process (PID=5963) to work on /home/airflow/sandbox/lib/python3.8/site-packages/airflow/example_dags/example_kubernetes_executor_config.py
[2021-08-08 04:23:02,541] {scheduler_job.py:633} INFO - Processing file /home/airflow/sandbox/lib/python3.8/site-packages/airflow/example_dags/example_kubernetes_executor_config.py for tasks to queue
[2021-08-08 04:23:02,543] {logging_mixin.py:104} INFO - [2021-08-08 04:23:02,543] {dagbag.py:496} INFO - Filling up the DagBag from /home/airflow/sandbox/lib/python3.8/site-packages/airflow/example_dags/example_kubernetes_executor_config.py
[2021-08-08 04:23:02,552] {logging_mixin.py:104} INFO - [2021-08-08 04:23:02,551] {example_kubernetes_executor_config.py:175} WARNING - Could not import DAGs in example_kubernetes_executor_config.py: No module named 'kubernetes'
[2021-08-08 04:23:02,554] {logging_mixin.py:104} INFO - [2021-08-08 04:23:02,554] {example_kubernetes_executor_config.py:176} WARNING - Install kubernetes dependencies with: pip install apache-airflow['cncf.kubernetes']
[2021-08-08 04:23:02,557] {scheduler_job.py:645} WARNING - No viable dags retrieved from /home/airflow/sandbox/lib/python3.8/site-packages/airflow/example_dags/example_kubernetes_executor_config.py
[2021-08-08 04:23:02,566] {scheduler_job.py:190} INFO - Processing /home/airflow/sandbox/lib/python3.8/site-packages/airflow/example_dags/example_kubernetes_executor_config.py took 0.033 seconds
[2021-08-08 04:23:36,543] {scheduler_job.py:182} INFO - Started process (PID=6186) to work on /home/airflow/sandbox/lib/python3.8/site-packages/airflow/example_dags/example_kubernetes_executor_config.py
[2021-08-08 04:23:36,546] {scheduler_job.py:633} INFO - Processing file /home/airflow/sandbox/lib/python3.8/site-packages/airflow/example_dags/example_kubernetes_executor_config.py for tasks to queue
[2021-08-08 04:23:36,548] {logging_mixin.py:104} INFO - [2021-08-08 04:23:36,548] {dagbag.py:496} INFO - Filling up the DagBag from /home/airflow/sandbox/lib/python3.8/site-packages/airflow/example_dags/example_kubernetes_executor_config.py
[2021-08-08 04:23:36,557] {logging_mixin.py:104} INFO - [2021-08-08 04:23:36,557] {example_kubernetes_executor_config.py:175} WARNING - Could not import DAGs in example_kubernetes_executor_config.py: No module named 'kubernetes'
[2021-08-08 04:23:36,559] {logging_mixin.py:104} INFO - [2021-08-08 04:23:36,559] {example_kubernetes_executor_config.py:176} WARNING - Install kubernetes dependencies with: pip install apache-airflow['cncf.kubernetes']
[2021-08-08 04:23:36,561] {scheduler_job.py:645} WARNING - No viable dags retrieved from /home/airflow/sandbox/lib/python3.8/site-packages/airflow/example_dags/example_kubernetes_executor_config.py
[2021-08-08 04:23:36,570] {scheduler_job.py:190} INFO - Processing /home/airflow/sandbox/lib/python3.8/site-packages/airflow/example_dags/example_kubernetes_executor_config.py took 0.029 seconds
[2021-08-08 04:24:10,528] {scheduler_job.py:182} INFO - Started process (PID=6360) to work on /home/airflow/sandbox/lib/python3.8/site-packages/airflow/example_dags/example_kubernetes_executor_config.py
[2021-08-08 04:24:10,530] {scheduler_job.py:633} INFO - Processing file /home/airflow/sandbox/lib/python3.8/site-packages/airflow/example_dags/example_kubernetes_executor_config.py for tasks to queue
[2021-08-08 04:24:10,532] {logging_mixin.py:104} INFO - [2021-08-08 04:24:10,532] {dagbag.py:496} INFO - Filling up the DagBag from /home/airflow/sandbox/lib/python3.8/site-packages/airflow/example_dags/example_kubernetes_executor_config.py
[2021-08-08 04:24:10,539] {logging_mixin.py:104} INFO - [2021-08-08 04:24:10,539] {example_kubernetes_executor_config.py:175} WARNING - Could not import DAGs in example_kubernetes_executor_config.py: No module named 'kubernetes'
[2021-08-08 04:24:10,540] {logging_mixin.py:104} INFO - [2021-08-08 04:24:10,540] {example_kubernetes_executor_config.py:176} WARNING - Install kubernetes dependencies with: pip install apache-airflow['cncf.kubernetes']
[2021-08-08 04:24:10,542] {scheduler_job.py:645} WARNING - No viable dags retrieved from /home/airflow/sandbox/lib/python3.8/site-packages/airflow/example_dags/example_kubernetes_executor_config.py
[2021-08-08 04:24:10,551] {scheduler_job.py:190} INFO - Processing /home/airflow/sandbox/lib/python3.8/site-packages/airflow/example_dags/example_kubernetes_executor_config.py took 0.027 seconds
[2021-08-08 04:24:46,802] {scheduler_job.py:182} INFO - Started process (PID=6539) to work on /home/airflow/sandbox/lib/python3.8/site-packages/airflow/example_dags/example_kubernetes_executor_config.py
[2021-08-08 04:24:46,804] {scheduler_job.py:633} INFO - Processing file /home/airflow/sandbox/lib/python3.8/site-packages/airflow/example_dags/example_kubernetes_executor_config.py for tasks to queue
[2021-08-08 04:24:46,807] {logging_mixin.py:104} INFO - [2021-08-08 04:24:46,807] {dagbag.py:496} INFO - Filling up the DagBag from /home/airflow/sandbox/lib/python3.8/site-packages/airflow/example_dags/example_kubernetes_executor_config.py
[2021-08-08 04:24:46,812] {logging_mixin.py:104} INFO - [2021-08-08 04:24:46,812] {example_kubernetes_executor_config.py:175} WARNING - Could not import DAGs in example_kubernetes_executor_config.py: No module named 'kubernetes'
[2021-08-08 04:24:46,812] {logging_mixin.py:104} INFO - [2021-08-08 04:24:46,812] {example_kubernetes_executor_config.py:176} WARNING - Install kubernetes dependencies with: pip install apache-airflow['cncf.kubernetes']
[2021-08-08 04:24:46,812] {scheduler_job.py:645} WARNING - No viable dags retrieved from /home/airflow/sandbox/lib/python3.8/site-packages/airflow/example_dags/example_kubernetes_executor_config.py
[2021-08-08 04:24:46,822] {scheduler_job.py:190} INFO - Processing /home/airflow/sandbox/lib/python3.8/site-packages/airflow/example_dags/example_kubernetes_executor_config.py took 0.023 seconds
[2021-08-08 04:25:21,316] {scheduler_job.py:182} INFO - Started process (PID=6759) to work on /home/airflow/sandbox/lib/python3.8/site-packages/airflow/example_dags/example_kubernetes_executor_config.py
[2021-08-08 04:25:21,319] {scheduler_job.py:633} INFO - Processing file /home/airflow/sandbox/lib/python3.8/site-packages/airflow/example_dags/example_kubernetes_executor_config.py for tasks to queue
[2021-08-08 04:25:21,321] {logging_mixin.py:104} INFO - [2021-08-08 04:25:21,321] {dagbag.py:496} INFO - Filling up the DagBag from /home/airflow/sandbox/lib/python3.8/site-packages/airflow/example_dags/example_kubernetes_executor_config.py
[2021-08-08 04:25:21,328] {logging_mixin.py:104} INFO - [2021-08-08 04:25:21,328] {example_kubernetes_executor_config.py:175} WARNING - Could not import DAGs in example_kubernetes_executor_config.py: No module named 'kubernetes'
[2021-08-08 04:25:21,330] {logging_mixin.py:104} INFO - [2021-08-08 04:25:21,330] {example_kubernetes_executor_config.py:176} WARNING - Install kubernetes dependencies with: pip install apache-airflow['cncf.kubernetes']
[2021-08-08 04:25:21,333] {scheduler_job.py:645} WARNING - No viable dags retrieved from /home/airflow/sandbox/lib/python3.8/site-packages/airflow/example_dags/example_kubernetes_executor_config.py
[2021-08-08 04:25:21,340] {scheduler_job.py:190} INFO - Processing /home/airflow/sandbox/lib/python3.8/site-packages/airflow/example_dags/example_kubernetes_executor_config.py took 0.027 seconds
