[2021-08-08 04:11:15,321] {scheduler_job.py:182} INFO - Started process (PID=2603) to work on /home/airflow/sandbox/lib/python3.8/site-packages/airflow/example_dags/example_branch_labels.py
[2021-08-08 04:11:15,326] {scheduler_job.py:633} INFO - Processing file /home/airflow/sandbox/lib/python3.8/site-packages/airflow/example_dags/example_branch_labels.py for tasks to queue
[2021-08-08 04:11:15,327] {logging_mixin.py:104} INFO - [2021-08-08 04:11:15,327] {dagbag.py:496} INFO - Filling up the DagBag from /home/airflow/sandbox/lib/python3.8/site-packages/airflow/example_dags/example_branch_labels.py
[2021-08-08 04:11:15,341] {scheduler_job.py:643} INFO - DAG(s) dict_keys(['example_branch_labels']) retrieved from /home/airflow/sandbox/lib/python3.8/site-packages/airflow/example_dags/example_branch_labels.py
[2021-08-08 04:11:15,623] {logging_mixin.py:104} INFO - [2021-08-08 04:11:15,623] {dag.py:1833} INFO - Sync 1 DAGs
[2021-08-08 04:11:15,641] {logging_mixin.py:104} INFO - [2021-08-08 04:11:15,640] {dag.py:2306} INFO - Setting next_dagrun for example_branch_labels to 2021-08-06 00:00:00+00:00
[2021-08-08 04:11:15,662] {scheduler_job.py:190} INFO - Processing /home/airflow/sandbox/lib/python3.8/site-packages/airflow/example_dags/example_branch_labels.py took 0.347 seconds
[2021-08-08 04:11:54,460] {scheduler_job.py:182} INFO - Started process (PID=2766) to work on /home/airflow/sandbox/lib/python3.8/site-packages/airflow/example_dags/example_branch_labels.py
[2021-08-08 04:11:54,463] {scheduler_job.py:633} INFO - Processing file /home/airflow/sandbox/lib/python3.8/site-packages/airflow/example_dags/example_branch_labels.py for tasks to queue
[2021-08-08 04:11:54,466] {logging_mixin.py:104} INFO - [2021-08-08 04:11:54,466] {dagbag.py:496} INFO - Filling up the DagBag from /home/airflow/sandbox/lib/python3.8/site-packages/airflow/example_dags/example_branch_labels.py
[2021-08-08 04:11:54,479] {scheduler_job.py:643} INFO - DAG(s) dict_keys(['example_branch_labels']) retrieved from /home/airflow/sandbox/lib/python3.8/site-packages/airflow/example_dags/example_branch_labels.py
[2021-08-08 04:11:54,491] {logging_mixin.py:104} INFO - [2021-08-08 04:11:54,491] {dag.py:1833} INFO - Sync 1 DAGs
[2021-08-08 04:11:54,505] {logging_mixin.py:104} INFO - [2021-08-08 04:11:54,505] {dag.py:2306} INFO - Setting next_dagrun for example_branch_labels to 2021-08-06 00:00:00+00:00
[2021-08-08 04:11:54,521] {scheduler_job.py:190} INFO - Processing /home/airflow/sandbox/lib/python3.8/site-packages/airflow/example_dags/example_branch_labels.py took 0.064 seconds
[2021-08-08 04:12:28,221] {scheduler_job.py:182} INFO - Started process (PID=2934) to work on /home/airflow/sandbox/lib/python3.8/site-packages/airflow/example_dags/example_branch_labels.py
[2021-08-08 04:12:28,225] {scheduler_job.py:633} INFO - Processing file /home/airflow/sandbox/lib/python3.8/site-packages/airflow/example_dags/example_branch_labels.py for tasks to queue
[2021-08-08 04:12:28,226] {logging_mixin.py:104} INFO - [2021-08-08 04:12:28,225] {dagbag.py:496} INFO - Filling up the DagBag from /home/airflow/sandbox/lib/python3.8/site-packages/airflow/example_dags/example_branch_labels.py
[2021-08-08 04:12:28,247] {scheduler_job.py:643} INFO - DAG(s) dict_keys(['example_branch_labels']) retrieved from /home/airflow/sandbox/lib/python3.8/site-packages/airflow/example_dags/example_branch_labels.py
[2021-08-08 04:12:28,262] {logging_mixin.py:104} INFO - [2021-08-08 04:12:28,262] {dag.py:1833} INFO - Sync 1 DAGs
[2021-08-08 04:12:28,276] {logging_mixin.py:104} INFO - [2021-08-08 04:12:28,275] {dag.py:2306} INFO - Setting next_dagrun for example_branch_labels to 2021-08-06 00:00:00+00:00
[2021-08-08 04:12:28,298] {scheduler_job.py:190} INFO - Processing /home/airflow/sandbox/lib/python3.8/site-packages/airflow/example_dags/example_branch_labels.py took 0.082 seconds
[2021-08-08 04:13:02,373] {scheduler_job.py:182} INFO - Started process (PID=3088) to work on /home/airflow/sandbox/lib/python3.8/site-packages/airflow/example_dags/example_branch_labels.py
[2021-08-08 04:13:02,375] {scheduler_job.py:633} INFO - Processing file /home/airflow/sandbox/lib/python3.8/site-packages/airflow/example_dags/example_branch_labels.py for tasks to queue
[2021-08-08 04:13:02,377] {logging_mixin.py:104} INFO - [2021-08-08 04:13:02,377] {dagbag.py:496} INFO - Filling up the DagBag from /home/airflow/sandbox/lib/python3.8/site-packages/airflow/example_dags/example_branch_labels.py
[2021-08-08 04:13:02,388] {scheduler_job.py:643} INFO - DAG(s) dict_keys(['example_branch_labels']) retrieved from /home/airflow/sandbox/lib/python3.8/site-packages/airflow/example_dags/example_branch_labels.py
[2021-08-08 04:13:02,403] {logging_mixin.py:104} INFO - [2021-08-08 04:13:02,403] {dag.py:1833} INFO - Sync 1 DAGs
[2021-08-08 04:13:02,416] {logging_mixin.py:104} INFO - [2021-08-08 04:13:02,416] {dag.py:2306} INFO - Setting next_dagrun for example_branch_labels to 2021-08-06 00:00:00+00:00
[2021-08-08 04:13:02,433] {scheduler_job.py:190} INFO - Processing /home/airflow/sandbox/lib/python3.8/site-packages/airflow/example_dags/example_branch_labels.py took 0.064 seconds
[2021-08-08 04:13:35,621] {scheduler_job.py:182} INFO - Started process (PID=3211) to work on /home/airflow/sandbox/lib/python3.8/site-packages/airflow/example_dags/example_branch_labels.py
[2021-08-08 04:13:35,624] {scheduler_job.py:633} INFO - Processing file /home/airflow/sandbox/lib/python3.8/site-packages/airflow/example_dags/example_branch_labels.py for tasks to queue
[2021-08-08 04:13:35,627] {logging_mixin.py:104} INFO - [2021-08-08 04:13:35,626] {dagbag.py:496} INFO - Filling up the DagBag from /home/airflow/sandbox/lib/python3.8/site-packages/airflow/example_dags/example_branch_labels.py
[2021-08-08 04:13:35,639] {scheduler_job.py:643} INFO - DAG(s) dict_keys(['example_branch_labels']) retrieved from /home/airflow/sandbox/lib/python3.8/site-packages/airflow/example_dags/example_branch_labels.py
[2021-08-08 04:13:35,652] {logging_mixin.py:104} INFO - [2021-08-08 04:13:35,651] {dag.py:1833} INFO - Sync 1 DAGs
[2021-08-08 04:13:35,664] {logging_mixin.py:104} INFO - [2021-08-08 04:13:35,664] {dag.py:2306} INFO - Setting next_dagrun for example_branch_labels to 2021-08-06 00:00:00+00:00
[2021-08-08 04:13:35,682] {scheduler_job.py:190} INFO - Processing /home/airflow/sandbox/lib/python3.8/site-packages/airflow/example_dags/example_branch_labels.py took 0.065 seconds
[2021-08-08 04:14:10,731] {scheduler_job.py:182} INFO - Started process (PID=3356) to work on /home/airflow/sandbox/lib/python3.8/site-packages/airflow/example_dags/example_branch_labels.py
[2021-08-08 04:14:10,734] {scheduler_job.py:633} INFO - Processing file /home/airflow/sandbox/lib/python3.8/site-packages/airflow/example_dags/example_branch_labels.py for tasks to queue
[2021-08-08 04:14:10,736] {logging_mixin.py:104} INFO - [2021-08-08 04:14:10,736] {dagbag.py:496} INFO - Filling up the DagBag from /home/airflow/sandbox/lib/python3.8/site-packages/airflow/example_dags/example_branch_labels.py
[2021-08-08 04:14:10,747] {scheduler_job.py:643} INFO - DAG(s) dict_keys(['example_branch_labels']) retrieved from /home/airflow/sandbox/lib/python3.8/site-packages/airflow/example_dags/example_branch_labels.py
[2021-08-08 04:14:10,759] {logging_mixin.py:104} INFO - [2021-08-08 04:14:10,759] {dag.py:1833} INFO - Sync 1 DAGs
[2021-08-08 04:14:10,769] {logging_mixin.py:104} INFO - [2021-08-08 04:14:10,769] {dag.py:2306} INFO - Setting next_dagrun for example_branch_labels to 2021-08-06 00:00:00+00:00
[2021-08-08 04:14:10,793] {scheduler_job.py:190} INFO - Processing /home/airflow/sandbox/lib/python3.8/site-packages/airflow/example_dags/example_branch_labels.py took 0.064 seconds
[2021-08-08 04:14:47,402] {scheduler_job.py:182} INFO - Started process (PID=3600) to work on /home/airflow/sandbox/lib/python3.8/site-packages/airflow/example_dags/example_branch_labels.py
[2021-08-08 04:14:47,405] {scheduler_job.py:633} INFO - Processing file /home/airflow/sandbox/lib/python3.8/site-packages/airflow/example_dags/example_branch_labels.py for tasks to queue
[2021-08-08 04:14:47,407] {logging_mixin.py:104} INFO - [2021-08-08 04:14:47,407] {dagbag.py:496} INFO - Filling up the DagBag from /home/airflow/sandbox/lib/python3.8/site-packages/airflow/example_dags/example_branch_labels.py
[2021-08-08 04:14:47,417] {scheduler_job.py:643} INFO - DAG(s) dict_keys(['example_branch_labels']) retrieved from /home/airflow/sandbox/lib/python3.8/site-packages/airflow/example_dags/example_branch_labels.py
[2021-08-08 04:14:47,429] {logging_mixin.py:104} INFO - [2021-08-08 04:14:47,429] {dag.py:1833} INFO - Sync 1 DAGs
[2021-08-08 04:14:47,439] {logging_mixin.py:104} INFO - [2021-08-08 04:14:47,439] {dag.py:2306} INFO - Setting next_dagrun for example_branch_labels to 2021-08-06 00:00:00+00:00
[2021-08-08 04:14:47,456] {scheduler_job.py:190} INFO - Processing /home/airflow/sandbox/lib/python3.8/site-packages/airflow/example_dags/example_branch_labels.py took 0.057 seconds
[2021-08-08 04:15:22,839] {scheduler_job.py:182} INFO - Started process (PID=3796) to work on /home/airflow/sandbox/lib/python3.8/site-packages/airflow/example_dags/example_branch_labels.py
[2021-08-08 04:15:22,842] {scheduler_job.py:633} INFO - Processing file /home/airflow/sandbox/lib/python3.8/site-packages/airflow/example_dags/example_branch_labels.py for tasks to queue
[2021-08-08 04:15:22,844] {logging_mixin.py:104} INFO - [2021-08-08 04:15:22,844] {dagbag.py:496} INFO - Filling up the DagBag from /home/airflow/sandbox/lib/python3.8/site-packages/airflow/example_dags/example_branch_labels.py
[2021-08-08 04:15:22,855] {scheduler_job.py:643} INFO - DAG(s) dict_keys(['example_branch_labels']) retrieved from /home/airflow/sandbox/lib/python3.8/site-packages/airflow/example_dags/example_branch_labels.py
[2021-08-08 04:15:22,869] {logging_mixin.py:104} INFO - [2021-08-08 04:15:22,869] {dag.py:1833} INFO - Sync 1 DAGs
[2021-08-08 04:15:22,880] {logging_mixin.py:104} INFO - [2021-08-08 04:15:22,880] {dag.py:2306} INFO - Setting next_dagrun for example_branch_labels to 2021-08-06 00:00:00+00:00
[2021-08-08 04:15:22,895] {scheduler_job.py:190} INFO - Processing /home/airflow/sandbox/lib/python3.8/site-packages/airflow/example_dags/example_branch_labels.py took 0.059 seconds
[2021-08-08 04:15:55,714] {scheduler_job.py:182} INFO - Started process (PID=4013) to work on /home/airflow/sandbox/lib/python3.8/site-packages/airflow/example_dags/example_branch_labels.py
[2021-08-08 04:15:55,717] {scheduler_job.py:633} INFO - Processing file /home/airflow/sandbox/lib/python3.8/site-packages/airflow/example_dags/example_branch_labels.py for tasks to queue
[2021-08-08 04:15:55,719] {logging_mixin.py:104} INFO - [2021-08-08 04:15:55,719] {dagbag.py:496} INFO - Filling up the DagBag from /home/airflow/sandbox/lib/python3.8/site-packages/airflow/example_dags/example_branch_labels.py
[2021-08-08 04:15:55,729] {scheduler_job.py:643} INFO - DAG(s) dict_keys(['example_branch_labels']) retrieved from /home/airflow/sandbox/lib/python3.8/site-packages/airflow/example_dags/example_branch_labels.py
[2021-08-08 04:15:55,742] {logging_mixin.py:104} INFO - [2021-08-08 04:15:55,741] {dag.py:1833} INFO - Sync 1 DAGs
[2021-08-08 04:15:55,753] {logging_mixin.py:104} INFO - [2021-08-08 04:15:55,753] {dag.py:2306} INFO - Setting next_dagrun for example_branch_labels to 2021-08-06 00:00:00+00:00
[2021-08-08 04:15:55,770] {scheduler_job.py:190} INFO - Processing /home/airflow/sandbox/lib/python3.8/site-packages/airflow/example_dags/example_branch_labels.py took 0.058 seconds
[2021-08-08 04:16:29,914] {scheduler_job.py:182} INFO - Started process (PID=4201) to work on /home/airflow/sandbox/lib/python3.8/site-packages/airflow/example_dags/example_branch_labels.py
[2021-08-08 04:16:29,918] {scheduler_job.py:633} INFO - Processing file /home/airflow/sandbox/lib/python3.8/site-packages/airflow/example_dags/example_branch_labels.py for tasks to queue
[2021-08-08 04:16:29,921] {logging_mixin.py:104} INFO - [2021-08-08 04:16:29,921] {dagbag.py:496} INFO - Filling up the DagBag from /home/airflow/sandbox/lib/python3.8/site-packages/airflow/example_dags/example_branch_labels.py
[2021-08-08 04:16:29,947] {scheduler_job.py:643} INFO - DAG(s) dict_keys(['example_branch_labels']) retrieved from /home/airflow/sandbox/lib/python3.8/site-packages/airflow/example_dags/example_branch_labels.py
[2021-08-08 04:16:29,979] {logging_mixin.py:104} INFO - [2021-08-08 04:16:29,979] {dag.py:1833} INFO - Sync 1 DAGs
[2021-08-08 04:16:30,025] {logging_mixin.py:104} INFO - [2021-08-08 04:16:30,025] {dag.py:2306} INFO - Setting next_dagrun for example_branch_labels to 2021-08-06 00:00:00+00:00
[2021-08-08 04:16:30,054] {scheduler_job.py:190} INFO - Processing /home/airflow/sandbox/lib/python3.8/site-packages/airflow/example_dags/example_branch_labels.py took 0.151 seconds
[2021-08-08 04:17:03,339] {scheduler_job.py:182} INFO - Started process (PID=4378) to work on /home/airflow/sandbox/lib/python3.8/site-packages/airflow/example_dags/example_branch_labels.py
[2021-08-08 04:17:03,342] {scheduler_job.py:633} INFO - Processing file /home/airflow/sandbox/lib/python3.8/site-packages/airflow/example_dags/example_branch_labels.py for tasks to queue
[2021-08-08 04:17:03,344] {logging_mixin.py:104} INFO - [2021-08-08 04:17:03,344] {dagbag.py:496} INFO - Filling up the DagBag from /home/airflow/sandbox/lib/python3.8/site-packages/airflow/example_dags/example_branch_labels.py
[2021-08-08 04:17:03,361] {scheduler_job.py:643} INFO - DAG(s) dict_keys(['example_branch_labels']) retrieved from /home/airflow/sandbox/lib/python3.8/site-packages/airflow/example_dags/example_branch_labels.py
[2021-08-08 04:17:03,375] {logging_mixin.py:104} INFO - [2021-08-08 04:17:03,374] {dag.py:1833} INFO - Sync 1 DAGs
[2021-08-08 04:17:03,404] {logging_mixin.py:104} INFO - [2021-08-08 04:17:03,404] {dag.py:2306} INFO - Setting next_dagrun for example_branch_labels to 2021-08-06 00:00:00+00:00
[2021-08-08 04:17:03,428] {scheduler_job.py:190} INFO - Processing /home/airflow/sandbox/lib/python3.8/site-packages/airflow/example_dags/example_branch_labels.py took 0.092 seconds
[2021-08-08 04:17:36,839] {scheduler_job.py:182} INFO - Started process (PID=4501) to work on /home/airflow/sandbox/lib/python3.8/site-packages/airflow/example_dags/example_branch_labels.py
[2021-08-08 04:17:36,842] {scheduler_job.py:633} INFO - Processing file /home/airflow/sandbox/lib/python3.8/site-packages/airflow/example_dags/example_branch_labels.py for tasks to queue
[2021-08-08 04:17:36,844] {logging_mixin.py:104} INFO - [2021-08-08 04:17:36,844] {dagbag.py:496} INFO - Filling up the DagBag from /home/airflow/sandbox/lib/python3.8/site-packages/airflow/example_dags/example_branch_labels.py
[2021-08-08 04:17:36,854] {scheduler_job.py:643} INFO - DAG(s) dict_keys(['example_branch_labels']) retrieved from /home/airflow/sandbox/lib/python3.8/site-packages/airflow/example_dags/example_branch_labels.py
[2021-08-08 04:17:36,866] {logging_mixin.py:104} INFO - [2021-08-08 04:17:36,866] {dag.py:1833} INFO - Sync 1 DAGs
[2021-08-08 04:17:36,877] {logging_mixin.py:104} INFO - [2021-08-08 04:17:36,877] {dag.py:2306} INFO - Setting next_dagrun for example_branch_labels to 2021-08-06 00:00:00+00:00
[2021-08-08 04:17:36,895] {scheduler_job.py:190} INFO - Processing /home/airflow/sandbox/lib/python3.8/site-packages/airflow/example_dags/example_branch_labels.py took 0.059 seconds
[2021-08-08 04:18:09,557] {scheduler_job.py:182} INFO - Started process (PID=4623) to work on /home/airflow/sandbox/lib/python3.8/site-packages/airflow/example_dags/example_branch_labels.py
[2021-08-08 04:18:09,559] {scheduler_job.py:633} INFO - Processing file /home/airflow/sandbox/lib/python3.8/site-packages/airflow/example_dags/example_branch_labels.py for tasks to queue
[2021-08-08 04:18:09,561] {logging_mixin.py:104} INFO - [2021-08-08 04:18:09,561] {dagbag.py:496} INFO - Filling up the DagBag from /home/airflow/sandbox/lib/python3.8/site-packages/airflow/example_dags/example_branch_labels.py
[2021-08-08 04:18:09,571] {scheduler_job.py:643} INFO - DAG(s) dict_keys(['example_branch_labels']) retrieved from /home/airflow/sandbox/lib/python3.8/site-packages/airflow/example_dags/example_branch_labels.py
[2021-08-08 04:18:09,583] {logging_mixin.py:104} INFO - [2021-08-08 04:18:09,583] {dag.py:1833} INFO - Sync 1 DAGs
[2021-08-08 04:18:09,593] {logging_mixin.py:104} INFO - [2021-08-08 04:18:09,593] {dag.py:2306} INFO - Setting next_dagrun for example_branch_labels to 2021-08-06 00:00:00+00:00
[2021-08-08 04:18:09,609] {scheduler_job.py:190} INFO - Processing /home/airflow/sandbox/lib/python3.8/site-packages/airflow/example_dags/example_branch_labels.py took 0.054 seconds
[2021-08-08 04:18:42,062] {scheduler_job.py:182} INFO - Started process (PID=4816) to work on /home/airflow/sandbox/lib/python3.8/site-packages/airflow/example_dags/example_branch_labels.py
[2021-08-08 04:18:42,078] {scheduler_job.py:633} INFO - Processing file /home/airflow/sandbox/lib/python3.8/site-packages/airflow/example_dags/example_branch_labels.py for tasks to queue
[2021-08-08 04:18:42,087] {logging_mixin.py:104} INFO - [2021-08-08 04:18:42,087] {dagbag.py:496} INFO - Filling up the DagBag from /home/airflow/sandbox/lib/python3.8/site-packages/airflow/example_dags/example_branch_labels.py
[2021-08-08 04:18:42,139] {scheduler_job.py:643} INFO - DAG(s) dict_keys(['example_branch_labels']) retrieved from /home/airflow/sandbox/lib/python3.8/site-packages/airflow/example_dags/example_branch_labels.py
[2021-08-08 04:18:42,174] {logging_mixin.py:104} INFO - [2021-08-08 04:18:42,174] {dag.py:1833} INFO - Sync 1 DAGs
[2021-08-08 04:18:42,214] {logging_mixin.py:104} INFO - [2021-08-08 04:18:42,214] {dag.py:2306} INFO - Setting next_dagrun for example_branch_labels to 2021-08-06 00:00:00+00:00
[2021-08-08 04:18:42,274] {scheduler_job.py:190} INFO - Processing /home/airflow/sandbox/lib/python3.8/site-packages/airflow/example_dags/example_branch_labels.py took 0.213 seconds
[2021-08-08 04:19:15,464] {scheduler_job.py:182} INFO - Started process (PID=4966) to work on /home/airflow/sandbox/lib/python3.8/site-packages/airflow/example_dags/example_branch_labels.py
[2021-08-08 04:19:15,467] {scheduler_job.py:633} INFO - Processing file /home/airflow/sandbox/lib/python3.8/site-packages/airflow/example_dags/example_branch_labels.py for tasks to queue
[2021-08-08 04:19:15,469] {logging_mixin.py:104} INFO - [2021-08-08 04:19:15,469] {dagbag.py:496} INFO - Filling up the DagBag from /home/airflow/sandbox/lib/python3.8/site-packages/airflow/example_dags/example_branch_labels.py
[2021-08-08 04:19:15,480] {scheduler_job.py:643} INFO - DAG(s) dict_keys(['example_branch_labels']) retrieved from /home/airflow/sandbox/lib/python3.8/site-packages/airflow/example_dags/example_branch_labels.py
[2021-08-08 04:19:15,503] {logging_mixin.py:104} INFO - [2021-08-08 04:19:15,503] {dag.py:1833} INFO - Sync 1 DAGs
[2021-08-08 04:19:15,532] {logging_mixin.py:104} INFO - [2021-08-08 04:19:15,531] {dag.py:2306} INFO - Setting next_dagrun for example_branch_labels to 2021-08-06 00:00:00+00:00
[2021-08-08 04:19:15,553] {scheduler_job.py:190} INFO - Processing /home/airflow/sandbox/lib/python3.8/site-packages/airflow/example_dags/example_branch_labels.py took 0.093 seconds
[2021-08-08 04:19:49,556] {scheduler_job.py:182} INFO - Started process (PID=5101) to work on /home/airflow/sandbox/lib/python3.8/site-packages/airflow/example_dags/example_branch_labels.py
[2021-08-08 04:19:49,558] {scheduler_job.py:633} INFO - Processing file /home/airflow/sandbox/lib/python3.8/site-packages/airflow/example_dags/example_branch_labels.py for tasks to queue
[2021-08-08 04:19:49,560] {logging_mixin.py:104} INFO - [2021-08-08 04:19:49,560] {dagbag.py:496} INFO - Filling up the DagBag from /home/airflow/sandbox/lib/python3.8/site-packages/airflow/example_dags/example_branch_labels.py
[2021-08-08 04:19:49,571] {scheduler_job.py:643} INFO - DAG(s) dict_keys(['example_branch_labels']) retrieved from /home/airflow/sandbox/lib/python3.8/site-packages/airflow/example_dags/example_branch_labels.py
[2021-08-08 04:19:49,583] {logging_mixin.py:104} INFO - [2021-08-08 04:19:49,582] {dag.py:1833} INFO - Sync 1 DAGs
[2021-08-08 04:19:49,593] {logging_mixin.py:104} INFO - [2021-08-08 04:19:49,593] {dag.py:2306} INFO - Setting next_dagrun for example_branch_labels to 2021-08-06 00:00:00+00:00
[2021-08-08 04:19:49,609] {scheduler_job.py:190} INFO - Processing /home/airflow/sandbox/lib/python3.8/site-packages/airflow/example_dags/example_branch_labels.py took 0.055 seconds
[2021-08-08 04:20:23,241] {scheduler_job.py:182} INFO - Started process (PID=5229) to work on /home/airflow/sandbox/lib/python3.8/site-packages/airflow/example_dags/example_branch_labels.py
[2021-08-08 04:20:23,245] {scheduler_job.py:633} INFO - Processing file /home/airflow/sandbox/lib/python3.8/site-packages/airflow/example_dags/example_branch_labels.py for tasks to queue
[2021-08-08 04:20:23,248] {logging_mixin.py:104} INFO - [2021-08-08 04:20:23,248] {dagbag.py:496} INFO - Filling up the DagBag from /home/airflow/sandbox/lib/python3.8/site-packages/airflow/example_dags/example_branch_labels.py
[2021-08-08 04:20:23,258] {scheduler_job.py:643} INFO - DAG(s) dict_keys(['example_branch_labels']) retrieved from /home/airflow/sandbox/lib/python3.8/site-packages/airflow/example_dags/example_branch_labels.py
[2021-08-08 04:20:23,276] {logging_mixin.py:104} INFO - [2021-08-08 04:20:23,276] {dag.py:1833} INFO - Sync 1 DAGs
[2021-08-08 04:20:23,287] {logging_mixin.py:104} INFO - [2021-08-08 04:20:23,287] {dag.py:2306} INFO - Setting next_dagrun for example_branch_labels to 2021-08-06 00:00:00+00:00
[2021-08-08 04:20:23,306] {scheduler_job.py:190} INFO - Processing /home/airflow/sandbox/lib/python3.8/site-packages/airflow/example_dags/example_branch_labels.py took 0.067 seconds
[2021-08-08 04:20:55,470] {scheduler_job.py:182} INFO - Started process (PID=5399) to work on /home/airflow/sandbox/lib/python3.8/site-packages/airflow/example_dags/example_branch_labels.py
[2021-08-08 04:20:55,472] {scheduler_job.py:633} INFO - Processing file /home/airflow/sandbox/lib/python3.8/site-packages/airflow/example_dags/example_branch_labels.py for tasks to queue
[2021-08-08 04:20:55,474] {logging_mixin.py:104} INFO - [2021-08-08 04:20:55,474] {dagbag.py:496} INFO - Filling up the DagBag from /home/airflow/sandbox/lib/python3.8/site-packages/airflow/example_dags/example_branch_labels.py
[2021-08-08 04:20:55,484] {scheduler_job.py:643} INFO - DAG(s) dict_keys(['example_branch_labels']) retrieved from /home/airflow/sandbox/lib/python3.8/site-packages/airflow/example_dags/example_branch_labels.py
[2021-08-08 04:20:55,495] {logging_mixin.py:104} INFO - [2021-08-08 04:20:55,495] {dag.py:1833} INFO - Sync 1 DAGs
[2021-08-08 04:20:55,507] {logging_mixin.py:104} INFO - [2021-08-08 04:20:55,506] {dag.py:2306} INFO - Setting next_dagrun for example_branch_labels to 2021-08-06 00:00:00+00:00
[2021-08-08 04:20:55,523] {scheduler_job.py:190} INFO - Processing /home/airflow/sandbox/lib/python3.8/site-packages/airflow/example_dags/example_branch_labels.py took 0.055 seconds
[2021-08-08 04:21:28,011] {scheduler_job.py:182} INFO - Started process (PID=5527) to work on /home/airflow/sandbox/lib/python3.8/site-packages/airflow/example_dags/example_branch_labels.py
[2021-08-08 04:21:28,014] {scheduler_job.py:633} INFO - Processing file /home/airflow/sandbox/lib/python3.8/site-packages/airflow/example_dags/example_branch_labels.py for tasks to queue
[2021-08-08 04:21:28,017] {logging_mixin.py:104} INFO - [2021-08-08 04:21:28,016] {dagbag.py:496} INFO - Filling up the DagBag from /home/airflow/sandbox/lib/python3.8/site-packages/airflow/example_dags/example_branch_labels.py
[2021-08-08 04:21:28,026] {scheduler_job.py:643} INFO - DAG(s) dict_keys(['example_branch_labels']) retrieved from /home/airflow/sandbox/lib/python3.8/site-packages/airflow/example_dags/example_branch_labels.py
[2021-08-08 04:21:28,038] {logging_mixin.py:104} INFO - [2021-08-08 04:21:28,038] {dag.py:1833} INFO - Sync 1 DAGs
[2021-08-08 04:21:28,048] {logging_mixin.py:104} INFO - [2021-08-08 04:21:28,048] {dag.py:2306} INFO - Setting next_dagrun for example_branch_labels to 2021-08-06 00:00:00+00:00
[2021-08-08 04:21:28,064] {scheduler_job.py:190} INFO - Processing /home/airflow/sandbox/lib/python3.8/site-packages/airflow/example_dags/example_branch_labels.py took 0.055 seconds
[2021-08-08 04:22:01,309] {scheduler_job.py:182} INFO - Started process (PID=5656) to work on /home/airflow/sandbox/lib/python3.8/site-packages/airflow/example_dags/example_branch_labels.py
[2021-08-08 04:22:01,312] {scheduler_job.py:633} INFO - Processing file /home/airflow/sandbox/lib/python3.8/site-packages/airflow/example_dags/example_branch_labels.py for tasks to queue
[2021-08-08 04:22:01,314] {logging_mixin.py:104} INFO - [2021-08-08 04:22:01,314] {dagbag.py:496} INFO - Filling up the DagBag from /home/airflow/sandbox/lib/python3.8/site-packages/airflow/example_dags/example_branch_labels.py
[2021-08-08 04:22:01,324] {scheduler_job.py:643} INFO - DAG(s) dict_keys(['example_branch_labels']) retrieved from /home/airflow/sandbox/lib/python3.8/site-packages/airflow/example_dags/example_branch_labels.py
[2021-08-08 04:22:01,336] {logging_mixin.py:104} INFO - [2021-08-08 04:22:01,336] {dag.py:1833} INFO - Sync 1 DAGs
[2021-08-08 04:22:01,348] {logging_mixin.py:104} INFO - [2021-08-08 04:22:01,348] {dag.py:2306} INFO - Setting next_dagrun for example_branch_labels to 2021-08-06 00:00:00+00:00
[2021-08-08 04:22:01,365] {scheduler_job.py:190} INFO - Processing /home/airflow/sandbox/lib/python3.8/site-packages/airflow/example_dags/example_branch_labels.py took 0.059 seconds
[2021-08-08 04:22:36,265] {scheduler_job.py:182} INFO - Started process (PID=5809) to work on /home/airflow/sandbox/lib/python3.8/site-packages/airflow/example_dags/example_branch_labels.py
[2021-08-08 04:22:36,268] {scheduler_job.py:633} INFO - Processing file /home/airflow/sandbox/lib/python3.8/site-packages/airflow/example_dags/example_branch_labels.py for tasks to queue
[2021-08-08 04:22:36,271] {logging_mixin.py:104} INFO - [2021-08-08 04:22:36,271] {dagbag.py:496} INFO - Filling up the DagBag from /home/airflow/sandbox/lib/python3.8/site-packages/airflow/example_dags/example_branch_labels.py
[2021-08-08 04:22:36,283] {scheduler_job.py:643} INFO - DAG(s) dict_keys(['example_branch_labels']) retrieved from /home/airflow/sandbox/lib/python3.8/site-packages/airflow/example_dags/example_branch_labels.py
[2021-08-08 04:22:36,301] {logging_mixin.py:104} INFO - [2021-08-08 04:22:36,301] {dag.py:1833} INFO - Sync 1 DAGs
[2021-08-08 04:22:36,314] {logging_mixin.py:104} INFO - [2021-08-08 04:22:36,314] {dag.py:2306} INFO - Setting next_dagrun for example_branch_labels to 2021-08-06 00:00:00+00:00
[2021-08-08 04:22:36,336] {scheduler_job.py:190} INFO - Processing /home/airflow/sandbox/lib/python3.8/site-packages/airflow/example_dags/example_branch_labels.py took 0.074 seconds
[2021-08-08 04:23:10,078] {scheduler_job.py:182} INFO - Started process (PID=6009) to work on /home/airflow/sandbox/lib/python3.8/site-packages/airflow/example_dags/example_branch_labels.py
[2021-08-08 04:23:10,081] {scheduler_job.py:633} INFO - Processing file /home/airflow/sandbox/lib/python3.8/site-packages/airflow/example_dags/example_branch_labels.py for tasks to queue
[2021-08-08 04:23:10,085] {logging_mixin.py:104} INFO - [2021-08-08 04:23:10,084] {dagbag.py:496} INFO - Filling up the DagBag from /home/airflow/sandbox/lib/python3.8/site-packages/airflow/example_dags/example_branch_labels.py
[2021-08-08 04:23:10,095] {scheduler_job.py:643} INFO - DAG(s) dict_keys(['example_branch_labels']) retrieved from /home/airflow/sandbox/lib/python3.8/site-packages/airflow/example_dags/example_branch_labels.py
[2021-08-08 04:23:10,109] {logging_mixin.py:104} INFO - [2021-08-08 04:23:10,109] {dag.py:1833} INFO - Sync 1 DAGs
[2021-08-08 04:23:10,124] {logging_mixin.py:104} INFO - [2021-08-08 04:23:10,123] {dag.py:2306} INFO - Setting next_dagrun for example_branch_labels to 2021-08-06 00:00:00+00:00
[2021-08-08 04:23:10,147] {scheduler_job.py:190} INFO - Processing /home/airflow/sandbox/lib/python3.8/site-packages/airflow/example_dags/example_branch_labels.py took 0.075 seconds
[2021-08-08 04:23:44,792] {scheduler_job.py:182} INFO - Started process (PID=6240) to work on /home/airflow/sandbox/lib/python3.8/site-packages/airflow/example_dags/example_branch_labels.py
[2021-08-08 04:23:44,795] {scheduler_job.py:633} INFO - Processing file /home/airflow/sandbox/lib/python3.8/site-packages/airflow/example_dags/example_branch_labels.py for tasks to queue
[2021-08-08 04:23:44,797] {logging_mixin.py:104} INFO - [2021-08-08 04:23:44,797] {dagbag.py:496} INFO - Filling up the DagBag from /home/airflow/sandbox/lib/python3.8/site-packages/airflow/example_dags/example_branch_labels.py
[2021-08-08 04:23:44,808] {scheduler_job.py:643} INFO - DAG(s) dict_keys(['example_branch_labels']) retrieved from /home/airflow/sandbox/lib/python3.8/site-packages/airflow/example_dags/example_branch_labels.py
[2021-08-08 04:23:44,821] {logging_mixin.py:104} INFO - [2021-08-08 04:23:44,821] {dag.py:1833} INFO - Sync 1 DAGs
[2021-08-08 04:23:44,835] {logging_mixin.py:104} INFO - [2021-08-08 04:23:44,834] {dag.py:2306} INFO - Setting next_dagrun for example_branch_labels to 2021-08-06 00:00:00+00:00
[2021-08-08 04:23:44,850] {scheduler_job.py:190} INFO - Processing /home/airflow/sandbox/lib/python3.8/site-packages/airflow/example_dags/example_branch_labels.py took 0.061 seconds
[2021-08-08 04:24:19,284] {scheduler_job.py:182} INFO - Started process (PID=6392) to work on /home/airflow/sandbox/lib/python3.8/site-packages/airflow/example_dags/example_branch_labels.py
[2021-08-08 04:24:19,287] {scheduler_job.py:633} INFO - Processing file /home/airflow/sandbox/lib/python3.8/site-packages/airflow/example_dags/example_branch_labels.py for tasks to queue
[2021-08-08 04:24:19,289] {logging_mixin.py:104} INFO - [2021-08-08 04:24:19,289] {dagbag.py:496} INFO - Filling up the DagBag from /home/airflow/sandbox/lib/python3.8/site-packages/airflow/example_dags/example_branch_labels.py
[2021-08-08 04:24:19,299] {scheduler_job.py:643} INFO - DAG(s) dict_keys(['example_branch_labels']) retrieved from /home/airflow/sandbox/lib/python3.8/site-packages/airflow/example_dags/example_branch_labels.py
[2021-08-08 04:24:19,311] {logging_mixin.py:104} INFO - [2021-08-08 04:24:19,310] {dag.py:1833} INFO - Sync 1 DAGs
[2021-08-08 04:24:19,321] {logging_mixin.py:104} INFO - [2021-08-08 04:24:19,321] {dag.py:2306} INFO - Setting next_dagrun for example_branch_labels to 2021-08-06 00:00:00+00:00
[2021-08-08 04:24:19,338] {scheduler_job.py:190} INFO - Processing /home/airflow/sandbox/lib/python3.8/site-packages/airflow/example_dags/example_branch_labels.py took 0.055 seconds
[2021-08-08 04:24:55,358] {scheduler_job.py:182} INFO - Started process (PID=6590) to work on /home/airflow/sandbox/lib/python3.8/site-packages/airflow/example_dags/example_branch_labels.py
[2021-08-08 04:24:55,362] {scheduler_job.py:633} INFO - Processing file /home/airflow/sandbox/lib/python3.8/site-packages/airflow/example_dags/example_branch_labels.py for tasks to queue
[2021-08-08 04:24:55,364] {logging_mixin.py:104} INFO - [2021-08-08 04:24:55,364] {dagbag.py:496} INFO - Filling up the DagBag from /home/airflow/sandbox/lib/python3.8/site-packages/airflow/example_dags/example_branch_labels.py
[2021-08-08 04:24:55,376] {scheduler_job.py:643} INFO - DAG(s) dict_keys(['example_branch_labels']) retrieved from /home/airflow/sandbox/lib/python3.8/site-packages/airflow/example_dags/example_branch_labels.py
[2021-08-08 04:24:55,389] {logging_mixin.py:104} INFO - [2021-08-08 04:24:55,389] {dag.py:1833} INFO - Sync 1 DAGs
[2021-08-08 04:24:55,402] {logging_mixin.py:104} INFO - [2021-08-08 04:24:55,402] {dag.py:2306} INFO - Setting next_dagrun for example_branch_labels to 2021-08-06 00:00:00+00:00
[2021-08-08 04:24:55,418] {scheduler_job.py:190} INFO - Processing /home/airflow/sandbox/lib/python3.8/site-packages/airflow/example_dags/example_branch_labels.py took 0.063 seconds
