[2021-08-08 04:11:26,085] {scheduler_job.py:182} INFO - Started process (PID=2645) to work on /home/airflow/sandbox/lib/python3.8/site-packages/airflow/example_dags/example_nested_branch_dag.py
[2021-08-08 04:11:26,088] {scheduler_job.py:633} INFO - Processing file /home/airflow/sandbox/lib/python3.8/site-packages/airflow/example_dags/example_nested_branch_dag.py for tasks to queue
[2021-08-08 04:11:26,090] {logging_mixin.py:104} INFO - [2021-08-08 04:11:26,089] {dagbag.py:496} INFO - Filling up the DagBag from /home/airflow/sandbox/lib/python3.8/site-packages/airflow/example_dags/example_nested_branch_dag.py
[2021-08-08 04:11:26,105] {scheduler_job.py:643} INFO - DAG(s) dict_keys(['example_nested_branch_dag']) retrieved from /home/airflow/sandbox/lib/python3.8/site-packages/airflow/example_dags/example_nested_branch_dag.py
[2021-08-08 04:11:26,411] {logging_mixin.py:104} INFO - [2021-08-08 04:11:26,411] {dag.py:1833} INFO - Sync 1 DAGs
[2021-08-08 04:11:26,424] {logging_mixin.py:104} INFO - [2021-08-08 04:11:26,424] {dag.py:2306} INFO - Setting next_dagrun for example_nested_branch_dag to 2021-08-06 00:00:00+00:00
[2021-08-08 04:11:26,448] {scheduler_job.py:190} INFO - Processing /home/airflow/sandbox/lib/python3.8/site-packages/airflow/example_dags/example_nested_branch_dag.py took 0.366 seconds
[2021-08-08 04:12:04,334] {scheduler_job.py:182} INFO - Started process (PID=2800) to work on /home/airflow/sandbox/lib/python3.8/site-packages/airflow/example_dags/example_nested_branch_dag.py
[2021-08-08 04:12:04,338] {scheduler_job.py:633} INFO - Processing file /home/airflow/sandbox/lib/python3.8/site-packages/airflow/example_dags/example_nested_branch_dag.py for tasks to queue
[2021-08-08 04:12:04,340] {logging_mixin.py:104} INFO - [2021-08-08 04:12:04,340] {dagbag.py:496} INFO - Filling up the DagBag from /home/airflow/sandbox/lib/python3.8/site-packages/airflow/example_dags/example_nested_branch_dag.py
[2021-08-08 04:12:04,354] {scheduler_job.py:643} INFO - DAG(s) dict_keys(['example_nested_branch_dag']) retrieved from /home/airflow/sandbox/lib/python3.8/site-packages/airflow/example_dags/example_nested_branch_dag.py
[2021-08-08 04:12:04,370] {logging_mixin.py:104} INFO - [2021-08-08 04:12:04,369] {dag.py:1833} INFO - Sync 1 DAGs
[2021-08-08 04:12:04,384] {logging_mixin.py:104} INFO - [2021-08-08 04:12:04,384] {dag.py:2306} INFO - Setting next_dagrun for example_nested_branch_dag to 2021-08-06 00:00:00+00:00
[2021-08-08 04:12:04,402] {scheduler_job.py:190} INFO - Processing /home/airflow/sandbox/lib/python3.8/site-packages/airflow/example_dags/example_nested_branch_dag.py took 0.072 seconds
[2021-08-08 04:12:38,639] {scheduler_job.py:182} INFO - Started process (PID=2956) to work on /home/airflow/sandbox/lib/python3.8/site-packages/airflow/example_dags/example_nested_branch_dag.py
[2021-08-08 04:12:38,642] {scheduler_job.py:633} INFO - Processing file /home/airflow/sandbox/lib/python3.8/site-packages/airflow/example_dags/example_nested_branch_dag.py for tasks to queue
[2021-08-08 04:12:38,645] {logging_mixin.py:104} INFO - [2021-08-08 04:12:38,645] {dagbag.py:496} INFO - Filling up the DagBag from /home/airflow/sandbox/lib/python3.8/site-packages/airflow/example_dags/example_nested_branch_dag.py
[2021-08-08 04:12:38,659] {scheduler_job.py:643} INFO - DAG(s) dict_keys(['example_nested_branch_dag']) retrieved from /home/airflow/sandbox/lib/python3.8/site-packages/airflow/example_dags/example_nested_branch_dag.py
[2021-08-08 04:12:38,673] {logging_mixin.py:104} INFO - [2021-08-08 04:12:38,673] {dag.py:1833} INFO - Sync 1 DAGs
[2021-08-08 04:12:38,688] {logging_mixin.py:104} INFO - [2021-08-08 04:12:38,687] {dag.py:2306} INFO - Setting next_dagrun for example_nested_branch_dag to 2021-08-06 00:00:00+00:00
[2021-08-08 04:12:38,713] {scheduler_job.py:190} INFO - Processing /home/airflow/sandbox/lib/python3.8/site-packages/airflow/example_dags/example_nested_branch_dag.py took 0.077 seconds
[2021-08-08 04:13:12,921] {scheduler_job.py:182} INFO - Started process (PID=3129) to work on /home/airflow/sandbox/lib/python3.8/site-packages/airflow/example_dags/example_nested_branch_dag.py
[2021-08-08 04:13:12,926] {scheduler_job.py:633} INFO - Processing file /home/airflow/sandbox/lib/python3.8/site-packages/airflow/example_dags/example_nested_branch_dag.py for tasks to queue
[2021-08-08 04:13:12,929] {logging_mixin.py:104} INFO - [2021-08-08 04:13:12,929] {dagbag.py:496} INFO - Filling up the DagBag from /home/airflow/sandbox/lib/python3.8/site-packages/airflow/example_dags/example_nested_branch_dag.py
[2021-08-08 04:13:12,946] {scheduler_job.py:643} INFO - DAG(s) dict_keys(['example_nested_branch_dag']) retrieved from /home/airflow/sandbox/lib/python3.8/site-packages/airflow/example_dags/example_nested_branch_dag.py
[2021-08-08 04:13:12,959] {logging_mixin.py:104} INFO - [2021-08-08 04:13:12,959] {dag.py:1833} INFO - Sync 1 DAGs
[2021-08-08 04:13:12,979] {logging_mixin.py:104} INFO - [2021-08-08 04:13:12,978] {dag.py:2306} INFO - Setting next_dagrun for example_nested_branch_dag to 2021-08-06 00:00:00+00:00
[2021-08-08 04:13:13,000] {scheduler_job.py:190} INFO - Processing /home/airflow/sandbox/lib/python3.8/site-packages/airflow/example_dags/example_nested_branch_dag.py took 0.085 seconds
[2021-08-08 04:13:46,648] {scheduler_job.py:182} INFO - Started process (PID=3258) to work on /home/airflow/sandbox/lib/python3.8/site-packages/airflow/example_dags/example_nested_branch_dag.py
[2021-08-08 04:13:46,653] {scheduler_job.py:633} INFO - Processing file /home/airflow/sandbox/lib/python3.8/site-packages/airflow/example_dags/example_nested_branch_dag.py for tasks to queue
[2021-08-08 04:13:46,655] {logging_mixin.py:104} INFO - [2021-08-08 04:13:46,655] {dagbag.py:496} INFO - Filling up the DagBag from /home/airflow/sandbox/lib/python3.8/site-packages/airflow/example_dags/example_nested_branch_dag.py
[2021-08-08 04:13:46,668] {scheduler_job.py:643} INFO - DAG(s) dict_keys(['example_nested_branch_dag']) retrieved from /home/airflow/sandbox/lib/python3.8/site-packages/airflow/example_dags/example_nested_branch_dag.py
[2021-08-08 04:13:46,680] {logging_mixin.py:104} INFO - [2021-08-08 04:13:46,680] {dag.py:1833} INFO - Sync 1 DAGs
[2021-08-08 04:13:46,691] {logging_mixin.py:104} INFO - [2021-08-08 04:13:46,690] {dag.py:2306} INFO - Setting next_dagrun for example_nested_branch_dag to 2021-08-06 00:00:00+00:00
[2021-08-08 04:13:46,708] {scheduler_job.py:190} INFO - Processing /home/airflow/sandbox/lib/python3.8/site-packages/airflow/example_dags/example_nested_branch_dag.py took 0.063 seconds
[2021-08-08 04:14:22,505] {scheduler_job.py:182} INFO - Started process (PID=3427) to work on /home/airflow/sandbox/lib/python3.8/site-packages/airflow/example_dags/example_nested_branch_dag.py
[2021-08-08 04:14:22,508] {scheduler_job.py:633} INFO - Processing file /home/airflow/sandbox/lib/python3.8/site-packages/airflow/example_dags/example_nested_branch_dag.py for tasks to queue
[2021-08-08 04:14:22,510] {logging_mixin.py:104} INFO - [2021-08-08 04:14:22,510] {dagbag.py:496} INFO - Filling up the DagBag from /home/airflow/sandbox/lib/python3.8/site-packages/airflow/example_dags/example_nested_branch_dag.py
[2021-08-08 04:14:22,522] {scheduler_job.py:643} INFO - DAG(s) dict_keys(['example_nested_branch_dag']) retrieved from /home/airflow/sandbox/lib/python3.8/site-packages/airflow/example_dags/example_nested_branch_dag.py
[2021-08-08 04:14:22,537] {logging_mixin.py:104} INFO - [2021-08-08 04:14:22,537] {dag.py:1833} INFO - Sync 1 DAGs
[2021-08-08 04:14:22,550] {logging_mixin.py:104} INFO - [2021-08-08 04:14:22,550] {dag.py:2306} INFO - Setting next_dagrun for example_nested_branch_dag to 2021-08-06 00:00:00+00:00
[2021-08-08 04:14:22,577] {scheduler_job.py:190} INFO - Processing /home/airflow/sandbox/lib/python3.8/site-packages/airflow/example_dags/example_nested_branch_dag.py took 0.074 seconds
[2021-08-08 04:14:59,475] {scheduler_job.py:182} INFO - Started process (PID=3665) to work on /home/airflow/sandbox/lib/python3.8/site-packages/airflow/example_dags/example_nested_branch_dag.py
[2021-08-08 04:14:59,478] {scheduler_job.py:633} INFO - Processing file /home/airflow/sandbox/lib/python3.8/site-packages/airflow/example_dags/example_nested_branch_dag.py for tasks to queue
[2021-08-08 04:14:59,481] {logging_mixin.py:104} INFO - [2021-08-08 04:14:59,481] {dagbag.py:496} INFO - Filling up the DagBag from /home/airflow/sandbox/lib/python3.8/site-packages/airflow/example_dags/example_nested_branch_dag.py
[2021-08-08 04:14:59,507] {scheduler_job.py:643} INFO - DAG(s) dict_keys(['example_nested_branch_dag']) retrieved from /home/airflow/sandbox/lib/python3.8/site-packages/airflow/example_dags/example_nested_branch_dag.py
[2021-08-08 04:14:59,536] {logging_mixin.py:104} INFO - [2021-08-08 04:14:59,536] {dag.py:1833} INFO - Sync 1 DAGs
[2021-08-08 04:14:59,552] {logging_mixin.py:104} INFO - [2021-08-08 04:14:59,552] {dag.py:2306} INFO - Setting next_dagrun for example_nested_branch_dag to 2021-08-06 00:00:00+00:00
[2021-08-08 04:14:59,571] {scheduler_job.py:190} INFO - Processing /home/airflow/sandbox/lib/python3.8/site-packages/airflow/example_dags/example_nested_branch_dag.py took 0.100 seconds
[2021-08-08 04:15:34,187] {scheduler_job.py:182} INFO - Started process (PID=3830) to work on /home/airflow/sandbox/lib/python3.8/site-packages/airflow/example_dags/example_nested_branch_dag.py
[2021-08-08 04:15:34,190] {scheduler_job.py:633} INFO - Processing file /home/airflow/sandbox/lib/python3.8/site-packages/airflow/example_dags/example_nested_branch_dag.py for tasks to queue
[2021-08-08 04:15:34,192] {logging_mixin.py:104} INFO - [2021-08-08 04:15:34,192] {dagbag.py:496} INFO - Filling up the DagBag from /home/airflow/sandbox/lib/python3.8/site-packages/airflow/example_dags/example_nested_branch_dag.py
[2021-08-08 04:15:34,205] {scheduler_job.py:643} INFO - DAG(s) dict_keys(['example_nested_branch_dag']) retrieved from /home/airflow/sandbox/lib/python3.8/site-packages/airflow/example_dags/example_nested_branch_dag.py
[2021-08-08 04:15:34,218] {logging_mixin.py:104} INFO - [2021-08-08 04:15:34,218] {dag.py:1833} INFO - Sync 1 DAGs
[2021-08-08 04:15:34,229] {logging_mixin.py:104} INFO - [2021-08-08 04:15:34,229] {dag.py:2306} INFO - Setting next_dagrun for example_nested_branch_dag to 2021-08-06 00:00:00+00:00
[2021-08-08 04:15:34,248] {scheduler_job.py:190} INFO - Processing /home/airflow/sandbox/lib/python3.8/site-packages/airflow/example_dags/example_nested_branch_dag.py took 0.064 seconds
[2021-08-08 04:16:05,978] {scheduler_job.py:182} INFO - Started process (PID=4119) to work on /home/airflow/sandbox/lib/python3.8/site-packages/airflow/example_dags/example_nested_branch_dag.py
[2021-08-08 04:16:05,980] {scheduler_job.py:633} INFO - Processing file /home/airflow/sandbox/lib/python3.8/site-packages/airflow/example_dags/example_nested_branch_dag.py for tasks to queue
[2021-08-08 04:16:05,983] {logging_mixin.py:104} INFO - [2021-08-08 04:16:05,982] {dagbag.py:496} INFO - Filling up the DagBag from /home/airflow/sandbox/lib/python3.8/site-packages/airflow/example_dags/example_nested_branch_dag.py
[2021-08-08 04:16:05,995] {scheduler_job.py:643} INFO - DAG(s) dict_keys(['example_nested_branch_dag']) retrieved from /home/airflow/sandbox/lib/python3.8/site-packages/airflow/example_dags/example_nested_branch_dag.py
[2021-08-08 04:16:06,009] {logging_mixin.py:104} INFO - [2021-08-08 04:16:06,008] {dag.py:1833} INFO - Sync 1 DAGs
[2021-08-08 04:16:06,021] {logging_mixin.py:104} INFO - [2021-08-08 04:16:06,021] {dag.py:2306} INFO - Setting next_dagrun for example_nested_branch_dag to 2021-08-06 00:00:00+00:00
[2021-08-08 04:16:06,040] {scheduler_job.py:190} INFO - Processing /home/airflow/sandbox/lib/python3.8/site-packages/airflow/example_dags/example_nested_branch_dag.py took 0.065 seconds
[2021-08-08 04:16:41,402] {scheduler_job.py:182} INFO - Started process (PID=4240) to work on /home/airflow/sandbox/lib/python3.8/site-packages/airflow/example_dags/example_nested_branch_dag.py
[2021-08-08 04:16:41,404] {scheduler_job.py:633} INFO - Processing file /home/airflow/sandbox/lib/python3.8/site-packages/airflow/example_dags/example_nested_branch_dag.py for tasks to queue
[2021-08-08 04:16:41,406] {logging_mixin.py:104} INFO - [2021-08-08 04:16:41,406] {dagbag.py:496} INFO - Filling up the DagBag from /home/airflow/sandbox/lib/python3.8/site-packages/airflow/example_dags/example_nested_branch_dag.py
[2021-08-08 04:16:41,419] {scheduler_job.py:643} INFO - DAG(s) dict_keys(['example_nested_branch_dag']) retrieved from /home/airflow/sandbox/lib/python3.8/site-packages/airflow/example_dags/example_nested_branch_dag.py
[2021-08-08 04:16:41,431] {logging_mixin.py:104} INFO - [2021-08-08 04:16:41,431] {dag.py:1833} INFO - Sync 1 DAGs
[2021-08-08 04:16:41,442] {logging_mixin.py:104} INFO - [2021-08-08 04:16:41,442] {dag.py:2306} INFO - Setting next_dagrun for example_nested_branch_dag to 2021-08-06 00:00:00+00:00
[2021-08-08 04:16:41,461] {scheduler_job.py:190} INFO - Processing /home/airflow/sandbox/lib/python3.8/site-packages/airflow/example_dags/example_nested_branch_dag.py took 0.061 seconds
[2021-08-08 04:17:17,348] {scheduler_job.py:182} INFO - Started process (PID=4434) to work on /home/airflow/sandbox/lib/python3.8/site-packages/airflow/example_dags/example_nested_branch_dag.py
[2021-08-08 04:17:17,352] {scheduler_job.py:633} INFO - Processing file /home/airflow/sandbox/lib/python3.8/site-packages/airflow/example_dags/example_nested_branch_dag.py for tasks to queue
[2021-08-08 04:17:17,354] {logging_mixin.py:104} INFO - [2021-08-08 04:17:17,354] {dagbag.py:496} INFO - Filling up the DagBag from /home/airflow/sandbox/lib/python3.8/site-packages/airflow/example_dags/example_nested_branch_dag.py
[2021-08-08 04:17:17,366] {scheduler_job.py:643} INFO - DAG(s) dict_keys(['example_nested_branch_dag']) retrieved from /home/airflow/sandbox/lib/python3.8/site-packages/airflow/example_dags/example_nested_branch_dag.py
[2021-08-08 04:17:17,381] {logging_mixin.py:104} INFO - [2021-08-08 04:17:17,381] {dag.py:1833} INFO - Sync 1 DAGs
[2021-08-08 04:17:17,393] {logging_mixin.py:104} INFO - [2021-08-08 04:17:17,392] {dag.py:2306} INFO - Setting next_dagrun for example_nested_branch_dag to 2021-08-06 00:00:00+00:00
[2021-08-08 04:17:17,410] {scheduler_job.py:190} INFO - Processing /home/airflow/sandbox/lib/python3.8/site-packages/airflow/example_dags/example_nested_branch_dag.py took 0.065 seconds
[2021-08-08 04:17:49,616] {scheduler_job.py:182} INFO - Started process (PID=4550) to work on /home/airflow/sandbox/lib/python3.8/site-packages/airflow/example_dags/example_nested_branch_dag.py
[2021-08-08 04:17:49,619] {scheduler_job.py:633} INFO - Processing file /home/airflow/sandbox/lib/python3.8/site-packages/airflow/example_dags/example_nested_branch_dag.py for tasks to queue
[2021-08-08 04:17:49,621] {logging_mixin.py:104} INFO - [2021-08-08 04:17:49,621] {dagbag.py:496} INFO - Filling up the DagBag from /home/airflow/sandbox/lib/python3.8/site-packages/airflow/example_dags/example_nested_branch_dag.py
[2021-08-08 04:17:49,632] {scheduler_job.py:643} INFO - DAG(s) dict_keys(['example_nested_branch_dag']) retrieved from /home/airflow/sandbox/lib/python3.8/site-packages/airflow/example_dags/example_nested_branch_dag.py
[2021-08-08 04:17:49,644] {logging_mixin.py:104} INFO - [2021-08-08 04:17:49,643] {dag.py:1833} INFO - Sync 1 DAGs
[2021-08-08 04:17:49,654] {logging_mixin.py:104} INFO - [2021-08-08 04:17:49,654] {dag.py:2306} INFO - Setting next_dagrun for example_nested_branch_dag to 2021-08-06 00:00:00+00:00
[2021-08-08 04:17:49,671] {scheduler_job.py:190} INFO - Processing /home/airflow/sandbox/lib/python3.8/site-packages/airflow/example_dags/example_nested_branch_dag.py took 0.057 seconds
[2021-08-08 04:18:24,891] {scheduler_job.py:182} INFO - Started process (PID=4680) to work on /home/airflow/sandbox/lib/python3.8/site-packages/airflow/example_dags/example_nested_branch_dag.py
[2021-08-08 04:18:24,894] {scheduler_job.py:633} INFO - Processing file /home/airflow/sandbox/lib/python3.8/site-packages/airflow/example_dags/example_nested_branch_dag.py for tasks to queue
[2021-08-08 04:18:24,896] {logging_mixin.py:104} INFO - [2021-08-08 04:18:24,896] {dagbag.py:496} INFO - Filling up the DagBag from /home/airflow/sandbox/lib/python3.8/site-packages/airflow/example_dags/example_nested_branch_dag.py
[2021-08-08 04:18:24,908] {scheduler_job.py:643} INFO - DAG(s) dict_keys(['example_nested_branch_dag']) retrieved from /home/airflow/sandbox/lib/python3.8/site-packages/airflow/example_dags/example_nested_branch_dag.py
[2021-08-08 04:18:24,921] {logging_mixin.py:104} INFO - [2021-08-08 04:18:24,921] {dag.py:1833} INFO - Sync 1 DAGs
[2021-08-08 04:18:24,935] {logging_mixin.py:104} INFO - [2021-08-08 04:18:24,935] {dag.py:2306} INFO - Setting next_dagrun for example_nested_branch_dag to 2021-08-06 00:00:00+00:00
[2021-08-08 04:18:24,954] {scheduler_job.py:190} INFO - Processing /home/airflow/sandbox/lib/python3.8/site-packages/airflow/example_dags/example_nested_branch_dag.py took 0.065 seconds
[2021-08-08 04:18:57,738] {scheduler_job.py:182} INFO - Started process (PID=4900) to work on /home/airflow/sandbox/lib/python3.8/site-packages/airflow/example_dags/example_nested_branch_dag.py
[2021-08-08 04:18:57,741] {scheduler_job.py:633} INFO - Processing file /home/airflow/sandbox/lib/python3.8/site-packages/airflow/example_dags/example_nested_branch_dag.py for tasks to queue
[2021-08-08 04:18:57,744] {logging_mixin.py:104} INFO - [2021-08-08 04:18:57,744] {dagbag.py:496} INFO - Filling up the DagBag from /home/airflow/sandbox/lib/python3.8/site-packages/airflow/example_dags/example_nested_branch_dag.py
[2021-08-08 04:18:57,756] {scheduler_job.py:643} INFO - DAG(s) dict_keys(['example_nested_branch_dag']) retrieved from /home/airflow/sandbox/lib/python3.8/site-packages/airflow/example_dags/example_nested_branch_dag.py
[2021-08-08 04:18:57,767] {logging_mixin.py:104} INFO - [2021-08-08 04:18:57,767] {dag.py:1833} INFO - Sync 1 DAGs
[2021-08-08 04:18:57,779] {logging_mixin.py:104} INFO - [2021-08-08 04:18:57,779] {dag.py:2306} INFO - Setting next_dagrun for example_nested_branch_dag to 2021-08-06 00:00:00+00:00
[2021-08-08 04:18:57,797] {scheduler_job.py:190} INFO - Processing /home/airflow/sandbox/lib/python3.8/site-packages/airflow/example_dags/example_nested_branch_dag.py took 0.061 seconds
[2021-08-08 04:19:31,231] {scheduler_job.py:182} INFO - Started process (PID=5029) to work on /home/airflow/sandbox/lib/python3.8/site-packages/airflow/example_dags/example_nested_branch_dag.py
[2021-08-08 04:19:31,234] {scheduler_job.py:633} INFO - Processing file /home/airflow/sandbox/lib/python3.8/site-packages/airflow/example_dags/example_nested_branch_dag.py for tasks to queue
[2021-08-08 04:19:31,236] {logging_mixin.py:104} INFO - [2021-08-08 04:19:31,236] {dagbag.py:496} INFO - Filling up the DagBag from /home/airflow/sandbox/lib/python3.8/site-packages/airflow/example_dags/example_nested_branch_dag.py
[2021-08-08 04:19:31,266] {scheduler_job.py:643} INFO - DAG(s) dict_keys(['example_nested_branch_dag']) retrieved from /home/airflow/sandbox/lib/python3.8/site-packages/airflow/example_dags/example_nested_branch_dag.py
[2021-08-08 04:19:31,349] {logging_mixin.py:104} INFO - [2021-08-08 04:19:31,349] {dag.py:1833} INFO - Sync 1 DAGs
[2021-08-08 04:19:31,450] {logging_mixin.py:104} INFO - [2021-08-08 04:19:31,450] {dag.py:2306} INFO - Setting next_dagrun for example_nested_branch_dag to 2021-08-06 00:00:00+00:00
[2021-08-08 04:19:31,583] {scheduler_job.py:190} INFO - Processing /home/airflow/sandbox/lib/python3.8/site-packages/airflow/example_dags/example_nested_branch_dag.py took 0.356 seconds
[2021-08-08 04:20:08,004] {scheduler_job.py:182} INFO - Started process (PID=5172) to work on /home/airflow/sandbox/lib/python3.8/site-packages/airflow/example_dags/example_nested_branch_dag.py
[2021-08-08 04:20:08,007] {scheduler_job.py:633} INFO - Processing file /home/airflow/sandbox/lib/python3.8/site-packages/airflow/example_dags/example_nested_branch_dag.py for tasks to queue
[2021-08-08 04:20:08,009] {logging_mixin.py:104} INFO - [2021-08-08 04:20:08,009] {dagbag.py:496} INFO - Filling up the DagBag from /home/airflow/sandbox/lib/python3.8/site-packages/airflow/example_dags/example_nested_branch_dag.py
[2021-08-08 04:20:08,020] {scheduler_job.py:643} INFO - DAG(s) dict_keys(['example_nested_branch_dag']) retrieved from /home/airflow/sandbox/lib/python3.8/site-packages/airflow/example_dags/example_nested_branch_dag.py
[2021-08-08 04:20:08,032] {logging_mixin.py:104} INFO - [2021-08-08 04:20:08,032] {dag.py:1833} INFO - Sync 1 DAGs
[2021-08-08 04:20:08,043] {logging_mixin.py:104} INFO - [2021-08-08 04:20:08,043] {dag.py:2306} INFO - Setting next_dagrun for example_nested_branch_dag to 2021-08-06 00:00:00+00:00
[2021-08-08 04:20:08,059] {scheduler_job.py:190} INFO - Processing /home/airflow/sandbox/lib/python3.8/site-packages/airflow/example_dags/example_nested_branch_dag.py took 0.058 seconds
[2021-08-08 04:20:42,693] {scheduler_job.py:182} INFO - Started process (PID=5308) to work on /home/airflow/sandbox/lib/python3.8/site-packages/airflow/example_dags/example_nested_branch_dag.py
[2021-08-08 04:20:42,696] {scheduler_job.py:633} INFO - Processing file /home/airflow/sandbox/lib/python3.8/site-packages/airflow/example_dags/example_nested_branch_dag.py for tasks to queue
[2021-08-08 04:20:42,699] {logging_mixin.py:104} INFO - [2021-08-08 04:20:42,699] {dagbag.py:496} INFO - Filling up the DagBag from /home/airflow/sandbox/lib/python3.8/site-packages/airflow/example_dags/example_nested_branch_dag.py
[2021-08-08 04:20:42,710] {scheduler_job.py:643} INFO - DAG(s) dict_keys(['example_nested_branch_dag']) retrieved from /home/airflow/sandbox/lib/python3.8/site-packages/airflow/example_dags/example_nested_branch_dag.py
[2021-08-08 04:20:42,723] {logging_mixin.py:104} INFO - [2021-08-08 04:20:42,723] {dag.py:1833} INFO - Sync 1 DAGs
[2021-08-08 04:20:42,734] {logging_mixin.py:104} INFO - [2021-08-08 04:20:42,734] {dag.py:2306} INFO - Setting next_dagrun for example_nested_branch_dag to 2021-08-06 00:00:00+00:00
[2021-08-08 04:20:42,749] {scheduler_job.py:190} INFO - Processing /home/airflow/sandbox/lib/python3.8/site-packages/airflow/example_dags/example_nested_branch_dag.py took 0.058 seconds
[2021-08-08 04:21:16,273] {scheduler_job.py:182} INFO - Started process (PID=5479) to work on /home/airflow/sandbox/lib/python3.8/site-packages/airflow/example_dags/example_nested_branch_dag.py
[2021-08-08 04:21:16,276] {scheduler_job.py:633} INFO - Processing file /home/airflow/sandbox/lib/python3.8/site-packages/airflow/example_dags/example_nested_branch_dag.py for tasks to queue
[2021-08-08 04:21:16,277] {logging_mixin.py:104} INFO - [2021-08-08 04:21:16,277] {dagbag.py:496} INFO - Filling up the DagBag from /home/airflow/sandbox/lib/python3.8/site-packages/airflow/example_dags/example_nested_branch_dag.py
[2021-08-08 04:21:16,289] {scheduler_job.py:643} INFO - DAG(s) dict_keys(['example_nested_branch_dag']) retrieved from /home/airflow/sandbox/lib/python3.8/site-packages/airflow/example_dags/example_nested_branch_dag.py
[2021-08-08 04:21:16,301] {logging_mixin.py:104} INFO - [2021-08-08 04:21:16,301] {dag.py:1833} INFO - Sync 1 DAGs
[2021-08-08 04:21:16,312] {logging_mixin.py:104} INFO - [2021-08-08 04:21:16,312] {dag.py:2306} INFO - Setting next_dagrun for example_nested_branch_dag to 2021-08-06 00:00:00+00:00
[2021-08-08 04:21:16,331] {scheduler_job.py:190} INFO - Processing /home/airflow/sandbox/lib/python3.8/site-packages/airflow/example_dags/example_nested_branch_dag.py took 0.062 seconds
[2021-08-08 04:21:49,875] {scheduler_job.py:182} INFO - Started process (PID=5609) to work on /home/airflow/sandbox/lib/python3.8/site-packages/airflow/example_dags/example_nested_branch_dag.py
[2021-08-08 04:21:49,877] {scheduler_job.py:633} INFO - Processing file /home/airflow/sandbox/lib/python3.8/site-packages/airflow/example_dags/example_nested_branch_dag.py for tasks to queue
[2021-08-08 04:21:49,879] {logging_mixin.py:104} INFO - [2021-08-08 04:21:49,879] {dagbag.py:496} INFO - Filling up the DagBag from /home/airflow/sandbox/lib/python3.8/site-packages/airflow/example_dags/example_nested_branch_dag.py
[2021-08-08 04:21:49,891] {scheduler_job.py:643} INFO - DAG(s) dict_keys(['example_nested_branch_dag']) retrieved from /home/airflow/sandbox/lib/python3.8/site-packages/airflow/example_dags/example_nested_branch_dag.py
[2021-08-08 04:21:49,904] {logging_mixin.py:104} INFO - [2021-08-08 04:21:49,904] {dag.py:1833} INFO - Sync 1 DAGs
[2021-08-08 04:21:49,915] {logging_mixin.py:104} INFO - [2021-08-08 04:21:49,915] {dag.py:2306} INFO - Setting next_dagrun for example_nested_branch_dag to 2021-08-06 00:00:00+00:00
[2021-08-08 04:21:49,933] {scheduler_job.py:190} INFO - Processing /home/airflow/sandbox/lib/python3.8/site-packages/airflow/example_dags/example_nested_branch_dag.py took 0.060 seconds
[2021-08-08 04:22:26,290] {scheduler_job.py:182} INFO - Started process (PID=5753) to work on /home/airflow/sandbox/lib/python3.8/site-packages/airflow/example_dags/example_nested_branch_dag.py
[2021-08-08 04:22:26,294] {scheduler_job.py:633} INFO - Processing file /home/airflow/sandbox/lib/python3.8/site-packages/airflow/example_dags/example_nested_branch_dag.py for tasks to queue
[2021-08-08 04:22:26,296] {logging_mixin.py:104} INFO - [2021-08-08 04:22:26,296] {dagbag.py:496} INFO - Filling up the DagBag from /home/airflow/sandbox/lib/python3.8/site-packages/airflow/example_dags/example_nested_branch_dag.py
[2021-08-08 04:22:26,307] {scheduler_job.py:643} INFO - DAG(s) dict_keys(['example_nested_branch_dag']) retrieved from /home/airflow/sandbox/lib/python3.8/site-packages/airflow/example_dags/example_nested_branch_dag.py
[2021-08-08 04:22:26,319] {logging_mixin.py:104} INFO - [2021-08-08 04:22:26,319] {dag.py:1833} INFO - Sync 1 DAGs
[2021-08-08 04:22:26,330] {logging_mixin.py:104} INFO - [2021-08-08 04:22:26,330] {dag.py:2306} INFO - Setting next_dagrun for example_nested_branch_dag to 2021-08-06 00:00:00+00:00
[2021-08-08 04:22:26,355] {scheduler_job.py:190} INFO - Processing /home/airflow/sandbox/lib/python3.8/site-packages/airflow/example_dags/example_nested_branch_dag.py took 0.068 seconds
[2021-08-08 04:22:59,653] {scheduler_job.py:182} INFO - Started process (PID=5954) to work on /home/airflow/sandbox/lib/python3.8/site-packages/airflow/example_dags/example_nested_branch_dag.py
[2021-08-08 04:22:59,661] {scheduler_job.py:633} INFO - Processing file /home/airflow/sandbox/lib/python3.8/site-packages/airflow/example_dags/example_nested_branch_dag.py for tasks to queue
[2021-08-08 04:22:59,668] {logging_mixin.py:104} INFO - [2021-08-08 04:22:59,668] {dagbag.py:496} INFO - Filling up the DagBag from /home/airflow/sandbox/lib/python3.8/site-packages/airflow/example_dags/example_nested_branch_dag.py
[2021-08-08 04:22:59,687] {scheduler_job.py:643} INFO - DAG(s) dict_keys(['example_nested_branch_dag']) retrieved from /home/airflow/sandbox/lib/python3.8/site-packages/airflow/example_dags/example_nested_branch_dag.py
[2021-08-08 04:22:59,703] {logging_mixin.py:104} INFO - [2021-08-08 04:22:59,703] {dag.py:1833} INFO - Sync 1 DAGs
[2021-08-08 04:22:59,719] {logging_mixin.py:104} INFO - [2021-08-08 04:22:59,719] {dag.py:2306} INFO - Setting next_dagrun for example_nested_branch_dag to 2021-08-06 00:00:00+00:00
[2021-08-08 04:22:59,737] {scheduler_job.py:190} INFO - Processing /home/airflow/sandbox/lib/python3.8/site-packages/airflow/example_dags/example_nested_branch_dag.py took 0.086 seconds
[2021-08-08 04:23:33,125] {scheduler_job.py:182} INFO - Started process (PID=6165) to work on /home/airflow/sandbox/lib/python3.8/site-packages/airflow/example_dags/example_nested_branch_dag.py
[2021-08-08 04:23:33,129] {scheduler_job.py:633} INFO - Processing file /home/airflow/sandbox/lib/python3.8/site-packages/airflow/example_dags/example_nested_branch_dag.py for tasks to queue
[2021-08-08 04:23:33,129] {logging_mixin.py:104} INFO - [2021-08-08 04:23:33,129] {dagbag.py:496} INFO - Filling up the DagBag from /home/airflow/sandbox/lib/python3.8/site-packages/airflow/example_dags/example_nested_branch_dag.py
[2021-08-08 04:23:33,145] {scheduler_job.py:643} INFO - DAG(s) dict_keys(['example_nested_branch_dag']) retrieved from /home/airflow/sandbox/lib/python3.8/site-packages/airflow/example_dags/example_nested_branch_dag.py
[2021-08-08 04:23:33,158] {logging_mixin.py:104} INFO - [2021-08-08 04:23:33,158] {dag.py:1833} INFO - Sync 1 DAGs
[2021-08-08 04:23:33,174] {logging_mixin.py:104} INFO - [2021-08-08 04:23:33,173] {dag.py:2306} INFO - Setting next_dagrun for example_nested_branch_dag to 2021-08-06 00:00:00+00:00
[2021-08-08 04:23:33,197] {scheduler_job.py:190} INFO - Processing /home/airflow/sandbox/lib/python3.8/site-packages/airflow/example_dags/example_nested_branch_dag.py took 0.075 seconds
[2021-08-08 04:24:09,381] {scheduler_job.py:182} INFO - Started process (PID=6353) to work on /home/airflow/sandbox/lib/python3.8/site-packages/airflow/example_dags/example_nested_branch_dag.py
[2021-08-08 04:24:09,384] {scheduler_job.py:633} INFO - Processing file /home/airflow/sandbox/lib/python3.8/site-packages/airflow/example_dags/example_nested_branch_dag.py for tasks to queue
[2021-08-08 04:24:09,386] {logging_mixin.py:104} INFO - [2021-08-08 04:24:09,386] {dagbag.py:496} INFO - Filling up the DagBag from /home/airflow/sandbox/lib/python3.8/site-packages/airflow/example_dags/example_nested_branch_dag.py
[2021-08-08 04:24:09,398] {scheduler_job.py:643} INFO - DAG(s) dict_keys(['example_nested_branch_dag']) retrieved from /home/airflow/sandbox/lib/python3.8/site-packages/airflow/example_dags/example_nested_branch_dag.py
[2021-08-08 04:24:09,411] {logging_mixin.py:104} INFO - [2021-08-08 04:24:09,411] {dag.py:1833} INFO - Sync 1 DAGs
[2021-08-08 04:24:09,422] {logging_mixin.py:104} INFO - [2021-08-08 04:24:09,422] {dag.py:2306} INFO - Setting next_dagrun for example_nested_branch_dag to 2021-08-06 00:00:00+00:00
[2021-08-08 04:24:09,444] {scheduler_job.py:190} INFO - Processing /home/airflow/sandbox/lib/python3.8/site-packages/airflow/example_dags/example_nested_branch_dag.py took 0.066 seconds
[2021-08-08 04:24:42,859] {scheduler_job.py:182} INFO - Started process (PID=6502) to work on /home/airflow/sandbox/lib/python3.8/site-packages/airflow/example_dags/example_nested_branch_dag.py
[2021-08-08 04:24:42,862] {scheduler_job.py:633} INFO - Processing file /home/airflow/sandbox/lib/python3.8/site-packages/airflow/example_dags/example_nested_branch_dag.py for tasks to queue
[2021-08-08 04:24:42,864] {logging_mixin.py:104} INFO - [2021-08-08 04:24:42,864] {dagbag.py:496} INFO - Filling up the DagBag from /home/airflow/sandbox/lib/python3.8/site-packages/airflow/example_dags/example_nested_branch_dag.py
[2021-08-08 04:24:42,878] {scheduler_job.py:643} INFO - DAG(s) dict_keys(['example_nested_branch_dag']) retrieved from /home/airflow/sandbox/lib/python3.8/site-packages/airflow/example_dags/example_nested_branch_dag.py
[2021-08-08 04:24:42,891] {logging_mixin.py:104} INFO - [2021-08-08 04:24:42,891] {dag.py:1833} INFO - Sync 1 DAGs
[2021-08-08 04:24:42,903] {logging_mixin.py:104} INFO - [2021-08-08 04:24:42,903] {dag.py:2306} INFO - Setting next_dagrun for example_nested_branch_dag to 2021-08-06 00:00:00+00:00
[2021-08-08 04:24:42,929] {scheduler_job.py:190} INFO - Processing /home/airflow/sandbox/lib/python3.8/site-packages/airflow/example_dags/example_nested_branch_dag.py took 0.073 seconds
[2021-08-08 04:25:18,845] {scheduler_job.py:182} INFO - Started process (PID=6745) to work on /home/airflow/sandbox/lib/python3.8/site-packages/airflow/example_dags/example_nested_branch_dag.py
[2021-08-08 04:25:18,848] {scheduler_job.py:633} INFO - Processing file /home/airflow/sandbox/lib/python3.8/site-packages/airflow/example_dags/example_nested_branch_dag.py for tasks to queue
[2021-08-08 04:25:18,850] {logging_mixin.py:104} INFO - [2021-08-08 04:25:18,850] {dagbag.py:496} INFO - Filling up the DagBag from /home/airflow/sandbox/lib/python3.8/site-packages/airflow/example_dags/example_nested_branch_dag.py
[2021-08-08 04:25:18,861] {scheduler_job.py:643} INFO - DAG(s) dict_keys(['example_nested_branch_dag']) retrieved from /home/airflow/sandbox/lib/python3.8/site-packages/airflow/example_dags/example_nested_branch_dag.py
[2021-08-08 04:25:18,875] {logging_mixin.py:104} INFO - [2021-08-08 04:25:18,875] {dag.py:1833} INFO - Sync 1 DAGs
[2021-08-08 04:25:18,886] {logging_mixin.py:104} INFO - [2021-08-08 04:25:18,886] {dag.py:2306} INFO - Setting next_dagrun for example_nested_branch_dag to 2021-08-06 00:00:00+00:00
[2021-08-08 04:25:18,902] {scheduler_job.py:190} INFO - Processing /home/airflow/sandbox/lib/python3.8/site-packages/airflow/example_dags/example_nested_branch_dag.py took 0.060 seconds
