[2021-08-08 04:11:01,452] {scheduler_job.py:182} INFO - Started process (PID=2544) to work on /home/airflow/sandbox/lib/python3.8/site-packages/airflow/example_dags/example_task_group_decorator.py
[2021-08-08 04:11:01,457] {scheduler_job.py:633} INFO - Processing file /home/airflow/sandbox/lib/python3.8/site-packages/airflow/example_dags/example_task_group_decorator.py for tasks to queue
[2021-08-08 04:11:01,458] {logging_mixin.py:104} INFO - [2021-08-08 04:11:01,458] {dagbag.py:496} INFO - Filling up the DagBag from /home/airflow/sandbox/lib/python3.8/site-packages/airflow/example_dags/example_task_group_decorator.py
[2021-08-08 04:11:01,489] {scheduler_job.py:643} INFO - DAG(s) dict_keys(['example_task_group_decorator']) retrieved from /home/airflow/sandbox/lib/python3.8/site-packages/airflow/example_dags/example_task_group_decorator.py
[2021-08-08 04:11:02,083] {logging_mixin.py:104} INFO - [2021-08-08 04:11:02,083] {dag.py:1833} INFO - Sync 1 DAGs
[2021-08-08 04:11:02,101] {logging_mixin.py:104} INFO - [2021-08-08 04:11:02,101] {dag.py:2306} INFO - Setting next_dagrun for example_task_group_decorator to 2021-08-06 00:00:00+00:00
[2021-08-08 04:11:02,137] {scheduler_job.py:190} INFO - Processing /home/airflow/sandbox/lib/python3.8/site-packages/airflow/example_dags/example_task_group_decorator.py took 0.690 seconds
[2021-08-08 04:11:45,495] {scheduler_job.py:182} INFO - Started process (PID=2731) to work on /home/airflow/sandbox/lib/python3.8/site-packages/airflow/example_dags/example_task_group_decorator.py
[2021-08-08 04:11:45,498] {scheduler_job.py:633} INFO - Processing file /home/airflow/sandbox/lib/python3.8/site-packages/airflow/example_dags/example_task_group_decorator.py for tasks to queue
[2021-08-08 04:11:45,503] {logging_mixin.py:104} INFO - [2021-08-08 04:11:45,503] {dagbag.py:496} INFO - Filling up the DagBag from /home/airflow/sandbox/lib/python3.8/site-packages/airflow/example_dags/example_task_group_decorator.py
[2021-08-08 04:11:45,524] {scheduler_job.py:643} INFO - DAG(s) dict_keys(['example_task_group_decorator']) retrieved from /home/airflow/sandbox/lib/python3.8/site-packages/airflow/example_dags/example_task_group_decorator.py
[2021-08-08 04:11:45,768] {logging_mixin.py:104} INFO - [2021-08-08 04:11:45,768] {dag.py:1833} INFO - Sync 1 DAGs
[2021-08-08 04:11:45,776] {logging_mixin.py:104} INFO - [2021-08-08 04:11:45,776] {dag.py:2306} INFO - Setting next_dagrun for example_task_group_decorator to 2021-08-06 00:00:00+00:00
[2021-08-08 04:11:45,797] {scheduler_job.py:190} INFO - Processing /home/airflow/sandbox/lib/python3.8/site-packages/airflow/example_dags/example_task_group_decorator.py took 0.305 seconds
[2021-08-08 04:12:19,469] {scheduler_job.py:182} INFO - Started process (PID=2890) to work on /home/airflow/sandbox/lib/python3.8/site-packages/airflow/example_dags/example_task_group_decorator.py
[2021-08-08 04:12:19,472] {scheduler_job.py:633} INFO - Processing file /home/airflow/sandbox/lib/python3.8/site-packages/airflow/example_dags/example_task_group_decorator.py for tasks to queue
[2021-08-08 04:12:19,474] {logging_mixin.py:104} INFO - [2021-08-08 04:12:19,474] {dagbag.py:496} INFO - Filling up the DagBag from /home/airflow/sandbox/lib/python3.8/site-packages/airflow/example_dags/example_task_group_decorator.py
[2021-08-08 04:12:19,493] {scheduler_job.py:643} INFO - DAG(s) dict_keys(['example_task_group_decorator']) retrieved from /home/airflow/sandbox/lib/python3.8/site-packages/airflow/example_dags/example_task_group_decorator.py
[2021-08-08 04:12:19,718] {logging_mixin.py:104} INFO - [2021-08-08 04:12:19,718] {dag.py:1833} INFO - Sync 1 DAGs
[2021-08-08 04:12:19,726] {logging_mixin.py:104} INFO - [2021-08-08 04:12:19,726] {dag.py:2306} INFO - Setting next_dagrun for example_task_group_decorator to 2021-08-06 00:00:00+00:00
[2021-08-08 04:12:19,745] {scheduler_job.py:190} INFO - Processing /home/airflow/sandbox/lib/python3.8/site-packages/airflow/example_dags/example_task_group_decorator.py took 0.279 seconds
[2021-08-08 04:12:54,462] {scheduler_job.py:182} INFO - Started process (PID=3042) to work on /home/airflow/sandbox/lib/python3.8/site-packages/airflow/example_dags/example_task_group_decorator.py
[2021-08-08 04:12:54,465] {scheduler_job.py:633} INFO - Processing file /home/airflow/sandbox/lib/python3.8/site-packages/airflow/example_dags/example_task_group_decorator.py for tasks to queue
[2021-08-08 04:12:54,467] {logging_mixin.py:104} INFO - [2021-08-08 04:12:54,467] {dagbag.py:496} INFO - Filling up the DagBag from /home/airflow/sandbox/lib/python3.8/site-packages/airflow/example_dags/example_task_group_decorator.py
[2021-08-08 04:12:54,488] {scheduler_job.py:643} INFO - DAG(s) dict_keys(['example_task_group_decorator']) retrieved from /home/airflow/sandbox/lib/python3.8/site-packages/airflow/example_dags/example_task_group_decorator.py
[2021-08-08 04:12:54,715] {logging_mixin.py:104} INFO - [2021-08-08 04:12:54,715] {dag.py:1833} INFO - Sync 1 DAGs
[2021-08-08 04:12:54,725] {logging_mixin.py:104} INFO - [2021-08-08 04:12:54,725] {dag.py:2306} INFO - Setting next_dagrun for example_task_group_decorator to 2021-08-06 00:00:00+00:00
[2021-08-08 04:12:54,747] {scheduler_job.py:190} INFO - Processing /home/airflow/sandbox/lib/python3.8/site-packages/airflow/example_dags/example_task_group_decorator.py took 0.287 seconds
[2021-08-08 04:13:27,183] {scheduler_job.py:182} INFO - Started process (PID=3179) to work on /home/airflow/sandbox/lib/python3.8/site-packages/airflow/example_dags/example_task_group_decorator.py
[2021-08-08 04:13:27,186] {scheduler_job.py:633} INFO - Processing file /home/airflow/sandbox/lib/python3.8/site-packages/airflow/example_dags/example_task_group_decorator.py for tasks to queue
[2021-08-08 04:13:27,188] {logging_mixin.py:104} INFO - [2021-08-08 04:13:27,188] {dagbag.py:496} INFO - Filling up the DagBag from /home/airflow/sandbox/lib/python3.8/site-packages/airflow/example_dags/example_task_group_decorator.py
[2021-08-08 04:13:27,211] {scheduler_job.py:643} INFO - DAG(s) dict_keys(['example_task_group_decorator']) retrieved from /home/airflow/sandbox/lib/python3.8/site-packages/airflow/example_dags/example_task_group_decorator.py
[2021-08-08 04:13:27,514] {logging_mixin.py:104} INFO - [2021-08-08 04:13:27,514] {dag.py:1833} INFO - Sync 1 DAGs
[2021-08-08 04:13:27,524] {logging_mixin.py:104} INFO - [2021-08-08 04:13:27,524] {dag.py:2306} INFO - Setting next_dagrun for example_task_group_decorator to 2021-08-06 00:00:00+00:00
[2021-08-08 04:13:27,547] {scheduler_job.py:190} INFO - Processing /home/airflow/sandbox/lib/python3.8/site-packages/airflow/example_dags/example_task_group_decorator.py took 0.367 seconds
[2021-08-08 04:14:00,669] {scheduler_job.py:182} INFO - Started process (PID=3307) to work on /home/airflow/sandbox/lib/python3.8/site-packages/airflow/example_dags/example_task_group_decorator.py
[2021-08-08 04:14:00,675] {scheduler_job.py:633} INFO - Processing file /home/airflow/sandbox/lib/python3.8/site-packages/airflow/example_dags/example_task_group_decorator.py for tasks to queue
[2021-08-08 04:14:00,676] {logging_mixin.py:104} INFO - [2021-08-08 04:14:00,676] {dagbag.py:496} INFO - Filling up the DagBag from /home/airflow/sandbox/lib/python3.8/site-packages/airflow/example_dags/example_task_group_decorator.py
[2021-08-08 04:14:00,775] {scheduler_job.py:643} INFO - DAG(s) dict_keys(['example_task_group_decorator']) retrieved from /home/airflow/sandbox/lib/python3.8/site-packages/airflow/example_dags/example_task_group_decorator.py
[2021-08-08 04:14:01,199] {logging_mixin.py:104} INFO - [2021-08-08 04:14:01,199] {dag.py:1833} INFO - Sync 1 DAGs
[2021-08-08 04:14:01,209] {logging_mixin.py:104} INFO - [2021-08-08 04:14:01,208] {dag.py:2306} INFO - Setting next_dagrun for example_task_group_decorator to 2021-08-06 00:00:00+00:00
[2021-08-08 04:14:01,233] {scheduler_job.py:190} INFO - Processing /home/airflow/sandbox/lib/python3.8/site-packages/airflow/example_dags/example_task_group_decorator.py took 0.569 seconds
[2021-08-08 04:14:37,746] {scheduler_job.py:182} INFO - Started process (PID=3514) to work on /home/airflow/sandbox/lib/python3.8/site-packages/airflow/example_dags/example_task_group_decorator.py
[2021-08-08 04:14:37,754] {scheduler_job.py:633} INFO - Processing file /home/airflow/sandbox/lib/python3.8/site-packages/airflow/example_dags/example_task_group_decorator.py for tasks to queue
[2021-08-08 04:14:37,755] {logging_mixin.py:104} INFO - [2021-08-08 04:14:37,755] {dagbag.py:496} INFO - Filling up the DagBag from /home/airflow/sandbox/lib/python3.8/site-packages/airflow/example_dags/example_task_group_decorator.py
[2021-08-08 04:14:37,909] {scheduler_job.py:643} INFO - DAG(s) dict_keys(['example_task_group_decorator']) retrieved from /home/airflow/sandbox/lib/python3.8/site-packages/airflow/example_dags/example_task_group_decorator.py
[2021-08-08 04:14:38,353] {logging_mixin.py:104} INFO - [2021-08-08 04:14:38,353] {dag.py:1833} INFO - Sync 1 DAGs
[2021-08-08 04:14:38,370] {logging_mixin.py:104} INFO - [2021-08-08 04:14:38,370] {dag.py:2306} INFO - Setting next_dagrun for example_task_group_decorator to 2021-08-06 00:00:00+00:00
[2021-08-08 04:14:38,404] {scheduler_job.py:190} INFO - Processing /home/airflow/sandbox/lib/python3.8/site-packages/airflow/example_dags/example_task_group_decorator.py took 0.662 seconds
[2021-08-08 04:15:14,346] {scheduler_job.py:182} INFO - Started process (PID=3769) to work on /home/airflow/sandbox/lib/python3.8/site-packages/airflow/example_dags/example_task_group_decorator.py
[2021-08-08 04:15:14,350] {scheduler_job.py:633} INFO - Processing file /home/airflow/sandbox/lib/python3.8/site-packages/airflow/example_dags/example_task_group_decorator.py for tasks to queue
[2021-08-08 04:15:14,352] {logging_mixin.py:104} INFO - [2021-08-08 04:15:14,352] {dagbag.py:496} INFO - Filling up the DagBag from /home/airflow/sandbox/lib/python3.8/site-packages/airflow/example_dags/example_task_group_decorator.py
[2021-08-08 04:15:14,374] {scheduler_job.py:643} INFO - DAG(s) dict_keys(['example_task_group_decorator']) retrieved from /home/airflow/sandbox/lib/python3.8/site-packages/airflow/example_dags/example_task_group_decorator.py
[2021-08-08 04:15:14,608] {logging_mixin.py:104} INFO - [2021-08-08 04:15:14,608] {dag.py:1833} INFO - Sync 1 DAGs
[2021-08-08 04:15:14,619] {logging_mixin.py:104} INFO - [2021-08-08 04:15:14,619] {dag.py:2306} INFO - Setting next_dagrun for example_task_group_decorator to 2021-08-06 00:00:00+00:00
[2021-08-08 04:15:14,641] {scheduler_job.py:190} INFO - Processing /home/airflow/sandbox/lib/python3.8/site-packages/airflow/example_dags/example_task_group_decorator.py took 0.298 seconds
[2021-08-08 04:15:46,983] {scheduler_job.py:182} INFO - Started process (PID=3895) to work on /home/airflow/sandbox/lib/python3.8/site-packages/airflow/example_dags/example_task_group_decorator.py
[2021-08-08 04:15:46,986] {scheduler_job.py:633} INFO - Processing file /home/airflow/sandbox/lib/python3.8/site-packages/airflow/example_dags/example_task_group_decorator.py for tasks to queue
[2021-08-08 04:15:46,988] {logging_mixin.py:104} INFO - [2021-08-08 04:15:46,988] {dagbag.py:496} INFO - Filling up the DagBag from /home/airflow/sandbox/lib/python3.8/site-packages/airflow/example_dags/example_task_group_decorator.py
[2021-08-08 04:15:47,010] {scheduler_job.py:643} INFO - DAG(s) dict_keys(['example_task_group_decorator']) retrieved from /home/airflow/sandbox/lib/python3.8/site-packages/airflow/example_dags/example_task_group_decorator.py
[2021-08-08 04:15:47,237] {logging_mixin.py:104} INFO - [2021-08-08 04:15:47,237] {dag.py:1833} INFO - Sync 1 DAGs
[2021-08-08 04:15:47,245] {logging_mixin.py:104} INFO - [2021-08-08 04:15:47,244] {dag.py:2306} INFO - Setting next_dagrun for example_task_group_decorator to 2021-08-06 00:00:00+00:00
[2021-08-08 04:15:47,266] {scheduler_job.py:190} INFO - Processing /home/airflow/sandbox/lib/python3.8/site-packages/airflow/example_dags/example_task_group_decorator.py took 0.285 seconds
[2021-08-08 04:16:19,598] {scheduler_job.py:182} INFO - Started process (PID=4163) to work on /home/airflow/sandbox/lib/python3.8/site-packages/airflow/example_dags/example_task_group_decorator.py
[2021-08-08 04:16:19,601] {scheduler_job.py:633} INFO - Processing file /home/airflow/sandbox/lib/python3.8/site-packages/airflow/example_dags/example_task_group_decorator.py for tasks to queue
[2021-08-08 04:16:19,602] {logging_mixin.py:104} INFO - [2021-08-08 04:16:19,602] {dagbag.py:496} INFO - Filling up the DagBag from /home/airflow/sandbox/lib/python3.8/site-packages/airflow/example_dags/example_task_group_decorator.py
[2021-08-08 04:16:19,623] {scheduler_job.py:643} INFO - DAG(s) dict_keys(['example_task_group_decorator']) retrieved from /home/airflow/sandbox/lib/python3.8/site-packages/airflow/example_dags/example_task_group_decorator.py
[2021-08-08 04:16:19,839] {logging_mixin.py:104} INFO - [2021-08-08 04:16:19,839] {dag.py:1833} INFO - Sync 1 DAGs
[2021-08-08 04:16:19,848] {logging_mixin.py:104} INFO - [2021-08-08 04:16:19,848] {dag.py:2306} INFO - Setting next_dagrun for example_task_group_decorator to 2021-08-06 00:00:00+00:00
[2021-08-08 04:16:19,869] {scheduler_job.py:190} INFO - Processing /home/airflow/sandbox/lib/python3.8/site-packages/airflow/example_dags/example_task_group_decorator.py took 0.273 seconds
[2021-08-08 04:16:53,126] {scheduler_job.py:182} INFO - Started process (PID=4342) to work on /home/airflow/sandbox/lib/python3.8/site-packages/airflow/example_dags/example_task_group_decorator.py
[2021-08-08 04:16:53,129] {scheduler_job.py:633} INFO - Processing file /home/airflow/sandbox/lib/python3.8/site-packages/airflow/example_dags/example_task_group_decorator.py for tasks to queue
[2021-08-08 04:16:53,132] {logging_mixin.py:104} INFO - [2021-08-08 04:16:53,131] {dagbag.py:496} INFO - Filling up the DagBag from /home/airflow/sandbox/lib/python3.8/site-packages/airflow/example_dags/example_task_group_decorator.py
[2021-08-08 04:16:53,151] {scheduler_job.py:643} INFO - DAG(s) dict_keys(['example_task_group_decorator']) retrieved from /home/airflow/sandbox/lib/python3.8/site-packages/airflow/example_dags/example_task_group_decorator.py
[2021-08-08 04:16:53,378] {logging_mixin.py:104} INFO - [2021-08-08 04:16:53,378] {dag.py:1833} INFO - Sync 1 DAGs
[2021-08-08 04:16:53,386] {logging_mixin.py:104} INFO - [2021-08-08 04:16:53,386] {dag.py:2306} INFO - Setting next_dagrun for example_task_group_decorator to 2021-08-06 00:00:00+00:00
[2021-08-08 04:16:53,406] {scheduler_job.py:190} INFO - Processing /home/airflow/sandbox/lib/python3.8/site-packages/airflow/example_dags/example_task_group_decorator.py took 0.282 seconds
[2021-08-08 04:17:27,862] {scheduler_job.py:182} INFO - Started process (PID=4468) to work on /home/airflow/sandbox/lib/python3.8/site-packages/airflow/example_dags/example_task_group_decorator.py
[2021-08-08 04:17:27,865] {scheduler_job.py:633} INFO - Processing file /home/airflow/sandbox/lib/python3.8/site-packages/airflow/example_dags/example_task_group_decorator.py for tasks to queue
[2021-08-08 04:17:27,867] {logging_mixin.py:104} INFO - [2021-08-08 04:17:27,867] {dagbag.py:496} INFO - Filling up the DagBag from /home/airflow/sandbox/lib/python3.8/site-packages/airflow/example_dags/example_task_group_decorator.py
[2021-08-08 04:17:27,889] {scheduler_job.py:643} INFO - DAG(s) dict_keys(['example_task_group_decorator']) retrieved from /home/airflow/sandbox/lib/python3.8/site-packages/airflow/example_dags/example_task_group_decorator.py
[2021-08-08 04:17:28,115] {logging_mixin.py:104} INFO - [2021-08-08 04:17:28,115] {dag.py:1833} INFO - Sync 1 DAGs
[2021-08-08 04:17:28,124] {logging_mixin.py:104} INFO - [2021-08-08 04:17:28,124] {dag.py:2306} INFO - Setting next_dagrun for example_task_group_decorator to 2021-08-06 00:00:00+00:00
[2021-08-08 04:17:28,145] {scheduler_job.py:190} INFO - Processing /home/airflow/sandbox/lib/python3.8/site-packages/airflow/example_dags/example_task_group_decorator.py took 0.286 seconds
[2021-08-08 04:18:00,135] {scheduler_job.py:182} INFO - Started process (PID=4590) to work on /home/airflow/sandbox/lib/python3.8/site-packages/airflow/example_dags/example_task_group_decorator.py
[2021-08-08 04:18:00,138] {scheduler_job.py:633} INFO - Processing file /home/airflow/sandbox/lib/python3.8/site-packages/airflow/example_dags/example_task_group_decorator.py for tasks to queue
[2021-08-08 04:18:00,140] {logging_mixin.py:104} INFO - [2021-08-08 04:18:00,140] {dagbag.py:496} INFO - Filling up the DagBag from /home/airflow/sandbox/lib/python3.8/site-packages/airflow/example_dags/example_task_group_decorator.py
[2021-08-08 04:18:00,161] {scheduler_job.py:643} INFO - DAG(s) dict_keys(['example_task_group_decorator']) retrieved from /home/airflow/sandbox/lib/python3.8/site-packages/airflow/example_dags/example_task_group_decorator.py
[2021-08-08 04:18:00,372] {logging_mixin.py:104} INFO - [2021-08-08 04:18:00,372] {dag.py:1833} INFO - Sync 1 DAGs
[2021-08-08 04:18:00,381] {logging_mixin.py:104} INFO - [2021-08-08 04:18:00,381] {dag.py:2306} INFO - Setting next_dagrun for example_task_group_decorator to 2021-08-06 00:00:00+00:00
[2021-08-08 04:18:00,402] {scheduler_job.py:190} INFO - Processing /home/airflow/sandbox/lib/python3.8/site-packages/airflow/example_dags/example_task_group_decorator.py took 0.270 seconds
[2021-08-08 04:18:32,900] {scheduler_job.py:182} INFO - Started process (PID=4712) to work on /home/airflow/sandbox/lib/python3.8/site-packages/airflow/example_dags/example_task_group_decorator.py
[2021-08-08 04:18:32,903] {scheduler_job.py:633} INFO - Processing file /home/airflow/sandbox/lib/python3.8/site-packages/airflow/example_dags/example_task_group_decorator.py for tasks to queue
[2021-08-08 04:18:32,905] {logging_mixin.py:104} INFO - [2021-08-08 04:18:32,905] {dagbag.py:496} INFO - Filling up the DagBag from /home/airflow/sandbox/lib/python3.8/site-packages/airflow/example_dags/example_task_group_decorator.py
[2021-08-08 04:18:32,922] {scheduler_job.py:643} INFO - DAG(s) dict_keys(['example_task_group_decorator']) retrieved from /home/airflow/sandbox/lib/python3.8/site-packages/airflow/example_dags/example_task_group_decorator.py
[2021-08-08 04:18:33,131] {logging_mixin.py:104} INFO - [2021-08-08 04:18:33,131] {dag.py:1833} INFO - Sync 1 DAGs
[2021-08-08 04:18:33,139] {logging_mixin.py:104} INFO - [2021-08-08 04:18:33,139] {dag.py:2306} INFO - Setting next_dagrun for example_task_group_decorator to 2021-08-06 00:00:00+00:00
[2021-08-08 04:18:33,163] {scheduler_job.py:190} INFO - Processing /home/airflow/sandbox/lib/python3.8/site-packages/airflow/example_dags/example_task_group_decorator.py took 0.266 seconds
[2021-08-08 04:19:06,501] {scheduler_job.py:182} INFO - Started process (PID=4932) to work on /home/airflow/sandbox/lib/python3.8/site-packages/airflow/example_dags/example_task_group_decorator.py
[2021-08-08 04:19:06,503] {scheduler_job.py:633} INFO - Processing file /home/airflow/sandbox/lib/python3.8/site-packages/airflow/example_dags/example_task_group_decorator.py for tasks to queue
[2021-08-08 04:19:06,505] {logging_mixin.py:104} INFO - [2021-08-08 04:19:06,505] {dagbag.py:496} INFO - Filling up the DagBag from /home/airflow/sandbox/lib/python3.8/site-packages/airflow/example_dags/example_task_group_decorator.py
[2021-08-08 04:19:06,523] {scheduler_job.py:643} INFO - DAG(s) dict_keys(['example_task_group_decorator']) retrieved from /home/airflow/sandbox/lib/python3.8/site-packages/airflow/example_dags/example_task_group_decorator.py
[2021-08-08 04:19:06,736] {logging_mixin.py:104} INFO - [2021-08-08 04:19:06,736] {dag.py:1833} INFO - Sync 1 DAGs
[2021-08-08 04:19:06,744] {logging_mixin.py:104} INFO - [2021-08-08 04:19:06,744] {dag.py:2306} INFO - Setting next_dagrun for example_task_group_decorator to 2021-08-06 00:00:00+00:00
[2021-08-08 04:19:06,763] {scheduler_job.py:190} INFO - Processing /home/airflow/sandbox/lib/python3.8/site-packages/airflow/example_dags/example_task_group_decorator.py took 0.265 seconds
[2021-08-08 04:19:38,949] {scheduler_job.py:182} INFO - Started process (PID=5061) to work on /home/airflow/sandbox/lib/python3.8/site-packages/airflow/example_dags/example_task_group_decorator.py
[2021-08-08 04:19:38,952] {scheduler_job.py:633} INFO - Processing file /home/airflow/sandbox/lib/python3.8/site-packages/airflow/example_dags/example_task_group_decorator.py for tasks to queue
[2021-08-08 04:19:38,954] {logging_mixin.py:104} INFO - [2021-08-08 04:19:38,954] {dagbag.py:496} INFO - Filling up the DagBag from /home/airflow/sandbox/lib/python3.8/site-packages/airflow/example_dags/example_task_group_decorator.py
[2021-08-08 04:19:38,989] {scheduler_job.py:643} INFO - DAG(s) dict_keys(['example_task_group_decorator']) retrieved from /home/airflow/sandbox/lib/python3.8/site-packages/airflow/example_dags/example_task_group_decorator.py
[2021-08-08 04:19:39,213] {logging_mixin.py:104} INFO - [2021-08-08 04:19:39,213] {dag.py:1833} INFO - Sync 1 DAGs
[2021-08-08 04:19:39,222] {logging_mixin.py:104} INFO - [2021-08-08 04:19:39,222] {dag.py:2306} INFO - Setting next_dagrun for example_task_group_decorator to 2021-08-06 00:00:00+00:00
[2021-08-08 04:19:39,244] {scheduler_job.py:190} INFO - Processing /home/airflow/sandbox/lib/python3.8/site-packages/airflow/example_dags/example_task_group_decorator.py took 0.297 seconds
[2021-08-08 04:20:14,285] {scheduler_job.py:182} INFO - Started process (PID=5196) to work on /home/airflow/sandbox/lib/python3.8/site-packages/airflow/example_dags/example_task_group_decorator.py
[2021-08-08 04:20:14,288] {scheduler_job.py:633} INFO - Processing file /home/airflow/sandbox/lib/python3.8/site-packages/airflow/example_dags/example_task_group_decorator.py for tasks to queue
[2021-08-08 04:20:14,290] {logging_mixin.py:104} INFO - [2021-08-08 04:20:14,290] {dagbag.py:496} INFO - Filling up the DagBag from /home/airflow/sandbox/lib/python3.8/site-packages/airflow/example_dags/example_task_group_decorator.py
[2021-08-08 04:20:14,308] {scheduler_job.py:643} INFO - DAG(s) dict_keys(['example_task_group_decorator']) retrieved from /home/airflow/sandbox/lib/python3.8/site-packages/airflow/example_dags/example_task_group_decorator.py
[2021-08-08 04:20:14,514] {logging_mixin.py:104} INFO - [2021-08-08 04:20:14,513] {dag.py:1833} INFO - Sync 1 DAGs
[2021-08-08 04:20:14,521] {logging_mixin.py:104} INFO - [2021-08-08 04:20:14,521] {dag.py:2306} INFO - Setting next_dagrun for example_task_group_decorator to 2021-08-06 00:00:00+00:00
[2021-08-08 04:20:14,542] {scheduler_job.py:190} INFO - Processing /home/airflow/sandbox/lib/python3.8/site-packages/airflow/example_dags/example_task_group_decorator.py took 0.261 seconds
[2021-08-08 04:20:46,693] {scheduler_job.py:182} INFO - Started process (PID=5324) to work on /home/airflow/sandbox/lib/python3.8/site-packages/airflow/example_dags/example_task_group_decorator.py
[2021-08-08 04:20:46,696] {scheduler_job.py:633} INFO - Processing file /home/airflow/sandbox/lib/python3.8/site-packages/airflow/example_dags/example_task_group_decorator.py for tasks to queue
[2021-08-08 04:20:46,698] {logging_mixin.py:104} INFO - [2021-08-08 04:20:46,698] {dagbag.py:496} INFO - Filling up the DagBag from /home/airflow/sandbox/lib/python3.8/site-packages/airflow/example_dags/example_task_group_decorator.py
[2021-08-08 04:20:46,720] {scheduler_job.py:643} INFO - DAG(s) dict_keys(['example_task_group_decorator']) retrieved from /home/airflow/sandbox/lib/python3.8/site-packages/airflow/example_dags/example_task_group_decorator.py
[2021-08-08 04:20:46,943] {logging_mixin.py:104} INFO - [2021-08-08 04:20:46,943] {dag.py:1833} INFO - Sync 1 DAGs
[2021-08-08 04:20:46,952] {logging_mixin.py:104} INFO - [2021-08-08 04:20:46,952] {dag.py:2306} INFO - Setting next_dagrun for example_task_group_decorator to 2021-08-06 00:00:00+00:00
[2021-08-08 04:20:46,974] {scheduler_job.py:190} INFO - Processing /home/airflow/sandbox/lib/python3.8/site-packages/airflow/example_dags/example_task_group_decorator.py took 0.284 seconds
[2021-08-08 04:21:17,402] {scheduler_job.py:182} INFO - Started process (PID=5486) to work on /home/airflow/sandbox/lib/python3.8/site-packages/airflow/example_dags/example_task_group_decorator.py
[2021-08-08 04:21:17,405] {scheduler_job.py:633} INFO - Processing file /home/airflow/sandbox/lib/python3.8/site-packages/airflow/example_dags/example_task_group_decorator.py for tasks to queue
[2021-08-08 04:21:17,408] {logging_mixin.py:104} INFO - [2021-08-08 04:21:17,408] {dagbag.py:496} INFO - Filling up the DagBag from /home/airflow/sandbox/lib/python3.8/site-packages/airflow/example_dags/example_task_group_decorator.py
[2021-08-08 04:21:17,426] {scheduler_job.py:643} INFO - DAG(s) dict_keys(['example_task_group_decorator']) retrieved from /home/airflow/sandbox/lib/python3.8/site-packages/airflow/example_dags/example_task_group_decorator.py
[2021-08-08 04:21:17,621] {logging_mixin.py:104} INFO - [2021-08-08 04:21:17,620] {dag.py:1833} INFO - Sync 1 DAGs
[2021-08-08 04:21:17,629] {logging_mixin.py:104} INFO - [2021-08-08 04:21:17,629] {dag.py:2306} INFO - Setting next_dagrun for example_task_group_decorator to 2021-08-06 00:00:00+00:00
[2021-08-08 04:21:17,654] {scheduler_job.py:190} INFO - Processing /home/airflow/sandbox/lib/python3.8/site-packages/airflow/example_dags/example_task_group_decorator.py took 0.254 seconds
[2021-08-08 04:21:48,519] {scheduler_job.py:182} INFO - Started process (PID=5608) to work on /home/airflow/sandbox/lib/python3.8/site-packages/airflow/example_dags/example_task_group_decorator.py
[2021-08-08 04:21:48,521] {scheduler_job.py:633} INFO - Processing file /home/airflow/sandbox/lib/python3.8/site-packages/airflow/example_dags/example_task_group_decorator.py for tasks to queue
[2021-08-08 04:21:48,523] {logging_mixin.py:104} INFO - [2021-08-08 04:21:48,523] {dagbag.py:496} INFO - Filling up the DagBag from /home/airflow/sandbox/lib/python3.8/site-packages/airflow/example_dags/example_task_group_decorator.py
[2021-08-08 04:21:48,543] {scheduler_job.py:643} INFO - DAG(s) dict_keys(['example_task_group_decorator']) retrieved from /home/airflow/sandbox/lib/python3.8/site-packages/airflow/example_dags/example_task_group_decorator.py
[2021-08-08 04:21:48,745] {logging_mixin.py:104} INFO - [2021-08-08 04:21:48,745] {dag.py:1833} INFO - Sync 1 DAGs
[2021-08-08 04:21:48,753] {logging_mixin.py:104} INFO - [2021-08-08 04:21:48,753] {dag.py:2306} INFO - Setting next_dagrun for example_task_group_decorator to 2021-08-06 00:00:00+00:00
[2021-08-08 04:21:48,775] {scheduler_job.py:190} INFO - Processing /home/airflow/sandbox/lib/python3.8/site-packages/airflow/example_dags/example_task_group_decorator.py took 0.260 seconds
[2021-08-08 04:22:22,139] {scheduler_job.py:182} INFO - Started process (PID=5737) to work on /home/airflow/sandbox/lib/python3.8/site-packages/airflow/example_dags/example_task_group_decorator.py
[2021-08-08 04:22:22,142] {scheduler_job.py:633} INFO - Processing file /home/airflow/sandbox/lib/python3.8/site-packages/airflow/example_dags/example_task_group_decorator.py for tasks to queue
[2021-08-08 04:22:22,144] {logging_mixin.py:104} INFO - [2021-08-08 04:22:22,144] {dagbag.py:496} INFO - Filling up the DagBag from /home/airflow/sandbox/lib/python3.8/site-packages/airflow/example_dags/example_task_group_decorator.py
[2021-08-08 04:22:22,162] {scheduler_job.py:643} INFO - DAG(s) dict_keys(['example_task_group_decorator']) retrieved from /home/airflow/sandbox/lib/python3.8/site-packages/airflow/example_dags/example_task_group_decorator.py
[2021-08-08 04:22:22,366] {logging_mixin.py:104} INFO - [2021-08-08 04:22:22,366] {dag.py:1833} INFO - Sync 1 DAGs
[2021-08-08 04:22:22,373] {logging_mixin.py:104} INFO - [2021-08-08 04:22:22,373] {dag.py:2306} INFO - Setting next_dagrun for example_task_group_decorator to 2021-08-06 00:00:00+00:00
[2021-08-08 04:22:22,394] {scheduler_job.py:190} INFO - Processing /home/airflow/sandbox/lib/python3.8/site-packages/airflow/example_dags/example_task_group_decorator.py took 0.257 seconds
[2021-08-08 04:22:55,416] {scheduler_job.py:182} INFO - Started process (PID=5938) to work on /home/airflow/sandbox/lib/python3.8/site-packages/airflow/example_dags/example_task_group_decorator.py
[2021-08-08 04:22:55,418] {scheduler_job.py:633} INFO - Processing file /home/airflow/sandbox/lib/python3.8/site-packages/airflow/example_dags/example_task_group_decorator.py for tasks to queue
[2021-08-08 04:22:55,420] {logging_mixin.py:104} INFO - [2021-08-08 04:22:55,420] {dagbag.py:496} INFO - Filling up the DagBag from /home/airflow/sandbox/lib/python3.8/site-packages/airflow/example_dags/example_task_group_decorator.py
[2021-08-08 04:22:55,443] {scheduler_job.py:643} INFO - DAG(s) dict_keys(['example_task_group_decorator']) retrieved from /home/airflow/sandbox/lib/python3.8/site-packages/airflow/example_dags/example_task_group_decorator.py
[2021-08-08 04:22:55,670] {logging_mixin.py:104} INFO - [2021-08-08 04:22:55,670] {dag.py:1833} INFO - Sync 1 DAGs
[2021-08-08 04:22:55,679] {logging_mixin.py:104} INFO - [2021-08-08 04:22:55,679] {dag.py:2306} INFO - Setting next_dagrun for example_task_group_decorator to 2021-08-06 00:00:00+00:00
[2021-08-08 04:22:55,698] {scheduler_job.py:190} INFO - Processing /home/airflow/sandbox/lib/python3.8/site-packages/airflow/example_dags/example_task_group_decorator.py took 0.286 seconds
[2021-08-08 04:23:27,671] {scheduler_job.py:182} INFO - Started process (PID=6136) to work on /home/airflow/sandbox/lib/python3.8/site-packages/airflow/example_dags/example_task_group_decorator.py
[2021-08-08 04:23:27,674] {scheduler_job.py:633} INFO - Processing file /home/airflow/sandbox/lib/python3.8/site-packages/airflow/example_dags/example_task_group_decorator.py for tasks to queue
[2021-08-08 04:23:27,676] {logging_mixin.py:104} INFO - [2021-08-08 04:23:27,676] {dagbag.py:496} INFO - Filling up the DagBag from /home/airflow/sandbox/lib/python3.8/site-packages/airflow/example_dags/example_task_group_decorator.py
[2021-08-08 04:23:27,697] {scheduler_job.py:643} INFO - DAG(s) dict_keys(['example_task_group_decorator']) retrieved from /home/airflow/sandbox/lib/python3.8/site-packages/airflow/example_dags/example_task_group_decorator.py
[2021-08-08 04:23:27,937] {logging_mixin.py:104} INFO - [2021-08-08 04:23:27,937] {dag.py:1833} INFO - Sync 1 DAGs
[2021-08-08 04:23:27,947] {logging_mixin.py:104} INFO - [2021-08-08 04:23:27,947] {dag.py:2306} INFO - Setting next_dagrun for example_task_group_decorator to 2021-08-06 00:00:00+00:00
[2021-08-08 04:23:27,970] {scheduler_job.py:190} INFO - Processing /home/airflow/sandbox/lib/python3.8/site-packages/airflow/example_dags/example_task_group_decorator.py took 0.303 seconds
[2021-08-08 04:24:01,685] {scheduler_job.py:182} INFO - Started process (PID=6322) to work on /home/airflow/sandbox/lib/python3.8/site-packages/airflow/example_dags/example_task_group_decorator.py
[2021-08-08 04:24:01,690] {scheduler_job.py:633} INFO - Processing file /home/airflow/sandbox/lib/python3.8/site-packages/airflow/example_dags/example_task_group_decorator.py for tasks to queue
[2021-08-08 04:24:01,696] {logging_mixin.py:104} INFO - [2021-08-08 04:24:01,696] {dagbag.py:496} INFO - Filling up the DagBag from /home/airflow/sandbox/lib/python3.8/site-packages/airflow/example_dags/example_task_group_decorator.py
[2021-08-08 04:24:01,734] {scheduler_job.py:643} INFO - DAG(s) dict_keys(['example_task_group_decorator']) retrieved from /home/airflow/sandbox/lib/python3.8/site-packages/airflow/example_dags/example_task_group_decorator.py
[2021-08-08 04:24:01,979] {logging_mixin.py:104} INFO - [2021-08-08 04:24:01,979] {dag.py:1833} INFO - Sync 1 DAGs
[2021-08-08 04:24:01,988] {logging_mixin.py:104} INFO - [2021-08-08 04:24:01,988] {dag.py:2306} INFO - Setting next_dagrun for example_task_group_decorator to 2021-08-06 00:00:00+00:00
[2021-08-08 04:24:02,010] {scheduler_job.py:190} INFO - Processing /home/airflow/sandbox/lib/python3.8/site-packages/airflow/example_dags/example_task_group_decorator.py took 0.336 seconds
[2021-08-08 04:24:35,242] {scheduler_job.py:182} INFO - Started process (PID=6465) to work on /home/airflow/sandbox/lib/python3.8/site-packages/airflow/example_dags/example_task_group_decorator.py
[2021-08-08 04:24:35,245] {scheduler_job.py:633} INFO - Processing file /home/airflow/sandbox/lib/python3.8/site-packages/airflow/example_dags/example_task_group_decorator.py for tasks to queue
[2021-08-08 04:24:35,246] {logging_mixin.py:104} INFO - [2021-08-08 04:24:35,246] {dagbag.py:496} INFO - Filling up the DagBag from /home/airflow/sandbox/lib/python3.8/site-packages/airflow/example_dags/example_task_group_decorator.py
[2021-08-08 04:24:35,265] {scheduler_job.py:643} INFO - DAG(s) dict_keys(['example_task_group_decorator']) retrieved from /home/airflow/sandbox/lib/python3.8/site-packages/airflow/example_dags/example_task_group_decorator.py
[2021-08-08 04:24:35,506] {logging_mixin.py:104} INFO - [2021-08-08 04:24:35,506] {dag.py:1833} INFO - Sync 1 DAGs
[2021-08-08 04:24:35,516] {logging_mixin.py:104} INFO - [2021-08-08 04:24:35,516] {dag.py:2306} INFO - Setting next_dagrun for example_task_group_decorator to 2021-08-06 00:00:00+00:00
[2021-08-08 04:24:35,534] {scheduler_job.py:190} INFO - Processing /home/airflow/sandbox/lib/python3.8/site-packages/airflow/example_dags/example_task_group_decorator.py took 0.295 seconds
[2021-08-08 04:25:08,755] {scheduler_job.py:182} INFO - Started process (PID=6674) to work on /home/airflow/sandbox/lib/python3.8/site-packages/airflow/example_dags/example_task_group_decorator.py
[2021-08-08 04:25:08,758] {scheduler_job.py:633} INFO - Processing file /home/airflow/sandbox/lib/python3.8/site-packages/airflow/example_dags/example_task_group_decorator.py for tasks to queue
[2021-08-08 04:25:08,760] {logging_mixin.py:104} INFO - [2021-08-08 04:25:08,760] {dagbag.py:496} INFO - Filling up the DagBag from /home/airflow/sandbox/lib/python3.8/site-packages/airflow/example_dags/example_task_group_decorator.py
[2021-08-08 04:25:08,781] {scheduler_job.py:643} INFO - DAG(s) dict_keys(['example_task_group_decorator']) retrieved from /home/airflow/sandbox/lib/python3.8/site-packages/airflow/example_dags/example_task_group_decorator.py
[2021-08-08 04:25:09,007] {logging_mixin.py:104} INFO - [2021-08-08 04:25:09,007] {dag.py:1833} INFO - Sync 1 DAGs
[2021-08-08 04:25:09,017] {logging_mixin.py:104} INFO - [2021-08-08 04:25:09,017] {dag.py:2306} INFO - Setting next_dagrun for example_task_group_decorator to 2021-08-06 00:00:00+00:00
[2021-08-08 04:25:09,038] {scheduler_job.py:190} INFO - Processing /home/airflow/sandbox/lib/python3.8/site-packages/airflow/example_dags/example_task_group_decorator.py took 0.285 seconds
[2021-08-08 04:25:41,749] {scheduler_job.py:182} INFO - Started process (PID=6910) to work on /home/airflow/sandbox/lib/python3.8/site-packages/airflow/example_dags/example_task_group_decorator.py
[2021-08-08 04:25:41,751] {scheduler_job.py:633} INFO - Processing file /home/airflow/sandbox/lib/python3.8/site-packages/airflow/example_dags/example_task_group_decorator.py for tasks to queue
[2021-08-08 04:25:41,753] {logging_mixin.py:104} INFO - [2021-08-08 04:25:41,753] {dagbag.py:496} INFO - Filling up the DagBag from /home/airflow/sandbox/lib/python3.8/site-packages/airflow/example_dags/example_task_group_decorator.py
[2021-08-08 04:25:41,774] {scheduler_job.py:643} INFO - DAG(s) dict_keys(['example_task_group_decorator']) retrieved from /home/airflow/sandbox/lib/python3.8/site-packages/airflow/example_dags/example_task_group_decorator.py
[2021-08-08 04:25:42,105] {logging_mixin.py:104} INFO - [2021-08-08 04:25:42,105] {dag.py:1833} INFO - Sync 1 DAGs
[2021-08-08 04:25:42,117] {logging_mixin.py:104} INFO - [2021-08-08 04:25:42,117] {dag.py:2306} INFO - Setting next_dagrun for example_task_group_decorator to 2021-08-06 00:00:00+00:00
[2021-08-08 04:25:42,148] {scheduler_job.py:190} INFO - Processing /home/airflow/sandbox/lib/python3.8/site-packages/airflow/example_dags/example_task_group_decorator.py took 0.402 seconds
