[2021-08-08 04:11:30,094] {scheduler_job.py:182} INFO - Started process (PID=2650) to work on /home/airflow/sandbox/lib/python3.8/site-packages/airflow/example_dags/example_branch_python_dop_operator_3.py
[2021-08-08 04:11:30,099] {scheduler_job.py:633} INFO - Processing file /home/airflow/sandbox/lib/python3.8/site-packages/airflow/example_dags/example_branch_python_dop_operator_3.py for tasks to queue
[2021-08-08 04:11:30,102] {logging_mixin.py:104} INFO - [2021-08-08 04:11:30,102] {dagbag.py:496} INFO - Filling up the DagBag from /home/airflow/sandbox/lib/python3.8/site-packages/airflow/example_dags/example_branch_python_dop_operator_3.py
[2021-08-08 04:11:30,117] {scheduler_job.py:643} INFO - DAG(s) dict_keys(['example_branch_dop_operator_v3']) retrieved from /home/airflow/sandbox/lib/python3.8/site-packages/airflow/example_dags/example_branch_python_dop_operator_3.py
[2021-08-08 04:11:30,407] {logging_mixin.py:104} INFO - [2021-08-08 04:11:30,407] {dag.py:1833} INFO - Sync 1 DAGs
[2021-08-08 04:11:30,447] {logging_mixin.py:104} INFO - [2021-08-08 04:11:30,447] {dag.py:2306} INFO - Setting next_dagrun for example_branch_dop_operator_v3 to 2021-08-06 00:00:00+00:00
[2021-08-08 04:11:30,474] {scheduler_job.py:190} INFO - Processing /home/airflow/sandbox/lib/python3.8/site-packages/airflow/example_dags/example_branch_python_dop_operator_3.py took 0.383 seconds
[2021-08-08 04:12:07,631] {scheduler_job.py:182} INFO - Started process (PID=2815) to work on /home/airflow/sandbox/lib/python3.8/site-packages/airflow/example_dags/example_branch_python_dop_operator_3.py
[2021-08-08 04:12:07,634] {scheduler_job.py:633} INFO - Processing file /home/airflow/sandbox/lib/python3.8/site-packages/airflow/example_dags/example_branch_python_dop_operator_3.py for tasks to queue
[2021-08-08 04:12:07,637] {logging_mixin.py:104} INFO - [2021-08-08 04:12:07,637] {dagbag.py:496} INFO - Filling up the DagBag from /home/airflow/sandbox/lib/python3.8/site-packages/airflow/example_dags/example_branch_python_dop_operator_3.py
[2021-08-08 04:12:07,651] {scheduler_job.py:643} INFO - DAG(s) dict_keys(['example_branch_dop_operator_v3']) retrieved from /home/airflow/sandbox/lib/python3.8/site-packages/airflow/example_dags/example_branch_python_dop_operator_3.py
[2021-08-08 04:12:07,665] {logging_mixin.py:104} INFO - [2021-08-08 04:12:07,665] {dag.py:1833} INFO - Sync 1 DAGs
[2021-08-08 04:12:07,680] {logging_mixin.py:104} INFO - [2021-08-08 04:12:07,680] {dag.py:2306} INFO - Setting next_dagrun for example_branch_dop_operator_v3 to 2021-08-06 00:00:00+00:00
[2021-08-08 04:12:07,702] {scheduler_job.py:190} INFO - Processing /home/airflow/sandbox/lib/python3.8/site-packages/airflow/example_dags/example_branch_python_dop_operator_3.py took 0.074 seconds
[2021-08-08 04:12:42,055] {scheduler_job.py:182} INFO - Started process (PID=2965) to work on /home/airflow/sandbox/lib/python3.8/site-packages/airflow/example_dags/example_branch_python_dop_operator_3.py
[2021-08-08 04:12:42,057] {scheduler_job.py:633} INFO - Processing file /home/airflow/sandbox/lib/python3.8/site-packages/airflow/example_dags/example_branch_python_dop_operator_3.py for tasks to queue
[2021-08-08 04:12:42,060] {logging_mixin.py:104} INFO - [2021-08-08 04:12:42,060] {dagbag.py:496} INFO - Filling up the DagBag from /home/airflow/sandbox/lib/python3.8/site-packages/airflow/example_dags/example_branch_python_dop_operator_3.py
[2021-08-08 04:12:42,073] {scheduler_job.py:643} INFO - DAG(s) dict_keys(['example_branch_dop_operator_v3']) retrieved from /home/airflow/sandbox/lib/python3.8/site-packages/airflow/example_dags/example_branch_python_dop_operator_3.py
[2021-08-08 04:12:42,086] {logging_mixin.py:104} INFO - [2021-08-08 04:12:42,086] {dag.py:1833} INFO - Sync 1 DAGs
[2021-08-08 04:12:42,103] {logging_mixin.py:104} INFO - [2021-08-08 04:12:42,103] {dag.py:2306} INFO - Setting next_dagrun for example_branch_dop_operator_v3 to 2021-08-06 00:00:00+00:00
[2021-08-08 04:12:42,125] {scheduler_job.py:190} INFO - Processing /home/airflow/sandbox/lib/python3.8/site-packages/airflow/example_dags/example_branch_python_dop_operator_3.py took 0.073 seconds
[2021-08-08 04:13:18,167] {scheduler_job.py:182} INFO - Started process (PID=3146) to work on /home/airflow/sandbox/lib/python3.8/site-packages/airflow/example_dags/example_branch_python_dop_operator_3.py
[2021-08-08 04:13:18,171] {scheduler_job.py:633} INFO - Processing file /home/airflow/sandbox/lib/python3.8/site-packages/airflow/example_dags/example_branch_python_dop_operator_3.py for tasks to queue
[2021-08-08 04:13:18,175] {logging_mixin.py:104} INFO - [2021-08-08 04:13:18,175] {dagbag.py:496} INFO - Filling up the DagBag from /home/airflow/sandbox/lib/python3.8/site-packages/airflow/example_dags/example_branch_python_dop_operator_3.py
[2021-08-08 04:13:18,191] {scheduler_job.py:643} INFO - DAG(s) dict_keys(['example_branch_dop_operator_v3']) retrieved from /home/airflow/sandbox/lib/python3.8/site-packages/airflow/example_dags/example_branch_python_dop_operator_3.py
[2021-08-08 04:13:18,210] {logging_mixin.py:104} INFO - [2021-08-08 04:13:18,209] {dag.py:1833} INFO - Sync 1 DAGs
[2021-08-08 04:13:18,234] {logging_mixin.py:104} INFO - [2021-08-08 04:13:18,234] {dag.py:2306} INFO - Setting next_dagrun for example_branch_dop_operator_v3 to 2021-08-06 00:00:00+00:00
[2021-08-08 04:13:18,262] {scheduler_job.py:190} INFO - Processing /home/airflow/sandbox/lib/python3.8/site-packages/airflow/example_dags/example_branch_python_dop_operator_3.py took 0.098 seconds
[2021-08-08 04:13:51,800] {scheduler_job.py:182} INFO - Started process (PID=3281) to work on /home/airflow/sandbox/lib/python3.8/site-packages/airflow/example_dags/example_branch_python_dop_operator_3.py
[2021-08-08 04:13:51,803] {scheduler_job.py:633} INFO - Processing file /home/airflow/sandbox/lib/python3.8/site-packages/airflow/example_dags/example_branch_python_dop_operator_3.py for tasks to queue
[2021-08-08 04:13:51,805] {logging_mixin.py:104} INFO - [2021-08-08 04:13:51,805] {dagbag.py:496} INFO - Filling up the DagBag from /home/airflow/sandbox/lib/python3.8/site-packages/airflow/example_dags/example_branch_python_dop_operator_3.py
[2021-08-08 04:13:51,817] {scheduler_job.py:643} INFO - DAG(s) dict_keys(['example_branch_dop_operator_v3']) retrieved from /home/airflow/sandbox/lib/python3.8/site-packages/airflow/example_dags/example_branch_python_dop_operator_3.py
[2021-08-08 04:13:51,833] {logging_mixin.py:104} INFO - [2021-08-08 04:13:51,833] {dag.py:1833} INFO - Sync 1 DAGs
[2021-08-08 04:13:51,858] {logging_mixin.py:104} INFO - [2021-08-08 04:13:51,858] {dag.py:2306} INFO - Setting next_dagrun for example_branch_dop_operator_v3 to 2021-08-06 00:00:00+00:00
[2021-08-08 04:13:51,879] {scheduler_job.py:190} INFO - Processing /home/airflow/sandbox/lib/python3.8/site-packages/airflow/example_dags/example_branch_python_dop_operator_3.py took 0.082 seconds
[2021-08-08 04:14:27,889] {scheduler_job.py:182} INFO - Started process (PID=3474) to work on /home/airflow/sandbox/lib/python3.8/site-packages/airflow/example_dags/example_branch_python_dop_operator_3.py
[2021-08-08 04:14:27,892] {scheduler_job.py:633} INFO - Processing file /home/airflow/sandbox/lib/python3.8/site-packages/airflow/example_dags/example_branch_python_dop_operator_3.py for tasks to queue
[2021-08-08 04:14:27,894] {logging_mixin.py:104} INFO - [2021-08-08 04:14:27,894] {dagbag.py:496} INFO - Filling up the DagBag from /home/airflow/sandbox/lib/python3.8/site-packages/airflow/example_dags/example_branch_python_dop_operator_3.py
[2021-08-08 04:14:27,909] {scheduler_job.py:643} INFO - DAG(s) dict_keys(['example_branch_dop_operator_v3']) retrieved from /home/airflow/sandbox/lib/python3.8/site-packages/airflow/example_dags/example_branch_python_dop_operator_3.py
[2021-08-08 04:14:27,923] {logging_mixin.py:104} INFO - [2021-08-08 04:14:27,923] {dag.py:1833} INFO - Sync 1 DAGs
[2021-08-08 04:14:27,948] {logging_mixin.py:104} INFO - [2021-08-08 04:14:27,948] {dag.py:2306} INFO - Setting next_dagrun for example_branch_dop_operator_v3 to 2021-08-06 00:00:00+00:00
[2021-08-08 04:14:27,970] {scheduler_job.py:190} INFO - Processing /home/airflow/sandbox/lib/python3.8/site-packages/airflow/example_dags/example_branch_python_dop_operator_3.py took 0.084 seconds
[2021-08-08 04:15:06,571] {scheduler_job.py:182} INFO - Started process (PID=3729) to work on /home/airflow/sandbox/lib/python3.8/site-packages/airflow/example_dags/example_branch_python_dop_operator_3.py
[2021-08-08 04:15:06,573] {scheduler_job.py:633} INFO - Processing file /home/airflow/sandbox/lib/python3.8/site-packages/airflow/example_dags/example_branch_python_dop_operator_3.py for tasks to queue
[2021-08-08 04:15:06,575] {logging_mixin.py:104} INFO - [2021-08-08 04:15:06,575] {dagbag.py:496} INFO - Filling up the DagBag from /home/airflow/sandbox/lib/python3.8/site-packages/airflow/example_dags/example_branch_python_dop_operator_3.py
[2021-08-08 04:15:06,591] {scheduler_job.py:643} INFO - DAG(s) dict_keys(['example_branch_dop_operator_v3']) retrieved from /home/airflow/sandbox/lib/python3.8/site-packages/airflow/example_dags/example_branch_python_dop_operator_3.py
[2021-08-08 04:15:06,605] {logging_mixin.py:104} INFO - [2021-08-08 04:15:06,605] {dag.py:1833} INFO - Sync 1 DAGs
[2021-08-08 04:15:06,619] {logging_mixin.py:104} INFO - [2021-08-08 04:15:06,619] {dag.py:2306} INFO - Setting next_dagrun for example_branch_dop_operator_v3 to 2021-08-06 00:00:00+00:00
[2021-08-08 04:15:06,641] {scheduler_job.py:190} INFO - Processing /home/airflow/sandbox/lib/python3.8/site-packages/airflow/example_dags/example_branch_python_dop_operator_3.py took 0.074 seconds
[2021-08-08 04:15:40,670] {scheduler_job.py:182} INFO - Started process (PID=3855) to work on /home/airflow/sandbox/lib/python3.8/site-packages/airflow/example_dags/example_branch_python_dop_operator_3.py
[2021-08-08 04:15:40,673] {scheduler_job.py:633} INFO - Processing file /home/airflow/sandbox/lib/python3.8/site-packages/airflow/example_dags/example_branch_python_dop_operator_3.py for tasks to queue
[2021-08-08 04:15:40,676] {logging_mixin.py:104} INFO - [2021-08-08 04:15:40,676] {dagbag.py:496} INFO - Filling up the DagBag from /home/airflow/sandbox/lib/python3.8/site-packages/airflow/example_dags/example_branch_python_dop_operator_3.py
[2021-08-08 04:15:40,688] {scheduler_job.py:643} INFO - DAG(s) dict_keys(['example_branch_dop_operator_v3']) retrieved from /home/airflow/sandbox/lib/python3.8/site-packages/airflow/example_dags/example_branch_python_dop_operator_3.py
[2021-08-08 04:15:40,699] {logging_mixin.py:104} INFO - [2021-08-08 04:15:40,699] {dag.py:1833} INFO - Sync 1 DAGs
[2021-08-08 04:15:40,713] {logging_mixin.py:104} INFO - [2021-08-08 04:15:40,713] {dag.py:2306} INFO - Setting next_dagrun for example_branch_dop_operator_v3 to 2021-08-06 00:00:00+00:00
[2021-08-08 04:15:40,731] {scheduler_job.py:190} INFO - Processing /home/airflow/sandbox/lib/python3.8/site-packages/airflow/example_dags/example_branch_python_dop_operator_3.py took 0.063 seconds
[2021-08-08 04:16:13,118] {scheduler_job.py:182} INFO - Started process (PID=4145) to work on /home/airflow/sandbox/lib/python3.8/site-packages/airflow/example_dags/example_branch_python_dop_operator_3.py
[2021-08-08 04:16:13,121] {scheduler_job.py:633} INFO - Processing file /home/airflow/sandbox/lib/python3.8/site-packages/airflow/example_dags/example_branch_python_dop_operator_3.py for tasks to queue
[2021-08-08 04:16:13,123] {logging_mixin.py:104} INFO - [2021-08-08 04:16:13,123] {dagbag.py:496} INFO - Filling up the DagBag from /home/airflow/sandbox/lib/python3.8/site-packages/airflow/example_dags/example_branch_python_dop_operator_3.py
[2021-08-08 04:16:13,135] {scheduler_job.py:643} INFO - DAG(s) dict_keys(['example_branch_dop_operator_v3']) retrieved from /home/airflow/sandbox/lib/python3.8/site-packages/airflow/example_dags/example_branch_python_dop_operator_3.py
[2021-08-08 04:16:13,148] {logging_mixin.py:104} INFO - [2021-08-08 04:16:13,148] {dag.py:1833} INFO - Sync 1 DAGs
[2021-08-08 04:16:13,164] {logging_mixin.py:104} INFO - [2021-08-08 04:16:13,164] {dag.py:2306} INFO - Setting next_dagrun for example_branch_dop_operator_v3 to 2021-08-06 00:00:00+00:00
[2021-08-08 04:16:13,184] {scheduler_job.py:190} INFO - Processing /home/airflow/sandbox/lib/python3.8/site-packages/airflow/example_dags/example_branch_python_dop_operator_3.py took 0.068 seconds
[2021-08-08 04:16:47,982] {scheduler_job.py:182} INFO - Started process (PID=4295) to work on /home/airflow/sandbox/lib/python3.8/site-packages/airflow/example_dags/example_branch_python_dop_operator_3.py
[2021-08-08 04:16:47,985] {scheduler_job.py:633} INFO - Processing file /home/airflow/sandbox/lib/python3.8/site-packages/airflow/example_dags/example_branch_python_dop_operator_3.py for tasks to queue
[2021-08-08 04:16:47,988] {logging_mixin.py:104} INFO - [2021-08-08 04:16:47,988] {dagbag.py:496} INFO - Filling up the DagBag from /home/airflow/sandbox/lib/python3.8/site-packages/airflow/example_dags/example_branch_python_dop_operator_3.py
[2021-08-08 04:16:48,001] {scheduler_job.py:643} INFO - DAG(s) dict_keys(['example_branch_dop_operator_v3']) retrieved from /home/airflow/sandbox/lib/python3.8/site-packages/airflow/example_dags/example_branch_python_dop_operator_3.py
[2021-08-08 04:16:48,013] {logging_mixin.py:104} INFO - [2021-08-08 04:16:48,013] {dag.py:1833} INFO - Sync 1 DAGs
[2021-08-08 04:16:48,027] {logging_mixin.py:104} INFO - [2021-08-08 04:16:48,027] {dag.py:2306} INFO - Setting next_dagrun for example_branch_dop_operator_v3 to 2021-08-06 00:00:00+00:00
[2021-08-08 04:16:48,047] {scheduler_job.py:190} INFO - Processing /home/airflow/sandbox/lib/python3.8/site-packages/airflow/example_dags/example_branch_python_dop_operator_3.py took 0.068 seconds
[2021-08-08 04:17:21,778] {scheduler_job.py:182} INFO - Started process (PID=4445) to work on /home/airflow/sandbox/lib/python3.8/site-packages/airflow/example_dags/example_branch_python_dop_operator_3.py
[2021-08-08 04:17:21,781] {scheduler_job.py:633} INFO - Processing file /home/airflow/sandbox/lib/python3.8/site-packages/airflow/example_dags/example_branch_python_dop_operator_3.py for tasks to queue
[2021-08-08 04:17:21,782] {logging_mixin.py:104} INFO - [2021-08-08 04:17:21,782] {dagbag.py:496} INFO - Filling up the DagBag from /home/airflow/sandbox/lib/python3.8/site-packages/airflow/example_dags/example_branch_python_dop_operator_3.py
[2021-08-08 04:17:21,796] {scheduler_job.py:643} INFO - DAG(s) dict_keys(['example_branch_dop_operator_v3']) retrieved from /home/airflow/sandbox/lib/python3.8/site-packages/airflow/example_dags/example_branch_python_dop_operator_3.py
[2021-08-08 04:17:21,811] {logging_mixin.py:104} INFO - [2021-08-08 04:17:21,811] {dag.py:1833} INFO - Sync 1 DAGs
[2021-08-08 04:17:21,844] {logging_mixin.py:104} INFO - [2021-08-08 04:17:21,843] {dag.py:2306} INFO - Setting next_dagrun for example_branch_dop_operator_v3 to 2021-08-06 00:00:00+00:00
[2021-08-08 04:17:21,872] {scheduler_job.py:190} INFO - Processing /home/airflow/sandbox/lib/python3.8/site-packages/airflow/example_dags/example_branch_python_dop_operator_3.py took 0.098 seconds
[2021-08-08 04:17:54,420] {scheduler_job.py:182} INFO - Started process (PID=4567) to work on /home/airflow/sandbox/lib/python3.8/site-packages/airflow/example_dags/example_branch_python_dop_operator_3.py
[2021-08-08 04:17:54,423] {scheduler_job.py:633} INFO - Processing file /home/airflow/sandbox/lib/python3.8/site-packages/airflow/example_dags/example_branch_python_dop_operator_3.py for tasks to queue
[2021-08-08 04:17:54,426] {logging_mixin.py:104} INFO - [2021-08-08 04:17:54,425] {dagbag.py:496} INFO - Filling up the DagBag from /home/airflow/sandbox/lib/python3.8/site-packages/airflow/example_dags/example_branch_python_dop_operator_3.py
[2021-08-08 04:17:54,437] {scheduler_job.py:643} INFO - DAG(s) dict_keys(['example_branch_dop_operator_v3']) retrieved from /home/airflow/sandbox/lib/python3.8/site-packages/airflow/example_dags/example_branch_python_dop_operator_3.py
[2021-08-08 04:17:54,450] {logging_mixin.py:104} INFO - [2021-08-08 04:17:54,450] {dag.py:1833} INFO - Sync 1 DAGs
[2021-08-08 04:17:54,464] {logging_mixin.py:104} INFO - [2021-08-08 04:17:54,464] {dag.py:2306} INFO - Setting next_dagrun for example_branch_dop_operator_v3 to 2021-08-06 00:00:00+00:00
[2021-08-08 04:17:54,483] {scheduler_job.py:190} INFO - Processing /home/airflow/sandbox/lib/python3.8/site-packages/airflow/example_dags/example_branch_python_dop_operator_3.py took 0.065 seconds
[2021-08-08 04:18:28,879] {scheduler_job.py:182} INFO - Started process (PID=4696) to work on /home/airflow/sandbox/lib/python3.8/site-packages/airflow/example_dags/example_branch_python_dop_operator_3.py
[2021-08-08 04:18:28,882] {scheduler_job.py:633} INFO - Processing file /home/airflow/sandbox/lib/python3.8/site-packages/airflow/example_dags/example_branch_python_dop_operator_3.py for tasks to queue
[2021-08-08 04:18:28,884] {logging_mixin.py:104} INFO - [2021-08-08 04:18:28,884] {dagbag.py:496} INFO - Filling up the DagBag from /home/airflow/sandbox/lib/python3.8/site-packages/airflow/example_dags/example_branch_python_dop_operator_3.py
[2021-08-08 04:18:28,896] {scheduler_job.py:643} INFO - DAG(s) dict_keys(['example_branch_dop_operator_v3']) retrieved from /home/airflow/sandbox/lib/python3.8/site-packages/airflow/example_dags/example_branch_python_dop_operator_3.py
[2021-08-08 04:18:28,908] {logging_mixin.py:104} INFO - [2021-08-08 04:18:28,908] {dag.py:1833} INFO - Sync 1 DAGs
[2021-08-08 04:18:28,922] {logging_mixin.py:104} INFO - [2021-08-08 04:18:28,922] {dag.py:2306} INFO - Setting next_dagrun for example_branch_dop_operator_v3 to 2021-08-06 00:00:00+00:00
[2021-08-08 04:18:28,938] {scheduler_job.py:190} INFO - Processing /home/airflow/sandbox/lib/python3.8/site-packages/airflow/example_dags/example_branch_python_dop_operator_3.py took 0.062 seconds
[2021-08-08 04:19:05,368] {scheduler_job.py:182} INFO - Started process (PID=4931) to work on /home/airflow/sandbox/lib/python3.8/site-packages/airflow/example_dags/example_branch_python_dop_operator_3.py
[2021-08-08 04:19:05,371] {scheduler_job.py:633} INFO - Processing file /home/airflow/sandbox/lib/python3.8/site-packages/airflow/example_dags/example_branch_python_dop_operator_3.py for tasks to queue
[2021-08-08 04:19:05,373] {logging_mixin.py:104} INFO - [2021-08-08 04:19:05,373] {dagbag.py:496} INFO - Filling up the DagBag from /home/airflow/sandbox/lib/python3.8/site-packages/airflow/example_dags/example_branch_python_dop_operator_3.py
[2021-08-08 04:19:05,386] {scheduler_job.py:643} INFO - DAG(s) dict_keys(['example_branch_dop_operator_v3']) retrieved from /home/airflow/sandbox/lib/python3.8/site-packages/airflow/example_dags/example_branch_python_dop_operator_3.py
[2021-08-08 04:19:05,399] {logging_mixin.py:104} INFO - [2021-08-08 04:19:05,399] {dag.py:1833} INFO - Sync 1 DAGs
[2021-08-08 04:19:05,418] {logging_mixin.py:104} INFO - [2021-08-08 04:19:05,418] {dag.py:2306} INFO - Setting next_dagrun for example_branch_dop_operator_v3 to 2021-08-06 00:00:00+00:00
[2021-08-08 04:19:05,442] {scheduler_job.py:190} INFO - Processing /home/airflow/sandbox/lib/python3.8/site-packages/airflow/example_dags/example_branch_python_dop_operator_3.py took 0.077 seconds
[2021-08-08 04:19:40,396] {scheduler_job.py:182} INFO - Started process (PID=5068) to work on /home/airflow/sandbox/lib/python3.8/site-packages/airflow/example_dags/example_branch_python_dop_operator_3.py
[2021-08-08 04:19:40,399] {scheduler_job.py:633} INFO - Processing file /home/airflow/sandbox/lib/python3.8/site-packages/airflow/example_dags/example_branch_python_dop_operator_3.py for tasks to queue
[2021-08-08 04:19:40,401] {logging_mixin.py:104} INFO - [2021-08-08 04:19:40,401] {dagbag.py:496} INFO - Filling up the DagBag from /home/airflow/sandbox/lib/python3.8/site-packages/airflow/example_dags/example_branch_python_dop_operator_3.py
[2021-08-08 04:19:40,412] {scheduler_job.py:643} INFO - DAG(s) dict_keys(['example_branch_dop_operator_v3']) retrieved from /home/airflow/sandbox/lib/python3.8/site-packages/airflow/example_dags/example_branch_python_dop_operator_3.py
[2021-08-08 04:19:40,423] {logging_mixin.py:104} INFO - [2021-08-08 04:19:40,423] {dag.py:1833} INFO - Sync 1 DAGs
[2021-08-08 04:19:40,440] {logging_mixin.py:104} INFO - [2021-08-08 04:19:40,440] {dag.py:2306} INFO - Setting next_dagrun for example_branch_dop_operator_v3 to 2021-08-06 00:00:00+00:00
[2021-08-08 04:19:40,457] {scheduler_job.py:190} INFO - Processing /home/airflow/sandbox/lib/python3.8/site-packages/airflow/example_dags/example_branch_python_dop_operator_3.py took 0.067 seconds
[2021-08-08 04:20:15,815] {scheduler_job.py:182} INFO - Started process (PID=5204) to work on /home/airflow/sandbox/lib/python3.8/site-packages/airflow/example_dags/example_branch_python_dop_operator_3.py
[2021-08-08 04:20:15,818] {scheduler_job.py:633} INFO - Processing file /home/airflow/sandbox/lib/python3.8/site-packages/airflow/example_dags/example_branch_python_dop_operator_3.py for tasks to queue
[2021-08-08 04:20:15,821] {logging_mixin.py:104} INFO - [2021-08-08 04:20:15,821] {dagbag.py:496} INFO - Filling up the DagBag from /home/airflow/sandbox/lib/python3.8/site-packages/airflow/example_dags/example_branch_python_dop_operator_3.py
[2021-08-08 04:20:15,832] {scheduler_job.py:643} INFO - DAG(s) dict_keys(['example_branch_dop_operator_v3']) retrieved from /home/airflow/sandbox/lib/python3.8/site-packages/airflow/example_dags/example_branch_python_dop_operator_3.py
[2021-08-08 04:20:15,845] {logging_mixin.py:104} INFO - [2021-08-08 04:20:15,845] {dag.py:1833} INFO - Sync 1 DAGs
[2021-08-08 04:20:15,858] {logging_mixin.py:104} INFO - [2021-08-08 04:20:15,858] {dag.py:2306} INFO - Setting next_dagrun for example_branch_dop_operator_v3 to 2021-08-06 00:00:00+00:00
[2021-08-08 04:20:15,877] {scheduler_job.py:190} INFO - Processing /home/airflow/sandbox/lib/python3.8/site-packages/airflow/example_dags/example_branch_python_dop_operator_3.py took 0.065 seconds
[2021-08-08 04:20:48,491] {scheduler_job.py:182} INFO - Started process (PID=5339) to work on /home/airflow/sandbox/lib/python3.8/site-packages/airflow/example_dags/example_branch_python_dop_operator_3.py
[2021-08-08 04:20:48,494] {scheduler_job.py:633} INFO - Processing file /home/airflow/sandbox/lib/python3.8/site-packages/airflow/example_dags/example_branch_python_dop_operator_3.py for tasks to queue
[2021-08-08 04:20:48,496] {logging_mixin.py:104} INFO - [2021-08-08 04:20:48,496] {dagbag.py:496} INFO - Filling up the DagBag from /home/airflow/sandbox/lib/python3.8/site-packages/airflow/example_dags/example_branch_python_dop_operator_3.py
[2021-08-08 04:20:48,508] {scheduler_job.py:643} INFO - DAG(s) dict_keys(['example_branch_dop_operator_v3']) retrieved from /home/airflow/sandbox/lib/python3.8/site-packages/airflow/example_dags/example_branch_python_dop_operator_3.py
[2021-08-08 04:20:48,520] {logging_mixin.py:104} INFO - [2021-08-08 04:20:48,520] {dag.py:1833} INFO - Sync 1 DAGs
[2021-08-08 04:20:48,535] {logging_mixin.py:104} INFO - [2021-08-08 04:20:48,535] {dag.py:2306} INFO - Setting next_dagrun for example_branch_dop_operator_v3 to 2021-08-06 00:00:00+00:00
[2021-08-08 04:20:48,551] {scheduler_job.py:190} INFO - Processing /home/airflow/sandbox/lib/python3.8/site-packages/airflow/example_dags/example_branch_python_dop_operator_3.py took 0.062 seconds
[2021-08-08 04:21:22,330] {scheduler_job.py:182} INFO - Started process (PID=5503) to work on /home/airflow/sandbox/lib/python3.8/site-packages/airflow/example_dags/example_branch_python_dop_operator_3.py
[2021-08-08 04:21:22,333] {scheduler_job.py:633} INFO - Processing file /home/airflow/sandbox/lib/python3.8/site-packages/airflow/example_dags/example_branch_python_dop_operator_3.py for tasks to queue
[2021-08-08 04:21:22,335] {logging_mixin.py:104} INFO - [2021-08-08 04:21:22,335] {dagbag.py:496} INFO - Filling up the DagBag from /home/airflow/sandbox/lib/python3.8/site-packages/airflow/example_dags/example_branch_python_dop_operator_3.py
[2021-08-08 04:21:22,347] {scheduler_job.py:643} INFO - DAG(s) dict_keys(['example_branch_dop_operator_v3']) retrieved from /home/airflow/sandbox/lib/python3.8/site-packages/airflow/example_dags/example_branch_python_dop_operator_3.py
[2021-08-08 04:21:22,359] {logging_mixin.py:104} INFO - [2021-08-08 04:21:22,359] {dag.py:1833} INFO - Sync 1 DAGs
[2021-08-08 04:21:22,372] {logging_mixin.py:104} INFO - [2021-08-08 04:21:22,372] {dag.py:2306} INFO - Setting next_dagrun for example_branch_dop_operator_v3 to 2021-08-06 00:00:00+00:00
[2021-08-08 04:21:22,390] {scheduler_job.py:190} INFO - Processing /home/airflow/sandbox/lib/python3.8/site-packages/airflow/example_dags/example_branch_python_dop_operator_3.py took 0.063 seconds
[2021-08-08 04:21:58,280] {scheduler_job.py:182} INFO - Started process (PID=5641) to work on /home/airflow/sandbox/lib/python3.8/site-packages/airflow/example_dags/example_branch_python_dop_operator_3.py
[2021-08-08 04:21:58,283] {scheduler_job.py:633} INFO - Processing file /home/airflow/sandbox/lib/python3.8/site-packages/airflow/example_dags/example_branch_python_dop_operator_3.py for tasks to queue
[2021-08-08 04:21:58,285] {logging_mixin.py:104} INFO - [2021-08-08 04:21:58,285] {dagbag.py:496} INFO - Filling up the DagBag from /home/airflow/sandbox/lib/python3.8/site-packages/airflow/example_dags/example_branch_python_dop_operator_3.py
[2021-08-08 04:21:58,296] {scheduler_job.py:643} INFO - DAG(s) dict_keys(['example_branch_dop_operator_v3']) retrieved from /home/airflow/sandbox/lib/python3.8/site-packages/airflow/example_dags/example_branch_python_dop_operator_3.py
[2021-08-08 04:21:58,309] {logging_mixin.py:104} INFO - [2021-08-08 04:21:58,309] {dag.py:1833} INFO - Sync 1 DAGs
[2021-08-08 04:21:58,323] {logging_mixin.py:104} INFO - [2021-08-08 04:21:58,323] {dag.py:2306} INFO - Setting next_dagrun for example_branch_dop_operator_v3 to 2021-08-06 00:00:00+00:00
[2021-08-08 04:21:58,339] {scheduler_job.py:190} INFO - Processing /home/airflow/sandbox/lib/python3.8/site-packages/airflow/example_dags/example_branch_python_dop_operator_3.py took 0.062 seconds
[2021-08-08 04:22:33,373] {scheduler_job.py:182} INFO - Started process (PID=5778) to work on /home/airflow/sandbox/lib/python3.8/site-packages/airflow/example_dags/example_branch_python_dop_operator_3.py
[2021-08-08 04:22:33,375] {scheduler_job.py:633} INFO - Processing file /home/airflow/sandbox/lib/python3.8/site-packages/airflow/example_dags/example_branch_python_dop_operator_3.py for tasks to queue
[2021-08-08 04:22:33,379] {logging_mixin.py:104} INFO - [2021-08-08 04:22:33,379] {dagbag.py:496} INFO - Filling up the DagBag from /home/airflow/sandbox/lib/python3.8/site-packages/airflow/example_dags/example_branch_python_dop_operator_3.py
[2021-08-08 04:22:33,396] {scheduler_job.py:643} INFO - DAG(s) dict_keys(['example_branch_dop_operator_v3']) retrieved from /home/airflow/sandbox/lib/python3.8/site-packages/airflow/example_dags/example_branch_python_dop_operator_3.py
[2021-08-08 04:22:33,429] {logging_mixin.py:104} INFO - [2021-08-08 04:22:33,428] {dag.py:1833} INFO - Sync 1 DAGs
[2021-08-08 04:22:33,472] {logging_mixin.py:104} INFO - [2021-08-08 04:22:33,471] {dag.py:2306} INFO - Setting next_dagrun for example_branch_dop_operator_v3 to 2021-08-06 00:00:00+00:00
[2021-08-08 04:22:33,514] {scheduler_job.py:190} INFO - Processing /home/airflow/sandbox/lib/python3.8/site-packages/airflow/example_dags/example_branch_python_dop_operator_3.py took 0.144 seconds
[2021-08-08 04:23:06,545] {scheduler_job.py:182} INFO - Started process (PID=5979) to work on /home/airflow/sandbox/lib/python3.8/site-packages/airflow/example_dags/example_branch_python_dop_operator_3.py
[2021-08-08 04:23:06,549] {scheduler_job.py:633} INFO - Processing file /home/airflow/sandbox/lib/python3.8/site-packages/airflow/example_dags/example_branch_python_dop_operator_3.py for tasks to queue
[2021-08-08 04:23:06,552] {logging_mixin.py:104} INFO - [2021-08-08 04:23:06,552] {dagbag.py:496} INFO - Filling up the DagBag from /home/airflow/sandbox/lib/python3.8/site-packages/airflow/example_dags/example_branch_python_dop_operator_3.py
[2021-08-08 04:23:06,567] {scheduler_job.py:643} INFO - DAG(s) dict_keys(['example_branch_dop_operator_v3']) retrieved from /home/airflow/sandbox/lib/python3.8/site-packages/airflow/example_dags/example_branch_python_dop_operator_3.py
[2021-08-08 04:23:06,582] {logging_mixin.py:104} INFO - [2021-08-08 04:23:06,582] {dag.py:1833} INFO - Sync 1 DAGs
[2021-08-08 04:23:06,606] {logging_mixin.py:104} INFO - [2021-08-08 04:23:06,605] {dag.py:2306} INFO - Setting next_dagrun for example_branch_dop_operator_v3 to 2021-08-06 00:00:00+00:00
[2021-08-08 04:23:06,623] {scheduler_job.py:190} INFO - Processing /home/airflow/sandbox/lib/python3.8/site-packages/airflow/example_dags/example_branch_python_dop_operator_3.py took 0.081 seconds
[2021-08-08 04:23:41,066] {scheduler_job.py:182} INFO - Started process (PID=6209) to work on /home/airflow/sandbox/lib/python3.8/site-packages/airflow/example_dags/example_branch_python_dop_operator_3.py
[2021-08-08 04:23:41,069] {scheduler_job.py:633} INFO - Processing file /home/airflow/sandbox/lib/python3.8/site-packages/airflow/example_dags/example_branch_python_dop_operator_3.py for tasks to queue
[2021-08-08 04:23:41,070] {logging_mixin.py:104} INFO - [2021-08-08 04:23:41,070] {dagbag.py:496} INFO - Filling up the DagBag from /home/airflow/sandbox/lib/python3.8/site-packages/airflow/example_dags/example_branch_python_dop_operator_3.py
[2021-08-08 04:23:41,086] {scheduler_job.py:643} INFO - DAG(s) dict_keys(['example_branch_dop_operator_v3']) retrieved from /home/airflow/sandbox/lib/python3.8/site-packages/airflow/example_dags/example_branch_python_dop_operator_3.py
[2021-08-08 04:23:41,100] {logging_mixin.py:104} INFO - [2021-08-08 04:23:41,100] {dag.py:1833} INFO - Sync 1 DAGs
[2021-08-08 04:23:41,130] {logging_mixin.py:104} INFO - [2021-08-08 04:23:41,130] {dag.py:2306} INFO - Setting next_dagrun for example_branch_dop_operator_v3 to 2021-08-06 00:00:00+00:00
[2021-08-08 04:23:41,147] {scheduler_job.py:190} INFO - Processing /home/airflow/sandbox/lib/python3.8/site-packages/airflow/example_dags/example_branch_python_dop_operator_3.py took 0.084 seconds
[2021-08-08 04:24:15,675] {scheduler_job.py:182} INFO - Started process (PID=6377) to work on /home/airflow/sandbox/lib/python3.8/site-packages/airflow/example_dags/example_branch_python_dop_operator_3.py
[2021-08-08 04:24:15,677] {scheduler_job.py:633} INFO - Processing file /home/airflow/sandbox/lib/python3.8/site-packages/airflow/example_dags/example_branch_python_dop_operator_3.py for tasks to queue
[2021-08-08 04:24:15,679] {logging_mixin.py:104} INFO - [2021-08-08 04:24:15,679] {dagbag.py:496} INFO - Filling up the DagBag from /home/airflow/sandbox/lib/python3.8/site-packages/airflow/example_dags/example_branch_python_dop_operator_3.py
[2021-08-08 04:24:15,690] {scheduler_job.py:643} INFO - DAG(s) dict_keys(['example_branch_dop_operator_v3']) retrieved from /home/airflow/sandbox/lib/python3.8/site-packages/airflow/example_dags/example_branch_python_dop_operator_3.py
[2021-08-08 04:24:15,702] {logging_mixin.py:104} INFO - [2021-08-08 04:24:15,702] {dag.py:1833} INFO - Sync 1 DAGs
[2021-08-08 04:24:15,717] {logging_mixin.py:104} INFO - [2021-08-08 04:24:15,716] {dag.py:2306} INFO - Setting next_dagrun for example_branch_dop_operator_v3 to 2021-08-06 00:00:00+00:00
[2021-08-08 04:24:15,735] {scheduler_job.py:190} INFO - Processing /home/airflow/sandbox/lib/python3.8/site-packages/airflow/example_dags/example_branch_python_dop_operator_3.py took 0.063 seconds
[2021-08-08 04:24:51,964] {scheduler_job.py:182} INFO - Started process (PID=6580) to work on /home/airflow/sandbox/lib/python3.8/site-packages/airflow/example_dags/example_branch_python_dop_operator_3.py
[2021-08-08 04:24:51,969] {scheduler_job.py:633} INFO - Processing file /home/airflow/sandbox/lib/python3.8/site-packages/airflow/example_dags/example_branch_python_dop_operator_3.py for tasks to queue
[2021-08-08 04:24:51,972] {logging_mixin.py:104} INFO - [2021-08-08 04:24:51,972] {dagbag.py:496} INFO - Filling up the DagBag from /home/airflow/sandbox/lib/python3.8/site-packages/airflow/example_dags/example_branch_python_dop_operator_3.py
[2021-08-08 04:24:51,988] {scheduler_job.py:643} INFO - DAG(s) dict_keys(['example_branch_dop_operator_v3']) retrieved from /home/airflow/sandbox/lib/python3.8/site-packages/airflow/example_dags/example_branch_python_dop_operator_3.py
[2021-08-08 04:24:52,010] {logging_mixin.py:104} INFO - [2021-08-08 04:24:52,010] {dag.py:1833} INFO - Sync 1 DAGs
[2021-08-08 04:24:52,032] {logging_mixin.py:104} INFO - [2021-08-08 04:24:52,032] {dag.py:2306} INFO - Setting next_dagrun for example_branch_dop_operator_v3 to 2021-08-06 00:00:00+00:00
[2021-08-08 04:24:52,052] {scheduler_job.py:190} INFO - Processing /home/airflow/sandbox/lib/python3.8/site-packages/airflow/example_dags/example_branch_python_dop_operator_3.py took 0.091 seconds
