[2021-08-08 04:11:28,668] {scheduler_job.py:182} INFO - Started process (PID=2649) to work on /home/airflow/sandbox/lib/python3.8/site-packages/airflow/example_dags/example_complex.py
[2021-08-08 04:11:28,672] {scheduler_job.py:633} INFO - Processing file /home/airflow/sandbox/lib/python3.8/site-packages/airflow/example_dags/example_complex.py for tasks to queue
[2021-08-08 04:11:28,676] {logging_mixin.py:104} INFO - [2021-08-08 04:11:28,676] {dagbag.py:496} INFO - Filling up the DagBag from /home/airflow/sandbox/lib/python3.8/site-packages/airflow/example_dags/example_complex.py
[2021-08-08 04:11:28,697] {scheduler_job.py:643} INFO - DAG(s) dict_keys(['example_complex']) retrieved from /home/airflow/sandbox/lib/python3.8/site-packages/airflow/example_dags/example_complex.py
[2021-08-08 04:11:28,974] {logging_mixin.py:104} INFO - [2021-08-08 04:11:28,974] {dag.py:1833} INFO - Sync 1 DAGs
[2021-08-08 04:11:28,985] {logging_mixin.py:104} INFO - [2021-08-08 04:11:28,985] {dag.py:2306} INFO - Setting next_dagrun for example_complex to None
[2021-08-08 04:11:29,019] {scheduler_job.py:190} INFO - Processing /home/airflow/sandbox/lib/python3.8/site-packages/airflow/example_dags/example_complex.py took 0.354 seconds
[2021-08-08 04:12:06,596] {scheduler_job.py:182} INFO - Started process (PID=2802) to work on /home/airflow/sandbox/lib/python3.8/site-packages/airflow/example_dags/example_complex.py
[2021-08-08 04:12:06,599] {scheduler_job.py:633} INFO - Processing file /home/airflow/sandbox/lib/python3.8/site-packages/airflow/example_dags/example_complex.py for tasks to queue
[2021-08-08 04:12:06,601] {logging_mixin.py:104} INFO - [2021-08-08 04:12:06,601] {dagbag.py:496} INFO - Filling up the DagBag from /home/airflow/sandbox/lib/python3.8/site-packages/airflow/example_dags/example_complex.py
[2021-08-08 04:12:06,617] {scheduler_job.py:643} INFO - DAG(s) dict_keys(['example_complex']) retrieved from /home/airflow/sandbox/lib/python3.8/site-packages/airflow/example_dags/example_complex.py
[2021-08-08 04:12:06,635] {logging_mixin.py:104} INFO - [2021-08-08 04:12:06,635] {dag.py:1833} INFO - Sync 1 DAGs
[2021-08-08 04:12:06,647] {logging_mixin.py:104} INFO - [2021-08-08 04:12:06,647] {dag.py:2306} INFO - Setting next_dagrun for example_complex to None
[2021-08-08 04:12:06,675] {scheduler_job.py:190} INFO - Processing /home/airflow/sandbox/lib/python3.8/site-packages/airflow/example_dags/example_complex.py took 0.082 seconds
[2021-08-08 04:12:40,927] {scheduler_job.py:182} INFO - Started process (PID=2964) to work on /home/airflow/sandbox/lib/python3.8/site-packages/airflow/example_dags/example_complex.py
[2021-08-08 04:12:40,930] {scheduler_job.py:633} INFO - Processing file /home/airflow/sandbox/lib/python3.8/site-packages/airflow/example_dags/example_complex.py for tasks to queue
[2021-08-08 04:12:40,931] {logging_mixin.py:104} INFO - [2021-08-08 04:12:40,930] {dagbag.py:496} INFO - Filling up the DagBag from /home/airflow/sandbox/lib/python3.8/site-packages/airflow/example_dags/example_complex.py
[2021-08-08 04:12:40,953] {scheduler_job.py:643} INFO - DAG(s) dict_keys(['example_complex']) retrieved from /home/airflow/sandbox/lib/python3.8/site-packages/airflow/example_dags/example_complex.py
[2021-08-08 04:12:40,970] {logging_mixin.py:104} INFO - [2021-08-08 04:12:40,970] {dag.py:1833} INFO - Sync 1 DAGs
[2021-08-08 04:12:40,982] {logging_mixin.py:104} INFO - [2021-08-08 04:12:40,982] {dag.py:2306} INFO - Setting next_dagrun for example_complex to None
[2021-08-08 04:12:41,003] {scheduler_job.py:190} INFO - Processing /home/airflow/sandbox/lib/python3.8/site-packages/airflow/example_dags/example_complex.py took 0.079 seconds
[2021-08-08 04:13:15,184] {scheduler_job.py:182} INFO - Started process (PID=3131) to work on /home/airflow/sandbox/lib/python3.8/site-packages/airflow/example_dags/example_complex.py
[2021-08-08 04:13:15,187] {scheduler_job.py:633} INFO - Processing file /home/airflow/sandbox/lib/python3.8/site-packages/airflow/example_dags/example_complex.py for tasks to queue
[2021-08-08 04:13:15,189] {logging_mixin.py:104} INFO - [2021-08-08 04:13:15,189] {dagbag.py:496} INFO - Filling up the DagBag from /home/airflow/sandbox/lib/python3.8/site-packages/airflow/example_dags/example_complex.py
[2021-08-08 04:13:15,208] {scheduler_job.py:643} INFO - DAG(s) dict_keys(['example_complex']) retrieved from /home/airflow/sandbox/lib/python3.8/site-packages/airflow/example_dags/example_complex.py
[2021-08-08 04:13:15,225] {logging_mixin.py:104} INFO - [2021-08-08 04:13:15,225] {dag.py:1833} INFO - Sync 1 DAGs
[2021-08-08 04:13:15,236] {logging_mixin.py:104} INFO - [2021-08-08 04:13:15,235] {dag.py:2306} INFO - Setting next_dagrun for example_complex to None
[2021-08-08 04:13:15,280] {scheduler_job.py:190} INFO - Processing /home/airflow/sandbox/lib/python3.8/site-packages/airflow/example_dags/example_complex.py took 0.098 seconds
[2021-08-08 04:13:48,945] {scheduler_job.py:182} INFO - Started process (PID=3266) to work on /home/airflow/sandbox/lib/python3.8/site-packages/airflow/example_dags/example_complex.py
[2021-08-08 04:13:48,947] {scheduler_job.py:633} INFO - Processing file /home/airflow/sandbox/lib/python3.8/site-packages/airflow/example_dags/example_complex.py for tasks to queue
[2021-08-08 04:13:48,950] {logging_mixin.py:104} INFO - [2021-08-08 04:13:48,950] {dagbag.py:496} INFO - Filling up the DagBag from /home/airflow/sandbox/lib/python3.8/site-packages/airflow/example_dags/example_complex.py
[2021-08-08 04:13:48,966] {scheduler_job.py:643} INFO - DAG(s) dict_keys(['example_complex']) retrieved from /home/airflow/sandbox/lib/python3.8/site-packages/airflow/example_dags/example_complex.py
[2021-08-08 04:13:48,988] {logging_mixin.py:104} INFO - [2021-08-08 04:13:48,988] {dag.py:1833} INFO - Sync 1 DAGs
[2021-08-08 04:13:49,001] {logging_mixin.py:104} INFO - [2021-08-08 04:13:49,001] {dag.py:2306} INFO - Setting next_dagrun for example_complex to None
[2021-08-08 04:13:49,020] {scheduler_job.py:190} INFO - Processing /home/airflow/sandbox/lib/python3.8/site-packages/airflow/example_dags/example_complex.py took 0.078 seconds
[2021-08-08 04:14:26,529] {scheduler_job.py:182} INFO - Started process (PID=3473) to work on /home/airflow/sandbox/lib/python3.8/site-packages/airflow/example_dags/example_complex.py
[2021-08-08 04:14:26,533] {scheduler_job.py:633} INFO - Processing file /home/airflow/sandbox/lib/python3.8/site-packages/airflow/example_dags/example_complex.py for tasks to queue
[2021-08-08 04:14:26,534] {logging_mixin.py:104} INFO - [2021-08-08 04:14:26,534] {dagbag.py:496} INFO - Filling up the DagBag from /home/airflow/sandbox/lib/python3.8/site-packages/airflow/example_dags/example_complex.py
[2021-08-08 04:14:26,596] {scheduler_job.py:643} INFO - DAG(s) dict_keys(['example_complex']) retrieved from /home/airflow/sandbox/lib/python3.8/site-packages/airflow/example_dags/example_complex.py
[2021-08-08 04:14:26,658] {logging_mixin.py:104} INFO - [2021-08-08 04:14:26,658] {dag.py:1833} INFO - Sync 1 DAGs
[2021-08-08 04:14:26,710] {logging_mixin.py:104} INFO - [2021-08-08 04:14:26,710] {dag.py:2306} INFO - Setting next_dagrun for example_complex to None
[2021-08-08 04:14:26,757] {scheduler_job.py:190} INFO - Processing /home/airflow/sandbox/lib/python3.8/site-packages/airflow/example_dags/example_complex.py took 0.231 seconds
[2021-08-08 04:15:05,433] {scheduler_job.py:182} INFO - Started process (PID=3713) to work on /home/airflow/sandbox/lib/python3.8/site-packages/airflow/example_dags/example_complex.py
[2021-08-08 04:15:05,437] {scheduler_job.py:633} INFO - Processing file /home/airflow/sandbox/lib/python3.8/site-packages/airflow/example_dags/example_complex.py for tasks to queue
[2021-08-08 04:15:05,438] {logging_mixin.py:104} INFO - [2021-08-08 04:15:05,438] {dagbag.py:496} INFO - Filling up the DagBag from /home/airflow/sandbox/lib/python3.8/site-packages/airflow/example_dags/example_complex.py
[2021-08-08 04:15:05,457] {scheduler_job.py:643} INFO - DAG(s) dict_keys(['example_complex']) retrieved from /home/airflow/sandbox/lib/python3.8/site-packages/airflow/example_dags/example_complex.py
[2021-08-08 04:15:05,472] {logging_mixin.py:104} INFO - [2021-08-08 04:15:05,472] {dag.py:1833} INFO - Sync 1 DAGs
[2021-08-08 04:15:05,483] {logging_mixin.py:104} INFO - [2021-08-08 04:15:05,483] {dag.py:2306} INFO - Setting next_dagrun for example_complex to None
[2021-08-08 04:15:05,503] {scheduler_job.py:190} INFO - Processing /home/airflow/sandbox/lib/python3.8/site-packages/airflow/example_dags/example_complex.py took 0.073 seconds
[2021-08-08 04:15:40,343] {scheduler_job.py:182} INFO - Started process (PID=3854) to work on /home/airflow/sandbox/lib/python3.8/site-packages/airflow/example_dags/example_complex.py
[2021-08-08 04:15:40,346] {scheduler_job.py:633} INFO - Processing file /home/airflow/sandbox/lib/python3.8/site-packages/airflow/example_dags/example_complex.py for tasks to queue
[2021-08-08 04:15:40,348] {logging_mixin.py:104} INFO - [2021-08-08 04:15:40,348] {dagbag.py:496} INFO - Filling up the DagBag from /home/airflow/sandbox/lib/python3.8/site-packages/airflow/example_dags/example_complex.py
[2021-08-08 04:15:40,363] {scheduler_job.py:643} INFO - DAG(s) dict_keys(['example_complex']) retrieved from /home/airflow/sandbox/lib/python3.8/site-packages/airflow/example_dags/example_complex.py
[2021-08-08 04:15:40,380] {logging_mixin.py:104} INFO - [2021-08-08 04:15:40,380] {dag.py:1833} INFO - Sync 1 DAGs
[2021-08-08 04:15:40,393] {logging_mixin.py:104} INFO - [2021-08-08 04:15:40,393] {dag.py:2306} INFO - Setting next_dagrun for example_complex to None
[2021-08-08 04:15:40,425] {scheduler_job.py:190} INFO - Processing /home/airflow/sandbox/lib/python3.8/site-packages/airflow/example_dags/example_complex.py took 0.086 seconds
[2021-08-08 04:16:11,968] {scheduler_job.py:182} INFO - Started process (PID=4137) to work on /home/airflow/sandbox/lib/python3.8/site-packages/airflow/example_dags/example_complex.py
[2021-08-08 04:16:11,970] {scheduler_job.py:633} INFO - Processing file /home/airflow/sandbox/lib/python3.8/site-packages/airflow/example_dags/example_complex.py for tasks to queue
[2021-08-08 04:16:11,972] {logging_mixin.py:104} INFO - [2021-08-08 04:16:11,972] {dagbag.py:496} INFO - Filling up the DagBag from /home/airflow/sandbox/lib/python3.8/site-packages/airflow/example_dags/example_complex.py
[2021-08-08 04:16:11,989] {scheduler_job.py:643} INFO - DAG(s) dict_keys(['example_complex']) retrieved from /home/airflow/sandbox/lib/python3.8/site-packages/airflow/example_dags/example_complex.py
[2021-08-08 04:16:12,004] {logging_mixin.py:104} INFO - [2021-08-08 04:16:12,004] {dag.py:1833} INFO - Sync 1 DAGs
[2021-08-08 04:16:12,017] {logging_mixin.py:104} INFO - [2021-08-08 04:16:12,017] {dag.py:2306} INFO - Setting next_dagrun for example_complex to None
[2021-08-08 04:16:12,037] {scheduler_job.py:190} INFO - Processing /home/airflow/sandbox/lib/python3.8/site-packages/airflow/example_dags/example_complex.py took 0.072 seconds
[2021-08-08 04:16:45,117] {scheduler_job.py:182} INFO - Started process (PID=4286) to work on /home/airflow/sandbox/lib/python3.8/site-packages/airflow/example_dags/example_complex.py
[2021-08-08 04:16:45,120] {scheduler_job.py:633} INFO - Processing file /home/airflow/sandbox/lib/python3.8/site-packages/airflow/example_dags/example_complex.py for tasks to queue
[2021-08-08 04:16:45,123] {logging_mixin.py:104} INFO - [2021-08-08 04:16:45,123] {dagbag.py:496} INFO - Filling up the DagBag from /home/airflow/sandbox/lib/python3.8/site-packages/airflow/example_dags/example_complex.py
[2021-08-08 04:16:45,140] {scheduler_job.py:643} INFO - DAG(s) dict_keys(['example_complex']) retrieved from /home/airflow/sandbox/lib/python3.8/site-packages/airflow/example_dags/example_complex.py
[2021-08-08 04:16:45,157] {logging_mixin.py:104} INFO - [2021-08-08 04:16:45,157] {dag.py:1833} INFO - Sync 1 DAGs
[2021-08-08 04:16:45,174] {logging_mixin.py:104} INFO - [2021-08-08 04:16:45,174] {dag.py:2306} INFO - Setting next_dagrun for example_complex to None
[2021-08-08 04:16:45,199] {scheduler_job.py:190} INFO - Processing /home/airflow/sandbox/lib/python3.8/site-packages/airflow/example_dags/example_complex.py took 0.085 seconds
[2021-08-08 04:17:21,369] {scheduler_job.py:182} INFO - Started process (PID=4444) to work on /home/airflow/sandbox/lib/python3.8/site-packages/airflow/example_dags/example_complex.py
[2021-08-08 04:17:21,372] {scheduler_job.py:633} INFO - Processing file /home/airflow/sandbox/lib/python3.8/site-packages/airflow/example_dags/example_complex.py for tasks to queue
[2021-08-08 04:17:21,375] {logging_mixin.py:104} INFO - [2021-08-08 04:17:21,375] {dagbag.py:496} INFO - Filling up the DagBag from /home/airflow/sandbox/lib/python3.8/site-packages/airflow/example_dags/example_complex.py
[2021-08-08 04:17:21,392] {scheduler_job.py:643} INFO - DAG(s) dict_keys(['example_complex']) retrieved from /home/airflow/sandbox/lib/python3.8/site-packages/airflow/example_dags/example_complex.py
[2021-08-08 04:17:21,409] {logging_mixin.py:104} INFO - [2021-08-08 04:17:21,409] {dag.py:1833} INFO - Sync 1 DAGs
[2021-08-08 04:17:21,426] {logging_mixin.py:104} INFO - [2021-08-08 04:17:21,426] {dag.py:2306} INFO - Setting next_dagrun for example_complex to None
[2021-08-08 04:17:21,455] {scheduler_job.py:190} INFO - Processing /home/airflow/sandbox/lib/python3.8/site-packages/airflow/example_dags/example_complex.py took 0.089 seconds
[2021-08-08 04:17:53,292] {scheduler_job.py:182} INFO - Started process (PID=4566) to work on /home/airflow/sandbox/lib/python3.8/site-packages/airflow/example_dags/example_complex.py
[2021-08-08 04:17:53,295] {scheduler_job.py:633} INFO - Processing file /home/airflow/sandbox/lib/python3.8/site-packages/airflow/example_dags/example_complex.py for tasks to queue
[2021-08-08 04:17:53,298] {logging_mixin.py:104} INFO - [2021-08-08 04:17:53,297] {dagbag.py:496} INFO - Filling up the DagBag from /home/airflow/sandbox/lib/python3.8/site-packages/airflow/example_dags/example_complex.py
[2021-08-08 04:17:53,313] {scheduler_job.py:643} INFO - DAG(s) dict_keys(['example_complex']) retrieved from /home/airflow/sandbox/lib/python3.8/site-packages/airflow/example_dags/example_complex.py
[2021-08-08 04:17:53,328] {logging_mixin.py:104} INFO - [2021-08-08 04:17:53,328] {dag.py:1833} INFO - Sync 1 DAGs
[2021-08-08 04:17:53,339] {logging_mixin.py:104} INFO - [2021-08-08 04:17:53,339] {dag.py:2306} INFO - Setting next_dagrun for example_complex to None
[2021-08-08 04:17:53,360] {scheduler_job.py:190} INFO - Processing /home/airflow/sandbox/lib/python3.8/site-packages/airflow/example_dags/example_complex.py took 0.072 seconds
[2021-08-08 04:18:27,750] {scheduler_job.py:182} INFO - Started process (PID=4695) to work on /home/airflow/sandbox/lib/python3.8/site-packages/airflow/example_dags/example_complex.py
[2021-08-08 04:18:27,753] {scheduler_job.py:633} INFO - Processing file /home/airflow/sandbox/lib/python3.8/site-packages/airflow/example_dags/example_complex.py for tasks to queue
[2021-08-08 04:18:27,755] {logging_mixin.py:104} INFO - [2021-08-08 04:18:27,755] {dagbag.py:496} INFO - Filling up the DagBag from /home/airflow/sandbox/lib/python3.8/site-packages/airflow/example_dags/example_complex.py
[2021-08-08 04:18:27,770] {scheduler_job.py:643} INFO - DAG(s) dict_keys(['example_complex']) retrieved from /home/airflow/sandbox/lib/python3.8/site-packages/airflow/example_dags/example_complex.py
[2021-08-08 04:18:27,787] {logging_mixin.py:104} INFO - [2021-08-08 04:18:27,786] {dag.py:1833} INFO - Sync 1 DAGs
[2021-08-08 04:18:27,796] {logging_mixin.py:104} INFO - [2021-08-08 04:18:27,796] {dag.py:2306} INFO - Setting next_dagrun for example_complex to None
[2021-08-08 04:18:27,815] {scheduler_job.py:190} INFO - Processing /home/airflow/sandbox/lib/python3.8/site-packages/airflow/example_dags/example_complex.py took 0.068 seconds
[2021-08-08 04:19:01,165] {scheduler_job.py:182} INFO - Started process (PID=4915) to work on /home/airflow/sandbox/lib/python3.8/site-packages/airflow/example_dags/example_complex.py
[2021-08-08 04:19:01,168] {scheduler_job.py:633} INFO - Processing file /home/airflow/sandbox/lib/python3.8/site-packages/airflow/example_dags/example_complex.py for tasks to queue
[2021-08-08 04:19:01,170] {logging_mixin.py:104} INFO - [2021-08-08 04:19:01,170] {dagbag.py:496} INFO - Filling up the DagBag from /home/airflow/sandbox/lib/python3.8/site-packages/airflow/example_dags/example_complex.py
[2021-08-08 04:19:01,184] {scheduler_job.py:643} INFO - DAG(s) dict_keys(['example_complex']) retrieved from /home/airflow/sandbox/lib/python3.8/site-packages/airflow/example_dags/example_complex.py
[2021-08-08 04:19:01,200] {logging_mixin.py:104} INFO - [2021-08-08 04:19:01,200] {dag.py:1833} INFO - Sync 1 DAGs
[2021-08-08 04:19:01,210] {logging_mixin.py:104} INFO - [2021-08-08 04:19:01,210] {dag.py:2306} INFO - Setting next_dagrun for example_complex to None
[2021-08-08 04:19:01,227] {scheduler_job.py:190} INFO - Processing /home/airflow/sandbox/lib/python3.8/site-packages/airflow/example_dags/example_complex.py took 0.066 seconds
[2021-08-08 04:19:36,071] {scheduler_job.py:182} INFO - Started process (PID=5045) to work on /home/airflow/sandbox/lib/python3.8/site-packages/airflow/example_dags/example_complex.py
[2021-08-08 04:19:36,073] {scheduler_job.py:633} INFO - Processing file /home/airflow/sandbox/lib/python3.8/site-packages/airflow/example_dags/example_complex.py for tasks to queue
[2021-08-08 04:19:36,075] {logging_mixin.py:104} INFO - [2021-08-08 04:19:36,075] {dagbag.py:496} INFO - Filling up the DagBag from /home/airflow/sandbox/lib/python3.8/site-packages/airflow/example_dags/example_complex.py
[2021-08-08 04:19:36,091] {scheduler_job.py:643} INFO - DAG(s) dict_keys(['example_complex']) retrieved from /home/airflow/sandbox/lib/python3.8/site-packages/airflow/example_dags/example_complex.py
[2021-08-08 04:19:36,106] {logging_mixin.py:104} INFO - [2021-08-08 04:19:36,106] {dag.py:1833} INFO - Sync 1 DAGs
[2021-08-08 04:19:36,116] {logging_mixin.py:104} INFO - [2021-08-08 04:19:36,116] {dag.py:2306} INFO - Setting next_dagrun for example_complex to None
[2021-08-08 04:19:36,133] {scheduler_job.py:190} INFO - Processing /home/airflow/sandbox/lib/python3.8/site-packages/airflow/example_dags/example_complex.py took 0.065 seconds
[2021-08-08 04:20:11,813] {scheduler_job.py:182} INFO - Started process (PID=5188) to work on /home/airflow/sandbox/lib/python3.8/site-packages/airflow/example_dags/example_complex.py
[2021-08-08 04:20:11,816] {scheduler_job.py:633} INFO - Processing file /home/airflow/sandbox/lib/python3.8/site-packages/airflow/example_dags/example_complex.py for tasks to queue
[2021-08-08 04:20:11,819] {logging_mixin.py:104} INFO - [2021-08-08 04:20:11,819] {dagbag.py:496} INFO - Filling up the DagBag from /home/airflow/sandbox/lib/python3.8/site-packages/airflow/example_dags/example_complex.py
[2021-08-08 04:20:11,835] {scheduler_job.py:643} INFO - DAG(s) dict_keys(['example_complex']) retrieved from /home/airflow/sandbox/lib/python3.8/site-packages/airflow/example_dags/example_complex.py
[2021-08-08 04:20:11,849] {logging_mixin.py:104} INFO - [2021-08-08 04:20:11,849] {dag.py:1833} INFO - Sync 1 DAGs
[2021-08-08 04:20:11,858] {logging_mixin.py:104} INFO - [2021-08-08 04:20:11,858] {dag.py:2306} INFO - Setting next_dagrun for example_complex to None
[2021-08-08 04:20:11,875] {scheduler_job.py:190} INFO - Processing /home/airflow/sandbox/lib/python3.8/site-packages/airflow/example_dags/example_complex.py took 0.064 seconds
[2021-08-08 04:20:46,082] {scheduler_job.py:182} INFO - Started process (PID=5317) to work on /home/airflow/sandbox/lib/python3.8/site-packages/airflow/example_dags/example_complex.py
[2021-08-08 04:20:46,085] {scheduler_job.py:633} INFO - Processing file /home/airflow/sandbox/lib/python3.8/site-packages/airflow/example_dags/example_complex.py for tasks to queue
[2021-08-08 04:20:46,088] {logging_mixin.py:104} INFO - [2021-08-08 04:20:46,087] {dagbag.py:496} INFO - Filling up the DagBag from /home/airflow/sandbox/lib/python3.8/site-packages/airflow/example_dags/example_complex.py
[2021-08-08 04:20:46,103] {scheduler_job.py:643} INFO - DAG(s) dict_keys(['example_complex']) retrieved from /home/airflow/sandbox/lib/python3.8/site-packages/airflow/example_dags/example_complex.py
[2021-08-08 04:20:46,119] {logging_mixin.py:104} INFO - [2021-08-08 04:20:46,119] {dag.py:1833} INFO - Sync 1 DAGs
[2021-08-08 04:20:46,128] {logging_mixin.py:104} INFO - [2021-08-08 04:20:46,128] {dag.py:2306} INFO - Setting next_dagrun for example_complex to None
[2021-08-08 04:20:46,149] {scheduler_job.py:190} INFO - Processing /home/airflow/sandbox/lib/python3.8/site-packages/airflow/example_dags/example_complex.py took 0.070 seconds
[2021-08-08 04:21:18,936] {scheduler_job.py:182} INFO - Started process (PID=5488) to work on /home/airflow/sandbox/lib/python3.8/site-packages/airflow/example_dags/example_complex.py
[2021-08-08 04:21:18,940] {scheduler_job.py:633} INFO - Processing file /home/airflow/sandbox/lib/python3.8/site-packages/airflow/example_dags/example_complex.py for tasks to queue
[2021-08-08 04:21:18,940] {logging_mixin.py:104} INFO - [2021-08-08 04:21:18,940] {dagbag.py:496} INFO - Filling up the DagBag from /home/airflow/sandbox/lib/python3.8/site-packages/airflow/example_dags/example_complex.py
[2021-08-08 04:21:18,957] {scheduler_job.py:643} INFO - DAG(s) dict_keys(['example_complex']) retrieved from /home/airflow/sandbox/lib/python3.8/site-packages/airflow/example_dags/example_complex.py
[2021-08-08 04:21:18,980] {logging_mixin.py:104} INFO - [2021-08-08 04:21:18,980] {dag.py:1833} INFO - Sync 1 DAGs
[2021-08-08 04:21:18,994] {logging_mixin.py:104} INFO - [2021-08-08 04:21:18,994] {dag.py:2306} INFO - Setting next_dagrun for example_complex to None
[2021-08-08 04:21:19,011] {scheduler_job.py:190} INFO - Processing /home/airflow/sandbox/lib/python3.8/site-packages/airflow/example_dags/example_complex.py took 0.078 seconds
[2021-08-08 04:21:53,884] {scheduler_job.py:182} INFO - Started process (PID=5625) to work on /home/airflow/sandbox/lib/python3.8/site-packages/airflow/example_dags/example_complex.py
[2021-08-08 04:21:53,886] {scheduler_job.py:633} INFO - Processing file /home/airflow/sandbox/lib/python3.8/site-packages/airflow/example_dags/example_complex.py for tasks to queue
[2021-08-08 04:21:53,888] {logging_mixin.py:104} INFO - [2021-08-08 04:21:53,888] {dagbag.py:496} INFO - Filling up the DagBag from /home/airflow/sandbox/lib/python3.8/site-packages/airflow/example_dags/example_complex.py
[2021-08-08 04:21:53,903] {scheduler_job.py:643} INFO - DAG(s) dict_keys(['example_complex']) retrieved from /home/airflow/sandbox/lib/python3.8/site-packages/airflow/example_dags/example_complex.py
[2021-08-08 04:21:53,917] {logging_mixin.py:104} INFO - [2021-08-08 04:21:53,917] {dag.py:1833} INFO - Sync 1 DAGs
[2021-08-08 04:21:53,927] {logging_mixin.py:104} INFO - [2021-08-08 04:21:53,926] {dag.py:2306} INFO - Setting next_dagrun for example_complex to None
[2021-08-08 04:21:53,945] {scheduler_job.py:190} INFO - Processing /home/airflow/sandbox/lib/python3.8/site-packages/airflow/example_dags/example_complex.py took 0.064 seconds
[2021-08-08 04:22:28,551] {scheduler_job.py:182} INFO - Started process (PID=5761) to work on /home/airflow/sandbox/lib/python3.8/site-packages/airflow/example_dags/example_complex.py
[2021-08-08 04:22:28,553] {scheduler_job.py:633} INFO - Processing file /home/airflow/sandbox/lib/python3.8/site-packages/airflow/example_dags/example_complex.py for tasks to queue
[2021-08-08 04:22:28,556] {logging_mixin.py:104} INFO - [2021-08-08 04:22:28,556] {dagbag.py:496} INFO - Filling up the DagBag from /home/airflow/sandbox/lib/python3.8/site-packages/airflow/example_dags/example_complex.py
[2021-08-08 04:22:28,570] {scheduler_job.py:643} INFO - DAG(s) dict_keys(['example_complex']) retrieved from /home/airflow/sandbox/lib/python3.8/site-packages/airflow/example_dags/example_complex.py
[2021-08-08 04:22:28,585] {logging_mixin.py:104} INFO - [2021-08-08 04:22:28,585] {dag.py:1833} INFO - Sync 1 DAGs
[2021-08-08 04:22:28,595] {logging_mixin.py:104} INFO - [2021-08-08 04:22:28,595] {dag.py:2306} INFO - Setting next_dagrun for example_complex to None
[2021-08-08 04:22:28,612] {scheduler_job.py:190} INFO - Processing /home/airflow/sandbox/lib/python3.8/site-packages/airflow/example_dags/example_complex.py took 0.065 seconds
[2021-08-08 04:23:03,666] {scheduler_job.py:182} INFO - Started process (PID=5970) to work on /home/airflow/sandbox/lib/python3.8/site-packages/airflow/example_dags/example_complex.py
[2021-08-08 04:23:03,669] {scheduler_job.py:633} INFO - Processing file /home/airflow/sandbox/lib/python3.8/site-packages/airflow/example_dags/example_complex.py for tasks to queue
[2021-08-08 04:23:03,671] {logging_mixin.py:104} INFO - [2021-08-08 04:23:03,671] {dagbag.py:496} INFO - Filling up the DagBag from /home/airflow/sandbox/lib/python3.8/site-packages/airflow/example_dags/example_complex.py
[2021-08-08 04:23:03,688] {scheduler_job.py:643} INFO - DAG(s) dict_keys(['example_complex']) retrieved from /home/airflow/sandbox/lib/python3.8/site-packages/airflow/example_dags/example_complex.py
[2021-08-08 04:23:03,709] {logging_mixin.py:104} INFO - [2021-08-08 04:23:03,709] {dag.py:1833} INFO - Sync 1 DAGs
[2021-08-08 04:23:03,725] {logging_mixin.py:104} INFO - [2021-08-08 04:23:03,725] {dag.py:2306} INFO - Setting next_dagrun for example_complex to None
[2021-08-08 04:23:03,744] {scheduler_job.py:190} INFO - Processing /home/airflow/sandbox/lib/python3.8/site-packages/airflow/example_dags/example_complex.py took 0.081 seconds
[2021-08-08 04:23:37,680] {scheduler_job.py:182} INFO - Started process (PID=6187) to work on /home/airflow/sandbox/lib/python3.8/site-packages/airflow/example_dags/example_complex.py
[2021-08-08 04:23:37,683] {scheduler_job.py:633} INFO - Processing file /home/airflow/sandbox/lib/python3.8/site-packages/airflow/example_dags/example_complex.py for tasks to queue
[2021-08-08 04:23:37,684] {logging_mixin.py:104} INFO - [2021-08-08 04:23:37,684] {dagbag.py:496} INFO - Filling up the DagBag from /home/airflow/sandbox/lib/python3.8/site-packages/airflow/example_dags/example_complex.py
[2021-08-08 04:23:37,699] {scheduler_job.py:643} INFO - DAG(s) dict_keys(['example_complex']) retrieved from /home/airflow/sandbox/lib/python3.8/site-packages/airflow/example_dags/example_complex.py
[2021-08-08 04:23:37,714] {logging_mixin.py:104} INFO - [2021-08-08 04:23:37,714] {dag.py:1833} INFO - Sync 1 DAGs
[2021-08-08 04:23:37,724] {logging_mixin.py:104} INFO - [2021-08-08 04:23:37,724] {dag.py:2306} INFO - Setting next_dagrun for example_complex to None
[2021-08-08 04:23:37,761] {scheduler_job.py:190} INFO - Processing /home/airflow/sandbox/lib/python3.8/site-packages/airflow/example_dags/example_complex.py took 0.084 seconds
[2021-08-08 04:24:11,341] {scheduler_job.py:182} INFO - Started process (PID=6361) to work on /home/airflow/sandbox/lib/python3.8/site-packages/airflow/example_dags/example_complex.py
[2021-08-08 04:24:11,343] {scheduler_job.py:633} INFO - Processing file /home/airflow/sandbox/lib/python3.8/site-packages/airflow/example_dags/example_complex.py for tasks to queue
[2021-08-08 04:24:11,345] {logging_mixin.py:104} INFO - [2021-08-08 04:24:11,345] {dagbag.py:496} INFO - Filling up the DagBag from /home/airflow/sandbox/lib/python3.8/site-packages/airflow/example_dags/example_complex.py
[2021-08-08 04:24:11,359] {scheduler_job.py:643} INFO - DAG(s) dict_keys(['example_complex']) retrieved from /home/airflow/sandbox/lib/python3.8/site-packages/airflow/example_dags/example_complex.py
[2021-08-08 04:24:11,376] {logging_mixin.py:104} INFO - [2021-08-08 04:24:11,376] {dag.py:1833} INFO - Sync 1 DAGs
[2021-08-08 04:24:11,385] {logging_mixin.py:104} INFO - [2021-08-08 04:24:11,384] {dag.py:2306} INFO - Setting next_dagrun for example_complex to None
[2021-08-08 04:24:11,400] {scheduler_job.py:190} INFO - Processing /home/airflow/sandbox/lib/python3.8/site-packages/airflow/example_dags/example_complex.py took 0.063 seconds
[2021-08-08 04:24:47,932] {scheduler_job.py:182} INFO - Started process (PID=6546) to work on /home/airflow/sandbox/lib/python3.8/site-packages/airflow/example_dags/example_complex.py
[2021-08-08 04:24:47,935] {scheduler_job.py:633} INFO - Processing file /home/airflow/sandbox/lib/python3.8/site-packages/airflow/example_dags/example_complex.py for tasks to queue
[2021-08-08 04:24:47,937] {logging_mixin.py:104} INFO - [2021-08-08 04:24:47,936] {dagbag.py:496} INFO - Filling up the DagBag from /home/airflow/sandbox/lib/python3.8/site-packages/airflow/example_dags/example_complex.py
[2021-08-08 04:24:47,952] {scheduler_job.py:643} INFO - DAG(s) dict_keys(['example_complex']) retrieved from /home/airflow/sandbox/lib/python3.8/site-packages/airflow/example_dags/example_complex.py
[2021-08-08 04:24:47,975] {logging_mixin.py:104} INFO - [2021-08-08 04:24:47,974] {dag.py:1833} INFO - Sync 1 DAGs
[2021-08-08 04:24:47,986] {logging_mixin.py:104} INFO - [2021-08-08 04:24:47,986] {dag.py:2306} INFO - Setting next_dagrun for example_complex to None
[2021-08-08 04:24:48,006] {scheduler_job.py:190} INFO - Processing /home/airflow/sandbox/lib/python3.8/site-packages/airflow/example_dags/example_complex.py took 0.077 seconds
[2021-08-08 04:25:21,714] {scheduler_job.py:182} INFO - Started process (PID=6760) to work on /home/airflow/sandbox/lib/python3.8/site-packages/airflow/example_dags/example_complex.py
[2021-08-08 04:25:21,717] {scheduler_job.py:633} INFO - Processing file /home/airflow/sandbox/lib/python3.8/site-packages/airflow/example_dags/example_complex.py for tasks to queue
[2021-08-08 04:25:21,717] {logging_mixin.py:104} INFO - [2021-08-08 04:25:21,717] {dagbag.py:496} INFO - Filling up the DagBag from /home/airflow/sandbox/lib/python3.8/site-packages/airflow/example_dags/example_complex.py
[2021-08-08 04:25:21,740] {scheduler_job.py:643} INFO - DAG(s) dict_keys(['example_complex']) retrieved from /home/airflow/sandbox/lib/python3.8/site-packages/airflow/example_dags/example_complex.py
[2021-08-08 04:25:21,755] {logging_mixin.py:104} INFO - [2021-08-08 04:25:21,755] {dag.py:1833} INFO - Sync 1 DAGs
[2021-08-08 04:25:21,767] {logging_mixin.py:104} INFO - [2021-08-08 04:25:21,765] {dag.py:2306} INFO - Setting next_dagrun for example_complex to None
[2021-08-08 04:25:21,788] {scheduler_job.py:190} INFO - Processing /home/airflow/sandbox/lib/python3.8/site-packages/airflow/example_dags/example_complex.py took 0.078 seconds
