[2021-08-08 04:11:12,776] {scheduler_job.py:182} INFO - Started process (PID=2586) to work on /home/airflow/sandbox/lib/python3.8/site-packages/airflow/example_dags/example_kubernetes_executor.py
[2021-08-08 04:11:12,783] {scheduler_job.py:633} INFO - Processing file /home/airflow/sandbox/lib/python3.8/site-packages/airflow/example_dags/example_kubernetes_executor.py for tasks to queue
[2021-08-08 04:11:12,785] {logging_mixin.py:104} INFO - [2021-08-08 04:11:12,785] {dagbag.py:496} INFO - Filling up the DagBag from /home/airflow/sandbox/lib/python3.8/site-packages/airflow/example_dags/example_kubernetes_executor.py
[2021-08-08 04:11:12,824] {scheduler_job.py:643} INFO - DAG(s) dict_keys(['example_kubernetes_executor']) retrieved from /home/airflow/sandbox/lib/python3.8/site-packages/airflow/example_dags/example_kubernetes_executor.py
[2021-08-08 04:11:13,376] {logging_mixin.py:104} INFO - [2021-08-08 04:11:13,376] {dag.py:1833} INFO - Sync 1 DAGs
[2021-08-08 04:11:13,387] {logging_mixin.py:104} INFO - [2021-08-08 04:11:13,387] {dag.py:2306} INFO - Setting next_dagrun for example_kubernetes_executor to None
[2021-08-08 04:11:13,414] {scheduler_job.py:190} INFO - Processing /home/airflow/sandbox/lib/python3.8/site-packages/airflow/example_dags/example_kubernetes_executor.py took 0.648 seconds
[2021-08-08 04:11:52,178] {scheduler_job.py:182} INFO - Started process (PID=2764) to work on /home/airflow/sandbox/lib/python3.8/site-packages/airflow/example_dags/example_kubernetes_executor.py
[2021-08-08 04:11:52,181] {scheduler_job.py:633} INFO - Processing file /home/airflow/sandbox/lib/python3.8/site-packages/airflow/example_dags/example_kubernetes_executor.py for tasks to queue
[2021-08-08 04:11:52,184] {logging_mixin.py:104} INFO - [2021-08-08 04:11:52,184] {dagbag.py:496} INFO - Filling up the DagBag from /home/airflow/sandbox/lib/python3.8/site-packages/airflow/example_dags/example_kubernetes_executor.py
[2021-08-08 04:11:52,198] {scheduler_job.py:643} INFO - DAG(s) dict_keys(['example_kubernetes_executor']) retrieved from /home/airflow/sandbox/lib/python3.8/site-packages/airflow/example_dags/example_kubernetes_executor.py
[2021-08-08 04:11:52,213] {logging_mixin.py:104} INFO - [2021-08-08 04:11:52,213] {dag.py:1833} INFO - Sync 1 DAGs
[2021-08-08 04:11:52,224] {logging_mixin.py:104} INFO - [2021-08-08 04:11:52,224] {dag.py:2306} INFO - Setting next_dagrun for example_kubernetes_executor to None
[2021-08-08 04:11:52,250] {scheduler_job.py:190} INFO - Processing /home/airflow/sandbox/lib/python3.8/site-packages/airflow/example_dags/example_kubernetes_executor.py took 0.074 seconds
[2021-08-08 04:12:26,480] {scheduler_job.py:182} INFO - Started process (PID=2932) to work on /home/airflow/sandbox/lib/python3.8/site-packages/airflow/example_dags/example_kubernetes_executor.py
[2021-08-08 04:12:26,483] {scheduler_job.py:633} INFO - Processing file /home/airflow/sandbox/lib/python3.8/site-packages/airflow/example_dags/example_kubernetes_executor.py for tasks to queue
[2021-08-08 04:12:26,486] {logging_mixin.py:104} INFO - [2021-08-08 04:12:26,485] {dagbag.py:496} INFO - Filling up the DagBag from /home/airflow/sandbox/lib/python3.8/site-packages/airflow/example_dags/example_kubernetes_executor.py
[2021-08-08 04:12:26,500] {scheduler_job.py:643} INFO - DAG(s) dict_keys(['example_kubernetes_executor']) retrieved from /home/airflow/sandbox/lib/python3.8/site-packages/airflow/example_dags/example_kubernetes_executor.py
[2021-08-08 04:12:26,515] {logging_mixin.py:104} INFO - [2021-08-08 04:12:26,514] {dag.py:1833} INFO - Sync 1 DAGs
[2021-08-08 04:12:26,526] {logging_mixin.py:104} INFO - [2021-08-08 04:12:26,526] {dag.py:2306} INFO - Setting next_dagrun for example_kubernetes_executor to None
[2021-08-08 04:12:26,550] {scheduler_job.py:190} INFO - Processing /home/airflow/sandbox/lib/python3.8/site-packages/airflow/example_dags/example_kubernetes_executor.py took 0.072 seconds
[2021-08-08 04:13:00,091] {scheduler_job.py:182} INFO - Started process (PID=3074) to work on /home/airflow/sandbox/lib/python3.8/site-packages/airflow/example_dags/example_kubernetes_executor.py
[2021-08-08 04:13:00,093] {scheduler_job.py:633} INFO - Processing file /home/airflow/sandbox/lib/python3.8/site-packages/airflow/example_dags/example_kubernetes_executor.py for tasks to queue
[2021-08-08 04:13:00,096] {logging_mixin.py:104} INFO - [2021-08-08 04:13:00,096] {dagbag.py:496} INFO - Filling up the DagBag from /home/airflow/sandbox/lib/python3.8/site-packages/airflow/example_dags/example_kubernetes_executor.py
[2021-08-08 04:13:00,111] {scheduler_job.py:643} INFO - DAG(s) dict_keys(['example_kubernetes_executor']) retrieved from /home/airflow/sandbox/lib/python3.8/site-packages/airflow/example_dags/example_kubernetes_executor.py
[2021-08-08 04:13:00,128] {logging_mixin.py:104} INFO - [2021-08-08 04:13:00,128] {dag.py:1833} INFO - Sync 1 DAGs
[2021-08-08 04:13:00,140] {logging_mixin.py:104} INFO - [2021-08-08 04:13:00,140] {dag.py:2306} INFO - Setting next_dagrun for example_kubernetes_executor to None
[2021-08-08 04:13:00,165] {scheduler_job.py:190} INFO - Processing /home/airflow/sandbox/lib/python3.8/site-packages/airflow/example_dags/example_kubernetes_executor.py took 0.078 seconds
[2021-08-08 04:13:33,475] {scheduler_job.py:182} INFO - Started process (PID=3203) to work on /home/airflow/sandbox/lib/python3.8/site-packages/airflow/example_dags/example_kubernetes_executor.py
[2021-08-08 04:13:33,478] {scheduler_job.py:633} INFO - Processing file /home/airflow/sandbox/lib/python3.8/site-packages/airflow/example_dags/example_kubernetes_executor.py for tasks to queue
[2021-08-08 04:13:33,480] {logging_mixin.py:104} INFO - [2021-08-08 04:13:33,480] {dagbag.py:496} INFO - Filling up the DagBag from /home/airflow/sandbox/lib/python3.8/site-packages/airflow/example_dags/example_kubernetes_executor.py
[2021-08-08 04:13:33,492] {scheduler_job.py:643} INFO - DAG(s) dict_keys(['example_kubernetes_executor']) retrieved from /home/airflow/sandbox/lib/python3.8/site-packages/airflow/example_dags/example_kubernetes_executor.py
[2021-08-08 04:13:33,506] {logging_mixin.py:104} INFO - [2021-08-08 04:13:33,506] {dag.py:1833} INFO - Sync 1 DAGs
[2021-08-08 04:13:33,516] {logging_mixin.py:104} INFO - [2021-08-08 04:13:33,516] {dag.py:2306} INFO - Setting next_dagrun for example_kubernetes_executor to None
[2021-08-08 04:13:33,540] {scheduler_job.py:190} INFO - Processing /home/airflow/sandbox/lib/python3.8/site-packages/airflow/example_dags/example_kubernetes_executor.py took 0.068 seconds
[2021-08-08 04:14:07,220] {scheduler_job.py:182} INFO - Started process (PID=3343) to work on /home/airflow/sandbox/lib/python3.8/site-packages/airflow/example_dags/example_kubernetes_executor.py
[2021-08-08 04:14:07,222] {scheduler_job.py:633} INFO - Processing file /home/airflow/sandbox/lib/python3.8/site-packages/airflow/example_dags/example_kubernetes_executor.py for tasks to queue
[2021-08-08 04:14:07,225] {logging_mixin.py:104} INFO - [2021-08-08 04:14:07,225] {dagbag.py:496} INFO - Filling up the DagBag from /home/airflow/sandbox/lib/python3.8/site-packages/airflow/example_dags/example_kubernetes_executor.py
[2021-08-08 04:14:07,236] {scheduler_job.py:643} INFO - DAG(s) dict_keys(['example_kubernetes_executor']) retrieved from /home/airflow/sandbox/lib/python3.8/site-packages/airflow/example_dags/example_kubernetes_executor.py
[2021-08-08 04:14:07,248] {logging_mixin.py:104} INFO - [2021-08-08 04:14:07,248] {dag.py:1833} INFO - Sync 1 DAGs
[2021-08-08 04:14:07,257] {logging_mixin.py:104} INFO - [2021-08-08 04:14:07,257] {dag.py:2306} INFO - Setting next_dagrun for example_kubernetes_executor to None
[2021-08-08 04:14:07,276] {scheduler_job.py:190} INFO - Processing /home/airflow/sandbox/lib/python3.8/site-packages/airflow/example_dags/example_kubernetes_executor.py took 0.058 seconds
[2021-08-08 04:14:45,136] {scheduler_job.py:182} INFO - Started process (PID=3592) to work on /home/airflow/sandbox/lib/python3.8/site-packages/airflow/example_dags/example_kubernetes_executor.py
[2021-08-08 04:14:45,139] {scheduler_job.py:633} INFO - Processing file /home/airflow/sandbox/lib/python3.8/site-packages/airflow/example_dags/example_kubernetes_executor.py for tasks to queue
[2021-08-08 04:14:45,141] {logging_mixin.py:104} INFO - [2021-08-08 04:14:45,141] {dagbag.py:496} INFO - Filling up the DagBag from /home/airflow/sandbox/lib/python3.8/site-packages/airflow/example_dags/example_kubernetes_executor.py
[2021-08-08 04:14:45,152] {scheduler_job.py:643} INFO - DAG(s) dict_keys(['example_kubernetes_executor']) retrieved from /home/airflow/sandbox/lib/python3.8/site-packages/airflow/example_dags/example_kubernetes_executor.py
[2021-08-08 04:14:45,164] {logging_mixin.py:104} INFO - [2021-08-08 04:14:45,164] {dag.py:1833} INFO - Sync 1 DAGs
[2021-08-08 04:14:45,172] {logging_mixin.py:104} INFO - [2021-08-08 04:14:45,172] {dag.py:2306} INFO - Setting next_dagrun for example_kubernetes_executor to None
[2021-08-08 04:14:45,190] {scheduler_job.py:190} INFO - Processing /home/airflow/sandbox/lib/python3.8/site-packages/airflow/example_dags/example_kubernetes_executor.py took 0.056 seconds
[2021-08-08 04:15:20,570] {scheduler_job.py:182} INFO - Started process (PID=3788) to work on /home/airflow/sandbox/lib/python3.8/site-packages/airflow/example_dags/example_kubernetes_executor.py
[2021-08-08 04:15:20,573] {scheduler_job.py:633} INFO - Processing file /home/airflow/sandbox/lib/python3.8/site-packages/airflow/example_dags/example_kubernetes_executor.py for tasks to queue
[2021-08-08 04:15:20,576] {logging_mixin.py:104} INFO - [2021-08-08 04:15:20,576] {dagbag.py:496} INFO - Filling up the DagBag from /home/airflow/sandbox/lib/python3.8/site-packages/airflow/example_dags/example_kubernetes_executor.py
[2021-08-08 04:15:20,587] {scheduler_job.py:643} INFO - DAG(s) dict_keys(['example_kubernetes_executor']) retrieved from /home/airflow/sandbox/lib/python3.8/site-packages/airflow/example_dags/example_kubernetes_executor.py
[2021-08-08 04:15:20,602] {logging_mixin.py:104} INFO - [2021-08-08 04:15:20,602] {dag.py:1833} INFO - Sync 1 DAGs
[2021-08-08 04:15:20,612] {logging_mixin.py:104} INFO - [2021-08-08 04:15:20,611] {dag.py:2306} INFO - Setting next_dagrun for example_kubernetes_executor to None
[2021-08-08 04:15:20,630] {scheduler_job.py:190} INFO - Processing /home/airflow/sandbox/lib/python3.8/site-packages/airflow/example_dags/example_kubernetes_executor.py took 0.062 seconds
[2021-08-08 04:15:53,453] {scheduler_job.py:182} INFO - Started process (PID=3981) to work on /home/airflow/sandbox/lib/python3.8/site-packages/airflow/example_dags/example_kubernetes_executor.py
[2021-08-08 04:15:53,456] {scheduler_job.py:633} INFO - Processing file /home/airflow/sandbox/lib/python3.8/site-packages/airflow/example_dags/example_kubernetes_executor.py for tasks to queue
[2021-08-08 04:15:53,459] {logging_mixin.py:104} INFO - [2021-08-08 04:15:53,459] {dagbag.py:496} INFO - Filling up the DagBag from /home/airflow/sandbox/lib/python3.8/site-packages/airflow/example_dags/example_kubernetes_executor.py
[2021-08-08 04:15:53,470] {scheduler_job.py:643} INFO - DAG(s) dict_keys(['example_kubernetes_executor']) retrieved from /home/airflow/sandbox/lib/python3.8/site-packages/airflow/example_dags/example_kubernetes_executor.py
[2021-08-08 04:15:53,482] {logging_mixin.py:104} INFO - [2021-08-08 04:15:53,482] {dag.py:1833} INFO - Sync 1 DAGs
[2021-08-08 04:15:53,491] {logging_mixin.py:104} INFO - [2021-08-08 04:15:53,491] {dag.py:2306} INFO - Setting next_dagrun for example_kubernetes_executor to None
[2021-08-08 04:15:53,510] {scheduler_job.py:190} INFO - Processing /home/airflow/sandbox/lib/python3.8/site-packages/airflow/example_dags/example_kubernetes_executor.py took 0.059 seconds
[2021-08-08 04:16:26,796] {scheduler_job.py:182} INFO - Started process (PID=4189) to work on /home/airflow/sandbox/lib/python3.8/site-packages/airflow/example_dags/example_kubernetes_executor.py
[2021-08-08 04:16:26,799] {scheduler_job.py:633} INFO - Processing file /home/airflow/sandbox/lib/python3.8/site-packages/airflow/example_dags/example_kubernetes_executor.py for tasks to queue
[2021-08-08 04:16:26,801] {logging_mixin.py:104} INFO - [2021-08-08 04:16:26,801] {dagbag.py:496} INFO - Filling up the DagBag from /home/airflow/sandbox/lib/python3.8/site-packages/airflow/example_dags/example_kubernetes_executor.py
[2021-08-08 04:16:26,814] {scheduler_job.py:643} INFO - DAG(s) dict_keys(['example_kubernetes_executor']) retrieved from /home/airflow/sandbox/lib/python3.8/site-packages/airflow/example_dags/example_kubernetes_executor.py
[2021-08-08 04:16:26,827] {logging_mixin.py:104} INFO - [2021-08-08 04:16:26,827] {dag.py:1833} INFO - Sync 1 DAGs
[2021-08-08 04:16:26,838] {logging_mixin.py:104} INFO - [2021-08-08 04:16:26,838] {dag.py:2306} INFO - Setting next_dagrun for example_kubernetes_executor to None
[2021-08-08 04:16:26,856] {scheduler_job.py:190} INFO - Processing /home/airflow/sandbox/lib/python3.8/site-packages/airflow/example_dags/example_kubernetes_executor.py took 0.063 seconds
[2021-08-08 04:17:00,968] {scheduler_job.py:182} INFO - Started process (PID=4367) to work on /home/airflow/sandbox/lib/python3.8/site-packages/airflow/example_dags/example_kubernetes_executor.py
[2021-08-08 04:17:00,970] {scheduler_job.py:633} INFO - Processing file /home/airflow/sandbox/lib/python3.8/site-packages/airflow/example_dags/example_kubernetes_executor.py for tasks to queue
[2021-08-08 04:17:00,972] {logging_mixin.py:104} INFO - [2021-08-08 04:17:00,972] {dagbag.py:496} INFO - Filling up the DagBag from /home/airflow/sandbox/lib/python3.8/site-packages/airflow/example_dags/example_kubernetes_executor.py
[2021-08-08 04:17:00,998] {scheduler_job.py:643} INFO - DAG(s) dict_keys(['example_kubernetes_executor']) retrieved from /home/airflow/sandbox/lib/python3.8/site-packages/airflow/example_dags/example_kubernetes_executor.py
[2021-08-08 04:17:01,022] {logging_mixin.py:104} INFO - [2021-08-08 04:17:01,022] {dag.py:1833} INFO - Sync 1 DAGs
[2021-08-08 04:17:01,059] {logging_mixin.py:104} INFO - [2021-08-08 04:17:01,059] {dag.py:2306} INFO - Setting next_dagrun for example_kubernetes_executor to None
[2021-08-08 04:17:01,086] {scheduler_job.py:190} INFO - Processing /home/airflow/sandbox/lib/python3.8/site-packages/airflow/example_dags/example_kubernetes_executor.py took 0.121 seconds
[2021-08-08 04:17:34,554] {scheduler_job.py:182} INFO - Started process (PID=4493) to work on /home/airflow/sandbox/lib/python3.8/site-packages/airflow/example_dags/example_kubernetes_executor.py
[2021-08-08 04:17:34,556] {scheduler_job.py:633} INFO - Processing file /home/airflow/sandbox/lib/python3.8/site-packages/airflow/example_dags/example_kubernetes_executor.py for tasks to queue
[2021-08-08 04:17:34,558] {logging_mixin.py:104} INFO - [2021-08-08 04:17:34,558] {dagbag.py:496} INFO - Filling up the DagBag from /home/airflow/sandbox/lib/python3.8/site-packages/airflow/example_dags/example_kubernetes_executor.py
[2021-08-08 04:17:34,571] {scheduler_job.py:643} INFO - DAG(s) dict_keys(['example_kubernetes_executor']) retrieved from /home/airflow/sandbox/lib/python3.8/site-packages/airflow/example_dags/example_kubernetes_executor.py
[2021-08-08 04:17:34,582] {logging_mixin.py:104} INFO - [2021-08-08 04:17:34,582] {dag.py:1833} INFO - Sync 1 DAGs
[2021-08-08 04:17:34,592] {logging_mixin.py:104} INFO - [2021-08-08 04:17:34,592] {dag.py:2306} INFO - Setting next_dagrun for example_kubernetes_executor to None
[2021-08-08 04:17:34,611] {scheduler_job.py:190} INFO - Processing /home/airflow/sandbox/lib/python3.8/site-packages/airflow/example_dags/example_kubernetes_executor.py took 0.060 seconds
[2021-08-08 04:18:07,289] {scheduler_job.py:182} INFO - Started process (PID=4615) to work on /home/airflow/sandbox/lib/python3.8/site-packages/airflow/example_dags/example_kubernetes_executor.py
[2021-08-08 04:18:07,292] {scheduler_job.py:633} INFO - Processing file /home/airflow/sandbox/lib/python3.8/site-packages/airflow/example_dags/example_kubernetes_executor.py for tasks to queue
[2021-08-08 04:18:07,295] {logging_mixin.py:104} INFO - [2021-08-08 04:18:07,295] {dagbag.py:496} INFO - Filling up the DagBag from /home/airflow/sandbox/lib/python3.8/site-packages/airflow/example_dags/example_kubernetes_executor.py
[2021-08-08 04:18:07,308] {scheduler_job.py:643} INFO - DAG(s) dict_keys(['example_kubernetes_executor']) retrieved from /home/airflow/sandbox/lib/python3.8/site-packages/airflow/example_dags/example_kubernetes_executor.py
[2021-08-08 04:18:07,321] {logging_mixin.py:104} INFO - [2021-08-08 04:18:07,321] {dag.py:1833} INFO - Sync 1 DAGs
[2021-08-08 04:18:07,331] {logging_mixin.py:104} INFO - [2021-08-08 04:18:07,330] {dag.py:2306} INFO - Setting next_dagrun for example_kubernetes_executor to None
[2021-08-08 04:18:07,346] {scheduler_job.py:190} INFO - Processing /home/airflow/sandbox/lib/python3.8/site-packages/airflow/example_dags/example_kubernetes_executor.py took 0.060 seconds
[2021-08-08 04:18:40,138] {scheduler_job.py:182} INFO - Started process (PID=4810) to work on /home/airflow/sandbox/lib/python3.8/site-packages/airflow/example_dags/example_kubernetes_executor.py
[2021-08-08 04:18:40,141] {scheduler_job.py:633} INFO - Processing file /home/airflow/sandbox/lib/python3.8/site-packages/airflow/example_dags/example_kubernetes_executor.py for tasks to queue
[2021-08-08 04:18:40,142] {logging_mixin.py:104} INFO - [2021-08-08 04:18:40,142] {dagbag.py:496} INFO - Filling up the DagBag from /home/airflow/sandbox/lib/python3.8/site-packages/airflow/example_dags/example_kubernetes_executor.py
[2021-08-08 04:18:40,168] {scheduler_job.py:643} INFO - DAG(s) dict_keys(['example_kubernetes_executor']) retrieved from /home/airflow/sandbox/lib/python3.8/site-packages/airflow/example_dags/example_kubernetes_executor.py
[2021-08-08 04:18:40,190] {logging_mixin.py:104} INFO - [2021-08-08 04:18:40,190] {dag.py:1833} INFO - Sync 1 DAGs
[2021-08-08 04:18:40,213] {logging_mixin.py:104} INFO - [2021-08-08 04:18:40,213] {dag.py:2306} INFO - Setting next_dagrun for example_kubernetes_executor to None
[2021-08-08 04:18:40,249] {scheduler_job.py:190} INFO - Processing /home/airflow/sandbox/lib/python3.8/site-packages/airflow/example_dags/example_kubernetes_executor.py took 0.113 seconds
[2021-08-08 04:19:13,187] {scheduler_job.py:182} INFO - Started process (PID=4958) to work on /home/airflow/sandbox/lib/python3.8/site-packages/airflow/example_dags/example_kubernetes_executor.py
[2021-08-08 04:19:13,190] {scheduler_job.py:633} INFO - Processing file /home/airflow/sandbox/lib/python3.8/site-packages/airflow/example_dags/example_kubernetes_executor.py for tasks to queue
[2021-08-08 04:19:13,193] {logging_mixin.py:104} INFO - [2021-08-08 04:19:13,193] {dagbag.py:496} INFO - Filling up the DagBag from /home/airflow/sandbox/lib/python3.8/site-packages/airflow/example_dags/example_kubernetes_executor.py
[2021-08-08 04:19:13,203] {scheduler_job.py:643} INFO - DAG(s) dict_keys(['example_kubernetes_executor']) retrieved from /home/airflow/sandbox/lib/python3.8/site-packages/airflow/example_dags/example_kubernetes_executor.py
[2021-08-08 04:19:13,216] {logging_mixin.py:104} INFO - [2021-08-08 04:19:13,215] {dag.py:1833} INFO - Sync 1 DAGs
[2021-08-08 04:19:13,224] {logging_mixin.py:104} INFO - [2021-08-08 04:19:13,224] {dag.py:2306} INFO - Setting next_dagrun for example_kubernetes_executor to None
[2021-08-08 04:19:13,246] {scheduler_job.py:190} INFO - Processing /home/airflow/sandbox/lib/python3.8/site-packages/airflow/example_dags/example_kubernetes_executor.py took 0.062 seconds
[2021-08-08 04:19:47,813] {scheduler_job.py:182} INFO - Started process (PID=5093) to work on /home/airflow/sandbox/lib/python3.8/site-packages/airflow/example_dags/example_kubernetes_executor.py
[2021-08-08 04:19:47,816] {scheduler_job.py:633} INFO - Processing file /home/airflow/sandbox/lib/python3.8/site-packages/airflow/example_dags/example_kubernetes_executor.py for tasks to queue
[2021-08-08 04:19:47,818] {logging_mixin.py:104} INFO - [2021-08-08 04:19:47,818] {dagbag.py:496} INFO - Filling up the DagBag from /home/airflow/sandbox/lib/python3.8/site-packages/airflow/example_dags/example_kubernetes_executor.py
[2021-08-08 04:19:47,829] {scheduler_job.py:643} INFO - DAG(s) dict_keys(['example_kubernetes_executor']) retrieved from /home/airflow/sandbox/lib/python3.8/site-packages/airflow/example_dags/example_kubernetes_executor.py
[2021-08-08 04:19:47,841] {logging_mixin.py:104} INFO - [2021-08-08 04:19:47,841] {dag.py:1833} INFO - Sync 1 DAGs
[2021-08-08 04:19:47,851] {logging_mixin.py:104} INFO - [2021-08-08 04:19:47,851] {dag.py:2306} INFO - Setting next_dagrun for example_kubernetes_executor to None
[2021-08-08 04:19:47,869] {scheduler_job.py:190} INFO - Processing /home/airflow/sandbox/lib/python3.8/site-packages/airflow/example_dags/example_kubernetes_executor.py took 0.058 seconds
[2021-08-08 04:20:20,970] {scheduler_job.py:182} INFO - Started process (PID=5221) to work on /home/airflow/sandbox/lib/python3.8/site-packages/airflow/example_dags/example_kubernetes_executor.py
[2021-08-08 04:20:20,974] {scheduler_job.py:633} INFO - Processing file /home/airflow/sandbox/lib/python3.8/site-packages/airflow/example_dags/example_kubernetes_executor.py for tasks to queue
[2021-08-08 04:20:20,976] {logging_mixin.py:104} INFO - [2021-08-08 04:20:20,976] {dagbag.py:496} INFO - Filling up the DagBag from /home/airflow/sandbox/lib/python3.8/site-packages/airflow/example_dags/example_kubernetes_executor.py
[2021-08-08 04:20:20,989] {scheduler_job.py:643} INFO - DAG(s) dict_keys(['example_kubernetes_executor']) retrieved from /home/airflow/sandbox/lib/python3.8/site-packages/airflow/example_dags/example_kubernetes_executor.py
[2021-08-08 04:20:21,002] {logging_mixin.py:104} INFO - [2021-08-08 04:20:21,002] {dag.py:1833} INFO - Sync 1 DAGs
[2021-08-08 04:20:21,013] {logging_mixin.py:104} INFO - [2021-08-08 04:20:21,013] {dag.py:2306} INFO - Setting next_dagrun for example_kubernetes_executor to None
[2021-08-08 04:20:21,031] {scheduler_job.py:190} INFO - Processing /home/airflow/sandbox/lib/python3.8/site-packages/airflow/example_dags/example_kubernetes_executor.py took 0.066 seconds
[2021-08-08 04:20:53,201] {scheduler_job.py:182} INFO - Started process (PID=5370) to work on /home/airflow/sandbox/lib/python3.8/site-packages/airflow/example_dags/example_kubernetes_executor.py
[2021-08-08 04:20:53,204] {scheduler_job.py:633} INFO - Processing file /home/airflow/sandbox/lib/python3.8/site-packages/airflow/example_dags/example_kubernetes_executor.py for tasks to queue
[2021-08-08 04:20:53,206] {logging_mixin.py:104} INFO - [2021-08-08 04:20:53,206] {dagbag.py:496} INFO - Filling up the DagBag from /home/airflow/sandbox/lib/python3.8/site-packages/airflow/example_dags/example_kubernetes_executor.py
[2021-08-08 04:20:53,216] {scheduler_job.py:643} INFO - DAG(s) dict_keys(['example_kubernetes_executor']) retrieved from /home/airflow/sandbox/lib/python3.8/site-packages/airflow/example_dags/example_kubernetes_executor.py
[2021-08-08 04:20:53,228] {logging_mixin.py:104} INFO - [2021-08-08 04:20:53,228] {dag.py:1833} INFO - Sync 1 DAGs
[2021-08-08 04:20:53,237] {logging_mixin.py:104} INFO - [2021-08-08 04:20:53,237] {dag.py:2306} INFO - Setting next_dagrun for example_kubernetes_executor to None
[2021-08-08 04:20:53,255] {scheduler_job.py:190} INFO - Processing /home/airflow/sandbox/lib/python3.8/site-packages/airflow/example_dags/example_kubernetes_executor.py took 0.056 seconds
[2021-08-08 04:21:25,749] {scheduler_job.py:182} INFO - Started process (PID=5519) to work on /home/airflow/sandbox/lib/python3.8/site-packages/airflow/example_dags/example_kubernetes_executor.py
[2021-08-08 04:21:25,752] {scheduler_job.py:633} INFO - Processing file /home/airflow/sandbox/lib/python3.8/site-packages/airflow/example_dags/example_kubernetes_executor.py for tasks to queue
[2021-08-08 04:21:25,754] {logging_mixin.py:104} INFO - [2021-08-08 04:21:25,754] {dagbag.py:496} INFO - Filling up the DagBag from /home/airflow/sandbox/lib/python3.8/site-packages/airflow/example_dags/example_kubernetes_executor.py
[2021-08-08 04:21:25,764] {scheduler_job.py:643} INFO - DAG(s) dict_keys(['example_kubernetes_executor']) retrieved from /home/airflow/sandbox/lib/python3.8/site-packages/airflow/example_dags/example_kubernetes_executor.py
[2021-08-08 04:21:25,778] {logging_mixin.py:104} INFO - [2021-08-08 04:21:25,778] {dag.py:1833} INFO - Sync 1 DAGs
[2021-08-08 04:21:25,788] {logging_mixin.py:104} INFO - [2021-08-08 04:21:25,788] {dag.py:2306} INFO - Setting next_dagrun for example_kubernetes_executor to None
[2021-08-08 04:21:25,805] {scheduler_job.py:190} INFO - Processing /home/airflow/sandbox/lib/python3.8/site-packages/airflow/example_dags/example_kubernetes_executor.py took 0.059 seconds
[2021-08-08 04:21:59,032] {scheduler_job.py:182} INFO - Started process (PID=5648) to work on /home/airflow/sandbox/lib/python3.8/site-packages/airflow/example_dags/example_kubernetes_executor.py
[2021-08-08 04:21:59,034] {scheduler_job.py:633} INFO - Processing file /home/airflow/sandbox/lib/python3.8/site-packages/airflow/example_dags/example_kubernetes_executor.py for tasks to queue
[2021-08-08 04:21:59,036] {logging_mixin.py:104} INFO - [2021-08-08 04:21:59,036] {dagbag.py:496} INFO - Filling up the DagBag from /home/airflow/sandbox/lib/python3.8/site-packages/airflow/example_dags/example_kubernetes_executor.py
[2021-08-08 04:21:59,048] {scheduler_job.py:643} INFO - DAG(s) dict_keys(['example_kubernetes_executor']) retrieved from /home/airflow/sandbox/lib/python3.8/site-packages/airflow/example_dags/example_kubernetes_executor.py
[2021-08-08 04:21:59,060] {logging_mixin.py:104} INFO - [2021-08-08 04:21:59,060] {dag.py:1833} INFO - Sync 1 DAGs
[2021-08-08 04:21:59,069] {logging_mixin.py:104} INFO - [2021-08-08 04:21:59,069] {dag.py:2306} INFO - Setting next_dagrun for example_kubernetes_executor to None
[2021-08-08 04:21:59,085] {scheduler_job.py:190} INFO - Processing /home/airflow/sandbox/lib/python3.8/site-packages/airflow/example_dags/example_kubernetes_executor.py took 0.056 seconds
[2021-08-08 04:22:32,241] {scheduler_job.py:182} INFO - Started process (PID=5777) to work on /home/airflow/sandbox/lib/python3.8/site-packages/airflow/example_dags/example_kubernetes_executor.py
[2021-08-08 04:22:32,244] {scheduler_job.py:633} INFO - Processing file /home/airflow/sandbox/lib/python3.8/site-packages/airflow/example_dags/example_kubernetes_executor.py for tasks to queue
[2021-08-08 04:22:32,245] {logging_mixin.py:104} INFO - [2021-08-08 04:22:32,245] {dagbag.py:496} INFO - Filling up the DagBag from /home/airflow/sandbox/lib/python3.8/site-packages/airflow/example_dags/example_kubernetes_executor.py
[2021-08-08 04:22:32,259] {scheduler_job.py:643} INFO - DAG(s) dict_keys(['example_kubernetes_executor']) retrieved from /home/airflow/sandbox/lib/python3.8/site-packages/airflow/example_dags/example_kubernetes_executor.py
[2021-08-08 04:22:32,274] {logging_mixin.py:104} INFO - [2021-08-08 04:22:32,274] {dag.py:1833} INFO - Sync 1 DAGs
[2021-08-08 04:22:32,289] {logging_mixin.py:104} INFO - [2021-08-08 04:22:32,289] {dag.py:2306} INFO - Setting next_dagrun for example_kubernetes_executor to None
[2021-08-08 04:22:32,312] {scheduler_job.py:190} INFO - Processing /home/airflow/sandbox/lib/python3.8/site-packages/airflow/example_dags/example_kubernetes_executor.py took 0.074 seconds
[2021-08-08 04:23:05,937] {scheduler_job.py:182} INFO - Started process (PID=5978) to work on /home/airflow/sandbox/lib/python3.8/site-packages/airflow/example_dags/example_kubernetes_executor.py
[2021-08-08 04:23:05,943] {scheduler_job.py:633} INFO - Processing file /home/airflow/sandbox/lib/python3.8/site-packages/airflow/example_dags/example_kubernetes_executor.py for tasks to queue
[2021-08-08 04:23:05,948] {logging_mixin.py:104} INFO - [2021-08-08 04:23:05,944] {dagbag.py:496} INFO - Filling up the DagBag from /home/airflow/sandbox/lib/python3.8/site-packages/airflow/example_dags/example_kubernetes_executor.py
[2021-08-08 04:23:05,967] {scheduler_job.py:643} INFO - DAG(s) dict_keys(['example_kubernetes_executor']) retrieved from /home/airflow/sandbox/lib/python3.8/site-packages/airflow/example_dags/example_kubernetes_executor.py
[2021-08-08 04:23:05,993] {logging_mixin.py:104} INFO - [2021-08-08 04:23:05,993] {dag.py:1833} INFO - Sync 1 DAGs
[2021-08-08 04:23:06,009] {logging_mixin.py:104} INFO - [2021-08-08 04:23:06,009] {dag.py:2306} INFO - Setting next_dagrun for example_kubernetes_executor to None
[2021-08-08 04:23:06,029] {scheduler_job.py:190} INFO - Processing /home/airflow/sandbox/lib/python3.8/site-packages/airflow/example_dags/example_kubernetes_executor.py took 0.097 seconds
[2021-08-08 04:23:40,782] {scheduler_job.py:182} INFO - Started process (PID=6208) to work on /home/airflow/sandbox/lib/python3.8/site-packages/airflow/example_dags/example_kubernetes_executor.py
[2021-08-08 04:23:40,785] {scheduler_job.py:633} INFO - Processing file /home/airflow/sandbox/lib/python3.8/site-packages/airflow/example_dags/example_kubernetes_executor.py for tasks to queue
[2021-08-08 04:23:40,791] {logging_mixin.py:104} INFO - [2021-08-08 04:23:40,790] {dagbag.py:496} INFO - Filling up the DagBag from /home/airflow/sandbox/lib/python3.8/site-packages/airflow/example_dags/example_kubernetes_executor.py
[2021-08-08 04:23:40,804] {scheduler_job.py:643} INFO - DAG(s) dict_keys(['example_kubernetes_executor']) retrieved from /home/airflow/sandbox/lib/python3.8/site-packages/airflow/example_dags/example_kubernetes_executor.py
[2021-08-08 04:23:40,820] {logging_mixin.py:104} INFO - [2021-08-08 04:23:40,820] {dag.py:1833} INFO - Sync 1 DAGs
[2021-08-08 04:23:40,832] {logging_mixin.py:104} INFO - [2021-08-08 04:23:40,832] {dag.py:2306} INFO - Setting next_dagrun for example_kubernetes_executor to None
[2021-08-08 04:23:40,852] {scheduler_job.py:190} INFO - Processing /home/airflow/sandbox/lib/python3.8/site-packages/airflow/example_dags/example_kubernetes_executor.py took 0.076 seconds
[2021-08-08 04:24:14,527] {scheduler_job.py:182} INFO - Started process (PID=6376) to work on /home/airflow/sandbox/lib/python3.8/site-packages/airflow/example_dags/example_kubernetes_executor.py
[2021-08-08 04:24:14,530] {scheduler_job.py:633} INFO - Processing file /home/airflow/sandbox/lib/python3.8/site-packages/airflow/example_dags/example_kubernetes_executor.py for tasks to queue
[2021-08-08 04:24:14,532] {logging_mixin.py:104} INFO - [2021-08-08 04:24:14,532] {dagbag.py:496} INFO - Filling up the DagBag from /home/airflow/sandbox/lib/python3.8/site-packages/airflow/example_dags/example_kubernetes_executor.py
[2021-08-08 04:24:14,543] {scheduler_job.py:643} INFO - DAG(s) dict_keys(['example_kubernetes_executor']) retrieved from /home/airflow/sandbox/lib/python3.8/site-packages/airflow/example_dags/example_kubernetes_executor.py
[2021-08-08 04:24:14,555] {logging_mixin.py:104} INFO - [2021-08-08 04:24:14,555] {dag.py:1833} INFO - Sync 1 DAGs
[2021-08-08 04:24:14,563] {logging_mixin.py:104} INFO - [2021-08-08 04:24:14,563] {dag.py:2306} INFO - Setting next_dagrun for example_kubernetes_executor to None
[2021-08-08 04:24:14,581] {scheduler_job.py:190} INFO - Processing /home/airflow/sandbox/lib/python3.8/site-packages/airflow/example_dags/example_kubernetes_executor.py took 0.056 seconds
[2021-08-08 04:24:50,420] {scheduler_job.py:182} INFO - Started process (PID=6566) to work on /home/airflow/sandbox/lib/python3.8/site-packages/airflow/example_dags/example_kubernetes_executor.py
[2021-08-08 04:24:50,423] {scheduler_job.py:633} INFO - Processing file /home/airflow/sandbox/lib/python3.8/site-packages/airflow/example_dags/example_kubernetes_executor.py for tasks to queue
[2021-08-08 04:24:50,427] {logging_mixin.py:104} INFO - [2021-08-08 04:24:50,427] {dagbag.py:496} INFO - Filling up the DagBag from /home/airflow/sandbox/lib/python3.8/site-packages/airflow/example_dags/example_kubernetes_executor.py
[2021-08-08 04:24:50,439] {scheduler_job.py:643} INFO - DAG(s) dict_keys(['example_kubernetes_executor']) retrieved from /home/airflow/sandbox/lib/python3.8/site-packages/airflow/example_dags/example_kubernetes_executor.py
[2021-08-08 04:24:50,451] {logging_mixin.py:104} INFO - [2021-08-08 04:24:50,451] {dag.py:1833} INFO - Sync 1 DAGs
[2021-08-08 04:24:50,461] {logging_mixin.py:104} INFO - [2021-08-08 04:24:50,461] {dag.py:2306} INFO - Setting next_dagrun for example_kubernetes_executor to None
[2021-08-08 04:24:50,478] {scheduler_job.py:190} INFO - Processing /home/airflow/sandbox/lib/python3.8/site-packages/airflow/example_dags/example_kubernetes_executor.py took 0.061 seconds
[2021-08-08 04:25:22,869] {scheduler_job.py:182} INFO - Started process (PID=6767) to work on /home/airflow/sandbox/lib/python3.8/site-packages/airflow/example_dags/example_kubernetes_executor.py
[2021-08-08 04:25:22,872] {scheduler_job.py:633} INFO - Processing file /home/airflow/sandbox/lib/python3.8/site-packages/airflow/example_dags/example_kubernetes_executor.py for tasks to queue
[2021-08-08 04:25:22,874] {logging_mixin.py:104} INFO - [2021-08-08 04:25:22,874] {dagbag.py:496} INFO - Filling up the DagBag from /home/airflow/sandbox/lib/python3.8/site-packages/airflow/example_dags/example_kubernetes_executor.py
[2021-08-08 04:25:22,886] {scheduler_job.py:643} INFO - DAG(s) dict_keys(['example_kubernetes_executor']) retrieved from /home/airflow/sandbox/lib/python3.8/site-packages/airflow/example_dags/example_kubernetes_executor.py
[2021-08-08 04:25:22,898] {logging_mixin.py:104} INFO - [2021-08-08 04:25:22,898] {dag.py:1833} INFO - Sync 1 DAGs
[2021-08-08 04:25:22,907] {logging_mixin.py:104} INFO - [2021-08-08 04:25:22,907] {dag.py:2306} INFO - Setting next_dagrun for example_kubernetes_executor to None
[2021-08-08 04:25:22,925] {scheduler_job.py:190} INFO - Processing /home/airflow/sandbox/lib/python3.8/site-packages/airflow/example_dags/example_kubernetes_executor.py took 0.059 seconds
