[2021-08-08 04:11:11,315] {scheduler_job.py:182} INFO - Started process (PID=2585) to work on /home/airflow/sandbox/lib/python3.8/site-packages/airflow/example_dags/example_bash_operator.py
[2021-08-08 04:11:11,323] {scheduler_job.py:633} INFO - Processing file /home/airflow/sandbox/lib/python3.8/site-packages/airflow/example_dags/example_bash_operator.py for tasks to queue
[2021-08-08 04:11:11,327] {logging_mixin.py:104} INFO - [2021-08-08 04:11:11,327] {dagbag.py:496} INFO - Filling up the DagBag from /home/airflow/sandbox/lib/python3.8/site-packages/airflow/example_dags/example_bash_operator.py
[2021-08-08 04:11:11,341] {scheduler_job.py:643} INFO - DAG(s) dict_keys(['example_bash_operator']) retrieved from /home/airflow/sandbox/lib/python3.8/site-packages/airflow/example_dags/example_bash_operator.py
[2021-08-08 04:11:11,656] {logging_mixin.py:104} INFO - [2021-08-08 04:11:11,655] {dag.py:1833} INFO - Sync 1 DAGs
[2021-08-08 04:11:11,677] {logging_mixin.py:104} INFO - [2021-08-08 04:11:11,677] {dag.py:2306} INFO - Setting next_dagrun for example_bash_operator to 2021-08-06 00:00:00+00:00
[2021-08-08 04:11:11,710] {scheduler_job.py:190} INFO - Processing /home/airflow/sandbox/lib/python3.8/site-packages/airflow/example_dags/example_bash_operator.py took 0.399 seconds
[2021-08-08 04:11:51,165] {scheduler_job.py:182} INFO - Started process (PID=2757) to work on /home/airflow/sandbox/lib/python3.8/site-packages/airflow/example_dags/example_bash_operator.py
[2021-08-08 04:11:51,167] {scheduler_job.py:633} INFO - Processing file /home/airflow/sandbox/lib/python3.8/site-packages/airflow/example_dags/example_bash_operator.py for tasks to queue
[2021-08-08 04:11:51,170] {logging_mixin.py:104} INFO - [2021-08-08 04:11:51,170] {dagbag.py:496} INFO - Filling up the DagBag from /home/airflow/sandbox/lib/python3.8/site-packages/airflow/example_dags/example_bash_operator.py
[2021-08-08 04:11:51,186] {scheduler_job.py:643} INFO - DAG(s) dict_keys(['example_bash_operator']) retrieved from /home/airflow/sandbox/lib/python3.8/site-packages/airflow/example_dags/example_bash_operator.py
[2021-08-08 04:11:51,202] {logging_mixin.py:104} INFO - [2021-08-08 04:11:51,202] {dag.py:1833} INFO - Sync 1 DAGs
[2021-08-08 04:11:51,221] {logging_mixin.py:104} INFO - [2021-08-08 04:11:51,221] {dag.py:2306} INFO - Setting next_dagrun for example_bash_operator to 2021-08-06 00:00:00+00:00
[2021-08-08 04:11:51,241] {scheduler_job.py:190} INFO - Processing /home/airflow/sandbox/lib/python3.8/site-packages/airflow/example_dags/example_bash_operator.py took 0.079 seconds
[2021-08-08 04:12:25,352] {scheduler_job.py:182} INFO - Started process (PID=2928) to work on /home/airflow/sandbox/lib/python3.8/site-packages/airflow/example_dags/example_bash_operator.py
[2021-08-08 04:12:25,355] {scheduler_job.py:633} INFO - Processing file /home/airflow/sandbox/lib/python3.8/site-packages/airflow/example_dags/example_bash_operator.py for tasks to queue
[2021-08-08 04:12:25,357] {logging_mixin.py:104} INFO - [2021-08-08 04:12:25,357] {dagbag.py:496} INFO - Filling up the DagBag from /home/airflow/sandbox/lib/python3.8/site-packages/airflow/example_dags/example_bash_operator.py
[2021-08-08 04:12:25,380] {scheduler_job.py:643} INFO - DAG(s) dict_keys(['example_bash_operator']) retrieved from /home/airflow/sandbox/lib/python3.8/site-packages/airflow/example_dags/example_bash_operator.py
[2021-08-08 04:12:25,397] {logging_mixin.py:104} INFO - [2021-08-08 04:12:25,397] {dag.py:1833} INFO - Sync 1 DAGs
[2021-08-08 04:12:25,414] {logging_mixin.py:104} INFO - [2021-08-08 04:12:25,414] {dag.py:2306} INFO - Setting next_dagrun for example_bash_operator to 2021-08-06 00:00:00+00:00
[2021-08-08 04:12:25,439] {scheduler_job.py:190} INFO - Processing /home/airflow/sandbox/lib/python3.8/site-packages/airflow/example_dags/example_bash_operator.py took 0.090 seconds
[2021-08-08 04:12:59,481] {scheduler_job.py:182} INFO - Started process (PID=3073) to work on /home/airflow/sandbox/lib/python3.8/site-packages/airflow/example_dags/example_bash_operator.py
[2021-08-08 04:12:59,484] {scheduler_job.py:633} INFO - Processing file /home/airflow/sandbox/lib/python3.8/site-packages/airflow/example_dags/example_bash_operator.py for tasks to queue
[2021-08-08 04:12:59,487] {logging_mixin.py:104} INFO - [2021-08-08 04:12:59,487] {dagbag.py:496} INFO - Filling up the DagBag from /home/airflow/sandbox/lib/python3.8/site-packages/airflow/example_dags/example_bash_operator.py
[2021-08-08 04:12:59,503] {scheduler_job.py:643} INFO - DAG(s) dict_keys(['example_bash_operator']) retrieved from /home/airflow/sandbox/lib/python3.8/site-packages/airflow/example_dags/example_bash_operator.py
[2021-08-08 04:12:59,518] {logging_mixin.py:104} INFO - [2021-08-08 04:12:59,517] {dag.py:1833} INFO - Sync 1 DAGs
[2021-08-08 04:12:59,531] {logging_mixin.py:104} INFO - [2021-08-08 04:12:59,531] {dag.py:2306} INFO - Setting next_dagrun for example_bash_operator to 2021-08-06 00:00:00+00:00
[2021-08-08 04:12:59,555] {scheduler_job.py:190} INFO - Processing /home/airflow/sandbox/lib/python3.8/site-packages/airflow/example_dags/example_bash_operator.py took 0.077 seconds
[2021-08-08 04:13:32,345] {scheduler_job.py:182} INFO - Started process (PID=3202) to work on /home/airflow/sandbox/lib/python3.8/site-packages/airflow/example_dags/example_bash_operator.py
[2021-08-08 04:13:32,347] {scheduler_job.py:633} INFO - Processing file /home/airflow/sandbox/lib/python3.8/site-packages/airflow/example_dags/example_bash_operator.py for tasks to queue
[2021-08-08 04:13:32,349] {logging_mixin.py:104} INFO - [2021-08-08 04:13:32,349] {dagbag.py:496} INFO - Filling up the DagBag from /home/airflow/sandbox/lib/python3.8/site-packages/airflow/example_dags/example_bash_operator.py
[2021-08-08 04:13:32,363] {scheduler_job.py:643} INFO - DAG(s) dict_keys(['example_bash_operator']) retrieved from /home/airflow/sandbox/lib/python3.8/site-packages/airflow/example_dags/example_bash_operator.py
[2021-08-08 04:13:32,376] {logging_mixin.py:104} INFO - [2021-08-08 04:13:32,376] {dag.py:1833} INFO - Sync 1 DAGs
[2021-08-08 04:13:32,390] {logging_mixin.py:104} INFO - [2021-08-08 04:13:32,390] {dag.py:2306} INFO - Setting next_dagrun for example_bash_operator to 2021-08-06 00:00:00+00:00
[2021-08-08 04:13:32,411] {scheduler_job.py:190} INFO - Processing /home/airflow/sandbox/lib/python3.8/site-packages/airflow/example_dags/example_bash_operator.py took 0.069 seconds
[2021-08-08 04:14:06,085] {scheduler_job.py:182} INFO - Started process (PID=3330) to work on /home/airflow/sandbox/lib/python3.8/site-packages/airflow/example_dags/example_bash_operator.py
[2021-08-08 04:14:06,087] {scheduler_job.py:633} INFO - Processing file /home/airflow/sandbox/lib/python3.8/site-packages/airflow/example_dags/example_bash_operator.py for tasks to queue
[2021-08-08 04:14:06,090] {logging_mixin.py:104} INFO - [2021-08-08 04:14:06,090] {dagbag.py:496} INFO - Filling up the DagBag from /home/airflow/sandbox/lib/python3.8/site-packages/airflow/example_dags/example_bash_operator.py
[2021-08-08 04:14:06,108] {scheduler_job.py:643} INFO - DAG(s) dict_keys(['example_bash_operator']) retrieved from /home/airflow/sandbox/lib/python3.8/site-packages/airflow/example_dags/example_bash_operator.py
[2021-08-08 04:14:06,130] {logging_mixin.py:104} INFO - [2021-08-08 04:14:06,130] {dag.py:1833} INFO - Sync 1 DAGs
[2021-08-08 04:14:06,150] {logging_mixin.py:104} INFO - [2021-08-08 04:14:06,150] {dag.py:2306} INFO - Setting next_dagrun for example_bash_operator to 2021-08-06 00:00:00+00:00
[2021-08-08 04:14:06,172] {scheduler_job.py:190} INFO - Processing /home/airflow/sandbox/lib/python3.8/site-packages/airflow/example_dags/example_bash_operator.py took 0.090 seconds
[2021-08-08 04:14:43,878] {scheduler_job.py:182} INFO - Started process (PID=3576) to work on /home/airflow/sandbox/lib/python3.8/site-packages/airflow/example_dags/example_bash_operator.py
[2021-08-08 04:14:43,884] {scheduler_job.py:633} INFO - Processing file /home/airflow/sandbox/lib/python3.8/site-packages/airflow/example_dags/example_bash_operator.py for tasks to queue
[2021-08-08 04:14:43,885] {logging_mixin.py:104} INFO - [2021-08-08 04:14:43,885] {dagbag.py:496} INFO - Filling up the DagBag from /home/airflow/sandbox/lib/python3.8/site-packages/airflow/example_dags/example_bash_operator.py
[2021-08-08 04:14:43,921] {scheduler_job.py:643} INFO - DAG(s) dict_keys(['example_bash_operator']) retrieved from /home/airflow/sandbox/lib/python3.8/site-packages/airflow/example_dags/example_bash_operator.py
[2021-08-08 04:14:43,953] {logging_mixin.py:104} INFO - [2021-08-08 04:14:43,953] {dag.py:1833} INFO - Sync 1 DAGs
[2021-08-08 04:14:43,988] {logging_mixin.py:104} INFO - [2021-08-08 04:14:43,988] {dag.py:2306} INFO - Setting next_dagrun for example_bash_operator to 2021-08-06 00:00:00+00:00
[2021-08-08 04:14:44,032] {scheduler_job.py:190} INFO - Processing /home/airflow/sandbox/lib/python3.8/site-packages/airflow/example_dags/example_bash_operator.py took 0.158 seconds
[2021-08-08 04:15:19,489] {scheduler_job.py:182} INFO - Started process (PID=3786) to work on /home/airflow/sandbox/lib/python3.8/site-packages/airflow/example_dags/example_bash_operator.py
[2021-08-08 04:15:19,491] {scheduler_job.py:633} INFO - Processing file /home/airflow/sandbox/lib/python3.8/site-packages/airflow/example_dags/example_bash_operator.py for tasks to queue
[2021-08-08 04:15:19,493] {logging_mixin.py:104} INFO - [2021-08-08 04:15:19,493] {dagbag.py:496} INFO - Filling up the DagBag from /home/airflow/sandbox/lib/python3.8/site-packages/airflow/example_dags/example_bash_operator.py
[2021-08-08 04:15:19,506] {scheduler_job.py:643} INFO - DAG(s) dict_keys(['example_bash_operator']) retrieved from /home/airflow/sandbox/lib/python3.8/site-packages/airflow/example_dags/example_bash_operator.py
[2021-08-08 04:15:19,519] {logging_mixin.py:104} INFO - [2021-08-08 04:15:19,519] {dag.py:1833} INFO - Sync 1 DAGs
[2021-08-08 04:15:19,534] {logging_mixin.py:104} INFO - [2021-08-08 04:15:19,534] {dag.py:2306} INFO - Setting next_dagrun for example_bash_operator to 2021-08-06 00:00:00+00:00
[2021-08-08 04:15:19,555] {scheduler_job.py:190} INFO - Processing /home/airflow/sandbox/lib/python3.8/site-packages/airflow/example_dags/example_bash_operator.py took 0.069 seconds
[2021-08-08 04:15:52,324] {scheduler_job.py:182} INFO - Started process (PID=3953) to work on /home/airflow/sandbox/lib/python3.8/site-packages/airflow/example_dags/example_bash_operator.py
[2021-08-08 04:15:52,326] {scheduler_job.py:633} INFO - Processing file /home/airflow/sandbox/lib/python3.8/site-packages/airflow/example_dags/example_bash_operator.py for tasks to queue
[2021-08-08 04:15:52,329] {logging_mixin.py:104} INFO - [2021-08-08 04:15:52,328] {dagbag.py:496} INFO - Filling up the DagBag from /home/airflow/sandbox/lib/python3.8/site-packages/airflow/example_dags/example_bash_operator.py
[2021-08-08 04:15:52,342] {scheduler_job.py:643} INFO - DAG(s) dict_keys(['example_bash_operator']) retrieved from /home/airflow/sandbox/lib/python3.8/site-packages/airflow/example_dags/example_bash_operator.py
[2021-08-08 04:15:52,357] {logging_mixin.py:104} INFO - [2021-08-08 04:15:52,357] {dag.py:1833} INFO - Sync 1 DAGs
[2021-08-08 04:15:52,372] {logging_mixin.py:104} INFO - [2021-08-08 04:15:52,372] {dag.py:2306} INFO - Setting next_dagrun for example_bash_operator to 2021-08-06 00:00:00+00:00
[2021-08-08 04:15:52,390] {scheduler_job.py:190} INFO - Processing /home/airflow/sandbox/lib/python3.8/site-packages/airflow/example_dags/example_bash_operator.py took 0.070 seconds
[2021-08-08 04:16:25,666] {scheduler_job.py:182} INFO - Started process (PID=4188) to work on /home/airflow/sandbox/lib/python3.8/site-packages/airflow/example_dags/example_bash_operator.py
[2021-08-08 04:16:25,669] {scheduler_job.py:633} INFO - Processing file /home/airflow/sandbox/lib/python3.8/site-packages/airflow/example_dags/example_bash_operator.py for tasks to queue
[2021-08-08 04:16:25,671] {logging_mixin.py:104} INFO - [2021-08-08 04:16:25,671] {dagbag.py:496} INFO - Filling up the DagBag from /home/airflow/sandbox/lib/python3.8/site-packages/airflow/example_dags/example_bash_operator.py
[2021-08-08 04:16:25,687] {scheduler_job.py:643} INFO - DAG(s) dict_keys(['example_bash_operator']) retrieved from /home/airflow/sandbox/lib/python3.8/site-packages/airflow/example_dags/example_bash_operator.py
[2021-08-08 04:16:25,701] {logging_mixin.py:104} INFO - [2021-08-08 04:16:25,701] {dag.py:1833} INFO - Sync 1 DAGs
[2021-08-08 04:16:25,713] {logging_mixin.py:104} INFO - [2021-08-08 04:16:25,713] {dag.py:2306} INFO - Setting next_dagrun for example_bash_operator to 2021-08-06 00:00:00+00:00
[2021-08-08 04:16:25,736] {scheduler_job.py:190} INFO - Processing /home/airflow/sandbox/lib/python3.8/site-packages/airflow/example_dags/example_bash_operator.py took 0.072 seconds
[2021-08-08 04:16:58,483] {scheduler_job.py:182} INFO - Started process (PID=4359) to work on /home/airflow/sandbox/lib/python3.8/site-packages/airflow/example_dags/example_bash_operator.py
[2021-08-08 04:16:58,485] {scheduler_job.py:633} INFO - Processing file /home/airflow/sandbox/lib/python3.8/site-packages/airflow/example_dags/example_bash_operator.py for tasks to queue
[2021-08-08 04:16:58,487] {logging_mixin.py:104} INFO - [2021-08-08 04:16:58,487] {dagbag.py:496} INFO - Filling up the DagBag from /home/airflow/sandbox/lib/python3.8/site-packages/airflow/example_dags/example_bash_operator.py
[2021-08-08 04:16:58,501] {scheduler_job.py:643} INFO - DAG(s) dict_keys(['example_bash_operator']) retrieved from /home/airflow/sandbox/lib/python3.8/site-packages/airflow/example_dags/example_bash_operator.py
[2021-08-08 04:16:58,514] {logging_mixin.py:104} INFO - [2021-08-08 04:16:58,514] {dag.py:1833} INFO - Sync 1 DAGs
[2021-08-08 04:16:58,527] {logging_mixin.py:104} INFO - [2021-08-08 04:16:58,527] {dag.py:2306} INFO - Setting next_dagrun for example_bash_operator to 2021-08-06 00:00:00+00:00
[2021-08-08 04:16:58,546] {scheduler_job.py:190} INFO - Processing /home/airflow/sandbox/lib/python3.8/site-packages/airflow/example_dags/example_bash_operator.py took 0.066 seconds
[2021-08-08 04:17:34,140] {scheduler_job.py:182} INFO - Started process (PID=4492) to work on /home/airflow/sandbox/lib/python3.8/site-packages/airflow/example_dags/example_bash_operator.py
[2021-08-08 04:17:34,142] {scheduler_job.py:633} INFO - Processing file /home/airflow/sandbox/lib/python3.8/site-packages/airflow/example_dags/example_bash_operator.py for tasks to queue
[2021-08-08 04:17:34,145] {logging_mixin.py:104} INFO - [2021-08-08 04:17:34,145] {dagbag.py:496} INFO - Filling up the DagBag from /home/airflow/sandbox/lib/python3.8/site-packages/airflow/example_dags/example_bash_operator.py
[2021-08-08 04:17:34,158] {scheduler_job.py:643} INFO - DAG(s) dict_keys(['example_bash_operator']) retrieved from /home/airflow/sandbox/lib/python3.8/site-packages/airflow/example_dags/example_bash_operator.py
[2021-08-08 04:17:34,172] {logging_mixin.py:104} INFO - [2021-08-08 04:17:34,172] {dag.py:1833} INFO - Sync 1 DAGs
[2021-08-08 04:17:34,183] {logging_mixin.py:104} INFO - [2021-08-08 04:17:34,183] {dag.py:2306} INFO - Setting next_dagrun for example_bash_operator to 2021-08-06 00:00:00+00:00
[2021-08-08 04:17:34,203] {scheduler_job.py:190} INFO - Processing /home/airflow/sandbox/lib/python3.8/site-packages/airflow/example_dags/example_bash_operator.py took 0.066 seconds
[2021-08-08 04:18:06,949] {scheduler_job.py:182} INFO - Started process (PID=4614) to work on /home/airflow/sandbox/lib/python3.8/site-packages/airflow/example_dags/example_bash_operator.py
[2021-08-08 04:18:06,955] {scheduler_job.py:633} INFO - Processing file /home/airflow/sandbox/lib/python3.8/site-packages/airflow/example_dags/example_bash_operator.py for tasks to queue
[2021-08-08 04:18:06,955] {logging_mixin.py:104} INFO - [2021-08-08 04:18:06,955] {dagbag.py:496} INFO - Filling up the DagBag from /home/airflow/sandbox/lib/python3.8/site-packages/airflow/example_dags/example_bash_operator.py
[2021-08-08 04:18:06,972] {scheduler_job.py:643} INFO - DAG(s) dict_keys(['example_bash_operator']) retrieved from /home/airflow/sandbox/lib/python3.8/site-packages/airflow/example_dags/example_bash_operator.py
[2021-08-08 04:18:06,985] {logging_mixin.py:104} INFO - [2021-08-08 04:18:06,985] {dag.py:1833} INFO - Sync 1 DAGs
[2021-08-08 04:18:06,996] {logging_mixin.py:104} INFO - [2021-08-08 04:18:06,996] {dag.py:2306} INFO - Setting next_dagrun for example_bash_operator to 2021-08-06 00:00:00+00:00
[2021-08-08 04:18:07,013] {scheduler_job.py:190} INFO - Processing /home/airflow/sandbox/lib/python3.8/site-packages/airflow/example_dags/example_bash_operator.py took 0.069 seconds
[2021-08-08 04:18:39,004] {scheduler_job.py:182} INFO - Started process (PID=4736) to work on /home/airflow/sandbox/lib/python3.8/site-packages/airflow/example_dags/example_bash_operator.py
[2021-08-08 04:18:39,007] {scheduler_job.py:633} INFO - Processing file /home/airflow/sandbox/lib/python3.8/site-packages/airflow/example_dags/example_bash_operator.py for tasks to queue
[2021-08-08 04:18:39,009] {logging_mixin.py:104} INFO - [2021-08-08 04:18:39,008] {dagbag.py:496} INFO - Filling up the DagBag from /home/airflow/sandbox/lib/python3.8/site-packages/airflow/example_dags/example_bash_operator.py
[2021-08-08 04:18:39,020] {scheduler_job.py:643} INFO - DAG(s) dict_keys(['example_bash_operator']) retrieved from /home/airflow/sandbox/lib/python3.8/site-packages/airflow/example_dags/example_bash_operator.py
[2021-08-08 04:18:39,032] {logging_mixin.py:104} INFO - [2021-08-08 04:18:39,032] {dag.py:1833} INFO - Sync 1 DAGs
[2021-08-08 04:18:39,043] {logging_mixin.py:104} INFO - [2021-08-08 04:18:39,043] {dag.py:2306} INFO - Setting next_dagrun for example_bash_operator to 2021-08-06 00:00:00+00:00
[2021-08-08 04:18:39,061] {scheduler_job.py:190} INFO - Processing /home/airflow/sandbox/lib/python3.8/site-packages/airflow/example_dags/example_bash_operator.py took 0.060 seconds
[2021-08-08 04:19:12,792] {scheduler_job.py:182} INFO - Started process (PID=4957) to work on /home/airflow/sandbox/lib/python3.8/site-packages/airflow/example_dags/example_bash_operator.py
[2021-08-08 04:19:12,794] {scheduler_job.py:633} INFO - Processing file /home/airflow/sandbox/lib/python3.8/site-packages/airflow/example_dags/example_bash_operator.py for tasks to queue
[2021-08-08 04:19:12,796] {logging_mixin.py:104} INFO - [2021-08-08 04:19:12,796] {dagbag.py:496} INFO - Filling up the DagBag from /home/airflow/sandbox/lib/python3.8/site-packages/airflow/example_dags/example_bash_operator.py
[2021-08-08 04:19:12,808] {scheduler_job.py:643} INFO - DAG(s) dict_keys(['example_bash_operator']) retrieved from /home/airflow/sandbox/lib/python3.8/site-packages/airflow/example_dags/example_bash_operator.py
[2021-08-08 04:19:12,821] {logging_mixin.py:104} INFO - [2021-08-08 04:19:12,821] {dag.py:1833} INFO - Sync 1 DAGs
[2021-08-08 04:19:12,832] {logging_mixin.py:104} INFO - [2021-08-08 04:19:12,832] {dag.py:2306} INFO - Setting next_dagrun for example_bash_operator to 2021-08-06 00:00:00+00:00
[2021-08-08 04:19:12,851] {scheduler_job.py:190} INFO - Processing /home/airflow/sandbox/lib/python3.8/site-packages/airflow/example_dags/example_bash_operator.py took 0.062 seconds
[2021-08-08 04:19:46,683] {scheduler_job.py:182} INFO - Started process (PID=5092) to work on /home/airflow/sandbox/lib/python3.8/site-packages/airflow/example_dags/example_bash_operator.py
[2021-08-08 04:19:46,686] {scheduler_job.py:633} INFO - Processing file /home/airflow/sandbox/lib/python3.8/site-packages/airflow/example_dags/example_bash_operator.py for tasks to queue
[2021-08-08 04:19:46,690] {logging_mixin.py:104} INFO - [2021-08-08 04:19:46,689] {dagbag.py:496} INFO - Filling up the DagBag from /home/airflow/sandbox/lib/python3.8/site-packages/airflow/example_dags/example_bash_operator.py
[2021-08-08 04:19:46,702] {scheduler_job.py:643} INFO - DAG(s) dict_keys(['example_bash_operator']) retrieved from /home/airflow/sandbox/lib/python3.8/site-packages/airflow/example_dags/example_bash_operator.py
[2021-08-08 04:19:46,715] {logging_mixin.py:104} INFO - [2021-08-08 04:19:46,715] {dag.py:1833} INFO - Sync 1 DAGs
[2021-08-08 04:19:46,725] {logging_mixin.py:104} INFO - [2021-08-08 04:19:46,725] {dag.py:2306} INFO - Setting next_dagrun for example_bash_operator to 2021-08-06 00:00:00+00:00
[2021-08-08 04:19:46,743] {scheduler_job.py:190} INFO - Processing /home/airflow/sandbox/lib/python3.8/site-packages/airflow/example_dags/example_bash_operator.py took 0.063 seconds
[2021-08-08 04:20:20,361] {scheduler_job.py:182} INFO - Started process (PID=5220) to work on /home/airflow/sandbox/lib/python3.8/site-packages/airflow/example_dags/example_bash_operator.py
[2021-08-08 04:20:20,364] {scheduler_job.py:633} INFO - Processing file /home/airflow/sandbox/lib/python3.8/site-packages/airflow/example_dags/example_bash_operator.py for tasks to queue
[2021-08-08 04:20:20,366] {logging_mixin.py:104} INFO - [2021-08-08 04:20:20,366] {dagbag.py:496} INFO - Filling up the DagBag from /home/airflow/sandbox/lib/python3.8/site-packages/airflow/example_dags/example_bash_operator.py
[2021-08-08 04:20:20,379] {scheduler_job.py:643} INFO - DAG(s) dict_keys(['example_bash_operator']) retrieved from /home/airflow/sandbox/lib/python3.8/site-packages/airflow/example_dags/example_bash_operator.py
[2021-08-08 04:20:20,393] {logging_mixin.py:104} INFO - [2021-08-08 04:20:20,393] {dag.py:1833} INFO - Sync 1 DAGs
[2021-08-08 04:20:20,403] {logging_mixin.py:104} INFO - [2021-08-08 04:20:20,403] {dag.py:2306} INFO - Setting next_dagrun for example_bash_operator to 2021-08-06 00:00:00+00:00
[2021-08-08 04:20:20,418] {scheduler_job.py:190} INFO - Processing /home/airflow/sandbox/lib/python3.8/site-packages/airflow/example_dags/example_bash_operator.py took 0.060 seconds
[2021-08-08 04:20:52,048] {scheduler_job.py:182} INFO - Started process (PID=5363) to work on /home/airflow/sandbox/lib/python3.8/site-packages/airflow/example_dags/example_bash_operator.py
[2021-08-08 04:20:52,050] {scheduler_job.py:633} INFO - Processing file /home/airflow/sandbox/lib/python3.8/site-packages/airflow/example_dags/example_bash_operator.py for tasks to queue
[2021-08-08 04:20:52,052] {logging_mixin.py:104} INFO - [2021-08-08 04:20:52,052] {dagbag.py:496} INFO - Filling up the DagBag from /home/airflow/sandbox/lib/python3.8/site-packages/airflow/example_dags/example_bash_operator.py
[2021-08-08 04:20:52,064] {scheduler_job.py:643} INFO - DAG(s) dict_keys(['example_bash_operator']) retrieved from /home/airflow/sandbox/lib/python3.8/site-packages/airflow/example_dags/example_bash_operator.py
[2021-08-08 04:20:52,076] {logging_mixin.py:104} INFO - [2021-08-08 04:20:52,076] {dag.py:1833} INFO - Sync 1 DAGs
[2021-08-08 04:20:52,087] {logging_mixin.py:104} INFO - [2021-08-08 04:20:52,087] {dag.py:2306} INFO - Setting next_dagrun for example_bash_operator to 2021-08-06 00:00:00+00:00
[2021-08-08 04:20:52,105] {scheduler_job.py:190} INFO - Processing /home/airflow/sandbox/lib/python3.8/site-packages/airflow/example_dags/example_bash_operator.py took 0.060 seconds
[2021-08-08 04:21:24,611] {scheduler_job.py:182} INFO - Started process (PID=5512) to work on /home/airflow/sandbox/lib/python3.8/site-packages/airflow/example_dags/example_bash_operator.py
[2021-08-08 04:21:24,614] {scheduler_job.py:633} INFO - Processing file /home/airflow/sandbox/lib/python3.8/site-packages/airflow/example_dags/example_bash_operator.py for tasks to queue
[2021-08-08 04:21:24,616] {logging_mixin.py:104} INFO - [2021-08-08 04:21:24,616] {dagbag.py:496} INFO - Filling up the DagBag from /home/airflow/sandbox/lib/python3.8/site-packages/airflow/example_dags/example_bash_operator.py
[2021-08-08 04:21:24,627] {scheduler_job.py:643} INFO - DAG(s) dict_keys(['example_bash_operator']) retrieved from /home/airflow/sandbox/lib/python3.8/site-packages/airflow/example_dags/example_bash_operator.py
[2021-08-08 04:21:24,640] {logging_mixin.py:104} INFO - [2021-08-08 04:21:24,640] {dag.py:1833} INFO - Sync 1 DAGs
[2021-08-08 04:21:24,651] {logging_mixin.py:104} INFO - [2021-08-08 04:21:24,651] {dag.py:2306} INFO - Setting next_dagrun for example_bash_operator to 2021-08-06 00:00:00+00:00
[2021-08-08 04:21:24,668] {scheduler_job.py:190} INFO - Processing /home/airflow/sandbox/lib/python3.8/site-packages/airflow/example_dags/example_bash_operator.py took 0.060 seconds
[2021-08-08 04:21:57,150] {scheduler_job.py:182} INFO - Started process (PID=5640) to work on /home/airflow/sandbox/lib/python3.8/site-packages/airflow/example_dags/example_bash_operator.py
[2021-08-08 04:21:57,153] {scheduler_job.py:633} INFO - Processing file /home/airflow/sandbox/lib/python3.8/site-packages/airflow/example_dags/example_bash_operator.py for tasks to queue
[2021-08-08 04:21:57,156] {logging_mixin.py:104} INFO - [2021-08-08 04:21:57,156] {dagbag.py:496} INFO - Filling up the DagBag from /home/airflow/sandbox/lib/python3.8/site-packages/airflow/example_dags/example_bash_operator.py
[2021-08-08 04:21:57,169] {scheduler_job.py:643} INFO - DAG(s) dict_keys(['example_bash_operator']) retrieved from /home/airflow/sandbox/lib/python3.8/site-packages/airflow/example_dags/example_bash_operator.py
[2021-08-08 04:21:57,182] {logging_mixin.py:104} INFO - [2021-08-08 04:21:57,182] {dag.py:1833} INFO - Sync 1 DAGs
[2021-08-08 04:21:57,192] {logging_mixin.py:104} INFO - [2021-08-08 04:21:57,192] {dag.py:2306} INFO - Setting next_dagrun for example_bash_operator to 2021-08-06 00:00:00+00:00
[2021-08-08 04:21:57,208] {scheduler_job.py:190} INFO - Processing /home/airflow/sandbox/lib/python3.8/site-packages/airflow/example_dags/example_bash_operator.py took 0.060 seconds
[2021-08-08 04:22:31,111] {scheduler_job.py:182} INFO - Started process (PID=5770) to work on /home/airflow/sandbox/lib/python3.8/site-packages/airflow/example_dags/example_bash_operator.py
[2021-08-08 04:22:31,115] {scheduler_job.py:633} INFO - Processing file /home/airflow/sandbox/lib/python3.8/site-packages/airflow/example_dags/example_bash_operator.py for tasks to queue
[2021-08-08 04:22:31,115] {logging_mixin.py:104} INFO - [2021-08-08 04:22:31,115] {dagbag.py:496} INFO - Filling up the DagBag from /home/airflow/sandbox/lib/python3.8/site-packages/airflow/example_dags/example_bash_operator.py
[2021-08-08 04:22:31,131] {scheduler_job.py:643} INFO - DAG(s) dict_keys(['example_bash_operator']) retrieved from /home/airflow/sandbox/lib/python3.8/site-packages/airflow/example_dags/example_bash_operator.py
[2021-08-08 04:22:31,144] {logging_mixin.py:104} INFO - [2021-08-08 04:22:31,144] {dag.py:1833} INFO - Sync 1 DAGs
[2021-08-08 04:22:31,156] {logging_mixin.py:104} INFO - [2021-08-08 04:22:31,156] {dag.py:2306} INFO - Setting next_dagrun for example_bash_operator to 2021-08-06 00:00:00+00:00
[2021-08-08 04:22:31,178] {scheduler_job.py:190} INFO - Processing /home/airflow/sandbox/lib/python3.8/site-packages/airflow/example_dags/example_bash_operator.py took 0.070 seconds
[2021-08-08 04:23:04,799] {scheduler_job.py:182} INFO - Started process (PID=5971) to work on /home/airflow/sandbox/lib/python3.8/site-packages/airflow/example_dags/example_bash_operator.py
[2021-08-08 04:23:04,803] {scheduler_job.py:633} INFO - Processing file /home/airflow/sandbox/lib/python3.8/site-packages/airflow/example_dags/example_bash_operator.py for tasks to queue
[2021-08-08 04:23:04,803] {logging_mixin.py:104} INFO - [2021-08-08 04:23:04,803] {dagbag.py:496} INFO - Filling up the DagBag from /home/airflow/sandbox/lib/python3.8/site-packages/airflow/example_dags/example_bash_operator.py
[2021-08-08 04:23:04,819] {scheduler_job.py:643} INFO - DAG(s) dict_keys(['example_bash_operator']) retrieved from /home/airflow/sandbox/lib/python3.8/site-packages/airflow/example_dags/example_bash_operator.py
[2021-08-08 04:23:04,835] {logging_mixin.py:104} INFO - [2021-08-08 04:23:04,834] {dag.py:1833} INFO - Sync 1 DAGs
[2021-08-08 04:23:04,848] {logging_mixin.py:104} INFO - [2021-08-08 04:23:04,848] {dag.py:2306} INFO - Setting next_dagrun for example_bash_operator to 2021-08-06 00:00:00+00:00
[2021-08-08 04:23:04,868] {scheduler_job.py:190} INFO - Processing /home/airflow/sandbox/lib/python3.8/site-packages/airflow/example_dags/example_bash_operator.py took 0.072 seconds
[2021-08-08 04:23:39,545] {scheduler_job.py:182} INFO - Started process (PID=6201) to work on /home/airflow/sandbox/lib/python3.8/site-packages/airflow/example_dags/example_bash_operator.py
[2021-08-08 04:23:39,549] {scheduler_job.py:633} INFO - Processing file /home/airflow/sandbox/lib/python3.8/site-packages/airflow/example_dags/example_bash_operator.py for tasks to queue
[2021-08-08 04:23:39,552] {logging_mixin.py:104} INFO - [2021-08-08 04:23:39,552] {dagbag.py:496} INFO - Filling up the DagBag from /home/airflow/sandbox/lib/python3.8/site-packages/airflow/example_dags/example_bash_operator.py
[2021-08-08 04:23:39,567] {scheduler_job.py:643} INFO - DAG(s) dict_keys(['example_bash_operator']) retrieved from /home/airflow/sandbox/lib/python3.8/site-packages/airflow/example_dags/example_bash_operator.py
[2021-08-08 04:23:39,585] {logging_mixin.py:104} INFO - [2021-08-08 04:23:39,585] {dag.py:1833} INFO - Sync 1 DAGs
[2021-08-08 04:23:39,629] {logging_mixin.py:104} INFO - [2021-08-08 04:23:39,629] {dag.py:2306} INFO - Setting next_dagrun for example_bash_operator to 2021-08-06 00:00:00+00:00
[2021-08-08 04:23:39,647] {scheduler_job.py:190} INFO - Processing /home/airflow/sandbox/lib/python3.8/site-packages/airflow/example_dags/example_bash_operator.py took 0.105 seconds
[2021-08-08 04:24:13,616] {scheduler_job.py:182} INFO - Started process (PID=6369) to work on /home/airflow/sandbox/lib/python3.8/site-packages/airflow/example_dags/example_bash_operator.py
[2021-08-08 04:24:13,618] {scheduler_job.py:633} INFO - Processing file /home/airflow/sandbox/lib/python3.8/site-packages/airflow/example_dags/example_bash_operator.py for tasks to queue
[2021-08-08 04:24:13,620] {logging_mixin.py:104} INFO - [2021-08-08 04:24:13,620] {dagbag.py:496} INFO - Filling up the DagBag from /home/airflow/sandbox/lib/python3.8/site-packages/airflow/example_dags/example_bash_operator.py
[2021-08-08 04:24:13,631] {scheduler_job.py:643} INFO - DAG(s) dict_keys(['example_bash_operator']) retrieved from /home/airflow/sandbox/lib/python3.8/site-packages/airflow/example_dags/example_bash_operator.py
[2021-08-08 04:24:13,644] {logging_mixin.py:104} INFO - [2021-08-08 04:24:13,643] {dag.py:1833} INFO - Sync 1 DAGs
[2021-08-08 04:24:13,654] {logging_mixin.py:104} INFO - [2021-08-08 04:24:13,654] {dag.py:2306} INFO - Setting next_dagrun for example_bash_operator to 2021-08-06 00:00:00+00:00
[2021-08-08 04:24:13,673] {scheduler_job.py:190} INFO - Processing /home/airflow/sandbox/lib/python3.8/site-packages/airflow/example_dags/example_bash_operator.py took 0.060 seconds
[2021-08-08 04:24:45,649] {scheduler_job.py:182} INFO - Started process (PID=6528) to work on /home/airflow/sandbox/lib/python3.8/site-packages/airflow/example_dags/example_bash_operator.py
[2021-08-08 04:24:45,651] {scheduler_job.py:633} INFO - Processing file /home/airflow/sandbox/lib/python3.8/site-packages/airflow/example_dags/example_bash_operator.py for tasks to queue
[2021-08-08 04:24:45,654] {logging_mixin.py:104} INFO - [2021-08-08 04:24:45,653] {dagbag.py:496} INFO - Filling up the DagBag from /home/airflow/sandbox/lib/python3.8/site-packages/airflow/example_dags/example_bash_operator.py
[2021-08-08 04:24:45,665] {scheduler_job.py:643} INFO - DAG(s) dict_keys(['example_bash_operator']) retrieved from /home/airflow/sandbox/lib/python3.8/site-packages/airflow/example_dags/example_bash_operator.py
[2021-08-08 04:24:45,677] {logging_mixin.py:104} INFO - [2021-08-08 04:24:45,677] {dag.py:1833} INFO - Sync 1 DAGs
[2021-08-08 04:24:45,688] {logging_mixin.py:104} INFO - [2021-08-08 04:24:45,688] {dag.py:2306} INFO - Setting next_dagrun for example_bash_operator to 2021-08-06 00:00:00+00:00
[2021-08-08 04:24:45,705] {scheduler_job.py:190} INFO - Processing /home/airflow/sandbox/lib/python3.8/site-packages/airflow/example_dags/example_bash_operator.py took 0.059 seconds
[2021-08-08 04:25:17,714] {scheduler_job.py:182} INFO - Started process (PID=6738) to work on /home/airflow/sandbox/lib/python3.8/site-packages/airflow/example_dags/example_bash_operator.py
[2021-08-08 04:25:17,717] {scheduler_job.py:633} INFO - Processing file /home/airflow/sandbox/lib/python3.8/site-packages/airflow/example_dags/example_bash_operator.py for tasks to queue
[2021-08-08 04:25:17,719] {logging_mixin.py:104} INFO - [2021-08-08 04:25:17,719] {dagbag.py:496} INFO - Filling up the DagBag from /home/airflow/sandbox/lib/python3.8/site-packages/airflow/example_dags/example_bash_operator.py
[2021-08-08 04:25:17,732] {scheduler_job.py:643} INFO - DAG(s) dict_keys(['example_bash_operator']) retrieved from /home/airflow/sandbox/lib/python3.8/site-packages/airflow/example_dags/example_bash_operator.py
[2021-08-08 04:25:17,744] {logging_mixin.py:104} INFO - [2021-08-08 04:25:17,744] {dag.py:1833} INFO - Sync 1 DAGs
[2021-08-08 04:25:17,755] {logging_mixin.py:104} INFO - [2021-08-08 04:25:17,755] {dag.py:2306} INFO - Setting next_dagrun for example_bash_operator to 2021-08-06 00:00:00+00:00
[2021-08-08 04:25:17,775] {scheduler_job.py:190} INFO - Processing /home/airflow/sandbox/lib/python3.8/site-packages/airflow/example_dags/example_bash_operator.py took 0.064 seconds
