[2021-08-08 04:11:07,147] {scheduler_job.py:182} INFO - Started process (PID=2547) to work on /home/airflow/sandbox/lib/python3.8/site-packages/airflow/example_dags/example_latest_only_with_trigger.py
[2021-08-08 04:11:07,151] {scheduler_job.py:633} INFO - Processing file /home/airflow/sandbox/lib/python3.8/site-packages/airflow/example_dags/example_latest_only_with_trigger.py for tasks to queue
[2021-08-08 04:11:07,154] {logging_mixin.py:104} INFO - [2021-08-08 04:11:07,154] {dagbag.py:496} INFO - Filling up the DagBag from /home/airflow/sandbox/lib/python3.8/site-packages/airflow/example_dags/example_latest_only_with_trigger.py
[2021-08-08 04:11:07,173] {scheduler_job.py:643} INFO - DAG(s) dict_keys(['latest_only_with_trigger']) retrieved from /home/airflow/sandbox/lib/python3.8/site-packages/airflow/example_dags/example_latest_only_with_trigger.py
[2021-08-08 04:11:07,645] {logging_mixin.py:104} INFO - [2021-08-08 04:11:07,645] {dag.py:1833} INFO - Sync 1 DAGs
[2021-08-08 04:11:07,653] {logging_mixin.py:104} INFO - [2021-08-08 04:11:07,653] {dag.py:2306} INFO - Setting next_dagrun for latest_only_with_trigger to 2021-08-06 00:00:00+00:00
[2021-08-08 04:11:07,690] {scheduler_job.py:190} INFO - Processing /home/airflow/sandbox/lib/python3.8/site-packages/airflow/example_dags/example_latest_only_with_trigger.py took 0.556 seconds
[2021-08-08 04:11:48,895] {scheduler_job.py:182} INFO - Started process (PID=2755) to work on /home/airflow/sandbox/lib/python3.8/site-packages/airflow/example_dags/example_latest_only_with_trigger.py
[2021-08-08 04:11:48,899] {scheduler_job.py:633} INFO - Processing file /home/airflow/sandbox/lib/python3.8/site-packages/airflow/example_dags/example_latest_only_with_trigger.py for tasks to queue
[2021-08-08 04:11:48,899] {logging_mixin.py:104} INFO - [2021-08-08 04:11:48,899] {dagbag.py:496} INFO - Filling up the DagBag from /home/airflow/sandbox/lib/python3.8/site-packages/airflow/example_dags/example_latest_only_with_trigger.py
[2021-08-08 04:11:48,917] {scheduler_job.py:643} INFO - DAG(s) dict_keys(['latest_only_with_trigger']) retrieved from /home/airflow/sandbox/lib/python3.8/site-packages/airflow/example_dags/example_latest_only_with_trigger.py
[2021-08-08 04:11:48,932] {logging_mixin.py:104} INFO - [2021-08-08 04:11:48,932] {dag.py:1833} INFO - Sync 1 DAGs
[2021-08-08 04:11:48,949] {logging_mixin.py:104} INFO - [2021-08-08 04:11:48,949] {dag.py:2306} INFO - Setting next_dagrun for latest_only_with_trigger to 2021-08-06 00:00:00+00:00
[2021-08-08 04:11:48,974] {scheduler_job.py:190} INFO - Processing /home/airflow/sandbox/lib/python3.8/site-packages/airflow/example_dags/example_latest_only_with_trigger.py took 0.083 seconds
[2021-08-08 04:12:23,068] {scheduler_job.py:182} INFO - Started process (PID=2911) to work on /home/airflow/sandbox/lib/python3.8/site-packages/airflow/example_dags/example_latest_only_with_trigger.py
[2021-08-08 04:12:23,071] {scheduler_job.py:633} INFO - Processing file /home/airflow/sandbox/lib/python3.8/site-packages/airflow/example_dags/example_latest_only_with_trigger.py for tasks to queue
[2021-08-08 04:12:23,074] {logging_mixin.py:104} INFO - [2021-08-08 04:12:23,074] {dagbag.py:496} INFO - Filling up the DagBag from /home/airflow/sandbox/lib/python3.8/site-packages/airflow/example_dags/example_latest_only_with_trigger.py
[2021-08-08 04:12:23,087] {scheduler_job.py:643} INFO - DAG(s) dict_keys(['latest_only_with_trigger']) retrieved from /home/airflow/sandbox/lib/python3.8/site-packages/airflow/example_dags/example_latest_only_with_trigger.py
[2021-08-08 04:12:23,100] {logging_mixin.py:104} INFO - [2021-08-08 04:12:23,100] {dag.py:1833} INFO - Sync 1 DAGs
[2021-08-08 04:12:23,110] {logging_mixin.py:104} INFO - [2021-08-08 04:12:23,110] {dag.py:2306} INFO - Setting next_dagrun for latest_only_with_trigger to 2021-08-06 00:00:00+00:00
[2021-08-08 04:12:23,135] {scheduler_job.py:190} INFO - Processing /home/airflow/sandbox/lib/python3.8/site-packages/airflow/example_dags/example_latest_only_with_trigger.py took 0.070 seconds
[2021-08-08 04:12:57,218] {scheduler_job.py:182} INFO - Started process (PID=3066) to work on /home/airflow/sandbox/lib/python3.8/site-packages/airflow/example_dags/example_latest_only_with_trigger.py
[2021-08-08 04:12:57,220] {scheduler_job.py:633} INFO - Processing file /home/airflow/sandbox/lib/python3.8/site-packages/airflow/example_dags/example_latest_only_with_trigger.py for tasks to queue
[2021-08-08 04:12:57,224] {logging_mixin.py:104} INFO - [2021-08-08 04:12:57,224] {dagbag.py:496} INFO - Filling up the DagBag from /home/airflow/sandbox/lib/python3.8/site-packages/airflow/example_dags/example_latest_only_with_trigger.py
[2021-08-08 04:12:57,237] {scheduler_job.py:643} INFO - DAG(s) dict_keys(['latest_only_with_trigger']) retrieved from /home/airflow/sandbox/lib/python3.8/site-packages/airflow/example_dags/example_latest_only_with_trigger.py
[2021-08-08 04:12:57,252] {logging_mixin.py:104} INFO - [2021-08-08 04:12:57,252] {dag.py:1833} INFO - Sync 1 DAGs
[2021-08-08 04:12:57,266] {logging_mixin.py:104} INFO - [2021-08-08 04:12:57,266] {dag.py:2306} INFO - Setting next_dagrun for latest_only_with_trigger to 2021-08-06 00:00:00+00:00
[2021-08-08 04:12:57,291] {scheduler_job.py:190} INFO - Processing /home/airflow/sandbox/lib/python3.8/site-packages/airflow/example_dags/example_latest_only_with_trigger.py took 0.076 seconds
[2021-08-08 04:13:30,893] {scheduler_job.py:182} INFO - Started process (PID=3191) to work on /home/airflow/sandbox/lib/python3.8/site-packages/airflow/example_dags/example_latest_only_with_trigger.py
[2021-08-08 04:13:30,900] {scheduler_job.py:633} INFO - Processing file /home/airflow/sandbox/lib/python3.8/site-packages/airflow/example_dags/example_latest_only_with_trigger.py for tasks to queue
[2021-08-08 04:13:30,902] {logging_mixin.py:104} INFO - [2021-08-08 04:13:30,902] {dagbag.py:496} INFO - Filling up the DagBag from /home/airflow/sandbox/lib/python3.8/site-packages/airflow/example_dags/example_latest_only_with_trigger.py
[2021-08-08 04:13:30,925] {scheduler_job.py:643} INFO - DAG(s) dict_keys(['latest_only_with_trigger']) retrieved from /home/airflow/sandbox/lib/python3.8/site-packages/airflow/example_dags/example_latest_only_with_trigger.py
[2021-08-08 04:13:30,954] {logging_mixin.py:104} INFO - [2021-08-08 04:13:30,953] {dag.py:1833} INFO - Sync 1 DAGs
[2021-08-08 04:13:30,966] {logging_mixin.py:104} INFO - [2021-08-08 04:13:30,966] {dag.py:2306} INFO - Setting next_dagrun for latest_only_with_trigger to 2021-08-06 00:00:00+00:00
[2021-08-08 04:13:30,987] {scheduler_job.py:190} INFO - Processing /home/airflow/sandbox/lib/python3.8/site-packages/airflow/example_dags/example_latest_only_with_trigger.py took 0.105 seconds
[2021-08-08 04:14:04,482] {scheduler_job.py:182} INFO - Started process (PID=3328) to work on /home/airflow/sandbox/lib/python3.8/site-packages/airflow/example_dags/example_latest_only_with_trigger.py
[2021-08-08 04:14:04,486] {scheduler_job.py:633} INFO - Processing file /home/airflow/sandbox/lib/python3.8/site-packages/airflow/example_dags/example_latest_only_with_trigger.py for tasks to queue
[2021-08-08 04:14:04,486] {logging_mixin.py:104} INFO - [2021-08-08 04:14:04,486] {dagbag.py:496} INFO - Filling up the DagBag from /home/airflow/sandbox/lib/python3.8/site-packages/airflow/example_dags/example_latest_only_with_trigger.py
[2021-08-08 04:14:04,499] {scheduler_job.py:643} INFO - DAG(s) dict_keys(['latest_only_with_trigger']) retrieved from /home/airflow/sandbox/lib/python3.8/site-packages/airflow/example_dags/example_latest_only_with_trigger.py
[2021-08-08 04:14:04,512] {logging_mixin.py:104} INFO - [2021-08-08 04:14:04,512] {dag.py:1833} INFO - Sync 1 DAGs
[2021-08-08 04:14:04,521] {logging_mixin.py:104} INFO - [2021-08-08 04:14:04,521] {dag.py:2306} INFO - Setting next_dagrun for latest_only_with_trigger to 2021-08-06 00:00:00+00:00
[2021-08-08 04:14:04,540] {scheduler_job.py:190} INFO - Processing /home/airflow/sandbox/lib/python3.8/site-packages/airflow/example_dags/example_latest_only_with_trigger.py took 0.060 seconds
[2021-08-08 04:14:41,049] {scheduler_job.py:182} INFO - Started process (PID=3553) to work on /home/airflow/sandbox/lib/python3.8/site-packages/airflow/example_dags/example_latest_only_with_trigger.py
[2021-08-08 04:14:41,065] {scheduler_job.py:633} INFO - Processing file /home/airflow/sandbox/lib/python3.8/site-packages/airflow/example_dags/example_latest_only_with_trigger.py for tasks to queue
[2021-08-08 04:14:41,067] {logging_mixin.py:104} INFO - [2021-08-08 04:14:41,067] {dagbag.py:496} INFO - Filling up the DagBag from /home/airflow/sandbox/lib/python3.8/site-packages/airflow/example_dags/example_latest_only_with_trigger.py
[2021-08-08 04:14:41,179] {scheduler_job.py:643} INFO - DAG(s) dict_keys(['latest_only_with_trigger']) retrieved from /home/airflow/sandbox/lib/python3.8/site-packages/airflow/example_dags/example_latest_only_with_trigger.py
[2021-08-08 04:14:41,267] {logging_mixin.py:104} INFO - [2021-08-08 04:14:41,267] {dag.py:1833} INFO - Sync 1 DAGs
[2021-08-08 04:14:41,333] {logging_mixin.py:104} INFO - [2021-08-08 04:14:41,333] {dag.py:2306} INFO - Setting next_dagrun for latest_only_with_trigger to 2021-08-06 00:00:00+00:00
[2021-08-08 04:14:41,413] {scheduler_job.py:190} INFO - Processing /home/airflow/sandbox/lib/python3.8/site-packages/airflow/example_dags/example_latest_only_with_trigger.py took 0.380 seconds
[2021-08-08 04:15:17,228] {scheduler_job.py:182} INFO - Started process (PID=3778) to work on /home/airflow/sandbox/lib/python3.8/site-packages/airflow/example_dags/example_latest_only_with_trigger.py
[2021-08-08 04:15:17,231] {scheduler_job.py:633} INFO - Processing file /home/airflow/sandbox/lib/python3.8/site-packages/airflow/example_dags/example_latest_only_with_trigger.py for tasks to queue
[2021-08-08 04:15:17,234] {logging_mixin.py:104} INFO - [2021-08-08 04:15:17,234] {dagbag.py:496} INFO - Filling up the DagBag from /home/airflow/sandbox/lib/python3.8/site-packages/airflow/example_dags/example_latest_only_with_trigger.py
[2021-08-08 04:15:17,244] {scheduler_job.py:643} INFO - DAG(s) dict_keys(['latest_only_with_trigger']) retrieved from /home/airflow/sandbox/lib/python3.8/site-packages/airflow/example_dags/example_latest_only_with_trigger.py
[2021-08-08 04:15:17,258] {logging_mixin.py:104} INFO - [2021-08-08 04:15:17,257] {dag.py:1833} INFO - Sync 1 DAGs
[2021-08-08 04:15:17,268] {logging_mixin.py:104} INFO - [2021-08-08 04:15:17,268] {dag.py:2306} INFO - Setting next_dagrun for latest_only_with_trigger to 2021-08-06 00:00:00+00:00
[2021-08-08 04:15:17,292] {scheduler_job.py:190} INFO - Processing /home/airflow/sandbox/lib/python3.8/site-packages/airflow/example_dags/example_latest_only_with_trigger.py took 0.066 seconds
[2021-08-08 04:15:50,606] {scheduler_job.py:182} INFO - Started process (PID=3944) to work on /home/airflow/sandbox/lib/python3.8/site-packages/airflow/example_dags/example_latest_only_with_trigger.py
[2021-08-08 04:15:50,609] {scheduler_job.py:633} INFO - Processing file /home/airflow/sandbox/lib/python3.8/site-packages/airflow/example_dags/example_latest_only_with_trigger.py for tasks to queue
[2021-08-08 04:15:50,611] {logging_mixin.py:104} INFO - [2021-08-08 04:15:50,611] {dagbag.py:496} INFO - Filling up the DagBag from /home/airflow/sandbox/lib/python3.8/site-packages/airflow/example_dags/example_latest_only_with_trigger.py
[2021-08-08 04:15:50,621] {scheduler_job.py:643} INFO - DAG(s) dict_keys(['latest_only_with_trigger']) retrieved from /home/airflow/sandbox/lib/python3.8/site-packages/airflow/example_dags/example_latest_only_with_trigger.py
[2021-08-08 04:15:50,638] {logging_mixin.py:104} INFO - [2021-08-08 04:15:50,638] {dag.py:1833} INFO - Sync 1 DAGs
[2021-08-08 04:15:50,648] {logging_mixin.py:104} INFO - [2021-08-08 04:15:50,648] {dag.py:2306} INFO - Setting next_dagrun for latest_only_with_trigger to 2021-08-06 00:00:00+00:00
[2021-08-08 04:15:50,665] {scheduler_job.py:190} INFO - Processing /home/airflow/sandbox/lib/python3.8/site-packages/airflow/example_dags/example_latest_only_with_trigger.py took 0.062 seconds
[2021-08-08 04:16:23,407] {scheduler_job.py:182} INFO - Started process (PID=4179) to work on /home/airflow/sandbox/lib/python3.8/site-packages/airflow/example_dags/example_latest_only_with_trigger.py
[2021-08-08 04:16:23,410] {scheduler_job.py:633} INFO - Processing file /home/airflow/sandbox/lib/python3.8/site-packages/airflow/example_dags/example_latest_only_with_trigger.py for tasks to queue
[2021-08-08 04:16:23,412] {logging_mixin.py:104} INFO - [2021-08-08 04:16:23,412] {dagbag.py:496} INFO - Filling up the DagBag from /home/airflow/sandbox/lib/python3.8/site-packages/airflow/example_dags/example_latest_only_with_trigger.py
[2021-08-08 04:16:23,426] {scheduler_job.py:643} INFO - DAG(s) dict_keys(['latest_only_with_trigger']) retrieved from /home/airflow/sandbox/lib/python3.8/site-packages/airflow/example_dags/example_latest_only_with_trigger.py
[2021-08-08 04:16:23,444] {logging_mixin.py:104} INFO - [2021-08-08 04:16:23,443] {dag.py:1833} INFO - Sync 1 DAGs
[2021-08-08 04:16:23,456] {logging_mixin.py:104} INFO - [2021-08-08 04:16:23,456] {dag.py:2306} INFO - Setting next_dagrun for latest_only_with_trigger to 2021-08-06 00:00:00+00:00
[2021-08-08 04:16:23,478] {scheduler_job.py:190} INFO - Processing /home/airflow/sandbox/lib/python3.8/site-packages/airflow/example_dags/example_latest_only_with_trigger.py took 0.074 seconds
[2021-08-08 04:16:56,744] {scheduler_job.py:182} INFO - Started process (PID=4357) to work on /home/airflow/sandbox/lib/python3.8/site-packages/airflow/example_dags/example_latest_only_with_trigger.py
[2021-08-08 04:16:56,747] {scheduler_job.py:633} INFO - Processing file /home/airflow/sandbox/lib/python3.8/site-packages/airflow/example_dags/example_latest_only_with_trigger.py for tasks to queue
[2021-08-08 04:16:56,750] {logging_mixin.py:104} INFO - [2021-08-08 04:16:56,750] {dagbag.py:496} INFO - Filling up the DagBag from /home/airflow/sandbox/lib/python3.8/site-packages/airflow/example_dags/example_latest_only_with_trigger.py
[2021-08-08 04:16:56,760] {scheduler_job.py:643} INFO - DAG(s) dict_keys(['latest_only_with_trigger']) retrieved from /home/airflow/sandbox/lib/python3.8/site-packages/airflow/example_dags/example_latest_only_with_trigger.py
[2021-08-08 04:16:56,774] {logging_mixin.py:104} INFO - [2021-08-08 04:16:56,774] {dag.py:1833} INFO - Sync 1 DAGs
[2021-08-08 04:16:56,786] {logging_mixin.py:104} INFO - [2021-08-08 04:16:56,786] {dag.py:2306} INFO - Setting next_dagrun for latest_only_with_trigger to 2021-08-06 00:00:00+00:00
[2021-08-08 04:16:56,806] {scheduler_job.py:190} INFO - Processing /home/airflow/sandbox/lib/python3.8/site-packages/airflow/example_dags/example_latest_only_with_trigger.py took 0.064 seconds
[2021-08-08 04:17:30,547] {scheduler_job.py:182} INFO - Started process (PID=4477) to work on /home/airflow/sandbox/lib/python3.8/site-packages/airflow/example_dags/example_latest_only_with_trigger.py
[2021-08-08 04:17:30,550] {scheduler_job.py:633} INFO - Processing file /home/airflow/sandbox/lib/python3.8/site-packages/airflow/example_dags/example_latest_only_with_trigger.py for tasks to queue
[2021-08-08 04:17:30,553] {logging_mixin.py:104} INFO - [2021-08-08 04:17:30,553] {dagbag.py:496} INFO - Filling up the DagBag from /home/airflow/sandbox/lib/python3.8/site-packages/airflow/example_dags/example_latest_only_with_trigger.py
[2021-08-08 04:17:30,564] {scheduler_job.py:643} INFO - DAG(s) dict_keys(['latest_only_with_trigger']) retrieved from /home/airflow/sandbox/lib/python3.8/site-packages/airflow/example_dags/example_latest_only_with_trigger.py
[2021-08-08 04:17:30,581] {logging_mixin.py:104} INFO - [2021-08-08 04:17:30,581] {dag.py:1833} INFO - Sync 1 DAGs
[2021-08-08 04:17:30,592] {logging_mixin.py:104} INFO - [2021-08-08 04:17:30,592] {dag.py:2306} INFO - Setting next_dagrun for latest_only_with_trigger to 2021-08-06 00:00:00+00:00
[2021-08-08 04:17:30,619] {scheduler_job.py:190} INFO - Processing /home/airflow/sandbox/lib/python3.8/site-packages/airflow/example_dags/example_latest_only_with_trigger.py took 0.076 seconds
[2021-08-08 04:18:05,090] {scheduler_job.py:182} INFO - Started process (PID=4606) to work on /home/airflow/sandbox/lib/python3.8/site-packages/airflow/example_dags/example_latest_only_with_trigger.py
[2021-08-08 04:18:05,093] {scheduler_job.py:633} INFO - Processing file /home/airflow/sandbox/lib/python3.8/site-packages/airflow/example_dags/example_latest_only_with_trigger.py for tasks to queue
[2021-08-08 04:18:05,095] {logging_mixin.py:104} INFO - [2021-08-08 04:18:05,095] {dagbag.py:496} INFO - Filling up the DagBag from /home/airflow/sandbox/lib/python3.8/site-packages/airflow/example_dags/example_latest_only_with_trigger.py
[2021-08-08 04:18:05,106] {scheduler_job.py:643} INFO - DAG(s) dict_keys(['latest_only_with_trigger']) retrieved from /home/airflow/sandbox/lib/python3.8/site-packages/airflow/example_dags/example_latest_only_with_trigger.py
[2021-08-08 04:18:05,119] {logging_mixin.py:104} INFO - [2021-08-08 04:18:05,118] {dag.py:1833} INFO - Sync 1 DAGs
[2021-08-08 04:18:05,129] {logging_mixin.py:104} INFO - [2021-08-08 04:18:05,129] {dag.py:2306} INFO - Setting next_dagrun for latest_only_with_trigger to 2021-08-06 00:00:00+00:00
[2021-08-08 04:18:05,148] {scheduler_job.py:190} INFO - Processing /home/airflow/sandbox/lib/python3.8/site-packages/airflow/example_dags/example_latest_only_with_trigger.py took 0.061 seconds
[2021-08-08 04:18:36,909] {scheduler_job.py:182} INFO - Started process (PID=4728) to work on /home/airflow/sandbox/lib/python3.8/site-packages/airflow/example_dags/example_latest_only_with_trigger.py
[2021-08-08 04:18:36,911] {scheduler_job.py:633} INFO - Processing file /home/airflow/sandbox/lib/python3.8/site-packages/airflow/example_dags/example_latest_only_with_trigger.py for tasks to queue
[2021-08-08 04:18:36,913] {logging_mixin.py:104} INFO - [2021-08-08 04:18:36,913] {dagbag.py:496} INFO - Filling up the DagBag from /home/airflow/sandbox/lib/python3.8/site-packages/airflow/example_dags/example_latest_only_with_trigger.py
[2021-08-08 04:18:36,923] {scheduler_job.py:643} INFO - DAG(s) dict_keys(['latest_only_with_trigger']) retrieved from /home/airflow/sandbox/lib/python3.8/site-packages/airflow/example_dags/example_latest_only_with_trigger.py
[2021-08-08 04:18:36,937] {logging_mixin.py:104} INFO - [2021-08-08 04:18:36,937] {dag.py:1833} INFO - Sync 1 DAGs
[2021-08-08 04:18:36,946] {logging_mixin.py:104} INFO - [2021-08-08 04:18:36,946] {dag.py:2306} INFO - Setting next_dagrun for latest_only_with_trigger to 2021-08-06 00:00:00+00:00
[2021-08-08 04:18:36,964] {scheduler_job.py:190} INFO - Processing /home/airflow/sandbox/lib/python3.8/site-packages/airflow/example_dags/example_latest_only_with_trigger.py took 0.057 seconds
[2021-08-08 04:19:10,532] {scheduler_job.py:182} INFO - Started process (PID=4948) to work on /home/airflow/sandbox/lib/python3.8/site-packages/airflow/example_dags/example_latest_only_with_trigger.py
[2021-08-08 04:19:10,535] {scheduler_job.py:633} INFO - Processing file /home/airflow/sandbox/lib/python3.8/site-packages/airflow/example_dags/example_latest_only_with_trigger.py for tasks to queue
[2021-08-08 04:19:10,537] {logging_mixin.py:104} INFO - [2021-08-08 04:19:10,537] {dagbag.py:496} INFO - Filling up the DagBag from /home/airflow/sandbox/lib/python3.8/site-packages/airflow/example_dags/example_latest_only_with_trigger.py
[2021-08-08 04:19:10,548] {scheduler_job.py:643} INFO - DAG(s) dict_keys(['latest_only_with_trigger']) retrieved from /home/airflow/sandbox/lib/python3.8/site-packages/airflow/example_dags/example_latest_only_with_trigger.py
[2021-08-08 04:19:10,560] {logging_mixin.py:104} INFO - [2021-08-08 04:19:10,560] {dag.py:1833} INFO - Sync 1 DAGs
[2021-08-08 04:19:10,570] {logging_mixin.py:104} INFO - [2021-08-08 04:19:10,570] {dag.py:2306} INFO - Setting next_dagrun for latest_only_with_trigger to 2021-08-06 00:00:00+00:00
[2021-08-08 04:19:10,601] {scheduler_job.py:190} INFO - Processing /home/airflow/sandbox/lib/python3.8/site-packages/airflow/example_dags/example_latest_only_with_trigger.py took 0.072 seconds
[2021-08-08 04:19:44,395] {scheduler_job.py:182} INFO - Started process (PID=5078) to work on /home/airflow/sandbox/lib/python3.8/site-packages/airflow/example_dags/example_latest_only_with_trigger.py
[2021-08-08 04:19:44,398] {scheduler_job.py:633} INFO - Processing file /home/airflow/sandbox/lib/python3.8/site-packages/airflow/example_dags/example_latest_only_with_trigger.py for tasks to queue
[2021-08-08 04:19:44,400] {logging_mixin.py:104} INFO - [2021-08-08 04:19:44,400] {dagbag.py:496} INFO - Filling up the DagBag from /home/airflow/sandbox/lib/python3.8/site-packages/airflow/example_dags/example_latest_only_with_trigger.py
[2021-08-08 04:19:44,411] {scheduler_job.py:643} INFO - DAG(s) dict_keys(['latest_only_with_trigger']) retrieved from /home/airflow/sandbox/lib/python3.8/site-packages/airflow/example_dags/example_latest_only_with_trigger.py
[2021-08-08 04:19:44,423] {logging_mixin.py:104} INFO - [2021-08-08 04:19:44,423] {dag.py:1833} INFO - Sync 1 DAGs
[2021-08-08 04:19:44,432] {logging_mixin.py:104} INFO - [2021-08-08 04:19:44,432] {dag.py:2306} INFO - Setting next_dagrun for latest_only_with_trigger to 2021-08-06 00:00:00+00:00
[2021-08-08 04:19:44,449] {scheduler_job.py:190} INFO - Processing /home/airflow/sandbox/lib/python3.8/site-packages/airflow/example_dags/example_latest_only_with_trigger.py took 0.058 seconds
[2021-08-08 04:20:18,087] {scheduler_job.py:182} INFO - Started process (PID=5212) to work on /home/airflow/sandbox/lib/python3.8/site-packages/airflow/example_dags/example_latest_only_with_trigger.py
[2021-08-08 04:20:18,090] {scheduler_job.py:633} INFO - Processing file /home/airflow/sandbox/lib/python3.8/site-packages/airflow/example_dags/example_latest_only_with_trigger.py for tasks to queue
[2021-08-08 04:20:18,093] {logging_mixin.py:104} INFO - [2021-08-08 04:20:18,093] {dagbag.py:496} INFO - Filling up the DagBag from /home/airflow/sandbox/lib/python3.8/site-packages/airflow/example_dags/example_latest_only_with_trigger.py
[2021-08-08 04:20:18,103] {scheduler_job.py:643} INFO - DAG(s) dict_keys(['latest_only_with_trigger']) retrieved from /home/airflow/sandbox/lib/python3.8/site-packages/airflow/example_dags/example_latest_only_with_trigger.py
[2021-08-08 04:20:18,115] {logging_mixin.py:104} INFO - [2021-08-08 04:20:18,115] {dag.py:1833} INFO - Sync 1 DAGs
[2021-08-08 04:20:18,123] {logging_mixin.py:104} INFO - [2021-08-08 04:20:18,123] {dag.py:2306} INFO - Setting next_dagrun for latest_only_with_trigger to 2021-08-06 00:00:00+00:00
[2021-08-08 04:20:18,141] {scheduler_job.py:190} INFO - Processing /home/airflow/sandbox/lib/python3.8/site-packages/airflow/example_dags/example_latest_only_with_trigger.py took 0.057 seconds
[2021-08-08 04:20:50,744] {scheduler_job.py:182} INFO - Started process (PID=5361) to work on /home/airflow/sandbox/lib/python3.8/site-packages/airflow/example_dags/example_latest_only_with_trigger.py
[2021-08-08 04:20:50,746] {scheduler_job.py:633} INFO - Processing file /home/airflow/sandbox/lib/python3.8/site-packages/airflow/example_dags/example_latest_only_with_trigger.py for tasks to queue
[2021-08-08 04:20:50,748] {logging_mixin.py:104} INFO - [2021-08-08 04:20:50,748] {dagbag.py:496} INFO - Filling up the DagBag from /home/airflow/sandbox/lib/python3.8/site-packages/airflow/example_dags/example_latest_only_with_trigger.py
[2021-08-08 04:20:50,758] {scheduler_job.py:643} INFO - DAG(s) dict_keys(['latest_only_with_trigger']) retrieved from /home/airflow/sandbox/lib/python3.8/site-packages/airflow/example_dags/example_latest_only_with_trigger.py
[2021-08-08 04:20:50,772] {logging_mixin.py:104} INFO - [2021-08-08 04:20:50,772] {dag.py:1833} INFO - Sync 1 DAGs
[2021-08-08 04:20:50,781] {logging_mixin.py:104} INFO - [2021-08-08 04:20:50,781] {dag.py:2306} INFO - Setting next_dagrun for latest_only_with_trigger to 2021-08-06 00:00:00+00:00
[2021-08-08 04:20:50,800] {scheduler_job.py:190} INFO - Processing /home/airflow/sandbox/lib/python3.8/site-packages/airflow/example_dags/example_latest_only_with_trigger.py took 0.060 seconds
[2021-08-08 04:21:22,941] {scheduler_job.py:182} INFO - Started process (PID=5504) to work on /home/airflow/sandbox/lib/python3.8/site-packages/airflow/example_dags/example_latest_only_with_trigger.py
[2021-08-08 04:21:22,943] {scheduler_job.py:633} INFO - Processing file /home/airflow/sandbox/lib/python3.8/site-packages/airflow/example_dags/example_latest_only_with_trigger.py for tasks to queue
[2021-08-08 04:21:22,945] {logging_mixin.py:104} INFO - [2021-08-08 04:21:22,945] {dagbag.py:496} INFO - Filling up the DagBag from /home/airflow/sandbox/lib/python3.8/site-packages/airflow/example_dags/example_latest_only_with_trigger.py
[2021-08-08 04:21:22,957] {scheduler_job.py:643} INFO - DAG(s) dict_keys(['latest_only_with_trigger']) retrieved from /home/airflow/sandbox/lib/python3.8/site-packages/airflow/example_dags/example_latest_only_with_trigger.py
[2021-08-08 04:21:22,975] {logging_mixin.py:104} INFO - [2021-08-08 04:21:22,975] {dag.py:1833} INFO - Sync 1 DAGs
[2021-08-08 04:21:22,984] {logging_mixin.py:104} INFO - [2021-08-08 04:21:22,984] {dag.py:2306} INFO - Setting next_dagrun for latest_only_with_trigger to 2021-08-06 00:00:00+00:00
[2021-08-08 04:21:23,003] {scheduler_job.py:190} INFO - Processing /home/airflow/sandbox/lib/python3.8/site-packages/airflow/example_dags/example_latest_only_with_trigger.py took 0.064 seconds
[2021-08-08 04:21:54,882] {scheduler_job.py:182} INFO - Started process (PID=5632) to work on /home/airflow/sandbox/lib/python3.8/site-packages/airflow/example_dags/example_latest_only_with_trigger.py
[2021-08-08 04:21:54,885] {scheduler_job.py:633} INFO - Processing file /home/airflow/sandbox/lib/python3.8/site-packages/airflow/example_dags/example_latest_only_with_trigger.py for tasks to queue
[2021-08-08 04:21:54,887] {logging_mixin.py:104} INFO - [2021-08-08 04:21:54,887] {dagbag.py:496} INFO - Filling up the DagBag from /home/airflow/sandbox/lib/python3.8/site-packages/airflow/example_dags/example_latest_only_with_trigger.py
[2021-08-08 04:21:54,898] {scheduler_job.py:643} INFO - DAG(s) dict_keys(['latest_only_with_trigger']) retrieved from /home/airflow/sandbox/lib/python3.8/site-packages/airflow/example_dags/example_latest_only_with_trigger.py
[2021-08-08 04:21:54,912] {logging_mixin.py:104} INFO - [2021-08-08 04:21:54,912] {dag.py:1833} INFO - Sync 1 DAGs
[2021-08-08 04:21:54,921] {logging_mixin.py:104} INFO - [2021-08-08 04:21:54,921] {dag.py:2306} INFO - Setting next_dagrun for latest_only_with_trigger to 2021-08-06 00:00:00+00:00
[2021-08-08 04:21:54,941] {scheduler_job.py:190} INFO - Processing /home/airflow/sandbox/lib/python3.8/site-packages/airflow/example_dags/example_latest_only_with_trigger.py took 0.061 seconds
[2021-08-08 04:22:29,684] {scheduler_job.py:182} INFO - Started process (PID=5768) to work on /home/airflow/sandbox/lib/python3.8/site-packages/airflow/example_dags/example_latest_only_with_trigger.py
[2021-08-08 04:22:29,686] {scheduler_job.py:633} INFO - Processing file /home/airflow/sandbox/lib/python3.8/site-packages/airflow/example_dags/example_latest_only_with_trigger.py for tasks to queue
[2021-08-08 04:22:29,688] {logging_mixin.py:104} INFO - [2021-08-08 04:22:29,688] {dagbag.py:496} INFO - Filling up the DagBag from /home/airflow/sandbox/lib/python3.8/site-packages/airflow/example_dags/example_latest_only_with_trigger.py
[2021-08-08 04:22:29,697] {scheduler_job.py:643} INFO - DAG(s) dict_keys(['latest_only_with_trigger']) retrieved from /home/airflow/sandbox/lib/python3.8/site-packages/airflow/example_dags/example_latest_only_with_trigger.py
[2021-08-08 04:22:29,710] {logging_mixin.py:104} INFO - [2021-08-08 04:22:29,710] {dag.py:1833} INFO - Sync 1 DAGs
[2021-08-08 04:22:29,719] {logging_mixin.py:104} INFO - [2021-08-08 04:22:29,718] {dag.py:2306} INFO - Setting next_dagrun for latest_only_with_trigger to 2021-08-06 00:00:00+00:00
[2021-08-08 04:22:29,737] {scheduler_job.py:190} INFO - Processing /home/airflow/sandbox/lib/python3.8/site-packages/airflow/example_dags/example_latest_only_with_trigger.py took 0.056 seconds
[2021-08-08 04:23:00,782] {scheduler_job.py:182} INFO - Started process (PID=5958) to work on /home/airflow/sandbox/lib/python3.8/site-packages/airflow/example_dags/example_latest_only_with_trigger.py
[2021-08-08 04:23:00,794] {scheduler_job.py:633} INFO - Processing file /home/airflow/sandbox/lib/python3.8/site-packages/airflow/example_dags/example_latest_only_with_trigger.py for tasks to queue
[2021-08-08 04:23:00,800] {logging_mixin.py:104} INFO - [2021-08-08 04:23:00,799] {dagbag.py:496} INFO - Filling up the DagBag from /home/airflow/sandbox/lib/python3.8/site-packages/airflow/example_dags/example_latest_only_with_trigger.py
[2021-08-08 04:23:00,822] {scheduler_job.py:643} INFO - DAG(s) dict_keys(['latest_only_with_trigger']) retrieved from /home/airflow/sandbox/lib/python3.8/site-packages/airflow/example_dags/example_latest_only_with_trigger.py
[2021-08-08 04:23:00,856] {logging_mixin.py:104} INFO - [2021-08-08 04:23:00,856] {dag.py:1833} INFO - Sync 1 DAGs
[2021-08-08 04:23:00,879] {logging_mixin.py:104} INFO - [2021-08-08 04:23:00,879] {dag.py:2306} INFO - Setting next_dagrun for latest_only_with_trigger to 2021-08-06 00:00:00+00:00
[2021-08-08 04:23:00,900] {scheduler_job.py:190} INFO - Processing /home/airflow/sandbox/lib/python3.8/site-packages/airflow/example_dags/example_latest_only_with_trigger.py took 0.121 seconds
[2021-08-08 04:23:34,279] {scheduler_job.py:182} INFO - Started process (PID=6176) to work on /home/airflow/sandbox/lib/python3.8/site-packages/airflow/example_dags/example_latest_only_with_trigger.py
[2021-08-08 04:23:34,285] {scheduler_job.py:633} INFO - Processing file /home/airflow/sandbox/lib/python3.8/site-packages/airflow/example_dags/example_latest_only_with_trigger.py for tasks to queue
[2021-08-08 04:23:34,288] {logging_mixin.py:104} INFO - [2021-08-08 04:23:34,288] {dagbag.py:496} INFO - Filling up the DagBag from /home/airflow/sandbox/lib/python3.8/site-packages/airflow/example_dags/example_latest_only_with_trigger.py
[2021-08-08 04:23:34,304] {scheduler_job.py:643} INFO - DAG(s) dict_keys(['latest_only_with_trigger']) retrieved from /home/airflow/sandbox/lib/python3.8/site-packages/airflow/example_dags/example_latest_only_with_trigger.py
[2021-08-08 04:23:34,317] {logging_mixin.py:104} INFO - [2021-08-08 04:23:34,317] {dag.py:1833} INFO - Sync 1 DAGs
[2021-08-08 04:23:34,330] {logging_mixin.py:104} INFO - [2021-08-08 04:23:34,330] {dag.py:2306} INFO - Setting next_dagrun for latest_only_with_trigger to 2021-08-06 00:00:00+00:00
[2021-08-08 04:23:34,361] {scheduler_job.py:190} INFO - Processing /home/airflow/sandbox/lib/python3.8/site-packages/airflow/example_dags/example_latest_only_with_trigger.py took 0.084 seconds
[2021-08-08 04:24:07,940] {scheduler_job.py:182} INFO - Started process (PID=6345) to work on /home/airflow/sandbox/lib/python3.8/site-packages/airflow/example_dags/example_latest_only_with_trigger.py
[2021-08-08 04:24:07,942] {scheduler_job.py:633} INFO - Processing file /home/airflow/sandbox/lib/python3.8/site-packages/airflow/example_dags/example_latest_only_with_trigger.py for tasks to queue
[2021-08-08 04:24:07,944] {logging_mixin.py:104} INFO - [2021-08-08 04:24:07,944] {dagbag.py:496} INFO - Filling up the DagBag from /home/airflow/sandbox/lib/python3.8/site-packages/airflow/example_dags/example_latest_only_with_trigger.py
[2021-08-08 04:24:07,957] {scheduler_job.py:643} INFO - DAG(s) dict_keys(['latest_only_with_trigger']) retrieved from /home/airflow/sandbox/lib/python3.8/site-packages/airflow/example_dags/example_latest_only_with_trigger.py
[2021-08-08 04:24:07,973] {logging_mixin.py:104} INFO - [2021-08-08 04:24:07,973] {dag.py:1833} INFO - Sync 1 DAGs
[2021-08-08 04:24:07,984] {logging_mixin.py:104} INFO - [2021-08-08 04:24:07,984] {dag.py:2306} INFO - Setting next_dagrun for latest_only_with_trigger to 2021-08-06 00:00:00+00:00
[2021-08-08 04:24:08,002] {scheduler_job.py:190} INFO - Processing /home/airflow/sandbox/lib/python3.8/site-packages/airflow/example_dags/example_latest_only_with_trigger.py took 0.064 seconds
[2021-08-08 04:24:40,594] {scheduler_job.py:182} INFO - Started process (PID=6488) to work on /home/airflow/sandbox/lib/python3.8/site-packages/airflow/example_dags/example_latest_only_with_trigger.py
[2021-08-08 04:24:40,597] {scheduler_job.py:633} INFO - Processing file /home/airflow/sandbox/lib/python3.8/site-packages/airflow/example_dags/example_latest_only_with_trigger.py for tasks to queue
[2021-08-08 04:24:40,599] {logging_mixin.py:104} INFO - [2021-08-08 04:24:40,599] {dagbag.py:496} INFO - Filling up the DagBag from /home/airflow/sandbox/lib/python3.8/site-packages/airflow/example_dags/example_latest_only_with_trigger.py
[2021-08-08 04:24:40,612] {scheduler_job.py:643} INFO - DAG(s) dict_keys(['latest_only_with_trigger']) retrieved from /home/airflow/sandbox/lib/python3.8/site-packages/airflow/example_dags/example_latest_only_with_trigger.py
[2021-08-08 04:24:40,627] {logging_mixin.py:104} INFO - [2021-08-08 04:24:40,627] {dag.py:1833} INFO - Sync 1 DAGs
[2021-08-08 04:24:40,637] {logging_mixin.py:104} INFO - [2021-08-08 04:24:40,637] {dag.py:2306} INFO - Setting next_dagrun for latest_only_with_trigger to 2021-08-06 00:00:00+00:00
[2021-08-08 04:24:40,658] {scheduler_job.py:190} INFO - Processing /home/airflow/sandbox/lib/python3.8/site-packages/airflow/example_dags/example_latest_only_with_trigger.py took 0.066 seconds
