[2021-08-08 04:11:17,277] {scheduler_job.py:182} INFO - Started process (PID=2626) to work on /home/airflow/sandbox/lib/python3.8/site-packages/airflow/example_dags/example_skip_dag.py
[2021-08-08 04:11:17,280] {scheduler_job.py:633} INFO - Processing file /home/airflow/sandbox/lib/python3.8/site-packages/airflow/example_dags/example_skip_dag.py for tasks to queue
[2021-08-08 04:11:17,282] {logging_mixin.py:104} INFO - [2021-08-08 04:11:17,282] {dagbag.py:496} INFO - Filling up the DagBag from /home/airflow/sandbox/lib/python3.8/site-packages/airflow/example_dags/example_skip_dag.py
[2021-08-08 04:11:17,293] {scheduler_job.py:643} INFO - DAG(s) dict_keys(['example_skip_dag']) retrieved from /home/airflow/sandbox/lib/python3.8/site-packages/airflow/example_dags/example_skip_dag.py
[2021-08-08 04:11:17,523] {logging_mixin.py:104} INFO - [2021-08-08 04:11:17,523] {dag.py:1833} INFO - Sync 1 DAGs
[2021-08-08 04:11:17,531] {logging_mixin.py:104} INFO - [2021-08-08 04:11:17,531] {dag.py:2306} INFO - Setting next_dagrun for example_skip_dag to 2021-08-06 00:00:00+00:00
[2021-08-08 04:11:17,555] {scheduler_job.py:190} INFO - Processing /home/airflow/sandbox/lib/python3.8/site-packages/airflow/example_dags/example_skip_dag.py took 0.281 seconds
[2021-08-08 04:11:56,722] {scheduler_job.py:182} INFO - Started process (PID=2774) to work on /home/airflow/sandbox/lib/python3.8/site-packages/airflow/example_dags/example_skip_dag.py
[2021-08-08 04:11:56,725] {scheduler_job.py:633} INFO - Processing file /home/airflow/sandbox/lib/python3.8/site-packages/airflow/example_dags/example_skip_dag.py for tasks to queue
[2021-08-08 04:11:56,729] {logging_mixin.py:104} INFO - [2021-08-08 04:11:56,729] {dagbag.py:496} INFO - Filling up the DagBag from /home/airflow/sandbox/lib/python3.8/site-packages/airflow/example_dags/example_skip_dag.py
[2021-08-08 04:11:56,741] {scheduler_job.py:643} INFO - DAG(s) dict_keys(['example_skip_dag']) retrieved from /home/airflow/sandbox/lib/python3.8/site-packages/airflow/example_dags/example_skip_dag.py
[2021-08-08 04:11:56,756] {logging_mixin.py:104} INFO - [2021-08-08 04:11:56,756] {dag.py:1833} INFO - Sync 1 DAGs
[2021-08-08 04:11:56,766] {logging_mixin.py:104} INFO - [2021-08-08 04:11:56,766] {dag.py:2306} INFO - Setting next_dagrun for example_skip_dag to 2021-08-06 00:00:00+00:00
[2021-08-08 04:11:56,785] {scheduler_job.py:190} INFO - Processing /home/airflow/sandbox/lib/python3.8/site-packages/airflow/example_dags/example_skip_dag.py took 0.067 seconds
[2021-08-08 04:12:30,508] {scheduler_job.py:182} INFO - Started process (PID=2942) to work on /home/airflow/sandbox/lib/python3.8/site-packages/airflow/example_dags/example_skip_dag.py
[2021-08-08 04:12:30,511] {scheduler_job.py:633} INFO - Processing file /home/airflow/sandbox/lib/python3.8/site-packages/airflow/example_dags/example_skip_dag.py for tasks to queue
[2021-08-08 04:12:30,517] {logging_mixin.py:104} INFO - [2021-08-08 04:12:30,515] {dagbag.py:496} INFO - Filling up the DagBag from /home/airflow/sandbox/lib/python3.8/site-packages/airflow/example_dags/example_skip_dag.py
[2021-08-08 04:12:30,532] {scheduler_job.py:643} INFO - DAG(s) dict_keys(['example_skip_dag']) retrieved from /home/airflow/sandbox/lib/python3.8/site-packages/airflow/example_dags/example_skip_dag.py
[2021-08-08 04:12:30,553] {logging_mixin.py:104} INFO - [2021-08-08 04:12:30,553] {dag.py:1833} INFO - Sync 1 DAGs
[2021-08-08 04:12:30,567] {logging_mixin.py:104} INFO - [2021-08-08 04:12:30,567] {dag.py:2306} INFO - Setting next_dagrun for example_skip_dag to 2021-08-06 00:00:00+00:00
[2021-08-08 04:12:30,585] {scheduler_job.py:190} INFO - Processing /home/airflow/sandbox/lib/python3.8/site-packages/airflow/example_dags/example_skip_dag.py took 0.080 seconds
[2021-08-08 04:13:05,150] {scheduler_job.py:182} INFO - Started process (PID=3097) to work on /home/airflow/sandbox/lib/python3.8/site-packages/airflow/example_dags/example_skip_dag.py
[2021-08-08 04:13:05,152] {scheduler_job.py:633} INFO - Processing file /home/airflow/sandbox/lib/python3.8/site-packages/airflow/example_dags/example_skip_dag.py for tasks to queue
[2021-08-08 04:13:05,155] {logging_mixin.py:104} INFO - [2021-08-08 04:13:05,155] {dagbag.py:496} INFO - Filling up the DagBag from /home/airflow/sandbox/lib/python3.8/site-packages/airflow/example_dags/example_skip_dag.py
[2021-08-08 04:13:05,166] {scheduler_job.py:643} INFO - DAG(s) dict_keys(['example_skip_dag']) retrieved from /home/airflow/sandbox/lib/python3.8/site-packages/airflow/example_dags/example_skip_dag.py
[2021-08-08 04:13:05,179] {logging_mixin.py:104} INFO - [2021-08-08 04:13:05,178] {dag.py:1833} INFO - Sync 1 DAGs
[2021-08-08 04:13:05,187] {logging_mixin.py:104} INFO - [2021-08-08 04:13:05,187] {dag.py:2306} INFO - Setting next_dagrun for example_skip_dag to 2021-08-06 00:00:00+00:00
[2021-08-08 04:13:05,208] {scheduler_job.py:190} INFO - Processing /home/airflow/sandbox/lib/python3.8/site-packages/airflow/example_dags/example_skip_dag.py took 0.061 seconds
[2021-08-08 04:13:38,622] {scheduler_job.py:182} INFO - Started process (PID=3226) to work on /home/airflow/sandbox/lib/python3.8/site-packages/airflow/example_dags/example_skip_dag.py
[2021-08-08 04:13:38,625] {scheduler_job.py:633} INFO - Processing file /home/airflow/sandbox/lib/python3.8/site-packages/airflow/example_dags/example_skip_dag.py for tasks to queue
[2021-08-08 04:13:38,627] {logging_mixin.py:104} INFO - [2021-08-08 04:13:38,627] {dagbag.py:496} INFO - Filling up the DagBag from /home/airflow/sandbox/lib/python3.8/site-packages/airflow/example_dags/example_skip_dag.py
[2021-08-08 04:13:38,638] {scheduler_job.py:643} INFO - DAG(s) dict_keys(['example_skip_dag']) retrieved from /home/airflow/sandbox/lib/python3.8/site-packages/airflow/example_dags/example_skip_dag.py
[2021-08-08 04:13:38,650] {logging_mixin.py:104} INFO - [2021-08-08 04:13:38,649] {dag.py:1833} INFO - Sync 1 DAGs
[2021-08-08 04:13:38,659] {logging_mixin.py:104} INFO - [2021-08-08 04:13:38,659] {dag.py:2306} INFO - Setting next_dagrun for example_skip_dag to 2021-08-06 00:00:00+00:00
[2021-08-08 04:13:38,675] {scheduler_job.py:190} INFO - Processing /home/airflow/sandbox/lib/python3.8/site-packages/airflow/example_dags/example_skip_dag.py took 0.056 seconds
[2021-08-08 04:14:13,513] {scheduler_job.py:182} INFO - Started process (PID=3371) to work on /home/airflow/sandbox/lib/python3.8/site-packages/airflow/example_dags/example_skip_dag.py
[2021-08-08 04:14:13,516] {scheduler_job.py:633} INFO - Processing file /home/airflow/sandbox/lib/python3.8/site-packages/airflow/example_dags/example_skip_dag.py for tasks to queue
[2021-08-08 04:14:13,518] {logging_mixin.py:104} INFO - [2021-08-08 04:14:13,518] {dagbag.py:496} INFO - Filling up the DagBag from /home/airflow/sandbox/lib/python3.8/site-packages/airflow/example_dags/example_skip_dag.py
[2021-08-08 04:14:13,529] {scheduler_job.py:643} INFO - DAG(s) dict_keys(['example_skip_dag']) retrieved from /home/airflow/sandbox/lib/python3.8/site-packages/airflow/example_dags/example_skip_dag.py
[2021-08-08 04:14:13,543] {logging_mixin.py:104} INFO - [2021-08-08 04:14:13,542] {dag.py:1833} INFO - Sync 1 DAGs
[2021-08-08 04:14:13,552] {logging_mixin.py:104} INFO - [2021-08-08 04:14:13,552] {dag.py:2306} INFO - Setting next_dagrun for example_skip_dag to 2021-08-06 00:00:00+00:00
[2021-08-08 04:14:13,570] {scheduler_job.py:190} INFO - Processing /home/airflow/sandbox/lib/python3.8/site-packages/airflow/example_dags/example_skip_dag.py took 0.059 seconds
[2021-08-08 04:14:50,292] {scheduler_job.py:182} INFO - Started process (PID=3639) to work on /home/airflow/sandbox/lib/python3.8/site-packages/airflow/example_dags/example_skip_dag.py
[2021-08-08 04:14:50,294] {scheduler_job.py:633} INFO - Processing file /home/airflow/sandbox/lib/python3.8/site-packages/airflow/example_dags/example_skip_dag.py for tasks to queue
[2021-08-08 04:14:50,297] {logging_mixin.py:104} INFO - [2021-08-08 04:14:50,297] {dagbag.py:496} INFO - Filling up the DagBag from /home/airflow/sandbox/lib/python3.8/site-packages/airflow/example_dags/example_skip_dag.py
[2021-08-08 04:14:50,311] {scheduler_job.py:643} INFO - DAG(s) dict_keys(['example_skip_dag']) retrieved from /home/airflow/sandbox/lib/python3.8/site-packages/airflow/example_dags/example_skip_dag.py
[2021-08-08 04:14:50,326] {logging_mixin.py:104} INFO - [2021-08-08 04:14:50,326] {dag.py:1833} INFO - Sync 1 DAGs
[2021-08-08 04:14:50,339] {logging_mixin.py:104} INFO - [2021-08-08 04:14:50,339] {dag.py:2306} INFO - Setting next_dagrun for example_skip_dag to 2021-08-06 00:00:00+00:00
[2021-08-08 04:14:50,362] {scheduler_job.py:190} INFO - Processing /home/airflow/sandbox/lib/python3.8/site-packages/airflow/example_dags/example_skip_dag.py took 0.074 seconds
[2021-08-08 04:15:26,461] {scheduler_job.py:182} INFO - Started process (PID=3805) to work on /home/airflow/sandbox/lib/python3.8/site-packages/airflow/example_dags/example_skip_dag.py
[2021-08-08 04:15:26,465] {scheduler_job.py:633} INFO - Processing file /home/airflow/sandbox/lib/python3.8/site-packages/airflow/example_dags/example_skip_dag.py for tasks to queue
[2021-08-08 04:15:26,468] {logging_mixin.py:104} INFO - [2021-08-08 04:15:26,468] {dagbag.py:496} INFO - Filling up the DagBag from /home/airflow/sandbox/lib/python3.8/site-packages/airflow/example_dags/example_skip_dag.py
[2021-08-08 04:15:26,478] {scheduler_job.py:643} INFO - DAG(s) dict_keys(['example_skip_dag']) retrieved from /home/airflow/sandbox/lib/python3.8/site-packages/airflow/example_dags/example_skip_dag.py
[2021-08-08 04:15:26,491] {logging_mixin.py:104} INFO - [2021-08-08 04:15:26,491] {dag.py:1833} INFO - Sync 1 DAGs
[2021-08-08 04:15:26,500] {logging_mixin.py:104} INFO - [2021-08-08 04:15:26,500] {dag.py:2306} INFO - Setting next_dagrun for example_skip_dag to 2021-08-06 00:00:00+00:00
[2021-08-08 04:15:26,519] {scheduler_job.py:190} INFO - Processing /home/airflow/sandbox/lib/python3.8/site-packages/airflow/example_dags/example_skip_dag.py took 0.061 seconds
[2021-08-08 04:15:58,823] {scheduler_job.py:182} INFO - Started process (PID=4039) to work on /home/airflow/sandbox/lib/python3.8/site-packages/airflow/example_dags/example_skip_dag.py
[2021-08-08 04:15:58,825] {scheduler_job.py:633} INFO - Processing file /home/airflow/sandbox/lib/python3.8/site-packages/airflow/example_dags/example_skip_dag.py for tasks to queue
[2021-08-08 04:15:58,832] {logging_mixin.py:104} INFO - [2021-08-08 04:15:58,832] {dagbag.py:496} INFO - Filling up the DagBag from /home/airflow/sandbox/lib/python3.8/site-packages/airflow/example_dags/example_skip_dag.py
[2021-08-08 04:15:58,850] {scheduler_job.py:643} INFO - DAG(s) dict_keys(['example_skip_dag']) retrieved from /home/airflow/sandbox/lib/python3.8/site-packages/airflow/example_dags/example_skip_dag.py
[2021-08-08 04:15:58,883] {logging_mixin.py:104} INFO - [2021-08-08 04:15:58,883] {dag.py:1833} INFO - Sync 1 DAGs
[2021-08-08 04:15:58,901] {logging_mixin.py:104} INFO - [2021-08-08 04:15:58,900] {dag.py:2306} INFO - Setting next_dagrun for example_skip_dag to 2021-08-06 00:00:00+00:00
[2021-08-08 04:15:58,928] {scheduler_job.py:190} INFO - Processing /home/airflow/sandbox/lib/python3.8/site-packages/airflow/example_dags/example_skip_dag.py took 0.108 seconds
[2021-08-08 04:16:32,276] {scheduler_job.py:182} INFO - Started process (PID=4207) to work on /home/airflow/sandbox/lib/python3.8/site-packages/airflow/example_dags/example_skip_dag.py
[2021-08-08 04:16:32,279] {scheduler_job.py:633} INFO - Processing file /home/airflow/sandbox/lib/python3.8/site-packages/airflow/example_dags/example_skip_dag.py for tasks to queue
[2021-08-08 04:16:32,283] {logging_mixin.py:104} INFO - [2021-08-08 04:16:32,283] {dagbag.py:496} INFO - Filling up the DagBag from /home/airflow/sandbox/lib/python3.8/site-packages/airflow/example_dags/example_skip_dag.py
[2021-08-08 04:16:32,296] {scheduler_job.py:643} INFO - DAG(s) dict_keys(['example_skip_dag']) retrieved from /home/airflow/sandbox/lib/python3.8/site-packages/airflow/example_dags/example_skip_dag.py
[2021-08-08 04:16:32,315] {logging_mixin.py:104} INFO - [2021-08-08 04:16:32,315] {dag.py:1833} INFO - Sync 1 DAGs
[2021-08-08 04:16:32,328] {logging_mixin.py:104} INFO - [2021-08-08 04:16:32,327] {dag.py:2306} INFO - Setting next_dagrun for example_skip_dag to 2021-08-06 00:00:00+00:00
[2021-08-08 04:16:32,357] {scheduler_job.py:190} INFO - Processing /home/airflow/sandbox/lib/python3.8/site-packages/airflow/example_dags/example_skip_dag.py took 0.086 seconds
[2021-08-08 04:17:04,778] {scheduler_job.py:182} INFO - Started process (PID=4386) to work on /home/airflow/sandbox/lib/python3.8/site-packages/airflow/example_dags/example_skip_dag.py
[2021-08-08 04:17:04,780] {scheduler_job.py:633} INFO - Processing file /home/airflow/sandbox/lib/python3.8/site-packages/airflow/example_dags/example_skip_dag.py for tasks to queue
[2021-08-08 04:17:04,782] {logging_mixin.py:104} INFO - [2021-08-08 04:17:04,782] {dagbag.py:496} INFO - Filling up the DagBag from /home/airflow/sandbox/lib/python3.8/site-packages/airflow/example_dags/example_skip_dag.py
[2021-08-08 04:17:04,793] {scheduler_job.py:643} INFO - DAG(s) dict_keys(['example_skip_dag']) retrieved from /home/airflow/sandbox/lib/python3.8/site-packages/airflow/example_dags/example_skip_dag.py
[2021-08-08 04:17:04,807] {logging_mixin.py:104} INFO - [2021-08-08 04:17:04,807] {dag.py:1833} INFO - Sync 1 DAGs
[2021-08-08 04:17:04,817] {logging_mixin.py:104} INFO - [2021-08-08 04:17:04,817] {dag.py:2306} INFO - Setting next_dagrun for example_skip_dag to 2021-08-06 00:00:00+00:00
[2021-08-08 04:17:04,836] {scheduler_job.py:190} INFO - Processing /home/airflow/sandbox/lib/python3.8/site-packages/airflow/example_dags/example_skip_dag.py took 0.061 seconds
[2021-08-08 04:17:38,154] {scheduler_job.py:182} INFO - Started process (PID=4509) to work on /home/airflow/sandbox/lib/python3.8/site-packages/airflow/example_dags/example_skip_dag.py
[2021-08-08 04:17:38,156] {scheduler_job.py:633} INFO - Processing file /home/airflow/sandbox/lib/python3.8/site-packages/airflow/example_dags/example_skip_dag.py for tasks to queue
[2021-08-08 04:17:38,158] {logging_mixin.py:104} INFO - [2021-08-08 04:17:38,158] {dagbag.py:496} INFO - Filling up the DagBag from /home/airflow/sandbox/lib/python3.8/site-packages/airflow/example_dags/example_skip_dag.py
[2021-08-08 04:17:38,168] {scheduler_job.py:643} INFO - DAG(s) dict_keys(['example_skip_dag']) retrieved from /home/airflow/sandbox/lib/python3.8/site-packages/airflow/example_dags/example_skip_dag.py
[2021-08-08 04:17:38,180] {logging_mixin.py:104} INFO - [2021-08-08 04:17:38,180] {dag.py:1833} INFO - Sync 1 DAGs
[2021-08-08 04:17:38,189] {logging_mixin.py:104} INFO - [2021-08-08 04:17:38,189] {dag.py:2306} INFO - Setting next_dagrun for example_skip_dag to 2021-08-06 00:00:00+00:00
[2021-08-08 04:17:38,206] {scheduler_job.py:190} INFO - Processing /home/airflow/sandbox/lib/python3.8/site-packages/airflow/example_dags/example_skip_dag.py took 0.055 seconds
[2021-08-08 04:18:10,941] {scheduler_job.py:182} INFO - Started process (PID=4631) to work on /home/airflow/sandbox/lib/python3.8/site-packages/airflow/example_dags/example_skip_dag.py
[2021-08-08 04:18:10,945] {scheduler_job.py:633} INFO - Processing file /home/airflow/sandbox/lib/python3.8/site-packages/airflow/example_dags/example_skip_dag.py for tasks to queue
[2021-08-08 04:18:10,947] {logging_mixin.py:104} INFO - [2021-08-08 04:18:10,947] {dagbag.py:496} INFO - Filling up the DagBag from /home/airflow/sandbox/lib/python3.8/site-packages/airflow/example_dags/example_skip_dag.py
[2021-08-08 04:18:10,958] {scheduler_job.py:643} INFO - DAG(s) dict_keys(['example_skip_dag']) retrieved from /home/airflow/sandbox/lib/python3.8/site-packages/airflow/example_dags/example_skip_dag.py
[2021-08-08 04:18:10,974] {logging_mixin.py:104} INFO - [2021-08-08 04:18:10,974] {dag.py:1833} INFO - Sync 1 DAGs
[2021-08-08 04:18:10,987] {logging_mixin.py:104} INFO - [2021-08-08 04:18:10,987] {dag.py:2306} INFO - Setting next_dagrun for example_skip_dag to 2021-08-06 00:00:00+00:00
[2021-08-08 04:18:11,005] {scheduler_job.py:190} INFO - Processing /home/airflow/sandbox/lib/python3.8/site-packages/airflow/example_dags/example_skip_dag.py took 0.067 seconds
[2021-08-08 04:18:44,546] {scheduler_job.py:182} INFO - Started process (PID=4851) to work on /home/airflow/sandbox/lib/python3.8/site-packages/airflow/example_dags/example_skip_dag.py
[2021-08-08 04:18:44,548] {scheduler_job.py:633} INFO - Processing file /home/airflow/sandbox/lib/python3.8/site-packages/airflow/example_dags/example_skip_dag.py for tasks to queue
[2021-08-08 04:18:44,550] {logging_mixin.py:104} INFO - [2021-08-08 04:18:44,550] {dagbag.py:496} INFO - Filling up the DagBag from /home/airflow/sandbox/lib/python3.8/site-packages/airflow/example_dags/example_skip_dag.py
[2021-08-08 04:18:44,559] {scheduler_job.py:643} INFO - DAG(s) dict_keys(['example_skip_dag']) retrieved from /home/airflow/sandbox/lib/python3.8/site-packages/airflow/example_dags/example_skip_dag.py
[2021-08-08 04:18:44,573] {logging_mixin.py:104} INFO - [2021-08-08 04:18:44,573] {dag.py:1833} INFO - Sync 1 DAGs
[2021-08-08 04:18:44,581] {logging_mixin.py:104} INFO - [2021-08-08 04:18:44,581] {dag.py:2306} INFO - Setting next_dagrun for example_skip_dag to 2021-08-06 00:00:00+00:00
[2021-08-08 04:18:44,598] {scheduler_job.py:190} INFO - Processing /home/airflow/sandbox/lib/python3.8/site-packages/airflow/example_dags/example_skip_dag.py took 0.056 seconds
[2021-08-08 04:19:17,729] {scheduler_job.py:182} INFO - Started process (PID=4980) to work on /home/airflow/sandbox/lib/python3.8/site-packages/airflow/example_dags/example_skip_dag.py
[2021-08-08 04:19:17,731] {scheduler_job.py:633} INFO - Processing file /home/airflow/sandbox/lib/python3.8/site-packages/airflow/example_dags/example_skip_dag.py for tasks to queue
[2021-08-08 04:19:17,733] {logging_mixin.py:104} INFO - [2021-08-08 04:19:17,733] {dagbag.py:496} INFO - Filling up the DagBag from /home/airflow/sandbox/lib/python3.8/site-packages/airflow/example_dags/example_skip_dag.py
[2021-08-08 04:19:17,743] {scheduler_job.py:643} INFO - DAG(s) dict_keys(['example_skip_dag']) retrieved from /home/airflow/sandbox/lib/python3.8/site-packages/airflow/example_dags/example_skip_dag.py
[2021-08-08 04:19:17,755] {logging_mixin.py:104} INFO - [2021-08-08 04:19:17,755] {dag.py:1833} INFO - Sync 1 DAGs
[2021-08-08 04:19:17,764] {logging_mixin.py:104} INFO - [2021-08-08 04:19:17,764] {dag.py:2306} INFO - Setting next_dagrun for example_skip_dag to 2021-08-06 00:00:00+00:00
[2021-08-08 04:19:17,782] {scheduler_job.py:190} INFO - Processing /home/airflow/sandbox/lib/python3.8/site-packages/airflow/example_dags/example_skip_dag.py took 0.056 seconds
[2021-08-08 04:19:51,838] {scheduler_job.py:182} INFO - Started process (PID=5109) to work on /home/airflow/sandbox/lib/python3.8/site-packages/airflow/example_dags/example_skip_dag.py
[2021-08-08 04:19:51,840] {scheduler_job.py:633} INFO - Processing file /home/airflow/sandbox/lib/python3.8/site-packages/airflow/example_dags/example_skip_dag.py for tasks to queue
[2021-08-08 04:19:51,842] {logging_mixin.py:104} INFO - [2021-08-08 04:19:51,842] {dagbag.py:496} INFO - Filling up the DagBag from /home/airflow/sandbox/lib/python3.8/site-packages/airflow/example_dags/example_skip_dag.py
[2021-08-08 04:19:51,852] {scheduler_job.py:643} INFO - DAG(s) dict_keys(['example_skip_dag']) retrieved from /home/airflow/sandbox/lib/python3.8/site-packages/airflow/example_dags/example_skip_dag.py
[2021-08-08 04:19:51,865] {logging_mixin.py:104} INFO - [2021-08-08 04:19:51,865] {dag.py:1833} INFO - Sync 1 DAGs
[2021-08-08 04:19:51,875] {logging_mixin.py:104} INFO - [2021-08-08 04:19:51,875] {dag.py:2306} INFO - Setting next_dagrun for example_skip_dag to 2021-08-06 00:00:00+00:00
[2021-08-08 04:19:51,893] {scheduler_job.py:190} INFO - Processing /home/airflow/sandbox/lib/python3.8/site-packages/airflow/example_dags/example_skip_dag.py took 0.057 seconds
[2021-08-08 04:20:26,117] {scheduler_job.py:182} INFO - Started process (PID=5244) to work on /home/airflow/sandbox/lib/python3.8/site-packages/airflow/example_dags/example_skip_dag.py
[2021-08-08 04:20:26,119] {scheduler_job.py:633} INFO - Processing file /home/airflow/sandbox/lib/python3.8/site-packages/airflow/example_dags/example_skip_dag.py for tasks to queue
[2021-08-08 04:20:26,121] {logging_mixin.py:104} INFO - [2021-08-08 04:20:26,121] {dagbag.py:496} INFO - Filling up the DagBag from /home/airflow/sandbox/lib/python3.8/site-packages/airflow/example_dags/example_skip_dag.py
[2021-08-08 04:20:26,130] {scheduler_job.py:643} INFO - DAG(s) dict_keys(['example_skip_dag']) retrieved from /home/airflow/sandbox/lib/python3.8/site-packages/airflow/example_dags/example_skip_dag.py
[2021-08-08 04:20:26,142] {logging_mixin.py:104} INFO - [2021-08-08 04:20:26,142] {dag.py:1833} INFO - Sync 1 DAGs
[2021-08-08 04:20:26,151] {logging_mixin.py:104} INFO - [2021-08-08 04:20:26,151] {dag.py:2306} INFO - Setting next_dagrun for example_skip_dag to 2021-08-06 00:00:00+00:00
[2021-08-08 04:20:26,168] {scheduler_job.py:190} INFO - Processing /home/airflow/sandbox/lib/python3.8/site-packages/airflow/example_dags/example_skip_dag.py took 0.054 seconds
[2021-08-08 04:20:58,352] {scheduler_job.py:182} INFO - Started process (PID=5408) to work on /home/airflow/sandbox/lib/python3.8/site-packages/airflow/example_dags/example_skip_dag.py
[2021-08-08 04:20:58,355] {scheduler_job.py:633} INFO - Processing file /home/airflow/sandbox/lib/python3.8/site-packages/airflow/example_dags/example_skip_dag.py for tasks to queue
[2021-08-08 04:20:58,357] {logging_mixin.py:104} INFO - [2021-08-08 04:20:58,357] {dagbag.py:496} INFO - Filling up the DagBag from /home/airflow/sandbox/lib/python3.8/site-packages/airflow/example_dags/example_skip_dag.py
[2021-08-08 04:20:58,367] {scheduler_job.py:643} INFO - DAG(s) dict_keys(['example_skip_dag']) retrieved from /home/airflow/sandbox/lib/python3.8/site-packages/airflow/example_dags/example_skip_dag.py
[2021-08-08 04:20:58,379] {logging_mixin.py:104} INFO - [2021-08-08 04:20:58,379] {dag.py:1833} INFO - Sync 1 DAGs
[2021-08-08 04:20:58,388] {logging_mixin.py:104} INFO - [2021-08-08 04:20:58,388] {dag.py:2306} INFO - Setting next_dagrun for example_skip_dag to 2021-08-06 00:00:00+00:00
[2021-08-08 04:20:58,405] {scheduler_job.py:190} INFO - Processing /home/airflow/sandbox/lib/python3.8/site-packages/airflow/example_dags/example_skip_dag.py took 0.056 seconds
[2021-08-08 04:21:31,425] {scheduler_job.py:182} INFO - Started process (PID=5536) to work on /home/airflow/sandbox/lib/python3.8/site-packages/airflow/example_dags/example_skip_dag.py
[2021-08-08 04:21:31,427] {scheduler_job.py:633} INFO - Processing file /home/airflow/sandbox/lib/python3.8/site-packages/airflow/example_dags/example_skip_dag.py for tasks to queue
[2021-08-08 04:21:31,429] {logging_mixin.py:104} INFO - [2021-08-08 04:21:31,429] {dagbag.py:496} INFO - Filling up the DagBag from /home/airflow/sandbox/lib/python3.8/site-packages/airflow/example_dags/example_skip_dag.py
[2021-08-08 04:21:31,441] {scheduler_job.py:643} INFO - DAG(s) dict_keys(['example_skip_dag']) retrieved from /home/airflow/sandbox/lib/python3.8/site-packages/airflow/example_dags/example_skip_dag.py
[2021-08-08 04:21:31,454] {logging_mixin.py:104} INFO - [2021-08-08 04:21:31,453] {dag.py:1833} INFO - Sync 1 DAGs
[2021-08-08 04:21:31,463] {logging_mixin.py:104} INFO - [2021-08-08 04:21:31,462] {dag.py:2306} INFO - Setting next_dagrun for example_skip_dag to 2021-08-06 00:00:00+00:00
[2021-08-08 04:21:31,478] {scheduler_job.py:190} INFO - Processing /home/airflow/sandbox/lib/python3.8/site-packages/airflow/example_dags/example_skip_dag.py took 0.057 seconds
[2021-08-08 04:22:04,182] {scheduler_job.py:182} INFO - Started process (PID=5666) to work on /home/airflow/sandbox/lib/python3.8/site-packages/airflow/example_dags/example_skip_dag.py
[2021-08-08 04:22:04,185] {scheduler_job.py:633} INFO - Processing file /home/airflow/sandbox/lib/python3.8/site-packages/airflow/example_dags/example_skip_dag.py for tasks to queue
[2021-08-08 04:22:04,187] {logging_mixin.py:104} INFO - [2021-08-08 04:22:04,187] {dagbag.py:496} INFO - Filling up the DagBag from /home/airflow/sandbox/lib/python3.8/site-packages/airflow/example_dags/example_skip_dag.py
[2021-08-08 04:22:04,196] {scheduler_job.py:643} INFO - DAG(s) dict_keys(['example_skip_dag']) retrieved from /home/airflow/sandbox/lib/python3.8/site-packages/airflow/example_dags/example_skip_dag.py
[2021-08-08 04:22:04,208] {logging_mixin.py:104} INFO - [2021-08-08 04:22:04,208] {dag.py:1833} INFO - Sync 1 DAGs
[2021-08-08 04:22:04,217] {logging_mixin.py:104} INFO - [2021-08-08 04:22:04,217] {dag.py:2306} INFO - Setting next_dagrun for example_skip_dag to 2021-08-06 00:00:00+00:00
[2021-08-08 04:22:04,235] {scheduler_job.py:190} INFO - Processing /home/airflow/sandbox/lib/python3.8/site-packages/airflow/example_dags/example_skip_dag.py took 0.055 seconds
[2021-08-08 04:22:38,531] {scheduler_job.py:182} INFO - Started process (PID=5817) to work on /home/airflow/sandbox/lib/python3.8/site-packages/airflow/example_dags/example_skip_dag.py
[2021-08-08 04:22:38,534] {scheduler_job.py:633} INFO - Processing file /home/airflow/sandbox/lib/python3.8/site-packages/airflow/example_dags/example_skip_dag.py for tasks to queue
[2021-08-08 04:22:38,536] {logging_mixin.py:104} INFO - [2021-08-08 04:22:38,536] {dagbag.py:496} INFO - Filling up the DagBag from /home/airflow/sandbox/lib/python3.8/site-packages/airflow/example_dags/example_skip_dag.py
[2021-08-08 04:22:38,546] {scheduler_job.py:643} INFO - DAG(s) dict_keys(['example_skip_dag']) retrieved from /home/airflow/sandbox/lib/python3.8/site-packages/airflow/example_dags/example_skip_dag.py
[2021-08-08 04:22:38,561] {logging_mixin.py:104} INFO - [2021-08-08 04:22:38,561] {dag.py:1833} INFO - Sync 1 DAGs
[2021-08-08 04:22:38,571] {logging_mixin.py:104} INFO - [2021-08-08 04:22:38,571] {dag.py:2306} INFO - Setting next_dagrun for example_skip_dag to 2021-08-06 00:00:00+00:00
[2021-08-08 04:22:38,590] {scheduler_job.py:190} INFO - Processing /home/airflow/sandbox/lib/python3.8/site-packages/airflow/example_dags/example_skip_dag.py took 0.062 seconds
[2021-08-08 04:23:15,435] {scheduler_job.py:182} INFO - Started process (PID=6053) to work on /home/airflow/sandbox/lib/python3.8/site-packages/airflow/example_dags/example_skip_dag.py
[2021-08-08 04:23:15,444] {scheduler_job.py:633} INFO - Processing file /home/airflow/sandbox/lib/python3.8/site-packages/airflow/example_dags/example_skip_dag.py for tasks to queue
[2021-08-08 04:23:15,449] {logging_mixin.py:104} INFO - [2021-08-08 04:23:15,449] {dagbag.py:496} INFO - Filling up the DagBag from /home/airflow/sandbox/lib/python3.8/site-packages/airflow/example_dags/example_skip_dag.py
[2021-08-08 04:23:15,465] {scheduler_job.py:643} INFO - DAG(s) dict_keys(['example_skip_dag']) retrieved from /home/airflow/sandbox/lib/python3.8/site-packages/airflow/example_dags/example_skip_dag.py
[2021-08-08 04:23:15,496] {logging_mixin.py:104} INFO - [2021-08-08 04:23:15,496] {dag.py:1833} INFO - Sync 1 DAGs
[2021-08-08 04:23:15,513] {logging_mixin.py:104} INFO - [2021-08-08 04:23:15,513] {dag.py:2306} INFO - Setting next_dagrun for example_skip_dag to 2021-08-06 00:00:00+00:00
[2021-08-08 04:23:15,538] {scheduler_job.py:190} INFO - Processing /home/airflow/sandbox/lib/python3.8/site-packages/airflow/example_dags/example_skip_dag.py took 0.111 seconds
[2021-08-08 04:23:49,941] {scheduler_job.py:182} INFO - Started process (PID=6281) to work on /home/airflow/sandbox/lib/python3.8/site-packages/airflow/example_dags/example_skip_dag.py
[2021-08-08 04:23:49,944] {scheduler_job.py:633} INFO - Processing file /home/airflow/sandbox/lib/python3.8/site-packages/airflow/example_dags/example_skip_dag.py for tasks to queue
[2021-08-08 04:23:49,946] {logging_mixin.py:104} INFO - [2021-08-08 04:23:49,946] {dagbag.py:496} INFO - Filling up the DagBag from /home/airflow/sandbox/lib/python3.8/site-packages/airflow/example_dags/example_skip_dag.py
[2021-08-08 04:23:49,959] {scheduler_job.py:643} INFO - DAG(s) dict_keys(['example_skip_dag']) retrieved from /home/airflow/sandbox/lib/python3.8/site-packages/airflow/example_dags/example_skip_dag.py
[2021-08-08 04:23:49,978] {logging_mixin.py:104} INFO - [2021-08-08 04:23:49,978] {dag.py:1833} INFO - Sync 1 DAGs
[2021-08-08 04:23:49,990] {logging_mixin.py:104} INFO - [2021-08-08 04:23:49,990] {dag.py:2306} INFO - Setting next_dagrun for example_skip_dag to 2021-08-06 00:00:00+00:00
[2021-08-08 04:23:50,015] {scheduler_job.py:190} INFO - Processing /home/airflow/sandbox/lib/python3.8/site-packages/airflow/example_dags/example_skip_dag.py took 0.077 seconds
[2021-08-08 04:24:24,222] {scheduler_job.py:182} INFO - Started process (PID=6410) to work on /home/airflow/sandbox/lib/python3.8/site-packages/airflow/example_dags/example_skip_dag.py
[2021-08-08 04:24:24,225] {scheduler_job.py:633} INFO - Processing file /home/airflow/sandbox/lib/python3.8/site-packages/airflow/example_dags/example_skip_dag.py for tasks to queue
[2021-08-08 04:24:24,227] {logging_mixin.py:104} INFO - [2021-08-08 04:24:24,227] {dagbag.py:496} INFO - Filling up the DagBag from /home/airflow/sandbox/lib/python3.8/site-packages/airflow/example_dags/example_skip_dag.py
[2021-08-08 04:24:24,236] {scheduler_job.py:643} INFO - DAG(s) dict_keys(['example_skip_dag']) retrieved from /home/airflow/sandbox/lib/python3.8/site-packages/airflow/example_dags/example_skip_dag.py
[2021-08-08 04:24:24,248] {logging_mixin.py:104} INFO - [2021-08-08 04:24:24,248] {dag.py:1833} INFO - Sync 1 DAGs
[2021-08-08 04:24:24,257] {logging_mixin.py:104} INFO - [2021-08-08 04:24:24,257] {dag.py:2306} INFO - Setting next_dagrun for example_skip_dag to 2021-08-06 00:00:00+00:00
[2021-08-08 04:24:24,274] {scheduler_job.py:190} INFO - Processing /home/airflow/sandbox/lib/python3.8/site-packages/airflow/example_dags/example_skip_dag.py took 0.055 seconds
[2021-08-08 04:24:59,327] {scheduler_job.py:182} INFO - Started process (PID=6613) to work on /home/airflow/sandbox/lib/python3.8/site-packages/airflow/example_dags/example_skip_dag.py
[2021-08-08 04:24:59,330] {scheduler_job.py:633} INFO - Processing file /home/airflow/sandbox/lib/python3.8/site-packages/airflow/example_dags/example_skip_dag.py for tasks to queue
[2021-08-08 04:24:59,332] {logging_mixin.py:104} INFO - [2021-08-08 04:24:59,332] {dagbag.py:496} INFO - Filling up the DagBag from /home/airflow/sandbox/lib/python3.8/site-packages/airflow/example_dags/example_skip_dag.py
[2021-08-08 04:24:59,344] {scheduler_job.py:643} INFO - DAG(s) dict_keys(['example_skip_dag']) retrieved from /home/airflow/sandbox/lib/python3.8/site-packages/airflow/example_dags/example_skip_dag.py
[2021-08-08 04:24:59,357] {logging_mixin.py:104} INFO - [2021-08-08 04:24:59,357] {dag.py:1833} INFO - Sync 1 DAGs
[2021-08-08 04:24:59,370] {logging_mixin.py:104} INFO - [2021-08-08 04:24:59,370] {dag.py:2306} INFO - Setting next_dagrun for example_skip_dag to 2021-08-06 00:00:00+00:00
[2021-08-08 04:24:59,398] {scheduler_job.py:190} INFO - Processing /home/airflow/sandbox/lib/python3.8/site-packages/airflow/example_dags/example_skip_dag.py took 0.074 seconds
