[2021-08-08 04:11:02,915] {scheduler_job.py:182} INFO - Started process (PID=2545) to work on /home/airflow/sandbox/lib/python3.8/site-packages/airflow/example_dags/example_short_circuit_operator.py
[2021-08-08 04:11:02,923] {scheduler_job.py:633} INFO - Processing file /home/airflow/sandbox/lib/python3.8/site-packages/airflow/example_dags/example_short_circuit_operator.py for tasks to queue
[2021-08-08 04:11:02,928] {logging_mixin.py:104} INFO - [2021-08-08 04:11:02,923] {dagbag.py:496} INFO - Filling up the DagBag from /home/airflow/sandbox/lib/python3.8/site-packages/airflow/example_dags/example_short_circuit_operator.py
[2021-08-08 04:11:03,030] {scheduler_job.py:643} INFO - DAG(s) dict_keys(['example_short_circuit_operator']) retrieved from /home/airflow/sandbox/lib/python3.8/site-packages/airflow/example_dags/example_short_circuit_operator.py
[2021-08-08 04:11:03,748] {logging_mixin.py:104} INFO - [2021-08-08 04:11:03,747] {dag.py:1833} INFO - Sync 1 DAGs
[2021-08-08 04:11:03,759] {logging_mixin.py:104} INFO - [2021-08-08 04:11:03,759] {dag.py:2306} INFO - Setting next_dagrun for example_short_circuit_operator to 2021-08-06 00:00:00+00:00
[2021-08-08 04:11:03,807] {scheduler_job.py:190} INFO - Processing /home/airflow/sandbox/lib/python3.8/site-packages/airflow/example_dags/example_short_circuit_operator.py took 0.924 seconds
[2021-08-08 04:11:46,930] {scheduler_job.py:182} INFO - Started process (PID=2747) to work on /home/airflow/sandbox/lib/python3.8/site-packages/airflow/example_dags/example_short_circuit_operator.py
[2021-08-08 04:11:46,933] {scheduler_job.py:633} INFO - Processing file /home/airflow/sandbox/lib/python3.8/site-packages/airflow/example_dags/example_short_circuit_operator.py for tasks to queue
[2021-08-08 04:11:46,934] {logging_mixin.py:104} INFO - [2021-08-08 04:11:46,934] {dagbag.py:496} INFO - Filling up the DagBag from /home/airflow/sandbox/lib/python3.8/site-packages/airflow/example_dags/example_short_circuit_operator.py
[2021-08-08 04:11:46,951] {scheduler_job.py:643} INFO - DAG(s) dict_keys(['example_short_circuit_operator']) retrieved from /home/airflow/sandbox/lib/python3.8/site-packages/airflow/example_dags/example_short_circuit_operator.py
[2021-08-08 04:11:46,966] {logging_mixin.py:104} INFO - [2021-08-08 04:11:46,966] {dag.py:1833} INFO - Sync 1 DAGs
[2021-08-08 04:11:46,978] {logging_mixin.py:104} INFO - [2021-08-08 04:11:46,978] {dag.py:2306} INFO - Setting next_dagrun for example_short_circuit_operator to 2021-08-06 00:00:00+00:00
[2021-08-08 04:11:47,023] {scheduler_job.py:190} INFO - Processing /home/airflow/sandbox/lib/python3.8/site-packages/airflow/example_dags/example_short_circuit_operator.py took 0.096 seconds
[2021-08-08 04:12:20,799] {scheduler_job.py:182} INFO - Started process (PID=2900) to work on /home/airflow/sandbox/lib/python3.8/site-packages/airflow/example_dags/example_short_circuit_operator.py
[2021-08-08 04:12:20,802] {scheduler_job.py:633} INFO - Processing file /home/airflow/sandbox/lib/python3.8/site-packages/airflow/example_dags/example_short_circuit_operator.py for tasks to queue
[2021-08-08 04:12:20,805] {logging_mixin.py:104} INFO - [2021-08-08 04:12:20,805] {dagbag.py:496} INFO - Filling up the DagBag from /home/airflow/sandbox/lib/python3.8/site-packages/airflow/example_dags/example_short_circuit_operator.py
[2021-08-08 04:12:20,820] {scheduler_job.py:643} INFO - DAG(s) dict_keys(['example_short_circuit_operator']) retrieved from /home/airflow/sandbox/lib/python3.8/site-packages/airflow/example_dags/example_short_circuit_operator.py
[2021-08-08 04:12:20,834] {logging_mixin.py:104} INFO - [2021-08-08 04:12:20,834] {dag.py:1833} INFO - Sync 1 DAGs
[2021-08-08 04:12:20,844] {logging_mixin.py:104} INFO - [2021-08-08 04:12:20,844] {dag.py:2306} INFO - Setting next_dagrun for example_short_circuit_operator to 2021-08-06 00:00:00+00:00
[2021-08-08 04:12:20,865] {scheduler_job.py:190} INFO - Processing /home/airflow/sandbox/lib/python3.8/site-packages/airflow/example_dags/example_short_circuit_operator.py took 0.069 seconds
[2021-08-08 04:12:54,942] {scheduler_job.py:182} INFO - Started process (PID=3043) to work on /home/airflow/sandbox/lib/python3.8/site-packages/airflow/example_dags/example_short_circuit_operator.py
[2021-08-08 04:12:54,945] {scheduler_job.py:633} INFO - Processing file /home/airflow/sandbox/lib/python3.8/site-packages/airflow/example_dags/example_short_circuit_operator.py for tasks to queue
[2021-08-08 04:12:54,946] {logging_mixin.py:104} INFO - [2021-08-08 04:12:54,946] {dagbag.py:496} INFO - Filling up the DagBag from /home/airflow/sandbox/lib/python3.8/site-packages/airflow/example_dags/example_short_circuit_operator.py
[2021-08-08 04:12:54,960] {scheduler_job.py:643} INFO - DAG(s) dict_keys(['example_short_circuit_operator']) retrieved from /home/airflow/sandbox/lib/python3.8/site-packages/airflow/example_dags/example_short_circuit_operator.py
[2021-08-08 04:12:54,975] {logging_mixin.py:104} INFO - [2021-08-08 04:12:54,975] {dag.py:1833} INFO - Sync 1 DAGs
[2021-08-08 04:12:54,991] {logging_mixin.py:104} INFO - [2021-08-08 04:12:54,991] {dag.py:2306} INFO - Setting next_dagrun for example_short_circuit_operator to 2021-08-06 00:00:00+00:00
[2021-08-08 04:12:55,014] {scheduler_job.py:190} INFO - Processing /home/airflow/sandbox/lib/python3.8/site-packages/airflow/example_dags/example_short_circuit_operator.py took 0.075 seconds
[2021-08-08 04:13:28,619] {scheduler_job.py:182} INFO - Started process (PID=3186) to work on /home/airflow/sandbox/lib/python3.8/site-packages/airflow/example_dags/example_short_circuit_operator.py
[2021-08-08 04:13:28,622] {scheduler_job.py:633} INFO - Processing file /home/airflow/sandbox/lib/python3.8/site-packages/airflow/example_dags/example_short_circuit_operator.py for tasks to queue
[2021-08-08 04:13:28,624] {logging_mixin.py:104} INFO - [2021-08-08 04:13:28,624] {dagbag.py:496} INFO - Filling up the DagBag from /home/airflow/sandbox/lib/python3.8/site-packages/airflow/example_dags/example_short_circuit_operator.py
[2021-08-08 04:13:28,635] {scheduler_job.py:643} INFO - DAG(s) dict_keys(['example_short_circuit_operator']) retrieved from /home/airflow/sandbox/lib/python3.8/site-packages/airflow/example_dags/example_short_circuit_operator.py
[2021-08-08 04:13:28,649] {logging_mixin.py:104} INFO - [2021-08-08 04:13:28,649] {dag.py:1833} INFO - Sync 1 DAGs
[2021-08-08 04:13:28,658] {logging_mixin.py:104} INFO - [2021-08-08 04:13:28,658] {dag.py:2306} INFO - Setting next_dagrun for example_short_circuit_operator to 2021-08-06 00:00:00+00:00
[2021-08-08 04:13:28,675] {scheduler_job.py:190} INFO - Processing /home/airflow/sandbox/lib/python3.8/site-packages/airflow/example_dags/example_short_circuit_operator.py took 0.058 seconds
[2021-08-08 04:14:02,102] {scheduler_job.py:182} INFO - Started process (PID=3320) to work on /home/airflow/sandbox/lib/python3.8/site-packages/airflow/example_dags/example_short_circuit_operator.py
[2021-08-08 04:14:02,106] {scheduler_job.py:633} INFO - Processing file /home/airflow/sandbox/lib/python3.8/site-packages/airflow/example_dags/example_short_circuit_operator.py for tasks to queue
[2021-08-08 04:14:02,110] {logging_mixin.py:104} INFO - [2021-08-08 04:14:02,109] {dagbag.py:496} INFO - Filling up the DagBag from /home/airflow/sandbox/lib/python3.8/site-packages/airflow/example_dags/example_short_circuit_operator.py
[2021-08-08 04:14:02,130] {scheduler_job.py:643} INFO - DAG(s) dict_keys(['example_short_circuit_operator']) retrieved from /home/airflow/sandbox/lib/python3.8/site-packages/airflow/example_dags/example_short_circuit_operator.py
[2021-08-08 04:14:02,174] {logging_mixin.py:104} INFO - [2021-08-08 04:14:02,174] {dag.py:1833} INFO - Sync 1 DAGs
[2021-08-08 04:14:02,189] {logging_mixin.py:104} INFO - [2021-08-08 04:14:02,189] {dag.py:2306} INFO - Setting next_dagrun for example_short_circuit_operator to 2021-08-06 00:00:00+00:00
[2021-08-08 04:14:02,207] {scheduler_job.py:190} INFO - Processing /home/airflow/sandbox/lib/python3.8/site-packages/airflow/example_dags/example_short_circuit_operator.py took 0.110 seconds
[2021-08-08 04:14:38,624] {scheduler_job.py:182} INFO - Started process (PID=3530) to work on /home/airflow/sandbox/lib/python3.8/site-packages/airflow/example_dags/example_short_circuit_operator.py
[2021-08-08 04:14:38,630] {scheduler_job.py:633} INFO - Processing file /home/airflow/sandbox/lib/python3.8/site-packages/airflow/example_dags/example_short_circuit_operator.py for tasks to queue
[2021-08-08 04:14:38,631] {logging_mixin.py:104} INFO - [2021-08-08 04:14:38,631] {dagbag.py:496} INFO - Filling up the DagBag from /home/airflow/sandbox/lib/python3.8/site-packages/airflow/example_dags/example_short_circuit_operator.py
[2021-08-08 04:14:38,662] {scheduler_job.py:643} INFO - DAG(s) dict_keys(['example_short_circuit_operator']) retrieved from /home/airflow/sandbox/lib/python3.8/site-packages/airflow/example_dags/example_short_circuit_operator.py
[2021-08-08 04:14:38,694] {logging_mixin.py:104} INFO - [2021-08-08 04:14:38,694] {dag.py:1833} INFO - Sync 1 DAGs
[2021-08-08 04:14:38,722] {logging_mixin.py:104} INFO - [2021-08-08 04:14:38,722] {dag.py:2306} INFO - Setting next_dagrun for example_short_circuit_operator to 2021-08-06 00:00:00+00:00
[2021-08-08 04:14:38,767] {scheduler_job.py:190} INFO - Processing /home/airflow/sandbox/lib/python3.8/site-packages/airflow/example_dags/example_short_circuit_operator.py took 0.149 seconds
[2021-08-08 04:15:14,947] {scheduler_job.py:182} INFO - Started process (PID=3770) to work on /home/airflow/sandbox/lib/python3.8/site-packages/airflow/example_dags/example_short_circuit_operator.py
[2021-08-08 04:15:14,950] {scheduler_job.py:633} INFO - Processing file /home/airflow/sandbox/lib/python3.8/site-packages/airflow/example_dags/example_short_circuit_operator.py for tasks to queue
[2021-08-08 04:15:14,953] {logging_mixin.py:104} INFO - [2021-08-08 04:15:14,953] {dagbag.py:496} INFO - Filling up the DagBag from /home/airflow/sandbox/lib/python3.8/site-packages/airflow/example_dags/example_short_circuit_operator.py
[2021-08-08 04:15:14,966] {scheduler_job.py:643} INFO - DAG(s) dict_keys(['example_short_circuit_operator']) retrieved from /home/airflow/sandbox/lib/python3.8/site-packages/airflow/example_dags/example_short_circuit_operator.py
[2021-08-08 04:15:14,979] {logging_mixin.py:104} INFO - [2021-08-08 04:15:14,979] {dag.py:1833} INFO - Sync 1 DAGs
[2021-08-08 04:15:14,990] {logging_mixin.py:104} INFO - [2021-08-08 04:15:14,990] {dag.py:2306} INFO - Setting next_dagrun for example_short_circuit_operator to 2021-08-06 00:00:00+00:00
[2021-08-08 04:15:15,013] {scheduler_job.py:190} INFO - Processing /home/airflow/sandbox/lib/python3.8/site-packages/airflow/example_dags/example_short_circuit_operator.py took 0.068 seconds
[2021-08-08 04:15:48,349] {scheduler_job.py:182} INFO - Started process (PID=3910) to work on /home/airflow/sandbox/lib/python3.8/site-packages/airflow/example_dags/example_short_circuit_operator.py
[2021-08-08 04:15:48,354] {scheduler_job.py:633} INFO - Processing file /home/airflow/sandbox/lib/python3.8/site-packages/airflow/example_dags/example_short_circuit_operator.py for tasks to queue
[2021-08-08 04:15:48,357] {logging_mixin.py:104} INFO - [2021-08-08 04:15:48,357] {dagbag.py:496} INFO - Filling up the DagBag from /home/airflow/sandbox/lib/python3.8/site-packages/airflow/example_dags/example_short_circuit_operator.py
[2021-08-08 04:15:48,371] {scheduler_job.py:643} INFO - DAG(s) dict_keys(['example_short_circuit_operator']) retrieved from /home/airflow/sandbox/lib/python3.8/site-packages/airflow/example_dags/example_short_circuit_operator.py
[2021-08-08 04:15:48,385] {logging_mixin.py:104} INFO - [2021-08-08 04:15:48,385] {dag.py:1833} INFO - Sync 1 DAGs
[2021-08-08 04:15:48,394] {logging_mixin.py:104} INFO - [2021-08-08 04:15:48,394] {dag.py:2306} INFO - Setting next_dagrun for example_short_circuit_operator to 2021-08-06 00:00:00+00:00
[2021-08-08 04:15:48,416] {scheduler_job.py:190} INFO - Processing /home/airflow/sandbox/lib/python3.8/site-packages/airflow/example_dags/example_short_circuit_operator.py took 0.070 seconds
[2021-08-08 04:16:20,940] {scheduler_job.py:182} INFO - Started process (PID=4170) to work on /home/airflow/sandbox/lib/python3.8/site-packages/airflow/example_dags/example_short_circuit_operator.py
[2021-08-08 04:16:20,944] {scheduler_job.py:633} INFO - Processing file /home/airflow/sandbox/lib/python3.8/site-packages/airflow/example_dags/example_short_circuit_operator.py for tasks to queue
[2021-08-08 04:16:20,946] {logging_mixin.py:104} INFO - [2021-08-08 04:16:20,946] {dagbag.py:496} INFO - Filling up the DagBag from /home/airflow/sandbox/lib/python3.8/site-packages/airflow/example_dags/example_short_circuit_operator.py
[2021-08-08 04:16:20,961] {scheduler_job.py:643} INFO - DAG(s) dict_keys(['example_short_circuit_operator']) retrieved from /home/airflow/sandbox/lib/python3.8/site-packages/airflow/example_dags/example_short_circuit_operator.py
[2021-08-08 04:16:20,981] {logging_mixin.py:104} INFO - [2021-08-08 04:16:20,981] {dag.py:1833} INFO - Sync 1 DAGs
[2021-08-08 04:16:20,998] {logging_mixin.py:104} INFO - [2021-08-08 04:16:20,998] {dag.py:2306} INFO - Setting next_dagrun for example_short_circuit_operator to 2021-08-06 00:00:00+00:00
[2021-08-08 04:16:21,017] {scheduler_job.py:190} INFO - Processing /home/airflow/sandbox/lib/python3.8/site-packages/airflow/example_dags/example_short_circuit_operator.py took 0.080 seconds
[2021-08-08 04:16:54,484] {scheduler_job.py:182} INFO - Started process (PID=4349) to work on /home/airflow/sandbox/lib/python3.8/site-packages/airflow/example_dags/example_short_circuit_operator.py
[2021-08-08 04:16:54,488] {scheduler_job.py:633} INFO - Processing file /home/airflow/sandbox/lib/python3.8/site-packages/airflow/example_dags/example_short_circuit_operator.py for tasks to queue
[2021-08-08 04:16:54,490] {logging_mixin.py:104} INFO - [2021-08-08 04:16:54,490] {dagbag.py:496} INFO - Filling up the DagBag from /home/airflow/sandbox/lib/python3.8/site-packages/airflow/example_dags/example_short_circuit_operator.py
[2021-08-08 04:16:54,502] {scheduler_job.py:643} INFO - DAG(s) dict_keys(['example_short_circuit_operator']) retrieved from /home/airflow/sandbox/lib/python3.8/site-packages/airflow/example_dags/example_short_circuit_operator.py
[2021-08-08 04:16:54,515] {logging_mixin.py:104} INFO - [2021-08-08 04:16:54,515] {dag.py:1833} INFO - Sync 1 DAGs
[2021-08-08 04:16:54,525] {logging_mixin.py:104} INFO - [2021-08-08 04:16:54,525] {dag.py:2306} INFO - Setting next_dagrun for example_short_circuit_operator to 2021-08-06 00:00:00+00:00
[2021-08-08 04:16:54,542] {scheduler_job.py:190} INFO - Processing /home/airflow/sandbox/lib/python3.8/site-packages/airflow/example_dags/example_short_circuit_operator.py took 0.061 seconds
[2021-08-08 04:17:29,191] {scheduler_job.py:182} INFO - Started process (PID=4475) to work on /home/airflow/sandbox/lib/python3.8/site-packages/airflow/example_dags/example_short_circuit_operator.py
[2021-08-08 04:17:29,194] {scheduler_job.py:633} INFO - Processing file /home/airflow/sandbox/lib/python3.8/site-packages/airflow/example_dags/example_short_circuit_operator.py for tasks to queue
[2021-08-08 04:17:29,197] {logging_mixin.py:104} INFO - [2021-08-08 04:17:29,197] {dagbag.py:496} INFO - Filling up the DagBag from /home/airflow/sandbox/lib/python3.8/site-packages/airflow/example_dags/example_short_circuit_operator.py
[2021-08-08 04:17:29,205] {scheduler_job.py:643} INFO - DAG(s) dict_keys(['example_short_circuit_operator']) retrieved from /home/airflow/sandbox/lib/python3.8/site-packages/airflow/example_dags/example_short_circuit_operator.py
[2021-08-08 04:17:29,221] {logging_mixin.py:104} INFO - [2021-08-08 04:17:29,221] {dag.py:1833} INFO - Sync 1 DAGs
[2021-08-08 04:17:29,232] {logging_mixin.py:104} INFO - [2021-08-08 04:17:29,232] {dag.py:2306} INFO - Setting next_dagrun for example_short_circuit_operator to 2021-08-06 00:00:00+00:00
[2021-08-08 04:17:29,251] {scheduler_job.py:190} INFO - Processing /home/airflow/sandbox/lib/python3.8/site-packages/airflow/example_dags/example_short_circuit_operator.py took 0.062 seconds
[2021-08-08 04:18:00,533] {scheduler_job.py:182} INFO - Started process (PID=4591) to work on /home/airflow/sandbox/lib/python3.8/site-packages/airflow/example_dags/example_short_circuit_operator.py
[2021-08-08 04:18:00,536] {scheduler_job.py:633} INFO - Processing file /home/airflow/sandbox/lib/python3.8/site-packages/airflow/example_dags/example_short_circuit_operator.py for tasks to queue
[2021-08-08 04:18:00,538] {logging_mixin.py:104} INFO - [2021-08-08 04:18:00,538] {dagbag.py:496} INFO - Filling up the DagBag from /home/airflow/sandbox/lib/python3.8/site-packages/airflow/example_dags/example_short_circuit_operator.py
[2021-08-08 04:18:00,548] {scheduler_job.py:643} INFO - DAG(s) dict_keys(['example_short_circuit_operator']) retrieved from /home/airflow/sandbox/lib/python3.8/site-packages/airflow/example_dags/example_short_circuit_operator.py
[2021-08-08 04:18:00,561] {logging_mixin.py:104} INFO - [2021-08-08 04:18:00,561] {dag.py:1833} INFO - Sync 1 DAGs
[2021-08-08 04:18:00,572] {logging_mixin.py:104} INFO - [2021-08-08 04:18:00,572] {dag.py:2306} INFO - Setting next_dagrun for example_short_circuit_operator to 2021-08-06 00:00:00+00:00
[2021-08-08 04:18:00,590] {scheduler_job.py:190} INFO - Processing /home/airflow/sandbox/lib/python3.8/site-packages/airflow/example_dags/example_short_circuit_operator.py took 0.061 seconds
[2021-08-08 04:18:34,235] {scheduler_job.py:182} INFO - Started process (PID=4719) to work on /home/airflow/sandbox/lib/python3.8/site-packages/airflow/example_dags/example_short_circuit_operator.py
[2021-08-08 04:18:34,238] {scheduler_job.py:633} INFO - Processing file /home/airflow/sandbox/lib/python3.8/site-packages/airflow/example_dags/example_short_circuit_operator.py for tasks to queue
[2021-08-08 04:18:34,240] {logging_mixin.py:104} INFO - [2021-08-08 04:18:34,240] {dagbag.py:496} INFO - Filling up the DagBag from /home/airflow/sandbox/lib/python3.8/site-packages/airflow/example_dags/example_short_circuit_operator.py
[2021-08-08 04:18:34,251] {scheduler_job.py:643} INFO - DAG(s) dict_keys(['example_short_circuit_operator']) retrieved from /home/airflow/sandbox/lib/python3.8/site-packages/airflow/example_dags/example_short_circuit_operator.py
[2021-08-08 04:18:34,264] {logging_mixin.py:104} INFO - [2021-08-08 04:18:34,264] {dag.py:1833} INFO - Sync 1 DAGs
[2021-08-08 04:18:34,273] {logging_mixin.py:104} INFO - [2021-08-08 04:18:34,273] {dag.py:2306} INFO - Setting next_dagrun for example_short_circuit_operator to 2021-08-06 00:00:00+00:00
[2021-08-08 04:18:34,296] {scheduler_job.py:190} INFO - Processing /home/airflow/sandbox/lib/python3.8/site-packages/airflow/example_dags/example_short_circuit_operator.py took 0.065 seconds
[2021-08-08 04:19:07,839] {scheduler_job.py:182} INFO - Started process (PID=4939) to work on /home/airflow/sandbox/lib/python3.8/site-packages/airflow/example_dags/example_short_circuit_operator.py
[2021-08-08 04:19:07,842] {scheduler_job.py:633} INFO - Processing file /home/airflow/sandbox/lib/python3.8/site-packages/airflow/example_dags/example_short_circuit_operator.py for tasks to queue
[2021-08-08 04:19:07,844] {logging_mixin.py:104} INFO - [2021-08-08 04:19:07,844] {dagbag.py:496} INFO - Filling up the DagBag from /home/airflow/sandbox/lib/python3.8/site-packages/airflow/example_dags/example_short_circuit_operator.py
[2021-08-08 04:19:07,854] {scheduler_job.py:643} INFO - DAG(s) dict_keys(['example_short_circuit_operator']) retrieved from /home/airflow/sandbox/lib/python3.8/site-packages/airflow/example_dags/example_short_circuit_operator.py
[2021-08-08 04:19:07,866] {logging_mixin.py:104} INFO - [2021-08-08 04:19:07,865] {dag.py:1833} INFO - Sync 1 DAGs
[2021-08-08 04:19:07,875] {logging_mixin.py:104} INFO - [2021-08-08 04:19:07,875] {dag.py:2306} INFO - Setting next_dagrun for example_short_circuit_operator to 2021-08-06 00:00:00+00:00
[2021-08-08 04:19:07,892] {scheduler_job.py:190} INFO - Processing /home/airflow/sandbox/lib/python3.8/site-packages/airflow/example_dags/example_short_circuit_operator.py took 0.055 seconds
[2021-08-08 04:19:42,656] {scheduler_job.py:182} INFO - Started process (PID=5076) to work on /home/airflow/sandbox/lib/python3.8/site-packages/airflow/example_dags/example_short_circuit_operator.py
[2021-08-08 04:19:42,658] {scheduler_job.py:633} INFO - Processing file /home/airflow/sandbox/lib/python3.8/site-packages/airflow/example_dags/example_short_circuit_operator.py for tasks to queue
[2021-08-08 04:19:42,660] {logging_mixin.py:104} INFO - [2021-08-08 04:19:42,660] {dagbag.py:496} INFO - Filling up the DagBag from /home/airflow/sandbox/lib/python3.8/site-packages/airflow/example_dags/example_short_circuit_operator.py
[2021-08-08 04:19:42,671] {scheduler_job.py:643} INFO - DAG(s) dict_keys(['example_short_circuit_operator']) retrieved from /home/airflow/sandbox/lib/python3.8/site-packages/airflow/example_dags/example_short_circuit_operator.py
[2021-08-08 04:19:42,682] {logging_mixin.py:104} INFO - [2021-08-08 04:19:42,682] {dag.py:1833} INFO - Sync 1 DAGs
[2021-08-08 04:19:42,691] {logging_mixin.py:104} INFO - [2021-08-08 04:19:42,691] {dag.py:2306} INFO - Setting next_dagrun for example_short_circuit_operator to 2021-08-06 00:00:00+00:00
[2021-08-08 04:19:42,708] {scheduler_job.py:190} INFO - Processing /home/airflow/sandbox/lib/python3.8/site-packages/airflow/example_dags/example_short_circuit_operator.py took 0.055 seconds
[2021-08-08 04:20:15,619] {scheduler_job.py:182} INFO - Started process (PID=5203) to work on /home/airflow/sandbox/lib/python3.8/site-packages/airflow/example_dags/example_short_circuit_operator.py
[2021-08-08 04:20:15,621] {scheduler_job.py:633} INFO - Processing file /home/airflow/sandbox/lib/python3.8/site-packages/airflow/example_dags/example_short_circuit_operator.py for tasks to queue
[2021-08-08 04:20:15,623] {logging_mixin.py:104} INFO - [2021-08-08 04:20:15,623] {dagbag.py:496} INFO - Filling up the DagBag from /home/airflow/sandbox/lib/python3.8/site-packages/airflow/example_dags/example_short_circuit_operator.py
[2021-08-08 04:20:15,633] {scheduler_job.py:643} INFO - DAG(s) dict_keys(['example_short_circuit_operator']) retrieved from /home/airflow/sandbox/lib/python3.8/site-packages/airflow/example_dags/example_short_circuit_operator.py
[2021-08-08 04:20:15,646] {logging_mixin.py:104} INFO - [2021-08-08 04:20:15,646] {dag.py:1833} INFO - Sync 1 DAGs
[2021-08-08 04:20:15,656] {logging_mixin.py:104} INFO - [2021-08-08 04:20:15,656] {dag.py:2306} INFO - Setting next_dagrun for example_short_circuit_operator to 2021-08-06 00:00:00+00:00
[2021-08-08 04:20:15,673] {scheduler_job.py:190} INFO - Processing /home/airflow/sandbox/lib/python3.8/site-packages/airflow/example_dags/example_short_circuit_operator.py took 0.057 seconds
[2021-08-08 04:20:47,323] {scheduler_job.py:182} INFO - Started process (PID=5325) to work on /home/airflow/sandbox/lib/python3.8/site-packages/airflow/example_dags/example_short_circuit_operator.py
[2021-08-08 04:20:47,326] {scheduler_job.py:633} INFO - Processing file /home/airflow/sandbox/lib/python3.8/site-packages/airflow/example_dags/example_short_circuit_operator.py for tasks to queue
[2021-08-08 04:20:47,328] {logging_mixin.py:104} INFO - [2021-08-08 04:20:47,328] {dagbag.py:496} INFO - Filling up the DagBag from /home/airflow/sandbox/lib/python3.8/site-packages/airflow/example_dags/example_short_circuit_operator.py
[2021-08-08 04:20:47,340] {scheduler_job.py:643} INFO - DAG(s) dict_keys(['example_short_circuit_operator']) retrieved from /home/airflow/sandbox/lib/python3.8/site-packages/airflow/example_dags/example_short_circuit_operator.py
[2021-08-08 04:20:47,353] {logging_mixin.py:104} INFO - [2021-08-08 04:20:47,353] {dag.py:1833} INFO - Sync 1 DAGs
[2021-08-08 04:20:47,362] {logging_mixin.py:104} INFO - [2021-08-08 04:20:47,362] {dag.py:2306} INFO - Setting next_dagrun for example_short_circuit_operator to 2021-08-06 00:00:00+00:00
[2021-08-08 04:20:47,380] {scheduler_job.py:190} INFO - Processing /home/airflow/sandbox/lib/python3.8/site-packages/airflow/example_dags/example_short_circuit_operator.py took 0.060 seconds
[2021-08-08 04:21:20,067] {scheduler_job.py:182} INFO - Started process (PID=5495) to work on /home/airflow/sandbox/lib/python3.8/site-packages/airflow/example_dags/example_short_circuit_operator.py
[2021-08-08 04:21:20,070] {scheduler_job.py:633} INFO - Processing file /home/airflow/sandbox/lib/python3.8/site-packages/airflow/example_dags/example_short_circuit_operator.py for tasks to queue
[2021-08-08 04:21:20,073] {logging_mixin.py:104} INFO - [2021-08-08 04:21:20,073] {dagbag.py:496} INFO - Filling up the DagBag from /home/airflow/sandbox/lib/python3.8/site-packages/airflow/example_dags/example_short_circuit_operator.py
[2021-08-08 04:21:20,084] {scheduler_job.py:643} INFO - DAG(s) dict_keys(['example_short_circuit_operator']) retrieved from /home/airflow/sandbox/lib/python3.8/site-packages/airflow/example_dags/example_short_circuit_operator.py
[2021-08-08 04:21:20,096] {logging_mixin.py:104} INFO - [2021-08-08 04:21:20,096] {dag.py:1833} INFO - Sync 1 DAGs
[2021-08-08 04:21:20,105] {logging_mixin.py:104} INFO - [2021-08-08 04:21:20,104] {dag.py:2306} INFO - Setting next_dagrun for example_short_circuit_operator to 2021-08-06 00:00:00+00:00
[2021-08-08 04:21:20,121] {scheduler_job.py:190} INFO - Processing /home/airflow/sandbox/lib/python3.8/site-packages/airflow/example_dags/example_short_circuit_operator.py took 0.058 seconds
[2021-08-08 04:21:52,135] {scheduler_job.py:182} INFO - Started process (PID=5617) to work on /home/airflow/sandbox/lib/python3.8/site-packages/airflow/example_dags/example_short_circuit_operator.py
[2021-08-08 04:21:52,138] {scheduler_job.py:633} INFO - Processing file /home/airflow/sandbox/lib/python3.8/site-packages/airflow/example_dags/example_short_circuit_operator.py for tasks to queue
[2021-08-08 04:21:52,140] {logging_mixin.py:104} INFO - [2021-08-08 04:21:52,140] {dagbag.py:496} INFO - Filling up the DagBag from /home/airflow/sandbox/lib/python3.8/site-packages/airflow/example_dags/example_short_circuit_operator.py
[2021-08-08 04:21:52,150] {scheduler_job.py:643} INFO - DAG(s) dict_keys(['example_short_circuit_operator']) retrieved from /home/airflow/sandbox/lib/python3.8/site-packages/airflow/example_dags/example_short_circuit_operator.py
[2021-08-08 04:21:52,163] {logging_mixin.py:104} INFO - [2021-08-08 04:21:52,163] {dag.py:1833} INFO - Sync 1 DAGs
[2021-08-08 04:21:52,171] {logging_mixin.py:104} INFO - [2021-08-08 04:21:52,171] {dag.py:2306} INFO - Setting next_dagrun for example_short_circuit_operator to 2021-08-06 00:00:00+00:00
[2021-08-08 04:21:52,189] {scheduler_job.py:190} INFO - Processing /home/airflow/sandbox/lib/python3.8/site-packages/airflow/example_dags/example_short_circuit_operator.py took 0.057 seconds
[2021-08-08 04:22:24,805] {scheduler_job.py:182} INFO - Started process (PID=5745) to work on /home/airflow/sandbox/lib/python3.8/site-packages/airflow/example_dags/example_short_circuit_operator.py
[2021-08-08 04:22:24,808] {scheduler_job.py:633} INFO - Processing file /home/airflow/sandbox/lib/python3.8/site-packages/airflow/example_dags/example_short_circuit_operator.py for tasks to queue
[2021-08-08 04:22:24,810] {logging_mixin.py:104} INFO - [2021-08-08 04:22:24,810] {dagbag.py:496} INFO - Filling up the DagBag from /home/airflow/sandbox/lib/python3.8/site-packages/airflow/example_dags/example_short_circuit_operator.py
[2021-08-08 04:22:24,820] {scheduler_job.py:643} INFO - DAG(s) dict_keys(['example_short_circuit_operator']) retrieved from /home/airflow/sandbox/lib/python3.8/site-packages/airflow/example_dags/example_short_circuit_operator.py
[2021-08-08 04:22:24,832] {logging_mixin.py:104} INFO - [2021-08-08 04:22:24,832] {dag.py:1833} INFO - Sync 1 DAGs
[2021-08-08 04:22:24,841] {logging_mixin.py:104} INFO - [2021-08-08 04:22:24,841] {dag.py:2306} INFO - Setting next_dagrun for example_short_circuit_operator to 2021-08-06 00:00:00+00:00
[2021-08-08 04:22:24,857] {scheduler_job.py:190} INFO - Processing /home/airflow/sandbox/lib/python3.8/site-packages/airflow/example_dags/example_short_circuit_operator.py took 0.054 seconds
[2021-08-08 04:22:57,390] {scheduler_job.py:182} INFO - Started process (PID=5946) to work on /home/airflow/sandbox/lib/python3.8/site-packages/airflow/example_dags/example_short_circuit_operator.py
[2021-08-08 04:22:57,394] {scheduler_job.py:633} INFO - Processing file /home/airflow/sandbox/lib/python3.8/site-packages/airflow/example_dags/example_short_circuit_operator.py for tasks to queue
[2021-08-08 04:22:57,396] {logging_mixin.py:104} INFO - [2021-08-08 04:22:57,396] {dagbag.py:496} INFO - Filling up the DagBag from /home/airflow/sandbox/lib/python3.8/site-packages/airflow/example_dags/example_short_circuit_operator.py
[2021-08-08 04:22:57,407] {scheduler_job.py:643} INFO - DAG(s) dict_keys(['example_short_circuit_operator']) retrieved from /home/airflow/sandbox/lib/python3.8/site-packages/airflow/example_dags/example_short_circuit_operator.py
[2021-08-08 04:22:57,421] {logging_mixin.py:104} INFO - [2021-08-08 04:22:57,421] {dag.py:1833} INFO - Sync 1 DAGs
[2021-08-08 04:22:57,432] {logging_mixin.py:104} INFO - [2021-08-08 04:22:57,432] {dag.py:2306} INFO - Setting next_dagrun for example_short_circuit_operator to 2021-08-06 00:00:00+00:00
[2021-08-08 04:22:57,451] {scheduler_job.py:190} INFO - Processing /home/airflow/sandbox/lib/python3.8/site-packages/airflow/example_dags/example_short_circuit_operator.py took 0.063 seconds
[2021-08-08 04:23:30,359] {scheduler_job.py:182} INFO - Started process (PID=6156) to work on /home/airflow/sandbox/lib/python3.8/site-packages/airflow/example_dags/example_short_circuit_operator.py
[2021-08-08 04:23:30,362] {scheduler_job.py:633} INFO - Processing file /home/airflow/sandbox/lib/python3.8/site-packages/airflow/example_dags/example_short_circuit_operator.py for tasks to queue
[2021-08-08 04:23:30,366] {logging_mixin.py:104} INFO - [2021-08-08 04:23:30,366] {dagbag.py:496} INFO - Filling up the DagBag from /home/airflow/sandbox/lib/python3.8/site-packages/airflow/example_dags/example_short_circuit_operator.py
[2021-08-08 04:23:30,381] {scheduler_job.py:643} INFO - DAG(s) dict_keys(['example_short_circuit_operator']) retrieved from /home/airflow/sandbox/lib/python3.8/site-packages/airflow/example_dags/example_short_circuit_operator.py
[2021-08-08 04:23:30,397] {logging_mixin.py:104} INFO - [2021-08-08 04:23:30,397] {dag.py:1833} INFO - Sync 1 DAGs
[2021-08-08 04:23:30,409] {logging_mixin.py:104} INFO - [2021-08-08 04:23:30,409] {dag.py:2306} INFO - Setting next_dagrun for example_short_circuit_operator to 2021-08-06 00:00:00+00:00
[2021-08-08 04:23:30,434] {scheduler_job.py:190} INFO - Processing /home/airflow/sandbox/lib/python3.8/site-packages/airflow/example_dags/example_short_circuit_operator.py took 0.077 seconds
[2021-08-08 04:24:03,104] {scheduler_job.py:182} INFO - Started process (PID=6329) to work on /home/airflow/sandbox/lib/python3.8/site-packages/airflow/example_dags/example_short_circuit_operator.py
[2021-08-08 04:24:03,106] {scheduler_job.py:633} INFO - Processing file /home/airflow/sandbox/lib/python3.8/site-packages/airflow/example_dags/example_short_circuit_operator.py for tasks to queue
[2021-08-08 04:24:03,109] {logging_mixin.py:104} INFO - [2021-08-08 04:24:03,109] {dagbag.py:496} INFO - Filling up the DagBag from /home/airflow/sandbox/lib/python3.8/site-packages/airflow/example_dags/example_short_circuit_operator.py
[2021-08-08 04:24:03,119] {scheduler_job.py:643} INFO - DAG(s) dict_keys(['example_short_circuit_operator']) retrieved from /home/airflow/sandbox/lib/python3.8/site-packages/airflow/example_dags/example_short_circuit_operator.py
[2021-08-08 04:24:03,131] {logging_mixin.py:104} INFO - [2021-08-08 04:24:03,131] {dag.py:1833} INFO - Sync 1 DAGs
[2021-08-08 04:24:03,140] {logging_mixin.py:104} INFO - [2021-08-08 04:24:03,140] {dag.py:2306} INFO - Setting next_dagrun for example_short_circuit_operator to 2021-08-06 00:00:00+00:00
[2021-08-08 04:24:03,163] {scheduler_job.py:190} INFO - Processing /home/airflow/sandbox/lib/python3.8/site-packages/airflow/example_dags/example_short_circuit_operator.py took 0.062 seconds
[2021-08-08 04:24:36,587] {scheduler_job.py:182} INFO - Started process (PID=6472) to work on /home/airflow/sandbox/lib/python3.8/site-packages/airflow/example_dags/example_short_circuit_operator.py
[2021-08-08 04:24:36,590] {scheduler_job.py:633} INFO - Processing file /home/airflow/sandbox/lib/python3.8/site-packages/airflow/example_dags/example_short_circuit_operator.py for tasks to queue
[2021-08-08 04:24:36,592] {logging_mixin.py:104} INFO - [2021-08-08 04:24:36,591] {dagbag.py:496} INFO - Filling up the DagBag from /home/airflow/sandbox/lib/python3.8/site-packages/airflow/example_dags/example_short_circuit_operator.py
[2021-08-08 04:24:36,602] {scheduler_job.py:643} INFO - DAG(s) dict_keys(['example_short_circuit_operator']) retrieved from /home/airflow/sandbox/lib/python3.8/site-packages/airflow/example_dags/example_short_circuit_operator.py
[2021-08-08 04:24:36,614] {logging_mixin.py:104} INFO - [2021-08-08 04:24:36,613] {dag.py:1833} INFO - Sync 1 DAGs
[2021-08-08 04:24:36,623] {logging_mixin.py:104} INFO - [2021-08-08 04:24:36,623] {dag.py:2306} INFO - Setting next_dagrun for example_short_circuit_operator to 2021-08-06 00:00:00+00:00
[2021-08-08 04:24:36,639] {scheduler_job.py:190} INFO - Processing /home/airflow/sandbox/lib/python3.8/site-packages/airflow/example_dags/example_short_circuit_operator.py took 0.055 seconds
[2021-08-08 04:25:11,241] {scheduler_job.py:182} INFO - Started process (PID=6682) to work on /home/airflow/sandbox/lib/python3.8/site-packages/airflow/example_dags/example_short_circuit_operator.py
[2021-08-08 04:25:11,245] {scheduler_job.py:633} INFO - Processing file /home/airflow/sandbox/lib/python3.8/site-packages/airflow/example_dags/example_short_circuit_operator.py for tasks to queue
[2021-08-08 04:25:11,248] {logging_mixin.py:104} INFO - [2021-08-08 04:25:11,248] {dagbag.py:496} INFO - Filling up the DagBag from /home/airflow/sandbox/lib/python3.8/site-packages/airflow/example_dags/example_short_circuit_operator.py
[2021-08-08 04:25:11,262] {scheduler_job.py:643} INFO - DAG(s) dict_keys(['example_short_circuit_operator']) retrieved from /home/airflow/sandbox/lib/python3.8/site-packages/airflow/example_dags/example_short_circuit_operator.py
[2021-08-08 04:25:11,276] {logging_mixin.py:104} INFO - [2021-08-08 04:25:11,276] {dag.py:1833} INFO - Sync 1 DAGs
[2021-08-08 04:25:11,287] {logging_mixin.py:104} INFO - [2021-08-08 04:25:11,287] {dag.py:2306} INFO - Setting next_dagrun for example_short_circuit_operator to 2021-08-06 00:00:00+00:00
[2021-08-08 04:25:11,308] {scheduler_job.py:190} INFO - Processing /home/airflow/sandbox/lib/python3.8/site-packages/airflow/example_dags/example_short_circuit_operator.py took 0.070 seconds
