[2021-08-08 04:11:00,014] {scheduler_job.py:182} INFO - Started process (PID=2543) to work on /home/airflow/sandbox/lib/python3.8/site-packages/airflow/example_dags/example_external_task_marker_dag.py
[2021-08-08 04:11:00,018] {scheduler_job.py:633} INFO - Processing file /home/airflow/sandbox/lib/python3.8/site-packages/airflow/example_dags/example_external_task_marker_dag.py for tasks to queue
[2021-08-08 04:11:00,021] {logging_mixin.py:104} INFO - [2021-08-08 04:11:00,020] {dagbag.py:496} INFO - Filling up the DagBag from /home/airflow/sandbox/lib/python3.8/site-packages/airflow/example_dags/example_external_task_marker_dag.py
[2021-08-08 04:11:00,034] {scheduler_job.py:643} INFO - DAG(s) dict_keys(['example_external_task_marker_parent', 'example_external_task_marker_child']) retrieved from /home/airflow/sandbox/lib/python3.8/site-packages/airflow/example_dags/example_external_task_marker_dag.py
[2021-08-08 04:11:00,274] {logging_mixin.py:104} INFO - [2021-08-08 04:11:00,274] {dag.py:1833} INFO - Sync 2 DAGs
[2021-08-08 04:11:00,283] {logging_mixin.py:104} INFO - [2021-08-08 04:11:00,283] {dag.py:2306} INFO - Setting next_dagrun for example_external_task_marker_child to None
[2021-08-08 04:11:00,285] {logging_mixin.py:104} INFO - [2021-08-08 04:11:00,285] {dag.py:2306} INFO - Setting next_dagrun for example_external_task_marker_parent to None
[2021-08-08 04:11:00,310] {scheduler_job.py:190} INFO - Processing /home/airflow/sandbox/lib/python3.8/site-packages/airflow/example_dags/example_external_task_marker_dag.py took 0.299 seconds
[2021-08-08 04:11:44,167] {scheduler_job.py:182} INFO - Started process (PID=2715) to work on /home/airflow/sandbox/lib/python3.8/site-packages/airflow/example_dags/example_external_task_marker_dag.py
[2021-08-08 04:11:44,170] {scheduler_job.py:633} INFO - Processing file /home/airflow/sandbox/lib/python3.8/site-packages/airflow/example_dags/example_external_task_marker_dag.py for tasks to queue
[2021-08-08 04:11:44,173] {logging_mixin.py:104} INFO - [2021-08-08 04:11:44,173] {dagbag.py:496} INFO - Filling up the DagBag from /home/airflow/sandbox/lib/python3.8/site-packages/airflow/example_dags/example_external_task_marker_dag.py
[2021-08-08 04:11:44,187] {scheduler_job.py:643} INFO - DAG(s) dict_keys(['example_external_task_marker_parent', 'example_external_task_marker_child']) retrieved from /home/airflow/sandbox/lib/python3.8/site-packages/airflow/example_dags/example_external_task_marker_dag.py
[2021-08-08 04:11:44,416] {logging_mixin.py:104} INFO - [2021-08-08 04:11:44,416] {dag.py:1833} INFO - Sync 2 DAGs
[2021-08-08 04:11:44,426] {logging_mixin.py:104} INFO - [2021-08-08 04:11:44,426] {dag.py:2306} INFO - Setting next_dagrun for example_external_task_marker_child to None
[2021-08-08 04:11:44,429] {logging_mixin.py:104} INFO - [2021-08-08 04:11:44,429] {dag.py:2306} INFO - Setting next_dagrun for example_external_task_marker_parent to None
[2021-08-08 04:11:44,454] {scheduler_job.py:190} INFO - Processing /home/airflow/sandbox/lib/python3.8/site-packages/airflow/example_dags/example_external_task_marker_dag.py took 0.290 seconds
[2021-08-08 04:12:18,333] {scheduler_job.py:182} INFO - Started process (PID=2883) to work on /home/airflow/sandbox/lib/python3.8/site-packages/airflow/example_dags/example_external_task_marker_dag.py
[2021-08-08 04:12:18,335] {scheduler_job.py:633} INFO - Processing file /home/airflow/sandbox/lib/python3.8/site-packages/airflow/example_dags/example_external_task_marker_dag.py for tasks to queue
[2021-08-08 04:12:18,339] {logging_mixin.py:104} INFO - [2021-08-08 04:12:18,339] {dagbag.py:496} INFO - Filling up the DagBag from /home/airflow/sandbox/lib/python3.8/site-packages/airflow/example_dags/example_external_task_marker_dag.py
[2021-08-08 04:12:18,351] {scheduler_job.py:643} INFO - DAG(s) dict_keys(['example_external_task_marker_parent', 'example_external_task_marker_child']) retrieved from /home/airflow/sandbox/lib/python3.8/site-packages/airflow/example_dags/example_external_task_marker_dag.py
[2021-08-08 04:12:18,367] {logging_mixin.py:104} INFO - [2021-08-08 04:12:18,367] {dag.py:1833} INFO - Sync 2 DAGs
[2021-08-08 04:12:18,378] {logging_mixin.py:104} INFO - [2021-08-08 04:12:18,378] {dag.py:2306} INFO - Setting next_dagrun for example_external_task_marker_child to None
[2021-08-08 04:12:18,382] {logging_mixin.py:104} INFO - [2021-08-08 04:12:18,382] {dag.py:2306} INFO - Setting next_dagrun for example_external_task_marker_parent to None
[2021-08-08 04:12:18,402] {scheduler_job.py:190} INFO - Processing /home/airflow/sandbox/lib/python3.8/site-packages/airflow/example_dags/example_external_task_marker_dag.py took 0.073 seconds
[2021-08-08 04:12:53,323] {scheduler_job.py:182} INFO - Started process (PID=3041) to work on /home/airflow/sandbox/lib/python3.8/site-packages/airflow/example_dags/example_external_task_marker_dag.py
[2021-08-08 04:12:53,326] {scheduler_job.py:633} INFO - Processing file /home/airflow/sandbox/lib/python3.8/site-packages/airflow/example_dags/example_external_task_marker_dag.py for tasks to queue
[2021-08-08 04:12:53,329] {logging_mixin.py:104} INFO - [2021-08-08 04:12:53,329] {dagbag.py:496} INFO - Filling up the DagBag from /home/airflow/sandbox/lib/python3.8/site-packages/airflow/example_dags/example_external_task_marker_dag.py
[2021-08-08 04:12:53,341] {scheduler_job.py:643} INFO - DAG(s) dict_keys(['example_external_task_marker_parent', 'example_external_task_marker_child']) retrieved from /home/airflow/sandbox/lib/python3.8/site-packages/airflow/example_dags/example_external_task_marker_dag.py
[2021-08-08 04:12:53,356] {logging_mixin.py:104} INFO - [2021-08-08 04:12:53,356] {dag.py:1833} INFO - Sync 2 DAGs
[2021-08-08 04:12:53,368] {logging_mixin.py:104} INFO - [2021-08-08 04:12:53,368] {dag.py:2306} INFO - Setting next_dagrun for example_external_task_marker_child to None
[2021-08-08 04:12:53,370] {logging_mixin.py:104} INFO - [2021-08-08 04:12:53,370] {dag.py:2306} INFO - Setting next_dagrun for example_external_task_marker_parent to None
[2021-08-08 04:12:53,389] {scheduler_job.py:190} INFO - Processing /home/airflow/sandbox/lib/python3.8/site-packages/airflow/example_dags/example_external_task_marker_dag.py took 0.068 seconds
[2021-08-08 04:13:25,882] {scheduler_job.py:182} INFO - Started process (PID=3172) to work on /home/airflow/sandbox/lib/python3.8/site-packages/airflow/example_dags/example_external_task_marker_dag.py
[2021-08-08 04:13:25,885] {scheduler_job.py:633} INFO - Processing file /home/airflow/sandbox/lib/python3.8/site-packages/airflow/example_dags/example_external_task_marker_dag.py for tasks to queue
[2021-08-08 04:13:25,889] {logging_mixin.py:104} INFO - [2021-08-08 04:13:25,889] {dagbag.py:496} INFO - Filling up the DagBag from /home/airflow/sandbox/lib/python3.8/site-packages/airflow/example_dags/example_external_task_marker_dag.py
[2021-08-08 04:13:25,901] {scheduler_job.py:643} INFO - DAG(s) dict_keys(['example_external_task_marker_parent', 'example_external_task_marker_child']) retrieved from /home/airflow/sandbox/lib/python3.8/site-packages/airflow/example_dags/example_external_task_marker_dag.py
[2021-08-08 04:13:25,918] {logging_mixin.py:104} INFO - [2021-08-08 04:13:25,918] {dag.py:1833} INFO - Sync 2 DAGs
[2021-08-08 04:13:25,930] {logging_mixin.py:104} INFO - [2021-08-08 04:13:25,930] {dag.py:2306} INFO - Setting next_dagrun for example_external_task_marker_child to None
[2021-08-08 04:13:25,934] {logging_mixin.py:104} INFO - [2021-08-08 04:13:25,933] {dag.py:2306} INFO - Setting next_dagrun for example_external_task_marker_parent to None
[2021-08-08 04:13:26,001] {scheduler_job.py:190} INFO - Processing /home/airflow/sandbox/lib/python3.8/site-packages/airflow/example_dags/example_external_task_marker_dag.py took 0.122 seconds
[2021-08-08 04:13:59,235] {scheduler_job.py:182} INFO - Started process (PID=3306) to work on /home/airflow/sandbox/lib/python3.8/site-packages/airflow/example_dags/example_external_task_marker_dag.py
[2021-08-08 04:13:59,237] {scheduler_job.py:633} INFO - Processing file /home/airflow/sandbox/lib/python3.8/site-packages/airflow/example_dags/example_external_task_marker_dag.py for tasks to queue
[2021-08-08 04:13:59,242] {logging_mixin.py:104} INFO - [2021-08-08 04:13:59,241] {dagbag.py:496} INFO - Filling up the DagBag from /home/airflow/sandbox/lib/python3.8/site-packages/airflow/example_dags/example_external_task_marker_dag.py
[2021-08-08 04:13:59,254] {scheduler_job.py:643} INFO - DAG(s) dict_keys(['example_external_task_marker_parent', 'example_external_task_marker_child']) retrieved from /home/airflow/sandbox/lib/python3.8/site-packages/airflow/example_dags/example_external_task_marker_dag.py
[2021-08-08 04:13:59,508] {logging_mixin.py:104} INFO - [2021-08-08 04:13:59,508] {dag.py:1833} INFO - Sync 2 DAGs
[2021-08-08 04:13:59,518] {logging_mixin.py:104} INFO - [2021-08-08 04:13:59,517] {dag.py:2306} INFO - Setting next_dagrun for example_external_task_marker_child to None
[2021-08-08 04:13:59,520] {logging_mixin.py:104} INFO - [2021-08-08 04:13:59,520] {dag.py:2306} INFO - Setting next_dagrun for example_external_task_marker_parent to None
[2021-08-08 04:13:59,536] {scheduler_job.py:190} INFO - Processing /home/airflow/sandbox/lib/python3.8/site-packages/airflow/example_dags/example_external_task_marker_dag.py took 0.304 seconds
[2021-08-08 04:14:36,308] {scheduler_job.py:182} INFO - Started process (PID=3507) to work on /home/airflow/sandbox/lib/python3.8/site-packages/airflow/example_dags/example_external_task_marker_dag.py
[2021-08-08 04:14:36,311] {scheduler_job.py:633} INFO - Processing file /home/airflow/sandbox/lib/python3.8/site-packages/airflow/example_dags/example_external_task_marker_dag.py for tasks to queue
[2021-08-08 04:14:36,316] {logging_mixin.py:104} INFO - [2021-08-08 04:14:36,316] {dagbag.py:496} INFO - Filling up the DagBag from /home/airflow/sandbox/lib/python3.8/site-packages/airflow/example_dags/example_external_task_marker_dag.py
[2021-08-08 04:14:36,340] {scheduler_job.py:643} INFO - DAG(s) dict_keys(['example_external_task_marker_parent', 'example_external_task_marker_child']) retrieved from /home/airflow/sandbox/lib/python3.8/site-packages/airflow/example_dags/example_external_task_marker_dag.py
[2021-08-08 04:14:36,602] {logging_mixin.py:104} INFO - [2021-08-08 04:14:36,602] {dag.py:1833} INFO - Sync 2 DAGs
[2021-08-08 04:14:36,612] {logging_mixin.py:104} INFO - [2021-08-08 04:14:36,612] {dag.py:2306} INFO - Setting next_dagrun for example_external_task_marker_child to None
[2021-08-08 04:14:36,615] {logging_mixin.py:104} INFO - [2021-08-08 04:14:36,614] {dag.py:2306} INFO - Setting next_dagrun for example_external_task_marker_parent to None
[2021-08-08 04:14:36,641] {scheduler_job.py:190} INFO - Processing /home/airflow/sandbox/lib/python3.8/site-packages/airflow/example_dags/example_external_task_marker_dag.py took 0.336 seconds
[2021-08-08 04:15:13,212] {scheduler_job.py:182} INFO - Started process (PID=3768) to work on /home/airflow/sandbox/lib/python3.8/site-packages/airflow/example_dags/example_external_task_marker_dag.py
[2021-08-08 04:15:13,216] {scheduler_job.py:633} INFO - Processing file /home/airflow/sandbox/lib/python3.8/site-packages/airflow/example_dags/example_external_task_marker_dag.py for tasks to queue
[2021-08-08 04:15:13,218] {logging_mixin.py:104} INFO - [2021-08-08 04:15:13,218] {dagbag.py:496} INFO - Filling up the DagBag from /home/airflow/sandbox/lib/python3.8/site-packages/airflow/example_dags/example_external_task_marker_dag.py
[2021-08-08 04:15:13,230] {scheduler_job.py:643} INFO - DAG(s) dict_keys(['example_external_task_marker_parent', 'example_external_task_marker_child']) retrieved from /home/airflow/sandbox/lib/python3.8/site-packages/airflow/example_dags/example_external_task_marker_dag.py
[2021-08-08 04:15:13,251] {logging_mixin.py:104} INFO - [2021-08-08 04:15:13,251] {dag.py:1833} INFO - Sync 2 DAGs
[2021-08-08 04:15:13,262] {logging_mixin.py:104} INFO - [2021-08-08 04:15:13,261] {dag.py:2306} INFO - Setting next_dagrun for example_external_task_marker_child to None
[2021-08-08 04:15:13,270] {logging_mixin.py:104} INFO - [2021-08-08 04:15:13,270] {dag.py:2306} INFO - Setting next_dagrun for example_external_task_marker_parent to None
[2021-08-08 04:15:13,295] {scheduler_job.py:190} INFO - Processing /home/airflow/sandbox/lib/python3.8/site-packages/airflow/example_dags/example_external_task_marker_dag.py took 0.086 seconds
[2021-08-08 04:15:45,819] {scheduler_job.py:182} INFO - Started process (PID=3888) to work on /home/airflow/sandbox/lib/python3.8/site-packages/airflow/example_dags/example_external_task_marker_dag.py
[2021-08-08 04:15:45,822] {scheduler_job.py:633} INFO - Processing file /home/airflow/sandbox/lib/python3.8/site-packages/airflow/example_dags/example_external_task_marker_dag.py for tasks to queue
[2021-08-08 04:15:45,825] {logging_mixin.py:104} INFO - [2021-08-08 04:15:45,824] {dagbag.py:496} INFO - Filling up the DagBag from /home/airflow/sandbox/lib/python3.8/site-packages/airflow/example_dags/example_external_task_marker_dag.py
[2021-08-08 04:15:45,835] {scheduler_job.py:643} INFO - DAG(s) dict_keys(['example_external_task_marker_parent', 'example_external_task_marker_child']) retrieved from /home/airflow/sandbox/lib/python3.8/site-packages/airflow/example_dags/example_external_task_marker_dag.py
[2021-08-08 04:15:46,068] {logging_mixin.py:104} INFO - [2021-08-08 04:15:46,068] {dag.py:1833} INFO - Sync 2 DAGs
[2021-08-08 04:15:46,076] {logging_mixin.py:104} INFO - [2021-08-08 04:15:46,076] {dag.py:2306} INFO - Setting next_dagrun for example_external_task_marker_child to None
[2021-08-08 04:15:46,079] {logging_mixin.py:104} INFO - [2021-08-08 04:15:46,079] {dag.py:2306} INFO - Setting next_dagrun for example_external_task_marker_parent to None
[2021-08-08 04:15:46,100] {scheduler_job.py:190} INFO - Processing /home/airflow/sandbox/lib/python3.8/site-packages/airflow/example_dags/example_external_task_marker_dag.py took 0.284 seconds
[2021-08-08 04:16:18,267] {scheduler_job.py:182} INFO - Started process (PID=4162) to work on /home/airflow/sandbox/lib/python3.8/site-packages/airflow/example_dags/example_external_task_marker_dag.py
[2021-08-08 04:16:18,270] {scheduler_job.py:633} INFO - Processing file /home/airflow/sandbox/lib/python3.8/site-packages/airflow/example_dags/example_external_task_marker_dag.py for tasks to queue
[2021-08-08 04:16:18,272] {logging_mixin.py:104} INFO - [2021-08-08 04:16:18,272] {dagbag.py:496} INFO - Filling up the DagBag from /home/airflow/sandbox/lib/python3.8/site-packages/airflow/example_dags/example_external_task_marker_dag.py
[2021-08-08 04:16:18,283] {scheduler_job.py:643} INFO - DAG(s) dict_keys(['example_external_task_marker_parent', 'example_external_task_marker_child']) retrieved from /home/airflow/sandbox/lib/python3.8/site-packages/airflow/example_dags/example_external_task_marker_dag.py
[2021-08-08 04:16:18,502] {logging_mixin.py:104} INFO - [2021-08-08 04:16:18,502] {dag.py:1833} INFO - Sync 2 DAGs
[2021-08-08 04:16:18,511] {logging_mixin.py:104} INFO - [2021-08-08 04:16:18,511] {dag.py:2306} INFO - Setting next_dagrun for example_external_task_marker_child to None
[2021-08-08 04:16:18,514] {logging_mixin.py:104} INFO - [2021-08-08 04:16:18,514] {dag.py:2306} INFO - Setting next_dagrun for example_external_task_marker_parent to None
[2021-08-08 04:16:18,534] {scheduler_job.py:190} INFO - Processing /home/airflow/sandbox/lib/python3.8/site-packages/airflow/example_dags/example_external_task_marker_dag.py took 0.270 seconds
[2021-08-08 04:16:51,486] {scheduler_job.py:182} INFO - Started process (PID=4334) to work on /home/airflow/sandbox/lib/python3.8/site-packages/airflow/example_dags/example_external_task_marker_dag.py
[2021-08-08 04:16:51,488] {scheduler_job.py:633} INFO - Processing file /home/airflow/sandbox/lib/python3.8/site-packages/airflow/example_dags/example_external_task_marker_dag.py for tasks to queue
[2021-08-08 04:16:51,490] {logging_mixin.py:104} INFO - [2021-08-08 04:16:51,490] {dagbag.py:496} INFO - Filling up the DagBag from /home/airflow/sandbox/lib/python3.8/site-packages/airflow/example_dags/example_external_task_marker_dag.py
[2021-08-08 04:16:51,504] {scheduler_job.py:643} INFO - DAG(s) dict_keys(['example_external_task_marker_parent', 'example_external_task_marker_child']) retrieved from /home/airflow/sandbox/lib/python3.8/site-packages/airflow/example_dags/example_external_task_marker_dag.py
[2021-08-08 04:16:51,520] {logging_mixin.py:104} INFO - [2021-08-08 04:16:51,520] {dag.py:1833} INFO - Sync 2 DAGs
[2021-08-08 04:16:51,530] {logging_mixin.py:104} INFO - [2021-08-08 04:16:51,530] {dag.py:2306} INFO - Setting next_dagrun for example_external_task_marker_child to None
[2021-08-08 04:16:51,533] {logging_mixin.py:104} INFO - [2021-08-08 04:16:51,533] {dag.py:2306} INFO - Setting next_dagrun for example_external_task_marker_parent to None
[2021-08-08 04:16:51,562] {scheduler_job.py:190} INFO - Processing /home/airflow/sandbox/lib/python3.8/site-packages/airflow/example_dags/example_external_task_marker_dag.py took 0.080 seconds
[2021-08-08 04:17:26,527] {scheduler_job.py:182} INFO - Started process (PID=4467) to work on /home/airflow/sandbox/lib/python3.8/site-packages/airflow/example_dags/example_external_task_marker_dag.py
[2021-08-08 04:17:26,530] {scheduler_job.py:633} INFO - Processing file /home/airflow/sandbox/lib/python3.8/site-packages/airflow/example_dags/example_external_task_marker_dag.py for tasks to queue
[2021-08-08 04:17:26,532] {logging_mixin.py:104} INFO - [2021-08-08 04:17:26,532] {dagbag.py:496} INFO - Filling up the DagBag from /home/airflow/sandbox/lib/python3.8/site-packages/airflow/example_dags/example_external_task_marker_dag.py
[2021-08-08 04:17:26,543] {scheduler_job.py:643} INFO - DAG(s) dict_keys(['example_external_task_marker_parent', 'example_external_task_marker_child']) retrieved from /home/airflow/sandbox/lib/python3.8/site-packages/airflow/example_dags/example_external_task_marker_dag.py
[2021-08-08 04:17:26,764] {logging_mixin.py:104} INFO - [2021-08-08 04:17:26,764] {dag.py:1833} INFO - Sync 2 DAGs
[2021-08-08 04:17:26,773] {logging_mixin.py:104} INFO - [2021-08-08 04:17:26,773] {dag.py:2306} INFO - Setting next_dagrun for example_external_task_marker_child to None
[2021-08-08 04:17:26,776] {logging_mixin.py:104} INFO - [2021-08-08 04:17:26,776] {dag.py:2306} INFO - Setting next_dagrun for example_external_task_marker_parent to None
[2021-08-08 04:17:26,797] {scheduler_job.py:190} INFO - Processing /home/airflow/sandbox/lib/python3.8/site-packages/airflow/example_dags/example_external_task_marker_dag.py took 0.273 seconds
[2021-08-08 04:17:58,795] {scheduler_job.py:182} INFO - Started process (PID=4583) to work on /home/airflow/sandbox/lib/python3.8/site-packages/airflow/example_dags/example_external_task_marker_dag.py
[2021-08-08 04:17:58,798] {scheduler_job.py:633} INFO - Processing file /home/airflow/sandbox/lib/python3.8/site-packages/airflow/example_dags/example_external_task_marker_dag.py for tasks to queue
[2021-08-08 04:17:58,800] {logging_mixin.py:104} INFO - [2021-08-08 04:17:58,800] {dagbag.py:496} INFO - Filling up the DagBag from /home/airflow/sandbox/lib/python3.8/site-packages/airflow/example_dags/example_external_task_marker_dag.py
[2021-08-08 04:17:58,810] {scheduler_job.py:643} INFO - DAG(s) dict_keys(['example_external_task_marker_parent', 'example_external_task_marker_child']) retrieved from /home/airflow/sandbox/lib/python3.8/site-packages/airflow/example_dags/example_external_task_marker_dag.py
[2021-08-08 04:17:59,022] {logging_mixin.py:104} INFO - [2021-08-08 04:17:59,022] {dag.py:1833} INFO - Sync 2 DAGs
[2021-08-08 04:17:59,029] {logging_mixin.py:104} INFO - [2021-08-08 04:17:59,029] {dag.py:2306} INFO - Setting next_dagrun for example_external_task_marker_child to None
[2021-08-08 04:17:59,032] {logging_mixin.py:104} INFO - [2021-08-08 04:17:59,032] {dag.py:2306} INFO - Setting next_dagrun for example_external_task_marker_parent to None
[2021-08-08 04:17:59,051] {scheduler_job.py:190} INFO - Processing /home/airflow/sandbox/lib/python3.8/site-packages/airflow/example_dags/example_external_task_marker_dag.py took 0.259 seconds
[2021-08-08 04:18:31,750] {scheduler_job.py:182} INFO - Started process (PID=4711) to work on /home/airflow/sandbox/lib/python3.8/site-packages/airflow/example_dags/example_external_task_marker_dag.py
[2021-08-08 04:18:31,753] {scheduler_job.py:633} INFO - Processing file /home/airflow/sandbox/lib/python3.8/site-packages/airflow/example_dags/example_external_task_marker_dag.py for tasks to queue
[2021-08-08 04:18:31,756] {logging_mixin.py:104} INFO - [2021-08-08 04:18:31,756] {dagbag.py:496} INFO - Filling up the DagBag from /home/airflow/sandbox/lib/python3.8/site-packages/airflow/example_dags/example_external_task_marker_dag.py
[2021-08-08 04:18:31,770] {scheduler_job.py:643} INFO - DAG(s) dict_keys(['example_external_task_marker_parent', 'example_external_task_marker_child']) retrieved from /home/airflow/sandbox/lib/python3.8/site-packages/airflow/example_dags/example_external_task_marker_dag.py
[2021-08-08 04:18:31,785] {logging_mixin.py:104} INFO - [2021-08-08 04:18:31,785] {dag.py:1833} INFO - Sync 2 DAGs
[2021-08-08 04:18:31,795] {logging_mixin.py:104} INFO - [2021-08-08 04:18:31,795] {dag.py:2306} INFO - Setting next_dagrun for example_external_task_marker_child to None
[2021-08-08 04:18:31,798] {logging_mixin.py:104} INFO - [2021-08-08 04:18:31,798] {dag.py:2306} INFO - Setting next_dagrun for example_external_task_marker_parent to None
[2021-08-08 04:18:31,818] {scheduler_job.py:190} INFO - Processing /home/airflow/sandbox/lib/python3.8/site-packages/airflow/example_dags/example_external_task_marker_dag.py took 0.072 seconds
[2021-08-08 04:19:04,035] {scheduler_job.py:182} INFO - Started process (PID=4924) to work on /home/airflow/sandbox/lib/python3.8/site-packages/airflow/example_dags/example_external_task_marker_dag.py
[2021-08-08 04:19:04,038] {scheduler_job.py:633} INFO - Processing file /home/airflow/sandbox/lib/python3.8/site-packages/airflow/example_dags/example_external_task_marker_dag.py for tasks to queue
[2021-08-08 04:19:04,040] {logging_mixin.py:104} INFO - [2021-08-08 04:19:04,040] {dagbag.py:496} INFO - Filling up the DagBag from /home/airflow/sandbox/lib/python3.8/site-packages/airflow/example_dags/example_external_task_marker_dag.py
[2021-08-08 04:19:04,050] {scheduler_job.py:643} INFO - DAG(s) dict_keys(['example_external_task_marker_parent', 'example_external_task_marker_child']) retrieved from /home/airflow/sandbox/lib/python3.8/site-packages/airflow/example_dags/example_external_task_marker_dag.py
[2021-08-08 04:19:04,246] {logging_mixin.py:104} INFO - [2021-08-08 04:19:04,246] {dag.py:1833} INFO - Sync 2 DAGs
[2021-08-08 04:19:04,255] {logging_mixin.py:104} INFO - [2021-08-08 04:19:04,255] {dag.py:2306} INFO - Setting next_dagrun for example_external_task_marker_child to None
[2021-08-08 04:19:04,266] {logging_mixin.py:104} INFO - [2021-08-08 04:19:04,266] {dag.py:2306} INFO - Setting next_dagrun for example_external_task_marker_parent to None
[2021-08-08 04:19:04,285] {scheduler_job.py:190} INFO - Processing /home/airflow/sandbox/lib/python3.8/site-packages/airflow/example_dags/example_external_task_marker_dag.py took 0.252 seconds
[2021-08-08 04:19:38,338] {scheduler_job.py:182} INFO - Started process (PID=5060) to work on /home/airflow/sandbox/lib/python3.8/site-packages/airflow/example_dags/example_external_task_marker_dag.py
[2021-08-08 04:19:38,340] {scheduler_job.py:633} INFO - Processing file /home/airflow/sandbox/lib/python3.8/site-packages/airflow/example_dags/example_external_task_marker_dag.py for tasks to queue
[2021-08-08 04:19:38,342] {logging_mixin.py:104} INFO - [2021-08-08 04:19:38,342] {dagbag.py:496} INFO - Filling up the DagBag from /home/airflow/sandbox/lib/python3.8/site-packages/airflow/example_dags/example_external_task_marker_dag.py
[2021-08-08 04:19:38,353] {scheduler_job.py:643} INFO - DAG(s) dict_keys(['example_external_task_marker_parent', 'example_external_task_marker_child']) retrieved from /home/airflow/sandbox/lib/python3.8/site-packages/airflow/example_dags/example_external_task_marker_dag.py
[2021-08-08 04:19:38,553] {logging_mixin.py:104} INFO - [2021-08-08 04:19:38,553] {dag.py:1833} INFO - Sync 2 DAGs
[2021-08-08 04:19:38,561] {logging_mixin.py:104} INFO - [2021-08-08 04:19:38,561] {dag.py:2306} INFO - Setting next_dagrun for example_external_task_marker_child to None
[2021-08-08 04:19:38,563] {logging_mixin.py:104} INFO - [2021-08-08 04:19:38,563] {dag.py:2306} INFO - Setting next_dagrun for example_external_task_marker_parent to None
[2021-08-08 04:19:38,582] {scheduler_job.py:190} INFO - Processing /home/airflow/sandbox/lib/python3.8/site-packages/airflow/example_dags/example_external_task_marker_dag.py took 0.247 seconds
[2021-08-08 04:20:09,943] {scheduler_job.py:182} INFO - Started process (PID=5180) to work on /home/airflow/sandbox/lib/python3.8/site-packages/airflow/example_dags/example_external_task_marker_dag.py
[2021-08-08 04:20:09,946] {scheduler_job.py:633} INFO - Processing file /home/airflow/sandbox/lib/python3.8/site-packages/airflow/example_dags/example_external_task_marker_dag.py for tasks to queue
[2021-08-08 04:20:09,949] {logging_mixin.py:104} INFO - [2021-08-08 04:20:09,949] {dagbag.py:496} INFO - Filling up the DagBag from /home/airflow/sandbox/lib/python3.8/site-packages/airflow/example_dags/example_external_task_marker_dag.py
[2021-08-08 04:20:09,961] {scheduler_job.py:643} INFO - DAG(s) dict_keys(['example_external_task_marker_parent', 'example_external_task_marker_child']) retrieved from /home/airflow/sandbox/lib/python3.8/site-packages/airflow/example_dags/example_external_task_marker_dag.py
[2021-08-08 04:20:10,175] {logging_mixin.py:104} INFO - [2021-08-08 04:20:10,175] {dag.py:1833} INFO - Sync 2 DAGs
[2021-08-08 04:20:10,183] {logging_mixin.py:104} INFO - [2021-08-08 04:20:10,183] {dag.py:2306} INFO - Setting next_dagrun for example_external_task_marker_child to None
[2021-08-08 04:20:10,186] {logging_mixin.py:104} INFO - [2021-08-08 04:20:10,186] {dag.py:2306} INFO - Setting next_dagrun for example_external_task_marker_parent to None
[2021-08-08 04:20:10,206] {scheduler_job.py:190} INFO - Processing /home/airflow/sandbox/lib/python3.8/site-packages/airflow/example_dags/example_external_task_marker_dag.py took 0.266 seconds
[2021-08-08 04:20:41,545] {scheduler_job.py:182} INFO - Started process (PID=5301) to work on /home/airflow/sandbox/lib/python3.8/site-packages/airflow/example_dags/example_external_task_marker_dag.py
[2021-08-08 04:20:41,547] {scheduler_job.py:633} INFO - Processing file /home/airflow/sandbox/lib/python3.8/site-packages/airflow/example_dags/example_external_task_marker_dag.py for tasks to queue
[2021-08-08 04:20:41,549] {logging_mixin.py:104} INFO - [2021-08-08 04:20:41,549] {dagbag.py:496} INFO - Filling up the DagBag from /home/airflow/sandbox/lib/python3.8/site-packages/airflow/example_dags/example_external_task_marker_dag.py
[2021-08-08 04:20:41,560] {scheduler_job.py:643} INFO - DAG(s) dict_keys(['example_external_task_marker_parent', 'example_external_task_marker_child']) retrieved from /home/airflow/sandbox/lib/python3.8/site-packages/airflow/example_dags/example_external_task_marker_dag.py
[2021-08-08 04:20:41,572] {logging_mixin.py:104} INFO - [2021-08-08 04:20:41,572] {dag.py:1833} INFO - Sync 2 DAGs
[2021-08-08 04:20:41,581] {logging_mixin.py:104} INFO - [2021-08-08 04:20:41,581] {dag.py:2306} INFO - Setting next_dagrun for example_external_task_marker_child to None
[2021-08-08 04:20:41,583] {logging_mixin.py:104} INFO - [2021-08-08 04:20:41,583] {dag.py:2306} INFO - Setting next_dagrun for example_external_task_marker_parent to None
[2021-08-08 04:20:41,598] {scheduler_job.py:190} INFO - Processing /home/airflow/sandbox/lib/python3.8/site-packages/airflow/example_dags/example_external_task_marker_dag.py took 0.055 seconds
[2021-08-08 04:21:13,793] {scheduler_job.py:182} INFO - Started process (PID=5471) to work on /home/airflow/sandbox/lib/python3.8/site-packages/airflow/example_dags/example_external_task_marker_dag.py
[2021-08-08 04:21:13,796] {scheduler_job.py:633} INFO - Processing file /home/airflow/sandbox/lib/python3.8/site-packages/airflow/example_dags/example_external_task_marker_dag.py for tasks to queue
[2021-08-08 04:21:13,798] {logging_mixin.py:104} INFO - [2021-08-08 04:21:13,798] {dagbag.py:496} INFO - Filling up the DagBag from /home/airflow/sandbox/lib/python3.8/site-packages/airflow/example_dags/example_external_task_marker_dag.py
[2021-08-08 04:21:13,809] {scheduler_job.py:643} INFO - DAG(s) dict_keys(['example_external_task_marker_parent', 'example_external_task_marker_child']) retrieved from /home/airflow/sandbox/lib/python3.8/site-packages/airflow/example_dags/example_external_task_marker_dag.py
[2021-08-08 04:21:13,823] {logging_mixin.py:104} INFO - [2021-08-08 04:21:13,823] {dag.py:1833} INFO - Sync 2 DAGs
[2021-08-08 04:21:13,832] {logging_mixin.py:104} INFO - [2021-08-08 04:21:13,832] {dag.py:2306} INFO - Setting next_dagrun for example_external_task_marker_child to None
[2021-08-08 04:21:13,834] {logging_mixin.py:104} INFO - [2021-08-08 04:21:13,834] {dag.py:2306} INFO - Setting next_dagrun for example_external_task_marker_parent to None
[2021-08-08 04:21:13,851] {scheduler_job.py:190} INFO - Processing /home/airflow/sandbox/lib/python3.8/site-packages/airflow/example_dags/example_external_task_marker_dag.py took 0.060 seconds
[2021-08-08 04:21:47,388] {scheduler_job.py:182} INFO - Started process (PID=5601) to work on /home/airflow/sandbox/lib/python3.8/site-packages/airflow/example_dags/example_external_task_marker_dag.py
[2021-08-08 04:21:47,390] {scheduler_job.py:633} INFO - Processing file /home/airflow/sandbox/lib/python3.8/site-packages/airflow/example_dags/example_external_task_marker_dag.py for tasks to queue
[2021-08-08 04:21:47,392] {logging_mixin.py:104} INFO - [2021-08-08 04:21:47,392] {dagbag.py:496} INFO - Filling up the DagBag from /home/airflow/sandbox/lib/python3.8/site-packages/airflow/example_dags/example_external_task_marker_dag.py
[2021-08-08 04:21:47,403] {scheduler_job.py:643} INFO - DAG(s) dict_keys(['example_external_task_marker_parent', 'example_external_task_marker_child']) retrieved from /home/airflow/sandbox/lib/python3.8/site-packages/airflow/example_dags/example_external_task_marker_dag.py
[2021-08-08 04:21:47,418] {logging_mixin.py:104} INFO - [2021-08-08 04:21:47,418] {dag.py:1833} INFO - Sync 2 DAGs
[2021-08-08 04:21:47,428] {logging_mixin.py:104} INFO - [2021-08-08 04:21:47,428] {dag.py:2306} INFO - Setting next_dagrun for example_external_task_marker_child to None
[2021-08-08 04:21:47,431] {logging_mixin.py:104} INFO - [2021-08-08 04:21:47,431] {dag.py:2306} INFO - Setting next_dagrun for example_external_task_marker_parent to None
[2021-08-08 04:21:47,449] {scheduler_job.py:190} INFO - Processing /home/airflow/sandbox/lib/python3.8/site-packages/airflow/example_dags/example_external_task_marker_dag.py took 0.065 seconds
[2021-08-08 04:22:20,798] {scheduler_job.py:182} INFO - Started process (PID=5730) to work on /home/airflow/sandbox/lib/python3.8/site-packages/airflow/example_dags/example_external_task_marker_dag.py
[2021-08-08 04:22:20,801] {scheduler_job.py:633} INFO - Processing file /home/airflow/sandbox/lib/python3.8/site-packages/airflow/example_dags/example_external_task_marker_dag.py for tasks to queue
[2021-08-08 04:22:20,803] {logging_mixin.py:104} INFO - [2021-08-08 04:22:20,803] {dagbag.py:496} INFO - Filling up the DagBag from /home/airflow/sandbox/lib/python3.8/site-packages/airflow/example_dags/example_external_task_marker_dag.py
[2021-08-08 04:22:20,814] {scheduler_job.py:643} INFO - DAG(s) dict_keys(['example_external_task_marker_parent', 'example_external_task_marker_child']) retrieved from /home/airflow/sandbox/lib/python3.8/site-packages/airflow/example_dags/example_external_task_marker_dag.py
[2021-08-08 04:22:21,023] {logging_mixin.py:104} INFO - [2021-08-08 04:22:21,023] {dag.py:1833} INFO - Sync 2 DAGs
[2021-08-08 04:22:21,034] {logging_mixin.py:104} INFO - [2021-08-08 04:22:21,034] {dag.py:2306} INFO - Setting next_dagrun for example_external_task_marker_child to None
[2021-08-08 04:22:21,037] {logging_mixin.py:104} INFO - [2021-08-08 04:22:21,037] {dag.py:2306} INFO - Setting next_dagrun for example_external_task_marker_parent to None
[2021-08-08 04:22:21,058] {scheduler_job.py:190} INFO - Processing /home/airflow/sandbox/lib/python3.8/site-packages/airflow/example_dags/example_external_task_marker_dag.py took 0.262 seconds
[2021-08-08 04:22:54,290] {scheduler_job.py:182} INFO - Started process (PID=5931) to work on /home/airflow/sandbox/lib/python3.8/site-packages/airflow/example_dags/example_external_task_marker_dag.py
[2021-08-08 04:22:54,292] {scheduler_job.py:633} INFO - Processing file /home/airflow/sandbox/lib/python3.8/site-packages/airflow/example_dags/example_external_task_marker_dag.py for tasks to queue
[2021-08-08 04:22:54,295] {logging_mixin.py:104} INFO - [2021-08-08 04:22:54,295] {dagbag.py:496} INFO - Filling up the DagBag from /home/airflow/sandbox/lib/python3.8/site-packages/airflow/example_dags/example_external_task_marker_dag.py
[2021-08-08 04:22:54,308] {scheduler_job.py:643} INFO - DAG(s) dict_keys(['example_external_task_marker_parent', 'example_external_task_marker_child']) retrieved from /home/airflow/sandbox/lib/python3.8/site-packages/airflow/example_dags/example_external_task_marker_dag.py
[2021-08-08 04:22:54,530] {logging_mixin.py:104} INFO - [2021-08-08 04:22:54,530] {dag.py:1833} INFO - Sync 2 DAGs
[2021-08-08 04:22:54,548] {logging_mixin.py:104} INFO - [2021-08-08 04:22:54,548] {dag.py:2306} INFO - Setting next_dagrun for example_external_task_marker_child to None
[2021-08-08 04:22:54,550] {logging_mixin.py:104} INFO - [2021-08-08 04:22:54,550] {dag.py:2306} INFO - Setting next_dagrun for example_external_task_marker_parent to None
[2021-08-08 04:22:54,581] {scheduler_job.py:190} INFO - Processing /home/airflow/sandbox/lib/python3.8/site-packages/airflow/example_dags/example_external_task_marker_dag.py took 0.295 seconds
[2021-08-08 04:23:27,074] {scheduler_job.py:182} INFO - Started process (PID=6135) to work on /home/airflow/sandbox/lib/python3.8/site-packages/airflow/example_dags/example_external_task_marker_dag.py
[2021-08-08 04:23:27,077] {scheduler_job.py:633} INFO - Processing file /home/airflow/sandbox/lib/python3.8/site-packages/airflow/example_dags/example_external_task_marker_dag.py for tasks to queue
[2021-08-08 04:23:27,079] {logging_mixin.py:104} INFO - [2021-08-08 04:23:27,079] {dagbag.py:496} INFO - Filling up the DagBag from /home/airflow/sandbox/lib/python3.8/site-packages/airflow/example_dags/example_external_task_marker_dag.py
[2021-08-08 04:23:27,092] {scheduler_job.py:643} INFO - DAG(s) dict_keys(['example_external_task_marker_parent', 'example_external_task_marker_child']) retrieved from /home/airflow/sandbox/lib/python3.8/site-packages/airflow/example_dags/example_external_task_marker_dag.py
[2021-08-08 04:23:27,329] {logging_mixin.py:104} INFO - [2021-08-08 04:23:27,329] {dag.py:1833} INFO - Sync 2 DAGs
[2021-08-08 04:23:27,338] {logging_mixin.py:104} INFO - [2021-08-08 04:23:27,338] {dag.py:2306} INFO - Setting next_dagrun for example_external_task_marker_child to None
[2021-08-08 04:23:27,341] {logging_mixin.py:104} INFO - [2021-08-08 04:23:27,341] {dag.py:2306} INFO - Setting next_dagrun for example_external_task_marker_parent to None
[2021-08-08 04:23:27,362] {scheduler_job.py:190} INFO - Processing /home/airflow/sandbox/lib/python3.8/site-packages/airflow/example_dags/example_external_task_marker_dag.py took 0.291 seconds
[2021-08-08 04:24:00,235] {scheduler_job.py:182} INFO - Started process (PID=6321) to work on /home/airflow/sandbox/lib/python3.8/site-packages/airflow/example_dags/example_external_task_marker_dag.py
[2021-08-08 04:24:00,238] {scheduler_job.py:633} INFO - Processing file /home/airflow/sandbox/lib/python3.8/site-packages/airflow/example_dags/example_external_task_marker_dag.py for tasks to queue
[2021-08-08 04:24:00,240] {logging_mixin.py:104} INFO - [2021-08-08 04:24:00,240] {dagbag.py:496} INFO - Filling up the DagBag from /home/airflow/sandbox/lib/python3.8/site-packages/airflow/example_dags/example_external_task_marker_dag.py
[2021-08-08 04:24:00,251] {scheduler_job.py:643} INFO - DAG(s) dict_keys(['example_external_task_marker_parent', 'example_external_task_marker_child']) retrieved from /home/airflow/sandbox/lib/python3.8/site-packages/airflow/example_dags/example_external_task_marker_dag.py
[2021-08-08 04:24:00,526] {logging_mixin.py:104} INFO - [2021-08-08 04:24:00,526] {dag.py:1833} INFO - Sync 2 DAGs
[2021-08-08 04:24:00,536] {logging_mixin.py:104} INFO - [2021-08-08 04:24:00,536] {dag.py:2306} INFO - Setting next_dagrun for example_external_task_marker_child to None
[2021-08-08 04:24:00,539] {logging_mixin.py:104} INFO - [2021-08-08 04:24:00,539] {dag.py:2306} INFO - Setting next_dagrun for example_external_task_marker_parent to None
[2021-08-08 04:24:00,559] {scheduler_job.py:190} INFO - Processing /home/airflow/sandbox/lib/python3.8/site-packages/airflow/example_dags/example_external_task_marker_dag.py took 0.327 seconds
[2021-08-08 04:24:34,761] {scheduler_job.py:182} INFO - Started process (PID=6458) to work on /home/airflow/sandbox/lib/python3.8/site-packages/airflow/example_dags/example_external_task_marker_dag.py
[2021-08-08 04:24:34,764] {scheduler_job.py:633} INFO - Processing file /home/airflow/sandbox/lib/python3.8/site-packages/airflow/example_dags/example_external_task_marker_dag.py for tasks to queue
[2021-08-08 04:24:34,767] {logging_mixin.py:104} INFO - [2021-08-08 04:24:34,766] {dagbag.py:496} INFO - Filling up the DagBag from /home/airflow/sandbox/lib/python3.8/site-packages/airflow/example_dags/example_external_task_marker_dag.py
[2021-08-08 04:24:34,778] {scheduler_job.py:643} INFO - DAG(s) dict_keys(['example_external_task_marker_parent', 'example_external_task_marker_child']) retrieved from /home/airflow/sandbox/lib/python3.8/site-packages/airflow/example_dags/example_external_task_marker_dag.py
[2021-08-08 04:24:34,793] {logging_mixin.py:104} INFO - [2021-08-08 04:24:34,792] {dag.py:1833} INFO - Sync 2 DAGs
[2021-08-08 04:24:34,801] {logging_mixin.py:104} INFO - [2021-08-08 04:24:34,801] {dag.py:2306} INFO - Setting next_dagrun for example_external_task_marker_child to None
[2021-08-08 04:24:34,803] {logging_mixin.py:104} INFO - [2021-08-08 04:24:34,803] {dag.py:2306} INFO - Setting next_dagrun for example_external_task_marker_parent to None
[2021-08-08 04:24:34,829] {scheduler_job.py:190} INFO - Processing /home/airflow/sandbox/lib/python3.8/site-packages/airflow/example_dags/example_external_task_marker_dag.py took 0.072 seconds
