[2021-08-08 04:10:51,987] {scheduler_job.py:182} INFO - Started process (PID=2510) to work on /home/airflow/sandbox/lib/python3.8/site-packages/airflow/example_dags/tutorial.py
[2021-08-08 04:10:51,990] {scheduler_job.py:633} INFO - Processing file /home/airflow/sandbox/lib/python3.8/site-packages/airflow/example_dags/tutorial.py for tasks to queue
[2021-08-08 04:10:51,992] {logging_mixin.py:104} INFO - [2021-08-08 04:10:51,992] {dagbag.py:496} INFO - Filling up the DagBag from /home/airflow/sandbox/lib/python3.8/site-packages/airflow/example_dags/tutorial.py
[2021-08-08 04:10:52,007] {scheduler_job.py:643} INFO - DAG(s) dict_keys(['tutorial']) retrieved from /home/airflow/sandbox/lib/python3.8/site-packages/airflow/example_dags/tutorial.py
[2021-08-08 04:10:52,290] {logging_mixin.py:104} INFO - [2021-08-08 04:10:52,290] {dag.py:1833} INFO - Sync 1 DAGs
[2021-08-08 04:10:52,297] {logging_mixin.py:104} INFO - [2021-08-08 04:10:52,297] {dag.py:2306} INFO - Setting next_dagrun for tutorial to 2021-08-06 00:00:00+00:00
[2021-08-08 04:10:52,322] {scheduler_job.py:190} INFO - Processing /home/airflow/sandbox/lib/python3.8/site-packages/airflow/example_dags/tutorial.py took 0.339 seconds
[2021-08-08 04:11:36,617] {scheduler_job.py:182} INFO - Started process (PID=2667) to work on /home/airflow/sandbox/lib/python3.8/site-packages/airflow/example_dags/tutorial.py
[2021-08-08 04:11:36,620] {scheduler_job.py:633} INFO - Processing file /home/airflow/sandbox/lib/python3.8/site-packages/airflow/example_dags/tutorial.py for tasks to queue
[2021-08-08 04:11:36,623] {logging_mixin.py:104} INFO - [2021-08-08 04:11:36,623] {dagbag.py:496} INFO - Filling up the DagBag from /home/airflow/sandbox/lib/python3.8/site-packages/airflow/example_dags/tutorial.py
[2021-08-08 04:11:36,640] {scheduler_job.py:643} INFO - DAG(s) dict_keys(['tutorial']) retrieved from /home/airflow/sandbox/lib/python3.8/site-packages/airflow/example_dags/tutorial.py
[2021-08-08 04:11:36,662] {logging_mixin.py:104} INFO - [2021-08-08 04:11:36,661] {dag.py:1833} INFO - Sync 1 DAGs
[2021-08-08 04:11:36,692] {logging_mixin.py:104} INFO - [2021-08-08 04:11:36,692] {dag.py:2306} INFO - Setting next_dagrun for tutorial to 2021-08-06 00:00:00+00:00
[2021-08-08 04:11:36,717] {scheduler_job.py:190} INFO - Processing /home/airflow/sandbox/lib/python3.8/site-packages/airflow/example_dags/tutorial.py took 0.104 seconds
[2021-08-08 04:12:12,687] {scheduler_job.py:182} INFO - Started process (PID=2849) to work on /home/airflow/sandbox/lib/python3.8/site-packages/airflow/example_dags/tutorial.py
[2021-08-08 04:12:12,690] {scheduler_job.py:633} INFO - Processing file /home/airflow/sandbox/lib/python3.8/site-packages/airflow/example_dags/tutorial.py for tasks to queue
[2021-08-08 04:12:12,692] {logging_mixin.py:104} INFO - [2021-08-08 04:12:12,692] {dagbag.py:496} INFO - Filling up the DagBag from /home/airflow/sandbox/lib/python3.8/site-packages/airflow/example_dags/tutorial.py
[2021-08-08 04:12:12,705] {scheduler_job.py:643} INFO - DAG(s) dict_keys(['tutorial']) retrieved from /home/airflow/sandbox/lib/python3.8/site-packages/airflow/example_dags/tutorial.py
[2021-08-08 04:12:12,718] {logging_mixin.py:104} INFO - [2021-08-08 04:12:12,718] {dag.py:1833} INFO - Sync 1 DAGs
[2021-08-08 04:12:12,729] {logging_mixin.py:104} INFO - [2021-08-08 04:12:12,729] {dag.py:2306} INFO - Setting next_dagrun for tutorial to 2021-08-06 00:00:00+00:00
[2021-08-08 04:12:12,753] {scheduler_job.py:190} INFO - Processing /home/airflow/sandbox/lib/python3.8/site-packages/airflow/example_dags/tutorial.py took 0.069 seconds
[2021-08-08 04:12:47,021] {scheduler_job.py:182} INFO - Started process (PID=2981) to work on /home/airflow/sandbox/lib/python3.8/site-packages/airflow/example_dags/tutorial.py
[2021-08-08 04:12:47,024] {scheduler_job.py:633} INFO - Processing file /home/airflow/sandbox/lib/python3.8/site-packages/airflow/example_dags/tutorial.py for tasks to queue
[2021-08-08 04:12:47,026] {logging_mixin.py:104} INFO - [2021-08-08 04:12:47,026] {dagbag.py:496} INFO - Filling up the DagBag from /home/airflow/sandbox/lib/python3.8/site-packages/airflow/example_dags/tutorial.py
[2021-08-08 04:12:47,038] {scheduler_job.py:643} INFO - DAG(s) dict_keys(['tutorial']) retrieved from /home/airflow/sandbox/lib/python3.8/site-packages/airflow/example_dags/tutorial.py
[2021-08-08 04:12:47,051] {logging_mixin.py:104} INFO - [2021-08-08 04:12:47,051] {dag.py:1833} INFO - Sync 1 DAGs
[2021-08-08 04:12:47,061] {logging_mixin.py:104} INFO - [2021-08-08 04:12:47,061] {dag.py:2306} INFO - Setting next_dagrun for tutorial to 2021-08-06 00:00:00+00:00
[2021-08-08 04:12:47,081] {scheduler_job.py:190} INFO - Processing /home/airflow/sandbox/lib/python3.8/site-packages/airflow/example_dags/tutorial.py took 0.063 seconds
[2021-08-08 04:13:20,477] {scheduler_job.py:182} INFO - Started process (PID=3154) to work on /home/airflow/sandbox/lib/python3.8/site-packages/airflow/example_dags/tutorial.py
[2021-08-08 04:13:20,480] {scheduler_job.py:633} INFO - Processing file /home/airflow/sandbox/lib/python3.8/site-packages/airflow/example_dags/tutorial.py for tasks to queue
[2021-08-08 04:13:20,482] {logging_mixin.py:104} INFO - [2021-08-08 04:13:20,482] {dagbag.py:496} INFO - Filling up the DagBag from /home/airflow/sandbox/lib/python3.8/site-packages/airflow/example_dags/tutorial.py
[2021-08-08 04:13:20,492] {scheduler_job.py:643} INFO - DAG(s) dict_keys(['tutorial']) retrieved from /home/airflow/sandbox/lib/python3.8/site-packages/airflow/example_dags/tutorial.py
[2021-08-08 04:13:20,504] {logging_mixin.py:104} INFO - [2021-08-08 04:13:20,504] {dag.py:1833} INFO - Sync 1 DAGs
[2021-08-08 04:13:20,513] {logging_mixin.py:104} INFO - [2021-08-08 04:13:20,513] {dag.py:2306} INFO - Setting next_dagrun for tutorial to 2021-08-06 00:00:00+00:00
[2021-08-08 04:13:20,529] {scheduler_job.py:190} INFO - Processing /home/airflow/sandbox/lib/python3.8/site-packages/airflow/example_dags/tutorial.py took 0.055 seconds
[2021-08-08 04:13:52,950] {scheduler_job.py:182} INFO - Started process (PID=3282) to work on /home/airflow/sandbox/lib/python3.8/site-packages/airflow/example_dags/tutorial.py
[2021-08-08 04:13:52,953] {scheduler_job.py:633} INFO - Processing file /home/airflow/sandbox/lib/python3.8/site-packages/airflow/example_dags/tutorial.py for tasks to queue
[2021-08-08 04:13:52,956] {logging_mixin.py:104} INFO - [2021-08-08 04:13:52,956] {dagbag.py:496} INFO - Filling up the DagBag from /home/airflow/sandbox/lib/python3.8/site-packages/airflow/example_dags/tutorial.py
[2021-08-08 04:13:52,971] {scheduler_job.py:643} INFO - DAG(s) dict_keys(['tutorial']) retrieved from /home/airflow/sandbox/lib/python3.8/site-packages/airflow/example_dags/tutorial.py
[2021-08-08 04:13:52,990] {logging_mixin.py:104} INFO - [2021-08-08 04:13:52,990] {dag.py:1833} INFO - Sync 1 DAGs
[2021-08-08 04:13:53,004] {logging_mixin.py:104} INFO - [2021-08-08 04:13:53,004] {dag.py:2306} INFO - Setting next_dagrun for tutorial to 2021-08-06 00:00:00+00:00
[2021-08-08 04:13:53,029] {scheduler_job.py:190} INFO - Processing /home/airflow/sandbox/lib/python3.8/site-packages/airflow/example_dags/tutorial.py took 0.082 seconds
[2021-08-08 04:14:28,257] {scheduler_job.py:182} INFO - Started process (PID=3475) to work on /home/airflow/sandbox/lib/python3.8/site-packages/airflow/example_dags/tutorial.py
[2021-08-08 04:14:28,259] {scheduler_job.py:633} INFO - Processing file /home/airflow/sandbox/lib/python3.8/site-packages/airflow/example_dags/tutorial.py for tasks to queue
[2021-08-08 04:14:28,262] {logging_mixin.py:104} INFO - [2021-08-08 04:14:28,262] {dagbag.py:496} INFO - Filling up the DagBag from /home/airflow/sandbox/lib/python3.8/site-packages/airflow/example_dags/tutorial.py
[2021-08-08 04:14:28,275] {scheduler_job.py:643} INFO - DAG(s) dict_keys(['tutorial']) retrieved from /home/airflow/sandbox/lib/python3.8/site-packages/airflow/example_dags/tutorial.py
[2021-08-08 04:14:28,290] {logging_mixin.py:104} INFO - [2021-08-08 04:14:28,290] {dag.py:1833} INFO - Sync 1 DAGs
[2021-08-08 04:14:28,302] {logging_mixin.py:104} INFO - [2021-08-08 04:14:28,302] {dag.py:2306} INFO - Setting next_dagrun for tutorial to 2021-08-06 00:00:00+00:00
[2021-08-08 04:14:28,324] {scheduler_job.py:190} INFO - Processing /home/airflow/sandbox/lib/python3.8/site-packages/airflow/example_dags/tutorial.py took 0.069 seconds
[2021-08-08 04:15:02,385] {scheduler_job.py:182} INFO - Started process (PID=3689) to work on /home/airflow/sandbox/lib/python3.8/site-packages/airflow/example_dags/tutorial.py
[2021-08-08 04:15:02,389] {scheduler_job.py:633} INFO - Processing file /home/airflow/sandbox/lib/python3.8/site-packages/airflow/example_dags/tutorial.py for tasks to queue
[2021-08-08 04:15:02,393] {logging_mixin.py:104} INFO - [2021-08-08 04:15:02,392] {dagbag.py:496} INFO - Filling up the DagBag from /home/airflow/sandbox/lib/python3.8/site-packages/airflow/example_dags/tutorial.py
[2021-08-08 04:15:02,409] {scheduler_job.py:643} INFO - DAG(s) dict_keys(['tutorial']) retrieved from /home/airflow/sandbox/lib/python3.8/site-packages/airflow/example_dags/tutorial.py
[2021-08-08 04:15:02,427] {logging_mixin.py:104} INFO - [2021-08-08 04:15:02,427] {dag.py:1833} INFO - Sync 1 DAGs
[2021-08-08 04:15:02,445] {logging_mixin.py:104} INFO - [2021-08-08 04:15:02,445] {dag.py:2306} INFO - Setting next_dagrun for tutorial to 2021-08-06 00:00:00+00:00
[2021-08-08 04:15:02,468] {scheduler_job.py:190} INFO - Processing /home/airflow/sandbox/lib/python3.8/site-packages/airflow/example_dags/tutorial.py took 0.086 seconds
[2021-08-08 04:15:35,710] {scheduler_job.py:182} INFO - Started process (PID=3838) to work on /home/airflow/sandbox/lib/python3.8/site-packages/airflow/example_dags/tutorial.py
[2021-08-08 04:15:35,712] {scheduler_job.py:633} INFO - Processing file /home/airflow/sandbox/lib/python3.8/site-packages/airflow/example_dags/tutorial.py for tasks to queue
[2021-08-08 04:15:35,714] {logging_mixin.py:104} INFO - [2021-08-08 04:15:35,714] {dagbag.py:496} INFO - Filling up the DagBag from /home/airflow/sandbox/lib/python3.8/site-packages/airflow/example_dags/tutorial.py
[2021-08-08 04:15:35,725] {scheduler_job.py:643} INFO - DAG(s) dict_keys(['tutorial']) retrieved from /home/airflow/sandbox/lib/python3.8/site-packages/airflow/example_dags/tutorial.py
[2021-08-08 04:15:35,740] {logging_mixin.py:104} INFO - [2021-08-08 04:15:35,739] {dag.py:1833} INFO - Sync 1 DAGs
[2021-08-08 04:15:35,750] {logging_mixin.py:104} INFO - [2021-08-08 04:15:35,750] {dag.py:2306} INFO - Setting next_dagrun for tutorial to 2021-08-06 00:00:00+00:00
[2021-08-08 04:15:35,767] {scheduler_job.py:190} INFO - Processing /home/airflow/sandbox/lib/python3.8/site-packages/airflow/example_dags/tutorial.py took 0.061 seconds
[2021-08-08 04:16:07,969] {scheduler_job.py:182} INFO - Started process (PID=4121) to work on /home/airflow/sandbox/lib/python3.8/site-packages/airflow/example_dags/tutorial.py
[2021-08-08 04:16:07,972] {scheduler_job.py:633} INFO - Processing file /home/airflow/sandbox/lib/python3.8/site-packages/airflow/example_dags/tutorial.py for tasks to queue
[2021-08-08 04:16:07,973] {logging_mixin.py:104} INFO - [2021-08-08 04:16:07,973] {dagbag.py:496} INFO - Filling up the DagBag from /home/airflow/sandbox/lib/python3.8/site-packages/airflow/example_dags/tutorial.py
[2021-08-08 04:16:07,984] {scheduler_job.py:643} INFO - DAG(s) dict_keys(['tutorial']) retrieved from /home/airflow/sandbox/lib/python3.8/site-packages/airflow/example_dags/tutorial.py
[2021-08-08 04:16:07,996] {logging_mixin.py:104} INFO - [2021-08-08 04:16:07,996] {dag.py:1833} INFO - Sync 1 DAGs
[2021-08-08 04:16:08,005] {logging_mixin.py:104} INFO - [2021-08-08 04:16:08,005] {dag.py:2306} INFO - Setting next_dagrun for tutorial to 2021-08-06 00:00:00+00:00
[2021-08-08 04:16:08,028] {scheduler_job.py:190} INFO - Processing /home/airflow/sandbox/lib/python3.8/site-packages/airflow/example_dags/tutorial.py took 0.063 seconds
[2021-08-08 04:16:40,273] {scheduler_job.py:182} INFO - Started process (PID=4239) to work on /home/airflow/sandbox/lib/python3.8/site-packages/airflow/example_dags/tutorial.py
[2021-08-08 04:16:40,276] {scheduler_job.py:633} INFO - Processing file /home/airflow/sandbox/lib/python3.8/site-packages/airflow/example_dags/tutorial.py for tasks to queue
[2021-08-08 04:16:40,278] {logging_mixin.py:104} INFO - [2021-08-08 04:16:40,278] {dagbag.py:496} INFO - Filling up the DagBag from /home/airflow/sandbox/lib/python3.8/site-packages/airflow/example_dags/tutorial.py
[2021-08-08 04:16:40,290] {scheduler_job.py:643} INFO - DAG(s) dict_keys(['tutorial']) retrieved from /home/airflow/sandbox/lib/python3.8/site-packages/airflow/example_dags/tutorial.py
[2021-08-08 04:16:40,303] {logging_mixin.py:104} INFO - [2021-08-08 04:16:40,303] {dag.py:1833} INFO - Sync 1 DAGs
[2021-08-08 04:16:40,313] {logging_mixin.py:104} INFO - [2021-08-08 04:16:40,313] {dag.py:2306} INFO - Setting next_dagrun for tutorial to 2021-08-06 00:00:00+00:00
[2021-08-08 04:16:40,330] {scheduler_job.py:190} INFO - Processing /home/airflow/sandbox/lib/python3.8/site-packages/airflow/example_dags/tutorial.py took 0.060 seconds
[2021-08-08 04:17:12,594] {scheduler_job.py:182} INFO - Started process (PID=4412) to work on /home/airflow/sandbox/lib/python3.8/site-packages/airflow/example_dags/tutorial.py
[2021-08-08 04:17:12,597] {scheduler_job.py:633} INFO - Processing file /home/airflow/sandbox/lib/python3.8/site-packages/airflow/example_dags/tutorial.py for tasks to queue
[2021-08-08 04:17:12,600] {logging_mixin.py:104} INFO - [2021-08-08 04:17:12,600] {dagbag.py:496} INFO - Filling up the DagBag from /home/airflow/sandbox/lib/python3.8/site-packages/airflow/example_dags/tutorial.py
[2021-08-08 04:17:12,612] {scheduler_job.py:643} INFO - DAG(s) dict_keys(['tutorial']) retrieved from /home/airflow/sandbox/lib/python3.8/site-packages/airflow/example_dags/tutorial.py
[2021-08-08 04:17:12,629] {logging_mixin.py:104} INFO - [2021-08-08 04:17:12,629] {dag.py:1833} INFO - Sync 1 DAGs
[2021-08-08 04:17:12,641] {logging_mixin.py:104} INFO - [2021-08-08 04:17:12,641] {dag.py:2306} INFO - Setting next_dagrun for tutorial to 2021-08-06 00:00:00+00:00
[2021-08-08 04:17:12,662] {scheduler_job.py:190} INFO - Processing /home/airflow/sandbox/lib/python3.8/site-packages/airflow/example_dags/tutorial.py took 0.071 seconds
[2021-08-08 04:17:44,479] {scheduler_job.py:182} INFO - Started process (PID=4533) to work on /home/airflow/sandbox/lib/python3.8/site-packages/airflow/example_dags/tutorial.py
[2021-08-08 04:17:44,482] {scheduler_job.py:633} INFO - Processing file /home/airflow/sandbox/lib/python3.8/site-packages/airflow/example_dags/tutorial.py for tasks to queue
[2021-08-08 04:17:44,485] {logging_mixin.py:104} INFO - [2021-08-08 04:17:44,485] {dagbag.py:496} INFO - Filling up the DagBag from /home/airflow/sandbox/lib/python3.8/site-packages/airflow/example_dags/tutorial.py
[2021-08-08 04:17:44,496] {scheduler_job.py:643} INFO - DAG(s) dict_keys(['tutorial']) retrieved from /home/airflow/sandbox/lib/python3.8/site-packages/airflow/example_dags/tutorial.py
[2021-08-08 04:17:44,509] {logging_mixin.py:104} INFO - [2021-08-08 04:17:44,509] {dag.py:1833} INFO - Sync 1 DAGs
[2021-08-08 04:17:44,520] {logging_mixin.py:104} INFO - [2021-08-08 04:17:44,520] {dag.py:2306} INFO - Setting next_dagrun for tutorial to 2021-08-06 00:00:00+00:00
[2021-08-08 04:17:44,540] {scheduler_job.py:190} INFO - Processing /home/airflow/sandbox/lib/python3.8/site-packages/airflow/example_dags/tutorial.py took 0.063 seconds
[2021-08-08 04:18:16,093] {scheduler_job.py:182} INFO - Started process (PID=4648) to work on /home/airflow/sandbox/lib/python3.8/site-packages/airflow/example_dags/tutorial.py
[2021-08-08 04:18:16,095] {scheduler_job.py:633} INFO - Processing file /home/airflow/sandbox/lib/python3.8/site-packages/airflow/example_dags/tutorial.py for tasks to queue
[2021-08-08 04:18:16,097] {logging_mixin.py:104} INFO - [2021-08-08 04:18:16,097] {dagbag.py:496} INFO - Filling up the DagBag from /home/airflow/sandbox/lib/python3.8/site-packages/airflow/example_dags/tutorial.py
[2021-08-08 04:18:16,109] {scheduler_job.py:643} INFO - DAG(s) dict_keys(['tutorial']) retrieved from /home/airflow/sandbox/lib/python3.8/site-packages/airflow/example_dags/tutorial.py
[2021-08-08 04:18:16,126] {logging_mixin.py:104} INFO - [2021-08-08 04:18:16,125] {dag.py:1833} INFO - Sync 1 DAGs
[2021-08-08 04:18:16,135] {logging_mixin.py:104} INFO - [2021-08-08 04:18:16,135] {dag.py:2306} INFO - Setting next_dagrun for tutorial to 2021-08-06 00:00:00+00:00
[2021-08-08 04:18:16,151] {scheduler_job.py:190} INFO - Processing /home/airflow/sandbox/lib/python3.8/site-packages/airflow/example_dags/tutorial.py took 0.061 seconds
[2021-08-08 04:18:49,914] {scheduler_job.py:182} INFO - Started process (PID=4868) to work on /home/airflow/sandbox/lib/python3.8/site-packages/airflow/example_dags/tutorial.py
[2021-08-08 04:18:49,917] {scheduler_job.py:633} INFO - Processing file /home/airflow/sandbox/lib/python3.8/site-packages/airflow/example_dags/tutorial.py for tasks to queue
[2021-08-08 04:18:49,919] {logging_mixin.py:104} INFO - [2021-08-08 04:18:49,919] {dagbag.py:496} INFO - Filling up the DagBag from /home/airflow/sandbox/lib/python3.8/site-packages/airflow/example_dags/tutorial.py
[2021-08-08 04:18:49,931] {scheduler_job.py:643} INFO - DAG(s) dict_keys(['tutorial']) retrieved from /home/airflow/sandbox/lib/python3.8/site-packages/airflow/example_dags/tutorial.py
[2021-08-08 04:18:49,945] {logging_mixin.py:104} INFO - [2021-08-08 04:18:49,945] {dag.py:1833} INFO - Sync 1 DAGs
[2021-08-08 04:18:49,954] {logging_mixin.py:104} INFO - [2021-08-08 04:18:49,954] {dag.py:2306} INFO - Setting next_dagrun for tutorial to 2021-08-06 00:00:00+00:00
[2021-08-08 04:18:49,974] {scheduler_job.py:190} INFO - Processing /home/airflow/sandbox/lib/python3.8/site-packages/airflow/example_dags/tutorial.py took 0.064 seconds
[2021-08-08 04:19:23,486] {scheduler_job.py:182} INFO - Started process (PID=4998) to work on /home/airflow/sandbox/lib/python3.8/site-packages/airflow/example_dags/tutorial.py
[2021-08-08 04:19:23,489] {scheduler_job.py:633} INFO - Processing file /home/airflow/sandbox/lib/python3.8/site-packages/airflow/example_dags/tutorial.py for tasks to queue
[2021-08-08 04:19:23,491] {logging_mixin.py:104} INFO - [2021-08-08 04:19:23,491] {dagbag.py:496} INFO - Filling up the DagBag from /home/airflow/sandbox/lib/python3.8/site-packages/airflow/example_dags/tutorial.py
[2021-08-08 04:19:23,502] {scheduler_job.py:643} INFO - DAG(s) dict_keys(['tutorial']) retrieved from /home/airflow/sandbox/lib/python3.8/site-packages/airflow/example_dags/tutorial.py
[2021-08-08 04:19:23,518] {logging_mixin.py:104} INFO - [2021-08-08 04:19:23,518] {dag.py:1833} INFO - Sync 1 DAGs
[2021-08-08 04:19:23,528] {logging_mixin.py:104} INFO - [2021-08-08 04:19:23,528] {dag.py:2306} INFO - Setting next_dagrun for tutorial to 2021-08-06 00:00:00+00:00
[2021-08-08 04:19:23,547] {scheduler_job.py:190} INFO - Processing /home/airflow/sandbox/lib/python3.8/site-packages/airflow/example_dags/tutorial.py took 0.063 seconds
[2021-08-08 04:19:56,155] {scheduler_job.py:182} INFO - Started process (PID=5125) to work on /home/airflow/sandbox/lib/python3.8/site-packages/airflow/example_dags/tutorial.py
[2021-08-08 04:19:56,158] {scheduler_job.py:633} INFO - Processing file /home/airflow/sandbox/lib/python3.8/site-packages/airflow/example_dags/tutorial.py for tasks to queue
[2021-08-08 04:19:56,160] {logging_mixin.py:104} INFO - [2021-08-08 04:19:56,160] {dagbag.py:496} INFO - Filling up the DagBag from /home/airflow/sandbox/lib/python3.8/site-packages/airflow/example_dags/tutorial.py
[2021-08-08 04:19:56,171] {scheduler_job.py:643} INFO - DAG(s) dict_keys(['tutorial']) retrieved from /home/airflow/sandbox/lib/python3.8/site-packages/airflow/example_dags/tutorial.py
[2021-08-08 04:19:56,182] {logging_mixin.py:104} INFO - [2021-08-08 04:19:56,182] {dag.py:1833} INFO - Sync 1 DAGs
[2021-08-08 04:19:56,191] {logging_mixin.py:104} INFO - [2021-08-08 04:19:56,191] {dag.py:2306} INFO - Setting next_dagrun for tutorial to 2021-08-06 00:00:00+00:00
[2021-08-08 04:19:56,208] {scheduler_job.py:190} INFO - Processing /home/airflow/sandbox/lib/python3.8/site-packages/airflow/example_dags/tutorial.py took 0.055 seconds
[2021-08-08 04:20:29,737] {scheduler_job.py:182} INFO - Started process (PID=5253) to work on /home/airflow/sandbox/lib/python3.8/site-packages/airflow/example_dags/tutorial.py
[2021-08-08 04:20:29,739] {scheduler_job.py:633} INFO - Processing file /home/airflow/sandbox/lib/python3.8/site-packages/airflow/example_dags/tutorial.py for tasks to queue
[2021-08-08 04:20:29,741] {logging_mixin.py:104} INFO - [2021-08-08 04:20:29,741] {dagbag.py:496} INFO - Filling up the DagBag from /home/airflow/sandbox/lib/python3.8/site-packages/airflow/example_dags/tutorial.py
[2021-08-08 04:20:29,751] {scheduler_job.py:643} INFO - DAG(s) dict_keys(['tutorial']) retrieved from /home/airflow/sandbox/lib/python3.8/site-packages/airflow/example_dags/tutorial.py
[2021-08-08 04:20:29,765] {logging_mixin.py:104} INFO - [2021-08-08 04:20:29,765] {dag.py:1833} INFO - Sync 1 DAGs
[2021-08-08 04:20:29,776] {logging_mixin.py:104} INFO - [2021-08-08 04:20:29,776] {dag.py:2306} INFO - Setting next_dagrun for tutorial to 2021-08-06 00:00:00+00:00
[2021-08-08 04:20:29,793] {scheduler_job.py:190} INFO - Processing /home/airflow/sandbox/lib/python3.8/site-packages/airflow/example_dags/tutorial.py took 0.059 seconds
[2021-08-08 04:21:01,963] {scheduler_job.py:182} INFO - Started process (PID=5423) to work on /home/airflow/sandbox/lib/python3.8/site-packages/airflow/example_dags/tutorial.py
[2021-08-08 04:21:01,969] {scheduler_job.py:633} INFO - Processing file /home/airflow/sandbox/lib/python3.8/site-packages/airflow/example_dags/tutorial.py for tasks to queue
[2021-08-08 04:21:01,971] {logging_mixin.py:104} INFO - [2021-08-08 04:21:01,970] {dagbag.py:496} INFO - Filling up the DagBag from /home/airflow/sandbox/lib/python3.8/site-packages/airflow/example_dags/tutorial.py
[2021-08-08 04:21:01,992] {scheduler_job.py:643} INFO - DAG(s) dict_keys(['tutorial']) retrieved from /home/airflow/sandbox/lib/python3.8/site-packages/airflow/example_dags/tutorial.py
[2021-08-08 04:21:02,004] {logging_mixin.py:104} INFO - [2021-08-08 04:21:02,004] {dag.py:1833} INFO - Sync 1 DAGs
[2021-08-08 04:21:02,013] {logging_mixin.py:104} INFO - [2021-08-08 04:21:02,013] {dag.py:2306} INFO - Setting next_dagrun for tutorial to 2021-08-06 00:00:00+00:00
[2021-08-08 04:21:02,036] {scheduler_job.py:190} INFO - Processing /home/airflow/sandbox/lib/python3.8/site-packages/airflow/example_dags/tutorial.py took 0.077 seconds
[2021-08-08 04:21:33,169] {scheduler_job.py:182} INFO - Started process (PID=5545) to work on /home/airflow/sandbox/lib/python3.8/site-packages/airflow/example_dags/tutorial.py
[2021-08-08 04:21:33,171] {scheduler_job.py:633} INFO - Processing file /home/airflow/sandbox/lib/python3.8/site-packages/airflow/example_dags/tutorial.py for tasks to queue
[2021-08-08 04:21:33,173] {logging_mixin.py:104} INFO - [2021-08-08 04:21:33,173] {dagbag.py:496} INFO - Filling up the DagBag from /home/airflow/sandbox/lib/python3.8/site-packages/airflow/example_dags/tutorial.py
[2021-08-08 04:21:33,182] {scheduler_job.py:643} INFO - DAG(s) dict_keys(['tutorial']) retrieved from /home/airflow/sandbox/lib/python3.8/site-packages/airflow/example_dags/tutorial.py
[2021-08-08 04:21:33,194] {logging_mixin.py:104} INFO - [2021-08-08 04:21:33,194] {dag.py:1833} INFO - Sync 1 DAGs
[2021-08-08 04:21:33,203] {logging_mixin.py:104} INFO - [2021-08-08 04:21:33,203] {dag.py:2306} INFO - Setting next_dagrun for tutorial to 2021-08-06 00:00:00+00:00
[2021-08-08 04:21:33,220] {scheduler_job.py:190} INFO - Processing /home/airflow/sandbox/lib/python3.8/site-packages/airflow/example_dags/tutorial.py took 0.053 seconds
[2021-08-08 04:22:06,704] {scheduler_job.py:182} INFO - Started process (PID=5677) to work on /home/airflow/sandbox/lib/python3.8/site-packages/airflow/example_dags/tutorial.py
[2021-08-08 04:22:06,713] {scheduler_job.py:633} INFO - Processing file /home/airflow/sandbox/lib/python3.8/site-packages/airflow/example_dags/tutorial.py for tasks to queue
[2021-08-08 04:22:06,722] {logging_mixin.py:104} INFO - [2021-08-08 04:22:06,722] {dagbag.py:496} INFO - Filling up the DagBag from /home/airflow/sandbox/lib/python3.8/site-packages/airflow/example_dags/tutorial.py
[2021-08-08 04:22:06,790] {scheduler_job.py:643} INFO - DAG(s) dict_keys(['tutorial']) retrieved from /home/airflow/sandbox/lib/python3.8/site-packages/airflow/example_dags/tutorial.py
[2021-08-08 04:22:06,817] {logging_mixin.py:104} INFO - [2021-08-08 04:22:06,817] {dag.py:1833} INFO - Sync 1 DAGs
[2021-08-08 04:22:06,862] {logging_mixin.py:104} INFO - [2021-08-08 04:22:06,862] {dag.py:2306} INFO - Setting next_dagrun for tutorial to 2021-08-06 00:00:00+00:00
[2021-08-08 04:22:06,886] {scheduler_job.py:190} INFO - Processing /home/airflow/sandbox/lib/python3.8/site-packages/airflow/example_dags/tutorial.py took 0.215 seconds
[2021-08-08 04:22:40,264] {scheduler_job.py:182} INFO - Started process (PID=5840) to work on /home/airflow/sandbox/lib/python3.8/site-packages/airflow/example_dags/tutorial.py
[2021-08-08 04:22:40,267] {scheduler_job.py:633} INFO - Processing file /home/airflow/sandbox/lib/python3.8/site-packages/airflow/example_dags/tutorial.py for tasks to queue
[2021-08-08 04:22:40,269] {logging_mixin.py:104} INFO - [2021-08-08 04:22:40,269] {dagbag.py:496} INFO - Filling up the DagBag from /home/airflow/sandbox/lib/python3.8/site-packages/airflow/example_dags/tutorial.py
[2021-08-08 04:22:40,283] {scheduler_job.py:643} INFO - DAG(s) dict_keys(['tutorial']) retrieved from /home/airflow/sandbox/lib/python3.8/site-packages/airflow/example_dags/tutorial.py
[2021-08-08 04:22:40,297] {logging_mixin.py:104} INFO - [2021-08-08 04:22:40,297] {dag.py:1833} INFO - Sync 1 DAGs
[2021-08-08 04:22:40,306] {logging_mixin.py:104} INFO - [2021-08-08 04:22:40,306] {dag.py:2306} INFO - Setting next_dagrun for tutorial to 2021-08-06 00:00:00+00:00
[2021-08-08 04:22:40,325] {scheduler_job.py:190} INFO - Processing /home/airflow/sandbox/lib/python3.8/site-packages/airflow/example_dags/tutorial.py took 0.064 seconds
[2021-08-08 04:23:13,047] {scheduler_job.py:182} INFO - Started process (PID=6030) to work on /home/airflow/sandbox/lib/python3.8/site-packages/airflow/example_dags/tutorial.py
[2021-08-08 04:23:13,051] {scheduler_job.py:633} INFO - Processing file /home/airflow/sandbox/lib/python3.8/site-packages/airflow/example_dags/tutorial.py for tasks to queue
[2021-08-08 04:23:13,054] {logging_mixin.py:104} INFO - [2021-08-08 04:23:13,054] {dagbag.py:496} INFO - Filling up the DagBag from /home/airflow/sandbox/lib/python3.8/site-packages/airflow/example_dags/tutorial.py
[2021-08-08 04:23:13,067] {scheduler_job.py:643} INFO - DAG(s) dict_keys(['tutorial']) retrieved from /home/airflow/sandbox/lib/python3.8/site-packages/airflow/example_dags/tutorial.py
[2021-08-08 04:23:13,104] {logging_mixin.py:104} INFO - [2021-08-08 04:23:13,104] {dag.py:1833} INFO - Sync 1 DAGs
[2021-08-08 04:23:13,122] {logging_mixin.py:104} INFO - [2021-08-08 04:23:13,122] {dag.py:2306} INFO - Setting next_dagrun for tutorial to 2021-08-06 00:00:00+00:00
[2021-08-08 04:23:13,150] {scheduler_job.py:190} INFO - Processing /home/airflow/sandbox/lib/python3.8/site-packages/airflow/example_dags/tutorial.py took 0.106 seconds
[2021-08-08 04:23:48,214] {scheduler_job.py:182} INFO - Started process (PID=6264) to work on /home/airflow/sandbox/lib/python3.8/site-packages/airflow/example_dags/tutorial.py
[2021-08-08 04:23:48,217] {scheduler_job.py:633} INFO - Processing file /home/airflow/sandbox/lib/python3.8/site-packages/airflow/example_dags/tutorial.py for tasks to queue
[2021-08-08 04:23:48,219] {logging_mixin.py:104} INFO - [2021-08-08 04:23:48,219] {dagbag.py:496} INFO - Filling up the DagBag from /home/airflow/sandbox/lib/python3.8/site-packages/airflow/example_dags/tutorial.py
[2021-08-08 04:23:48,230] {scheduler_job.py:643} INFO - DAG(s) dict_keys(['tutorial']) retrieved from /home/airflow/sandbox/lib/python3.8/site-packages/airflow/example_dags/tutorial.py
[2021-08-08 04:23:48,242] {logging_mixin.py:104} INFO - [2021-08-08 04:23:48,242] {dag.py:1833} INFO - Sync 1 DAGs
[2021-08-08 04:23:48,252] {logging_mixin.py:104} INFO - [2021-08-08 04:23:48,252] {dag.py:2306} INFO - Setting next_dagrun for tutorial to 2021-08-06 00:00:00+00:00
[2021-08-08 04:23:48,271] {scheduler_job.py:190} INFO - Processing /home/airflow/sandbox/lib/python3.8/site-packages/airflow/example_dags/tutorial.py took 0.060 seconds
[2021-08-08 04:24:21,960] {scheduler_job.py:182} INFO - Started process (PID=6402) to work on /home/airflow/sandbox/lib/python3.8/site-packages/airflow/example_dags/tutorial.py
[2021-08-08 04:24:21,963] {scheduler_job.py:633} INFO - Processing file /home/airflow/sandbox/lib/python3.8/site-packages/airflow/example_dags/tutorial.py for tasks to queue
[2021-08-08 04:24:21,967] {logging_mixin.py:104} INFO - [2021-08-08 04:24:21,967] {dagbag.py:496} INFO - Filling up the DagBag from /home/airflow/sandbox/lib/python3.8/site-packages/airflow/example_dags/tutorial.py
[2021-08-08 04:24:21,982] {scheduler_job.py:643} INFO - DAG(s) dict_keys(['tutorial']) retrieved from /home/airflow/sandbox/lib/python3.8/site-packages/airflow/example_dags/tutorial.py
[2021-08-08 04:24:21,995] {logging_mixin.py:104} INFO - [2021-08-08 04:24:21,995] {dag.py:1833} INFO - Sync 1 DAGs
[2021-08-08 04:24:22,005] {logging_mixin.py:104} INFO - [2021-08-08 04:24:22,005] {dag.py:2306} INFO - Setting next_dagrun for tutorial to 2021-08-06 00:00:00+00:00
[2021-08-08 04:24:22,021] {scheduler_job.py:190} INFO - Processing /home/airflow/sandbox/lib/python3.8/site-packages/airflow/example_dags/tutorial.py took 0.064 seconds
[2021-08-08 04:24:54,227] {scheduler_job.py:182} INFO - Started process (PID=6589) to work on /home/airflow/sandbox/lib/python3.8/site-packages/airflow/example_dags/tutorial.py
[2021-08-08 04:24:54,230] {scheduler_job.py:633} INFO - Processing file /home/airflow/sandbox/lib/python3.8/site-packages/airflow/example_dags/tutorial.py for tasks to queue
[2021-08-08 04:24:54,231] {logging_mixin.py:104} INFO - [2021-08-08 04:24:54,231] {dagbag.py:496} INFO - Filling up the DagBag from /home/airflow/sandbox/lib/python3.8/site-packages/airflow/example_dags/tutorial.py
[2021-08-08 04:24:54,244] {scheduler_job.py:643} INFO - DAG(s) dict_keys(['tutorial']) retrieved from /home/airflow/sandbox/lib/python3.8/site-packages/airflow/example_dags/tutorial.py
[2021-08-08 04:24:54,257] {logging_mixin.py:104} INFO - [2021-08-08 04:24:54,257] {dag.py:1833} INFO - Sync 1 DAGs
[2021-08-08 04:24:54,268] {logging_mixin.py:104} INFO - [2021-08-08 04:24:54,268] {dag.py:2306} INFO - Setting next_dagrun for tutorial to 2021-08-06 00:00:00+00:00
[2021-08-08 04:24:54,288] {scheduler_job.py:190} INFO - Processing /home/airflow/sandbox/lib/python3.8/site-packages/airflow/example_dags/tutorial.py took 0.064 seconds
