[2021-08-08 04:10:51,443] {scheduler_job.py:182} INFO - Started process (PID=2509) to work on /home/airflow/sandbox/lib/python3.8/site-packages/airflow/example_dags/tutorial_taskflow_api_etl_virtualenv.py
[2021-08-08 04:10:51,446] {scheduler_job.py:633} INFO - Processing file /home/airflow/sandbox/lib/python3.8/site-packages/airflow/example_dags/tutorial_taskflow_api_etl_virtualenv.py for tasks to queue
[2021-08-08 04:10:51,448] {logging_mixin.py:104} INFO - [2021-08-08 04:10:51,448] {dagbag.py:496} INFO - Filling up the DagBag from /home/airflow/sandbox/lib/python3.8/site-packages/airflow/example_dags/tutorial_taskflow_api_etl_virtualenv.py
[2021-08-08 04:10:51,465] {scheduler_job.py:643} INFO - DAG(s) dict_keys(['tutorial_taskflow_api_etl_virtualenv']) retrieved from /home/airflow/sandbox/lib/python3.8/site-packages/airflow/example_dags/tutorial_taskflow_api_etl_virtualenv.py
[2021-08-08 04:10:51,691] {logging_mixin.py:104} INFO - [2021-08-08 04:10:51,691] {dag.py:1833} INFO - Sync 1 DAGs
[2021-08-08 04:10:51,700] {logging_mixin.py:104} INFO - [2021-08-08 04:10:51,700] {dag.py:2306} INFO - Setting next_dagrun for tutorial_taskflow_api_etl_virtualenv to None
[2021-08-08 04:10:51,719] {scheduler_job.py:190} INFO - Processing /home/airflow/sandbox/lib/python3.8/site-packages/airflow/example_dags/tutorial_taskflow_api_etl_virtualenv.py took 0.279 seconds
[2021-08-08 04:11:35,186] {scheduler_job.py:182} INFO - Started process (PID=2666) to work on /home/airflow/sandbox/lib/python3.8/site-packages/airflow/example_dags/tutorial_taskflow_api_etl_virtualenv.py
[2021-08-08 04:11:35,189] {scheduler_job.py:633} INFO - Processing file /home/airflow/sandbox/lib/python3.8/site-packages/airflow/example_dags/tutorial_taskflow_api_etl_virtualenv.py for tasks to queue
[2021-08-08 04:11:35,192] {logging_mixin.py:104} INFO - [2021-08-08 04:11:35,192] {dagbag.py:496} INFO - Filling up the DagBag from /home/airflow/sandbox/lib/python3.8/site-packages/airflow/example_dags/tutorial_taskflow_api_etl_virtualenv.py
[2021-08-08 04:11:35,212] {scheduler_job.py:643} INFO - DAG(s) dict_keys(['tutorial_taskflow_api_etl_virtualenv']) retrieved from /home/airflow/sandbox/lib/python3.8/site-packages/airflow/example_dags/tutorial_taskflow_api_etl_virtualenv.py
[2021-08-08 04:11:35,465] {logging_mixin.py:104} INFO - [2021-08-08 04:11:35,465] {dag.py:1833} INFO - Sync 1 DAGs
[2021-08-08 04:11:35,474] {logging_mixin.py:104} INFO - [2021-08-08 04:11:35,474] {dag.py:2306} INFO - Setting next_dagrun for tutorial_taskflow_api_etl_virtualenv to None
[2021-08-08 04:11:35,497] {scheduler_job.py:190} INFO - Processing /home/airflow/sandbox/lib/python3.8/site-packages/airflow/example_dags/tutorial_taskflow_api_etl_virtualenv.py took 0.315 seconds
[2021-08-08 04:12:11,347] {scheduler_job.py:182} INFO - Started process (PID=2840) to work on /home/airflow/sandbox/lib/python3.8/site-packages/airflow/example_dags/tutorial_taskflow_api_etl_virtualenv.py
[2021-08-08 04:12:11,350] {scheduler_job.py:633} INFO - Processing file /home/airflow/sandbox/lib/python3.8/site-packages/airflow/example_dags/tutorial_taskflow_api_etl_virtualenv.py for tasks to queue
[2021-08-08 04:12:11,353] {logging_mixin.py:104} INFO - [2021-08-08 04:12:11,353] {dagbag.py:496} INFO - Filling up the DagBag from /home/airflow/sandbox/lib/python3.8/site-packages/airflow/example_dags/tutorial_taskflow_api_etl_virtualenv.py
[2021-08-08 04:12:11,369] {scheduler_job.py:643} INFO - DAG(s) dict_keys(['tutorial_taskflow_api_etl_virtualenv']) retrieved from /home/airflow/sandbox/lib/python3.8/site-packages/airflow/example_dags/tutorial_taskflow_api_etl_virtualenv.py
[2021-08-08 04:12:11,599] {logging_mixin.py:104} INFO - [2021-08-08 04:12:11,599] {dag.py:1833} INFO - Sync 1 DAGs
[2021-08-08 04:12:11,608] {logging_mixin.py:104} INFO - [2021-08-08 04:12:11,608] {dag.py:2306} INFO - Setting next_dagrun for tutorial_taskflow_api_etl_virtualenv to None
[2021-08-08 04:12:11,630] {scheduler_job.py:190} INFO - Processing /home/airflow/sandbox/lib/python3.8/site-packages/airflow/example_dags/tutorial_taskflow_api_etl_virtualenv.py took 0.287 seconds
[2021-08-08 04:12:45,688] {scheduler_job.py:182} INFO - Started process (PID=2980) to work on /home/airflow/sandbox/lib/python3.8/site-packages/airflow/example_dags/tutorial_taskflow_api_etl_virtualenv.py
[2021-08-08 04:12:45,690] {scheduler_job.py:633} INFO - Processing file /home/airflow/sandbox/lib/python3.8/site-packages/airflow/example_dags/tutorial_taskflow_api_etl_virtualenv.py for tasks to queue
[2021-08-08 04:12:45,695] {logging_mixin.py:104} INFO - [2021-08-08 04:12:45,695] {dagbag.py:496} INFO - Filling up the DagBag from /home/airflow/sandbox/lib/python3.8/site-packages/airflow/example_dags/tutorial_taskflow_api_etl_virtualenv.py
[2021-08-08 04:12:45,712] {scheduler_job.py:643} INFO - DAG(s) dict_keys(['tutorial_taskflow_api_etl_virtualenv']) retrieved from /home/airflow/sandbox/lib/python3.8/site-packages/airflow/example_dags/tutorial_taskflow_api_etl_virtualenv.py
[2021-08-08 04:12:45,950] {logging_mixin.py:104} INFO - [2021-08-08 04:12:45,950] {dag.py:1833} INFO - Sync 1 DAGs
[2021-08-08 04:12:45,960] {logging_mixin.py:104} INFO - [2021-08-08 04:12:45,960] {dag.py:2306} INFO - Setting next_dagrun for tutorial_taskflow_api_etl_virtualenv to None
[2021-08-08 04:12:45,981] {scheduler_job.py:190} INFO - Processing /home/airflow/sandbox/lib/python3.8/site-packages/airflow/example_dags/tutorial_taskflow_api_etl_virtualenv.py took 0.295 seconds
[2021-08-08 04:13:19,145] {scheduler_job.py:182} INFO - Started process (PID=3147) to work on /home/airflow/sandbox/lib/python3.8/site-packages/airflow/example_dags/tutorial_taskflow_api_etl_virtualenv.py
[2021-08-08 04:13:19,148] {scheduler_job.py:633} INFO - Processing file /home/airflow/sandbox/lib/python3.8/site-packages/airflow/example_dags/tutorial_taskflow_api_etl_virtualenv.py for tasks to queue
[2021-08-08 04:13:19,150] {logging_mixin.py:104} INFO - [2021-08-08 04:13:19,150] {dagbag.py:496} INFO - Filling up the DagBag from /home/airflow/sandbox/lib/python3.8/site-packages/airflow/example_dags/tutorial_taskflow_api_etl_virtualenv.py
[2021-08-08 04:13:19,165] {scheduler_job.py:643} INFO - DAG(s) dict_keys(['tutorial_taskflow_api_etl_virtualenv']) retrieved from /home/airflow/sandbox/lib/python3.8/site-packages/airflow/example_dags/tutorial_taskflow_api_etl_virtualenv.py
[2021-08-08 04:13:19,403] {logging_mixin.py:104} INFO - [2021-08-08 04:13:19,403] {dag.py:1833} INFO - Sync 1 DAGs
[2021-08-08 04:13:19,411] {logging_mixin.py:104} INFO - [2021-08-08 04:13:19,411] {dag.py:2306} INFO - Setting next_dagrun for tutorial_taskflow_api_etl_virtualenv to None
[2021-08-08 04:13:19,430] {scheduler_job.py:190} INFO - Processing /home/airflow/sandbox/lib/python3.8/site-packages/airflow/example_dags/tutorial_taskflow_api_etl_virtualenv.py took 0.289 seconds
[2021-08-08 04:13:50,946] {scheduler_job.py:182} INFO - Started process (PID=3268) to work on /home/airflow/sandbox/lib/python3.8/site-packages/airflow/example_dags/tutorial_taskflow_api_etl_virtualenv.py
[2021-08-08 04:13:50,948] {scheduler_job.py:633} INFO - Processing file /home/airflow/sandbox/lib/python3.8/site-packages/airflow/example_dags/tutorial_taskflow_api_etl_virtualenv.py for tasks to queue
[2021-08-08 04:13:50,950] {logging_mixin.py:104} INFO - [2021-08-08 04:13:50,950] {dagbag.py:496} INFO - Filling up the DagBag from /home/airflow/sandbox/lib/python3.8/site-packages/airflow/example_dags/tutorial_taskflow_api_etl_virtualenv.py
[2021-08-08 04:13:50,963] {scheduler_job.py:643} INFO - DAG(s) dict_keys(['tutorial_taskflow_api_etl_virtualenv']) retrieved from /home/airflow/sandbox/lib/python3.8/site-packages/airflow/example_dags/tutorial_taskflow_api_etl_virtualenv.py
[2021-08-08 04:13:51,235] {logging_mixin.py:104} INFO - [2021-08-08 04:13:51,234] {dag.py:1833} INFO - Sync 1 DAGs
[2021-08-08 04:13:51,248] {logging_mixin.py:104} INFO - [2021-08-08 04:13:51,247] {dag.py:2306} INFO - Setting next_dagrun for tutorial_taskflow_api_etl_virtualenv to None
[2021-08-08 04:13:51,270] {scheduler_job.py:190} INFO - Processing /home/airflow/sandbox/lib/python3.8/site-packages/airflow/example_dags/tutorial_taskflow_api_etl_virtualenv.py took 0.327 seconds
[2021-08-08 04:14:24,257] {scheduler_job.py:182} INFO - Started process (PID=3459) to work on /home/airflow/sandbox/lib/python3.8/site-packages/airflow/example_dags/tutorial_taskflow_api_etl_virtualenv.py
[2021-08-08 04:14:24,259] {scheduler_job.py:633} INFO - Processing file /home/airflow/sandbox/lib/python3.8/site-packages/airflow/example_dags/tutorial_taskflow_api_etl_virtualenv.py for tasks to queue
[2021-08-08 04:14:24,263] {logging_mixin.py:104} INFO - [2021-08-08 04:14:24,263] {dagbag.py:496} INFO - Filling up the DagBag from /home/airflow/sandbox/lib/python3.8/site-packages/airflow/example_dags/tutorial_taskflow_api_etl_virtualenv.py
[2021-08-08 04:14:24,283] {scheduler_job.py:643} INFO - DAG(s) dict_keys(['tutorial_taskflow_api_etl_virtualenv']) retrieved from /home/airflow/sandbox/lib/python3.8/site-packages/airflow/example_dags/tutorial_taskflow_api_etl_virtualenv.py
[2021-08-08 04:14:24,297] {logging_mixin.py:104} INFO - [2021-08-08 04:14:24,297] {dag.py:1833} INFO - Sync 1 DAGs
[2021-08-08 04:14:24,310] {logging_mixin.py:104} INFO - [2021-08-08 04:14:24,310] {dag.py:2306} INFO - Setting next_dagrun for tutorial_taskflow_api_etl_virtualenv to None
[2021-08-08 04:14:24,335] {scheduler_job.py:190} INFO - Processing /home/airflow/sandbox/lib/python3.8/site-packages/airflow/example_dags/tutorial_taskflow_api_etl_virtualenv.py took 0.081 seconds
[2021-08-08 04:15:00,771] {scheduler_job.py:182} INFO - Started process (PID=3669) to work on /home/airflow/sandbox/lib/python3.8/site-packages/airflow/example_dags/tutorial_taskflow_api_etl_virtualenv.py
[2021-08-08 04:15:00,787] {scheduler_job.py:633} INFO - Processing file /home/airflow/sandbox/lib/python3.8/site-packages/airflow/example_dags/tutorial_taskflow_api_etl_virtualenv.py for tasks to queue
[2021-08-08 04:15:00,798] {logging_mixin.py:104} INFO - [2021-08-08 04:15:00,798] {dagbag.py:496} INFO - Filling up the DagBag from /home/airflow/sandbox/lib/python3.8/site-packages/airflow/example_dags/tutorial_taskflow_api_etl_virtualenv.py
[2021-08-08 04:15:00,885] {scheduler_job.py:643} INFO - DAG(s) dict_keys(['tutorial_taskflow_api_etl_virtualenv']) retrieved from /home/airflow/sandbox/lib/python3.8/site-packages/airflow/example_dags/tutorial_taskflow_api_etl_virtualenv.py
[2021-08-08 04:15:01,285] {logging_mixin.py:104} INFO - [2021-08-08 04:15:01,285] {dag.py:1833} INFO - Sync 1 DAGs
[2021-08-08 04:15:01,294] {logging_mixin.py:104} INFO - [2021-08-08 04:15:01,294] {dag.py:2306} INFO - Setting next_dagrun for tutorial_taskflow_api_etl_virtualenv to None
[2021-08-08 04:15:01,315] {scheduler_job.py:190} INFO - Processing /home/airflow/sandbox/lib/python3.8/site-packages/airflow/example_dags/tutorial_taskflow_api_etl_virtualenv.py took 0.546 seconds
[2021-08-08 04:15:35,315] {scheduler_job.py:182} INFO - Started process (PID=3837) to work on /home/airflow/sandbox/lib/python3.8/site-packages/airflow/example_dags/tutorial_taskflow_api_etl_virtualenv.py
[2021-08-08 04:15:35,318] {scheduler_job.py:633} INFO - Processing file /home/airflow/sandbox/lib/python3.8/site-packages/airflow/example_dags/tutorial_taskflow_api_etl_virtualenv.py for tasks to queue
[2021-08-08 04:15:35,320] {logging_mixin.py:104} INFO - [2021-08-08 04:15:35,320] {dagbag.py:496} INFO - Filling up the DagBag from /home/airflow/sandbox/lib/python3.8/site-packages/airflow/example_dags/tutorial_taskflow_api_etl_virtualenv.py
[2021-08-08 04:15:35,335] {scheduler_job.py:643} INFO - DAG(s) dict_keys(['tutorial_taskflow_api_etl_virtualenv']) retrieved from /home/airflow/sandbox/lib/python3.8/site-packages/airflow/example_dags/tutorial_taskflow_api_etl_virtualenv.py
[2021-08-08 04:15:35,559] {logging_mixin.py:104} INFO - [2021-08-08 04:15:35,558] {dag.py:1833} INFO - Sync 1 DAGs
[2021-08-08 04:15:35,568] {logging_mixin.py:104} INFO - [2021-08-08 04:15:35,568] {dag.py:2306} INFO - Setting next_dagrun for tutorial_taskflow_api_etl_virtualenv to None
[2021-08-08 04:15:35,587] {scheduler_job.py:190} INFO - Processing /home/airflow/sandbox/lib/python3.8/site-packages/airflow/example_dags/tutorial_taskflow_api_etl_virtualenv.py took 0.274 seconds
[2021-08-08 04:16:06,620] {scheduler_job.py:182} INFO - Started process (PID=4120) to work on /home/airflow/sandbox/lib/python3.8/site-packages/airflow/example_dags/tutorial_taskflow_api_etl_virtualenv.py
[2021-08-08 04:16:06,623] {scheduler_job.py:633} INFO - Processing file /home/airflow/sandbox/lib/python3.8/site-packages/airflow/example_dags/tutorial_taskflow_api_etl_virtualenv.py for tasks to queue
[2021-08-08 04:16:06,625] {logging_mixin.py:104} INFO - [2021-08-08 04:16:06,625] {dagbag.py:496} INFO - Filling up the DagBag from /home/airflow/sandbox/lib/python3.8/site-packages/airflow/example_dags/tutorial_taskflow_api_etl_virtualenv.py
[2021-08-08 04:16:06,640] {scheduler_job.py:643} INFO - DAG(s) dict_keys(['tutorial_taskflow_api_etl_virtualenv']) retrieved from /home/airflow/sandbox/lib/python3.8/site-packages/airflow/example_dags/tutorial_taskflow_api_etl_virtualenv.py
[2021-08-08 04:16:06,862] {logging_mixin.py:104} INFO - [2021-08-08 04:16:06,862] {dag.py:1833} INFO - Sync 1 DAGs
[2021-08-08 04:16:06,871] {logging_mixin.py:104} INFO - [2021-08-08 04:16:06,871] {dag.py:2306} INFO - Setting next_dagrun for tutorial_taskflow_api_etl_virtualenv to None
[2021-08-08 04:16:06,890] {scheduler_job.py:190} INFO - Processing /home/airflow/sandbox/lib/python3.8/site-packages/airflow/example_dags/tutorial_taskflow_api_etl_virtualenv.py took 0.273 seconds
[2021-08-08 04:16:38,836] {scheduler_job.py:182} INFO - Started process (PID=4232) to work on /home/airflow/sandbox/lib/python3.8/site-packages/airflow/example_dags/tutorial_taskflow_api_etl_virtualenv.py
[2021-08-08 04:16:38,839] {scheduler_job.py:633} INFO - Processing file /home/airflow/sandbox/lib/python3.8/site-packages/airflow/example_dags/tutorial_taskflow_api_etl_virtualenv.py for tasks to queue
[2021-08-08 04:16:38,841] {logging_mixin.py:104} INFO - [2021-08-08 04:16:38,841] {dagbag.py:496} INFO - Filling up the DagBag from /home/airflow/sandbox/lib/python3.8/site-packages/airflow/example_dags/tutorial_taskflow_api_etl_virtualenv.py
[2021-08-08 04:16:38,855] {scheduler_job.py:643} INFO - DAG(s) dict_keys(['tutorial_taskflow_api_etl_virtualenv']) retrieved from /home/airflow/sandbox/lib/python3.8/site-packages/airflow/example_dags/tutorial_taskflow_api_etl_virtualenv.py
[2021-08-08 04:16:39,151] {logging_mixin.py:104} INFO - [2021-08-08 04:16:39,151] {dag.py:1833} INFO - Sync 1 DAGs
[2021-08-08 04:16:39,162] {logging_mixin.py:104} INFO - [2021-08-08 04:16:39,162] {dag.py:2306} INFO - Setting next_dagrun for tutorial_taskflow_api_etl_virtualenv to None
[2021-08-08 04:16:39,182] {scheduler_job.py:190} INFO - Processing /home/airflow/sandbox/lib/python3.8/site-packages/airflow/example_dags/tutorial_taskflow_api_etl_virtualenv.py took 0.349 seconds
[2021-08-08 04:17:11,163] {scheduler_job.py:182} INFO - Started process (PID=4411) to work on /home/airflow/sandbox/lib/python3.8/site-packages/airflow/example_dags/tutorial_taskflow_api_etl_virtualenv.py
[2021-08-08 04:17:11,167] {scheduler_job.py:633} INFO - Processing file /home/airflow/sandbox/lib/python3.8/site-packages/airflow/example_dags/tutorial_taskflow_api_etl_virtualenv.py for tasks to queue
[2021-08-08 04:17:11,167] {logging_mixin.py:104} INFO - [2021-08-08 04:17:11,167] {dagbag.py:496} INFO - Filling up the DagBag from /home/airflow/sandbox/lib/python3.8/site-packages/airflow/example_dags/tutorial_taskflow_api_etl_virtualenv.py
[2021-08-08 04:17:11,184] {scheduler_job.py:643} INFO - DAG(s) dict_keys(['tutorial_taskflow_api_etl_virtualenv']) retrieved from /home/airflow/sandbox/lib/python3.8/site-packages/airflow/example_dags/tutorial_taskflow_api_etl_virtualenv.py
[2021-08-08 04:17:11,429] {logging_mixin.py:104} INFO - [2021-08-08 04:17:11,429] {dag.py:1833} INFO - Sync 1 DAGs
[2021-08-08 04:17:11,455] {logging_mixin.py:104} INFO - [2021-08-08 04:17:11,454] {dag.py:2306} INFO - Setting next_dagrun for tutorial_taskflow_api_etl_virtualenv to None
[2021-08-08 04:17:11,478] {scheduler_job.py:190} INFO - Processing /home/airflow/sandbox/lib/python3.8/site-packages/airflow/example_dags/tutorial_taskflow_api_etl_virtualenv.py took 0.319 seconds
[2021-08-08 04:17:43,146] {scheduler_job.py:182} INFO - Started process (PID=4526) to work on /home/airflow/sandbox/lib/python3.8/site-packages/airflow/example_dags/tutorial_taskflow_api_etl_virtualenv.py
[2021-08-08 04:17:43,148] {scheduler_job.py:633} INFO - Processing file /home/airflow/sandbox/lib/python3.8/site-packages/airflow/example_dags/tutorial_taskflow_api_etl_virtualenv.py for tasks to queue
[2021-08-08 04:17:43,151] {logging_mixin.py:104} INFO - [2021-08-08 04:17:43,151] {dagbag.py:496} INFO - Filling up the DagBag from /home/airflow/sandbox/lib/python3.8/site-packages/airflow/example_dags/tutorial_taskflow_api_etl_virtualenv.py
[2021-08-08 04:17:43,164] {scheduler_job.py:643} INFO - DAG(s) dict_keys(['tutorial_taskflow_api_etl_virtualenv']) retrieved from /home/airflow/sandbox/lib/python3.8/site-packages/airflow/example_dags/tutorial_taskflow_api_etl_virtualenv.py
[2021-08-08 04:17:43,367] {logging_mixin.py:104} INFO - [2021-08-08 04:17:43,367] {dag.py:1833} INFO - Sync 1 DAGs
[2021-08-08 04:17:43,375] {logging_mixin.py:104} INFO - [2021-08-08 04:17:43,375] {dag.py:2306} INFO - Setting next_dagrun for tutorial_taskflow_api_etl_virtualenv to None
[2021-08-08 04:17:43,395] {scheduler_job.py:190} INFO - Processing /home/airflow/sandbox/lib/python3.8/site-packages/airflow/example_dags/tutorial_taskflow_api_etl_virtualenv.py took 0.252 seconds
[2021-08-08 04:18:15,479] {scheduler_job.py:182} INFO - Started process (PID=4647) to work on /home/airflow/sandbox/lib/python3.8/site-packages/airflow/example_dags/tutorial_taskflow_api_etl_virtualenv.py
[2021-08-08 04:18:15,482] {scheduler_job.py:633} INFO - Processing file /home/airflow/sandbox/lib/python3.8/site-packages/airflow/example_dags/tutorial_taskflow_api_etl_virtualenv.py for tasks to queue
[2021-08-08 04:18:15,484] {logging_mixin.py:104} INFO - [2021-08-08 04:18:15,484] {dagbag.py:496} INFO - Filling up the DagBag from /home/airflow/sandbox/lib/python3.8/site-packages/airflow/example_dags/tutorial_taskflow_api_etl_virtualenv.py
[2021-08-08 04:18:15,498] {scheduler_job.py:643} INFO - DAG(s) dict_keys(['tutorial_taskflow_api_etl_virtualenv']) retrieved from /home/airflow/sandbox/lib/python3.8/site-packages/airflow/example_dags/tutorial_taskflow_api_etl_virtualenv.py
[2021-08-08 04:18:15,696] {logging_mixin.py:104} INFO - [2021-08-08 04:18:15,696] {dag.py:1833} INFO - Sync 1 DAGs
[2021-08-08 04:18:15,703] {logging_mixin.py:104} INFO - [2021-08-08 04:18:15,703] {dag.py:2306} INFO - Setting next_dagrun for tutorial_taskflow_api_etl_virtualenv to None
[2021-08-08 04:18:15,722] {scheduler_job.py:190} INFO - Processing /home/airflow/sandbox/lib/python3.8/site-packages/airflow/example_dags/tutorial_taskflow_api_etl_virtualenv.py took 0.245 seconds
[2021-08-08 04:18:48,578] {scheduler_job.py:182} INFO - Started process (PID=4867) to work on /home/airflow/sandbox/lib/python3.8/site-packages/airflow/example_dags/tutorial_taskflow_api_etl_virtualenv.py
[2021-08-08 04:18:48,580] {scheduler_job.py:633} INFO - Processing file /home/airflow/sandbox/lib/python3.8/site-packages/airflow/example_dags/tutorial_taskflow_api_etl_virtualenv.py for tasks to queue
[2021-08-08 04:18:48,583] {logging_mixin.py:104} INFO - [2021-08-08 04:18:48,583] {dagbag.py:496} INFO - Filling up the DagBag from /home/airflow/sandbox/lib/python3.8/site-packages/airflow/example_dags/tutorial_taskflow_api_etl_virtualenv.py
[2021-08-08 04:18:48,595] {scheduler_job.py:643} INFO - DAG(s) dict_keys(['tutorial_taskflow_api_etl_virtualenv']) retrieved from /home/airflow/sandbox/lib/python3.8/site-packages/airflow/example_dags/tutorial_taskflow_api_etl_virtualenv.py
[2021-08-08 04:18:48,796] {logging_mixin.py:104} INFO - [2021-08-08 04:18:48,796] {dag.py:1833} INFO - Sync 1 DAGs
[2021-08-08 04:18:48,803] {logging_mixin.py:104} INFO - [2021-08-08 04:18:48,803] {dag.py:2306} INFO - Setting next_dagrun for tutorial_taskflow_api_etl_virtualenv to None
[2021-08-08 04:18:48,822] {scheduler_job.py:190} INFO - Processing /home/airflow/sandbox/lib/python3.8/site-packages/airflow/example_dags/tutorial_taskflow_api_etl_virtualenv.py took 0.248 seconds
[2021-08-08 04:19:19,491] {scheduler_job.py:182} INFO - Started process (PID=4982) to work on /home/airflow/sandbox/lib/python3.8/site-packages/airflow/example_dags/tutorial_taskflow_api_etl_virtualenv.py
[2021-08-08 04:19:19,494] {scheduler_job.py:633} INFO - Processing file /home/airflow/sandbox/lib/python3.8/site-packages/airflow/example_dags/tutorial_taskflow_api_etl_virtualenv.py for tasks to queue
[2021-08-08 04:19:19,496] {logging_mixin.py:104} INFO - [2021-08-08 04:19:19,496] {dagbag.py:496} INFO - Filling up the DagBag from /home/airflow/sandbox/lib/python3.8/site-packages/airflow/example_dags/tutorial_taskflow_api_etl_virtualenv.py
[2021-08-08 04:19:19,509] {scheduler_job.py:643} INFO - DAG(s) dict_keys(['tutorial_taskflow_api_etl_virtualenv']) retrieved from /home/airflow/sandbox/lib/python3.8/site-packages/airflow/example_dags/tutorial_taskflow_api_etl_virtualenv.py
[2021-08-08 04:19:19,772] {logging_mixin.py:104} INFO - [2021-08-08 04:19:19,772] {dag.py:1833} INFO - Sync 1 DAGs
[2021-08-08 04:19:19,782] {logging_mixin.py:104} INFO - [2021-08-08 04:19:19,782] {dag.py:2306} INFO - Setting next_dagrun for tutorial_taskflow_api_etl_virtualenv to None
[2021-08-08 04:19:19,801] {scheduler_job.py:190} INFO - Processing /home/airflow/sandbox/lib/python3.8/site-packages/airflow/example_dags/tutorial_taskflow_api_etl_virtualenv.py took 0.314 seconds
[2021-08-08 04:19:54,708] {scheduler_job.py:182} INFO - Started process (PID=5118) to work on /home/airflow/sandbox/lib/python3.8/site-packages/airflow/example_dags/tutorial_taskflow_api_etl_virtualenv.py
[2021-08-08 04:19:54,710] {scheduler_job.py:633} INFO - Processing file /home/airflow/sandbox/lib/python3.8/site-packages/airflow/example_dags/tutorial_taskflow_api_etl_virtualenv.py for tasks to queue
[2021-08-08 04:19:54,712] {logging_mixin.py:104} INFO - [2021-08-08 04:19:54,712] {dagbag.py:496} INFO - Filling up the DagBag from /home/airflow/sandbox/lib/python3.8/site-packages/airflow/example_dags/tutorial_taskflow_api_etl_virtualenv.py
[2021-08-08 04:19:54,724] {scheduler_job.py:643} INFO - DAG(s) dict_keys(['tutorial_taskflow_api_etl_virtualenv']) retrieved from /home/airflow/sandbox/lib/python3.8/site-packages/airflow/example_dags/tutorial_taskflow_api_etl_virtualenv.py
[2021-08-08 04:19:55,017] {logging_mixin.py:104} INFO - [2021-08-08 04:19:55,017] {dag.py:1833} INFO - Sync 1 DAGs
[2021-08-08 04:19:55,025] {logging_mixin.py:104} INFO - [2021-08-08 04:19:55,025] {dag.py:2306} INFO - Setting next_dagrun for tutorial_taskflow_api_etl_virtualenv to None
[2021-08-08 04:19:55,044] {scheduler_job.py:190} INFO - Processing /home/airflow/sandbox/lib/python3.8/site-packages/airflow/example_dags/tutorial_taskflow_api_etl_virtualenv.py took 0.339 seconds
[2021-08-08 04:20:28,403] {scheduler_job.py:182} INFO - Started process (PID=5252) to work on /home/airflow/sandbox/lib/python3.8/site-packages/airflow/example_dags/tutorial_taskflow_api_etl_virtualenv.py
[2021-08-08 04:20:28,406] {scheduler_job.py:633} INFO - Processing file /home/airflow/sandbox/lib/python3.8/site-packages/airflow/example_dags/tutorial_taskflow_api_etl_virtualenv.py for tasks to queue
[2021-08-08 04:20:28,408] {logging_mixin.py:104} INFO - [2021-08-08 04:20:28,408] {dagbag.py:496} INFO - Filling up the DagBag from /home/airflow/sandbox/lib/python3.8/site-packages/airflow/example_dags/tutorial_taskflow_api_etl_virtualenv.py
[2021-08-08 04:20:28,421] {scheduler_job.py:643} INFO - DAG(s) dict_keys(['tutorial_taskflow_api_etl_virtualenv']) retrieved from /home/airflow/sandbox/lib/python3.8/site-packages/airflow/example_dags/tutorial_taskflow_api_etl_virtualenv.py
[2021-08-08 04:20:28,631] {logging_mixin.py:104} INFO - [2021-08-08 04:20:28,631] {dag.py:1833} INFO - Sync 1 DAGs
[2021-08-08 04:20:28,640] {logging_mixin.py:104} INFO - [2021-08-08 04:20:28,640] {dag.py:2306} INFO - Setting next_dagrun for tutorial_taskflow_api_etl_virtualenv to None
[2021-08-08 04:20:28,659] {scheduler_job.py:190} INFO - Processing /home/airflow/sandbox/lib/python3.8/site-packages/airflow/example_dags/tutorial_taskflow_api_etl_virtualenv.py took 0.258 seconds
[2021-08-08 04:20:59,479] {scheduler_job.py:182} INFO - Started process (PID=5415) to work on /home/airflow/sandbox/lib/python3.8/site-packages/airflow/example_dags/tutorial_taskflow_api_etl_virtualenv.py
[2021-08-08 04:20:59,482] {scheduler_job.py:633} INFO - Processing file /home/airflow/sandbox/lib/python3.8/site-packages/airflow/example_dags/tutorial_taskflow_api_etl_virtualenv.py for tasks to queue
[2021-08-08 04:20:59,484] {logging_mixin.py:104} INFO - [2021-08-08 04:20:59,484] {dagbag.py:496} INFO - Filling up the DagBag from /home/airflow/sandbox/lib/python3.8/site-packages/airflow/example_dags/tutorial_taskflow_api_etl_virtualenv.py
[2021-08-08 04:20:59,497] {scheduler_job.py:643} INFO - DAG(s) dict_keys(['tutorial_taskflow_api_etl_virtualenv']) retrieved from /home/airflow/sandbox/lib/python3.8/site-packages/airflow/example_dags/tutorial_taskflow_api_etl_virtualenv.py
[2021-08-08 04:20:59,709] {logging_mixin.py:104} INFO - [2021-08-08 04:20:59,709] {dag.py:1833} INFO - Sync 1 DAGs
[2021-08-08 04:20:59,717] {logging_mixin.py:104} INFO - [2021-08-08 04:20:59,717] {dag.py:2306} INFO - Setting next_dagrun for tutorial_taskflow_api_etl_virtualenv to None
[2021-08-08 04:20:59,736] {scheduler_job.py:190} INFO - Processing /home/airflow/sandbox/lib/python3.8/site-packages/airflow/example_dags/tutorial_taskflow_api_etl_virtualenv.py took 0.260 seconds
[2021-08-08 04:21:32,562] {scheduler_job.py:182} INFO - Started process (PID=5544) to work on /home/airflow/sandbox/lib/python3.8/site-packages/airflow/example_dags/tutorial_taskflow_api_etl_virtualenv.py
[2021-08-08 04:21:32,565] {scheduler_job.py:633} INFO - Processing file /home/airflow/sandbox/lib/python3.8/site-packages/airflow/example_dags/tutorial_taskflow_api_etl_virtualenv.py for tasks to queue
[2021-08-08 04:21:32,567] {logging_mixin.py:104} INFO - [2021-08-08 04:21:32,567] {dagbag.py:496} INFO - Filling up the DagBag from /home/airflow/sandbox/lib/python3.8/site-packages/airflow/example_dags/tutorial_taskflow_api_etl_virtualenv.py
[2021-08-08 04:21:32,579] {scheduler_job.py:643} INFO - DAG(s) dict_keys(['tutorial_taskflow_api_etl_virtualenv']) retrieved from /home/airflow/sandbox/lib/python3.8/site-packages/airflow/example_dags/tutorial_taskflow_api_etl_virtualenv.py
[2021-08-08 04:21:32,789] {logging_mixin.py:104} INFO - [2021-08-08 04:21:32,789] {dag.py:1833} INFO - Sync 1 DAGs
[2021-08-08 04:21:32,797] {logging_mixin.py:104} INFO - [2021-08-08 04:21:32,797] {dag.py:2306} INFO - Setting next_dagrun for tutorial_taskflow_api_etl_virtualenv to None
[2021-08-08 04:21:32,824] {scheduler_job.py:190} INFO - Processing /home/airflow/sandbox/lib/python3.8/site-packages/airflow/example_dags/tutorial_taskflow_api_etl_virtualenv.py took 0.265 seconds
[2021-08-08 04:22:05,335] {scheduler_job.py:182} INFO - Started process (PID=5673) to work on /home/airflow/sandbox/lib/python3.8/site-packages/airflow/example_dags/tutorial_taskflow_api_etl_virtualenv.py
[2021-08-08 04:22:05,338] {scheduler_job.py:633} INFO - Processing file /home/airflow/sandbox/lib/python3.8/site-packages/airflow/example_dags/tutorial_taskflow_api_etl_virtualenv.py for tasks to queue
[2021-08-08 04:22:05,340] {logging_mixin.py:104} INFO - [2021-08-08 04:22:05,340] {dagbag.py:496} INFO - Filling up the DagBag from /home/airflow/sandbox/lib/python3.8/site-packages/airflow/example_dags/tutorial_taskflow_api_etl_virtualenv.py
[2021-08-08 04:22:05,355] {scheduler_job.py:643} INFO - DAG(s) dict_keys(['tutorial_taskflow_api_etl_virtualenv']) retrieved from /home/airflow/sandbox/lib/python3.8/site-packages/airflow/example_dags/tutorial_taskflow_api_etl_virtualenv.py
[2021-08-08 04:22:05,574] {logging_mixin.py:104} INFO - [2021-08-08 04:22:05,574] {dag.py:1833} INFO - Sync 1 DAGs
[2021-08-08 04:22:05,582] {logging_mixin.py:104} INFO - [2021-08-08 04:22:05,582] {dag.py:2306} INFO - Setting next_dagrun for tutorial_taskflow_api_etl_virtualenv to None
[2021-08-08 04:22:05,601] {scheduler_job.py:190} INFO - Processing /home/airflow/sandbox/lib/python3.8/site-packages/airflow/example_dags/tutorial_taskflow_api_etl_virtualenv.py took 0.268 seconds
[2021-08-08 04:22:39,658] {scheduler_job.py:182} INFO - Started process (PID=5824) to work on /home/airflow/sandbox/lib/python3.8/site-packages/airflow/example_dags/tutorial_taskflow_api_etl_virtualenv.py
[2021-08-08 04:22:39,661] {scheduler_job.py:633} INFO - Processing file /home/airflow/sandbox/lib/python3.8/site-packages/airflow/example_dags/tutorial_taskflow_api_etl_virtualenv.py for tasks to queue
[2021-08-08 04:22:39,663] {logging_mixin.py:104} INFO - [2021-08-08 04:22:39,663] {dagbag.py:496} INFO - Filling up the DagBag from /home/airflow/sandbox/lib/python3.8/site-packages/airflow/example_dags/tutorial_taskflow_api_etl_virtualenv.py
[2021-08-08 04:22:39,675] {scheduler_job.py:643} INFO - DAG(s) dict_keys(['tutorial_taskflow_api_etl_virtualenv']) retrieved from /home/airflow/sandbox/lib/python3.8/site-packages/airflow/example_dags/tutorial_taskflow_api_etl_virtualenv.py
[2021-08-08 04:22:39,958] {logging_mixin.py:104} INFO - [2021-08-08 04:22:39,958] {dag.py:1833} INFO - Sync 1 DAGs
[2021-08-08 04:22:39,965] {logging_mixin.py:104} INFO - [2021-08-08 04:22:39,965] {dag.py:2306} INFO - Setting next_dagrun for tutorial_taskflow_api_etl_virtualenv to None
[2021-08-08 04:22:39,990] {scheduler_job.py:190} INFO - Processing /home/airflow/sandbox/lib/python3.8/site-packages/airflow/example_dags/tutorial_taskflow_api_etl_virtualenv.py took 0.334 seconds
[2021-08-08 04:23:11,691] {scheduler_job.py:182} INFO - Started process (PID=6020) to work on /home/airflow/sandbox/lib/python3.8/site-packages/airflow/example_dags/tutorial_taskflow_api_etl_virtualenv.py
[2021-08-08 04:23:11,694] {scheduler_job.py:633} INFO - Processing file /home/airflow/sandbox/lib/python3.8/site-packages/airflow/example_dags/tutorial_taskflow_api_etl_virtualenv.py for tasks to queue
[2021-08-08 04:23:11,696] {logging_mixin.py:104} INFO - [2021-08-08 04:23:11,696] {dagbag.py:496} INFO - Filling up the DagBag from /home/airflow/sandbox/lib/python3.8/site-packages/airflow/example_dags/tutorial_taskflow_api_etl_virtualenv.py
[2021-08-08 04:23:11,711] {scheduler_job.py:643} INFO - DAG(s) dict_keys(['tutorial_taskflow_api_etl_virtualenv']) retrieved from /home/airflow/sandbox/lib/python3.8/site-packages/airflow/example_dags/tutorial_taskflow_api_etl_virtualenv.py
[2021-08-08 04:23:11,957] {logging_mixin.py:104} INFO - [2021-08-08 04:23:11,957] {dag.py:1833} INFO - Sync 1 DAGs
[2021-08-08 04:23:11,967] {logging_mixin.py:104} INFO - [2021-08-08 04:23:11,967] {dag.py:2306} INFO - Setting next_dagrun for tutorial_taskflow_api_etl_virtualenv to None
[2021-08-08 04:23:11,985] {scheduler_job.py:190} INFO - Processing /home/airflow/sandbox/lib/python3.8/site-packages/airflow/example_dags/tutorial_taskflow_api_etl_virtualenv.py took 0.297 seconds
[2021-08-08 04:23:42,214] {scheduler_job.py:182} INFO - Started process (PID=6212) to work on /home/airflow/sandbox/lib/python3.8/site-packages/airflow/example_dags/tutorial_taskflow_api_etl_virtualenv.py
[2021-08-08 04:23:42,221] {scheduler_job.py:633} INFO - Processing file /home/airflow/sandbox/lib/python3.8/site-packages/airflow/example_dags/tutorial_taskflow_api_etl_virtualenv.py for tasks to queue
[2021-08-08 04:23:42,223] {logging_mixin.py:104} INFO - [2021-08-08 04:23:42,223] {dagbag.py:496} INFO - Filling up the DagBag from /home/airflow/sandbox/lib/python3.8/site-packages/airflow/example_dags/tutorial_taskflow_api_etl_virtualenv.py
[2021-08-08 04:23:42,248] {scheduler_job.py:643} INFO - DAG(s) dict_keys(['tutorial_taskflow_api_etl_virtualenv']) retrieved from /home/airflow/sandbox/lib/python3.8/site-packages/airflow/example_dags/tutorial_taskflow_api_etl_virtualenv.py
[2021-08-08 04:23:43,163] {logging_mixin.py:104} INFO - [2021-08-08 04:23:43,163] {dag.py:1833} INFO - Sync 1 DAGs
[2021-08-08 04:23:43,172] {logging_mixin.py:104} INFO - [2021-08-08 04:23:43,172] {dag.py:2306} INFO - Setting next_dagrun for tutorial_taskflow_api_etl_virtualenv to None
[2021-08-08 04:23:43,193] {scheduler_job.py:190} INFO - Processing /home/airflow/sandbox/lib/python3.8/site-packages/airflow/example_dags/tutorial_taskflow_api_etl_virtualenv.py took 0.985 seconds
[2021-08-08 04:24:16,807] {scheduler_job.py:182} INFO - Started process (PID=6384) to work on /home/airflow/sandbox/lib/python3.8/site-packages/airflow/example_dags/tutorial_taskflow_api_etl_virtualenv.py
[2021-08-08 04:24:16,810] {scheduler_job.py:633} INFO - Processing file /home/airflow/sandbox/lib/python3.8/site-packages/airflow/example_dags/tutorial_taskflow_api_etl_virtualenv.py for tasks to queue
[2021-08-08 04:24:16,811] {logging_mixin.py:104} INFO - [2021-08-08 04:24:16,811] {dagbag.py:496} INFO - Filling up the DagBag from /home/airflow/sandbox/lib/python3.8/site-packages/airflow/example_dags/tutorial_taskflow_api_etl_virtualenv.py
[2021-08-08 04:24:16,824] {scheduler_job.py:643} INFO - DAG(s) dict_keys(['tutorial_taskflow_api_etl_virtualenv']) retrieved from /home/airflow/sandbox/lib/python3.8/site-packages/airflow/example_dags/tutorial_taskflow_api_etl_virtualenv.py
[2021-08-08 04:24:17,040] {logging_mixin.py:104} INFO - [2021-08-08 04:24:17,039] {dag.py:1833} INFO - Sync 1 DAGs
[2021-08-08 04:24:17,048] {logging_mixin.py:104} INFO - [2021-08-08 04:24:17,048] {dag.py:2306} INFO - Setting next_dagrun for tutorial_taskflow_api_etl_virtualenv to None
[2021-08-08 04:24:17,065] {scheduler_job.py:190} INFO - Processing /home/airflow/sandbox/lib/python3.8/site-packages/airflow/example_dags/tutorial_taskflow_api_etl_virtualenv.py took 0.261 seconds
[2021-08-08 04:24:49,065] {scheduler_job.py:182} INFO - Started process (PID=6547) to work on /home/airflow/sandbox/lib/python3.8/site-packages/airflow/example_dags/tutorial_taskflow_api_etl_virtualenv.py
[2021-08-08 04:24:49,068] {scheduler_job.py:633} INFO - Processing file /home/airflow/sandbox/lib/python3.8/site-packages/airflow/example_dags/tutorial_taskflow_api_etl_virtualenv.py for tasks to queue
[2021-08-08 04:24:49,070] {logging_mixin.py:104} INFO - [2021-08-08 04:24:49,070] {dagbag.py:496} INFO - Filling up the DagBag from /home/airflow/sandbox/lib/python3.8/site-packages/airflow/example_dags/tutorial_taskflow_api_etl_virtualenv.py
[2021-08-08 04:24:49,083] {scheduler_job.py:643} INFO - DAG(s) dict_keys(['tutorial_taskflow_api_etl_virtualenv']) retrieved from /home/airflow/sandbox/lib/python3.8/site-packages/airflow/example_dags/tutorial_taskflow_api_etl_virtualenv.py
[2021-08-08 04:24:49,301] {logging_mixin.py:104} INFO - [2021-08-08 04:24:49,301] {dag.py:1833} INFO - Sync 1 DAGs
[2021-08-08 04:24:49,313] {logging_mixin.py:104} INFO - [2021-08-08 04:24:49,313] {dag.py:2306} INFO - Setting next_dagrun for tutorial_taskflow_api_etl_virtualenv to None
[2021-08-08 04:24:49,338] {scheduler_job.py:190} INFO - Processing /home/airflow/sandbox/lib/python3.8/site-packages/airflow/example_dags/tutorial_taskflow_api_etl_virtualenv.py took 0.276 seconds
[2021-08-08 04:25:19,976] {scheduler_job.py:182} INFO - Started process (PID=6752) to work on /home/airflow/sandbox/lib/python3.8/site-packages/airflow/example_dags/tutorial_taskflow_api_etl_virtualenv.py
[2021-08-08 04:25:19,979] {scheduler_job.py:633} INFO - Processing file /home/airflow/sandbox/lib/python3.8/site-packages/airflow/example_dags/tutorial_taskflow_api_etl_virtualenv.py for tasks to queue
[2021-08-08 04:25:19,982] {logging_mixin.py:104} INFO - [2021-08-08 04:25:19,982] {dagbag.py:496} INFO - Filling up the DagBag from /home/airflow/sandbox/lib/python3.8/site-packages/airflow/example_dags/tutorial_taskflow_api_etl_virtualenv.py
[2021-08-08 04:25:19,998] {scheduler_job.py:643} INFO - DAG(s) dict_keys(['tutorial_taskflow_api_etl_virtualenv']) retrieved from /home/airflow/sandbox/lib/python3.8/site-packages/airflow/example_dags/tutorial_taskflow_api_etl_virtualenv.py
[2021-08-08 04:25:20,233] {logging_mixin.py:104} INFO - [2021-08-08 04:25:20,233] {dag.py:1833} INFO - Sync 1 DAGs
[2021-08-08 04:25:20,249] {logging_mixin.py:104} INFO - [2021-08-08 04:25:20,249] {dag.py:2306} INFO - Setting next_dagrun for tutorial_taskflow_api_etl_virtualenv to None
[2021-08-08 04:25:20,269] {scheduler_job.py:190} INFO - Processing /home/airflow/sandbox/lib/python3.8/site-packages/airflow/example_dags/tutorial_taskflow_api_etl_virtualenv.py took 0.296 seconds
