[2021-08-08 04:10:53,427] {scheduler_job.py:182} INFO - Started process (PID=2523) to work on /home/airflow/sandbox/lib/python3.8/site-packages/airflow/example_dags/tutorial_etl_dag.py
[2021-08-08 04:10:53,429] {scheduler_job.py:633} INFO - Processing file /home/airflow/sandbox/lib/python3.8/site-packages/airflow/example_dags/tutorial_etl_dag.py for tasks to queue
[2021-08-08 04:10:53,431] {logging_mixin.py:104} INFO - [2021-08-08 04:10:53,430] {dagbag.py:496} INFO - Filling up the DagBag from /home/airflow/sandbox/lib/python3.8/site-packages/airflow/example_dags/tutorial_etl_dag.py
[2021-08-08 04:10:53,443] {scheduler_job.py:643} INFO - DAG(s) dict_keys(['tutorial_etl_dag']) retrieved from /home/airflow/sandbox/lib/python3.8/site-packages/airflow/example_dags/tutorial_etl_dag.py
[2021-08-08 04:10:53,963] {logging_mixin.py:104} INFO - [2021-08-08 04:10:53,963] {dag.py:1833} INFO - Sync 1 DAGs
[2021-08-08 04:10:53,972] {logging_mixin.py:104} INFO - [2021-08-08 04:10:53,972] {dag.py:2306} INFO - Setting next_dagrun for tutorial_etl_dag to None
[2021-08-08 04:10:53,998] {scheduler_job.py:190} INFO - Processing /home/airflow/sandbox/lib/python3.8/site-packages/airflow/example_dags/tutorial_etl_dag.py took 0.575 seconds
[2021-08-08 04:11:37,904] {scheduler_job.py:182} INFO - Started process (PID=2674) to work on /home/airflow/sandbox/lib/python3.8/site-packages/airflow/example_dags/tutorial_etl_dag.py
[2021-08-08 04:11:37,910] {scheduler_job.py:633} INFO - Processing file /home/airflow/sandbox/lib/python3.8/site-packages/airflow/example_dags/tutorial_etl_dag.py for tasks to queue
[2021-08-08 04:11:37,911] {logging_mixin.py:104} INFO - [2021-08-08 04:11:37,911] {dagbag.py:496} INFO - Filling up the DagBag from /home/airflow/sandbox/lib/python3.8/site-packages/airflow/example_dags/tutorial_etl_dag.py
[2021-08-08 04:11:37,952] {scheduler_job.py:643} INFO - DAG(s) dict_keys(['tutorial_etl_dag']) retrieved from /home/airflow/sandbox/lib/python3.8/site-packages/airflow/example_dags/tutorial_etl_dag.py
[2021-08-08 04:11:37,985] {logging_mixin.py:104} INFO - [2021-08-08 04:11:37,985] {dag.py:1833} INFO - Sync 1 DAGs
[2021-08-08 04:11:38,012] {logging_mixin.py:104} INFO - [2021-08-08 04:11:38,011] {dag.py:2306} INFO - Setting next_dagrun for tutorial_etl_dag to None
[2021-08-08 04:11:38,035] {scheduler_job.py:190} INFO - Processing /home/airflow/sandbox/lib/python3.8/site-packages/airflow/example_dags/tutorial_etl_dag.py took 0.137 seconds
[2021-08-08 04:12:13,937] {scheduler_job.py:182} INFO - Started process (PID=2858) to work on /home/airflow/sandbox/lib/python3.8/site-packages/airflow/example_dags/tutorial_etl_dag.py
[2021-08-08 04:12:13,941] {scheduler_job.py:633} INFO - Processing file /home/airflow/sandbox/lib/python3.8/site-packages/airflow/example_dags/tutorial_etl_dag.py for tasks to queue
[2021-08-08 04:12:13,941] {logging_mixin.py:104} INFO - [2021-08-08 04:12:13,941] {dagbag.py:496} INFO - Filling up the DagBag from /home/airflow/sandbox/lib/python3.8/site-packages/airflow/example_dags/tutorial_etl_dag.py
[2021-08-08 04:12:13,957] {scheduler_job.py:643} INFO - DAG(s) dict_keys(['tutorial_etl_dag']) retrieved from /home/airflow/sandbox/lib/python3.8/site-packages/airflow/example_dags/tutorial_etl_dag.py
[2021-08-08 04:12:13,974] {logging_mixin.py:104} INFO - [2021-08-08 04:12:13,974] {dag.py:1833} INFO - Sync 1 DAGs
[2021-08-08 04:12:13,989] {logging_mixin.py:104} INFO - [2021-08-08 04:12:13,988] {dag.py:2306} INFO - Setting next_dagrun for tutorial_etl_dag to None
[2021-08-08 04:12:14,011] {scheduler_job.py:190} INFO - Processing /home/airflow/sandbox/lib/python3.8/site-packages/airflow/example_dags/tutorial_etl_dag.py took 0.077 seconds
[2021-08-08 04:12:48,150] {scheduler_job.py:182} INFO - Started process (PID=2988) to work on /home/airflow/sandbox/lib/python3.8/site-packages/airflow/example_dags/tutorial_etl_dag.py
[2021-08-08 04:12:48,154] {scheduler_job.py:633} INFO - Processing file /home/airflow/sandbox/lib/python3.8/site-packages/airflow/example_dags/tutorial_etl_dag.py for tasks to queue
[2021-08-08 04:12:48,157] {logging_mixin.py:104} INFO - [2021-08-08 04:12:48,157] {dagbag.py:496} INFO - Filling up the DagBag from /home/airflow/sandbox/lib/python3.8/site-packages/airflow/example_dags/tutorial_etl_dag.py
[2021-08-08 04:12:48,168] {scheduler_job.py:643} INFO - DAG(s) dict_keys(['tutorial_etl_dag']) retrieved from /home/airflow/sandbox/lib/python3.8/site-packages/airflow/example_dags/tutorial_etl_dag.py
[2021-08-08 04:12:48,182] {logging_mixin.py:104} INFO - [2021-08-08 04:12:48,182] {dag.py:1833} INFO - Sync 1 DAGs
[2021-08-08 04:12:48,192] {logging_mixin.py:104} INFO - [2021-08-08 04:12:48,192] {dag.py:2306} INFO - Setting next_dagrun for tutorial_etl_dag to None
[2021-08-08 04:12:48,211] {scheduler_job.py:190} INFO - Processing /home/airflow/sandbox/lib/python3.8/site-packages/airflow/example_dags/tutorial_etl_dag.py took 0.064 seconds
[2021-08-08 04:13:20,735] {scheduler_job.py:182} INFO - Started process (PID=3155) to work on /home/airflow/sandbox/lib/python3.8/site-packages/airflow/example_dags/tutorial_etl_dag.py
[2021-08-08 04:13:20,740] {scheduler_job.py:633} INFO - Processing file /home/airflow/sandbox/lib/python3.8/site-packages/airflow/example_dags/tutorial_etl_dag.py for tasks to queue
[2021-08-08 04:13:20,740] {logging_mixin.py:104} INFO - [2021-08-08 04:13:20,740] {dagbag.py:496} INFO - Filling up the DagBag from /home/airflow/sandbox/lib/python3.8/site-packages/airflow/example_dags/tutorial_etl_dag.py
[2021-08-08 04:13:20,753] {scheduler_job.py:643} INFO - DAG(s) dict_keys(['tutorial_etl_dag']) retrieved from /home/airflow/sandbox/lib/python3.8/site-packages/airflow/example_dags/tutorial_etl_dag.py
[2021-08-08 04:13:20,764] {logging_mixin.py:104} INFO - [2021-08-08 04:13:20,764] {dag.py:1833} INFO - Sync 1 DAGs
[2021-08-08 04:13:20,773] {logging_mixin.py:104} INFO - [2021-08-08 04:13:20,773] {dag.py:2306} INFO - Setting next_dagrun for tutorial_etl_dag to None
[2021-08-08 04:13:20,795] {scheduler_job.py:190} INFO - Processing /home/airflow/sandbox/lib/python3.8/site-packages/airflow/example_dags/tutorial_etl_dag.py took 0.062 seconds
[2021-08-08 04:13:54,089] {scheduler_job.py:182} INFO - Started process (PID=3283) to work on /home/airflow/sandbox/lib/python3.8/site-packages/airflow/example_dags/tutorial_etl_dag.py
[2021-08-08 04:13:54,092] {scheduler_job.py:633} INFO - Processing file /home/airflow/sandbox/lib/python3.8/site-packages/airflow/example_dags/tutorial_etl_dag.py for tasks to queue
[2021-08-08 04:13:54,094] {logging_mixin.py:104} INFO - [2021-08-08 04:13:54,094] {dagbag.py:496} INFO - Filling up the DagBag from /home/airflow/sandbox/lib/python3.8/site-packages/airflow/example_dags/tutorial_etl_dag.py
[2021-08-08 04:13:54,105] {scheduler_job.py:643} INFO - DAG(s) dict_keys(['tutorial_etl_dag']) retrieved from /home/airflow/sandbox/lib/python3.8/site-packages/airflow/example_dags/tutorial_etl_dag.py
[2021-08-08 04:13:54,117] {logging_mixin.py:104} INFO - [2021-08-08 04:13:54,117] {dag.py:1833} INFO - Sync 1 DAGs
[2021-08-08 04:13:54,126] {logging_mixin.py:104} INFO - [2021-08-08 04:13:54,126] {dag.py:2306} INFO - Setting next_dagrun for tutorial_etl_dag to None
[2021-08-08 04:13:54,148] {scheduler_job.py:190} INFO - Processing /home/airflow/sandbox/lib/python3.8/site-packages/airflow/example_dags/tutorial_etl_dag.py took 0.061 seconds
[2021-08-08 04:14:29,411] {scheduler_job.py:182} INFO - Started process (PID=3482) to work on /home/airflow/sandbox/lib/python3.8/site-packages/airflow/example_dags/tutorial_etl_dag.py
[2021-08-08 04:14:29,414] {scheduler_job.py:633} INFO - Processing file /home/airflow/sandbox/lib/python3.8/site-packages/airflow/example_dags/tutorial_etl_dag.py for tasks to queue
[2021-08-08 04:14:29,417] {logging_mixin.py:104} INFO - [2021-08-08 04:14:29,417] {dagbag.py:496} INFO - Filling up the DagBag from /home/airflow/sandbox/lib/python3.8/site-packages/airflow/example_dags/tutorial_etl_dag.py
[2021-08-08 04:14:29,432] {scheduler_job.py:643} INFO - DAG(s) dict_keys(['tutorial_etl_dag']) retrieved from /home/airflow/sandbox/lib/python3.8/site-packages/airflow/example_dags/tutorial_etl_dag.py
[2021-08-08 04:14:29,446] {logging_mixin.py:104} INFO - [2021-08-08 04:14:29,446] {dag.py:1833} INFO - Sync 1 DAGs
[2021-08-08 04:14:29,458] {logging_mixin.py:104} INFO - [2021-08-08 04:14:29,458] {dag.py:2306} INFO - Setting next_dagrun for tutorial_etl_dag to None
[2021-08-08 04:14:29,484] {scheduler_job.py:190} INFO - Processing /home/airflow/sandbox/lib/python3.8/site-packages/airflow/example_dags/tutorial_etl_dag.py took 0.076 seconds
[2021-08-08 04:15:03,512] {scheduler_job.py:182} INFO - Started process (PID=3705) to work on /home/airflow/sandbox/lib/python3.8/site-packages/airflow/example_dags/tutorial_etl_dag.py
[2021-08-08 04:15:03,516] {scheduler_job.py:633} INFO - Processing file /home/airflow/sandbox/lib/python3.8/site-packages/airflow/example_dags/tutorial_etl_dag.py for tasks to queue
[2021-08-08 04:15:03,518] {logging_mixin.py:104} INFO - [2021-08-08 04:15:03,518] {dagbag.py:496} INFO - Filling up the DagBag from /home/airflow/sandbox/lib/python3.8/site-packages/airflow/example_dags/tutorial_etl_dag.py
[2021-08-08 04:15:03,530] {scheduler_job.py:643} INFO - DAG(s) dict_keys(['tutorial_etl_dag']) retrieved from /home/airflow/sandbox/lib/python3.8/site-packages/airflow/example_dags/tutorial_etl_dag.py
[2021-08-08 04:15:03,545] {logging_mixin.py:104} INFO - [2021-08-08 04:15:03,545] {dag.py:1833} INFO - Sync 1 DAGs
[2021-08-08 04:15:03,557] {logging_mixin.py:104} INFO - [2021-08-08 04:15:03,556] {dag.py:2306} INFO - Setting next_dagrun for tutorial_etl_dag to None
[2021-08-08 04:15:03,583] {scheduler_job.py:190} INFO - Processing /home/airflow/sandbox/lib/python3.8/site-packages/airflow/example_dags/tutorial_etl_dag.py took 0.074 seconds
[2021-08-08 04:15:36,841] {scheduler_job.py:182} INFO - Started process (PID=3839) to work on /home/airflow/sandbox/lib/python3.8/site-packages/airflow/example_dags/tutorial_etl_dag.py
[2021-08-08 04:15:36,844] {scheduler_job.py:633} INFO - Processing file /home/airflow/sandbox/lib/python3.8/site-packages/airflow/example_dags/tutorial_etl_dag.py for tasks to queue
[2021-08-08 04:15:36,847] {logging_mixin.py:104} INFO - [2021-08-08 04:15:36,846] {dagbag.py:496} INFO - Filling up the DagBag from /home/airflow/sandbox/lib/python3.8/site-packages/airflow/example_dags/tutorial_etl_dag.py
[2021-08-08 04:15:36,859] {scheduler_job.py:643} INFO - DAG(s) dict_keys(['tutorial_etl_dag']) retrieved from /home/airflow/sandbox/lib/python3.8/site-packages/airflow/example_dags/tutorial_etl_dag.py
[2021-08-08 04:15:36,875] {logging_mixin.py:104} INFO - [2021-08-08 04:15:36,874] {dag.py:1833} INFO - Sync 1 DAGs
[2021-08-08 04:15:36,885] {logging_mixin.py:104} INFO - [2021-08-08 04:15:36,885] {dag.py:2306} INFO - Setting next_dagrun for tutorial_etl_dag to None
[2021-08-08 04:15:36,910] {scheduler_job.py:190} INFO - Processing /home/airflow/sandbox/lib/python3.8/site-packages/airflow/example_dags/tutorial_etl_dag.py took 0.071 seconds
[2021-08-08 04:16:09,104] {scheduler_job.py:182} INFO - Started process (PID=4128) to work on /home/airflow/sandbox/lib/python3.8/site-packages/airflow/example_dags/tutorial_etl_dag.py
[2021-08-08 04:16:09,106] {scheduler_job.py:633} INFO - Processing file /home/airflow/sandbox/lib/python3.8/site-packages/airflow/example_dags/tutorial_etl_dag.py for tasks to queue
[2021-08-08 04:16:09,108] {logging_mixin.py:104} INFO - [2021-08-08 04:16:09,108] {dagbag.py:496} INFO - Filling up the DagBag from /home/airflow/sandbox/lib/python3.8/site-packages/airflow/example_dags/tutorial_etl_dag.py
[2021-08-08 04:16:09,120] {scheduler_job.py:643} INFO - DAG(s) dict_keys(['tutorial_etl_dag']) retrieved from /home/airflow/sandbox/lib/python3.8/site-packages/airflow/example_dags/tutorial_etl_dag.py
[2021-08-08 04:16:09,132] {logging_mixin.py:104} INFO - [2021-08-08 04:16:09,132] {dag.py:1833} INFO - Sync 1 DAGs
[2021-08-08 04:16:09,142] {logging_mixin.py:104} INFO - [2021-08-08 04:16:09,142] {dag.py:2306} INFO - Setting next_dagrun for tutorial_etl_dag to None
[2021-08-08 04:16:09,161] {scheduler_job.py:190} INFO - Processing /home/airflow/sandbox/lib/python3.8/site-packages/airflow/example_dags/tutorial_etl_dag.py took 0.060 seconds
[2021-08-08 04:16:42,834] {scheduler_job.py:182} INFO - Started process (PID=4248) to work on /home/airflow/sandbox/lib/python3.8/site-packages/airflow/example_dags/tutorial_etl_dag.py
[2021-08-08 04:16:42,838] {scheduler_job.py:633} INFO - Processing file /home/airflow/sandbox/lib/python3.8/site-packages/airflow/example_dags/tutorial_etl_dag.py for tasks to queue
[2021-08-08 04:16:42,838] {logging_mixin.py:104} INFO - [2021-08-08 04:16:42,838] {dagbag.py:496} INFO - Filling up the DagBag from /home/airflow/sandbox/lib/python3.8/site-packages/airflow/example_dags/tutorial_etl_dag.py
[2021-08-08 04:16:42,853] {scheduler_job.py:643} INFO - DAG(s) dict_keys(['tutorial_etl_dag']) retrieved from /home/airflow/sandbox/lib/python3.8/site-packages/airflow/example_dags/tutorial_etl_dag.py
[2021-08-08 04:16:42,866] {logging_mixin.py:104} INFO - [2021-08-08 04:16:42,866] {dag.py:1833} INFO - Sync 1 DAGs
[2021-08-08 04:16:42,877] {logging_mixin.py:104} INFO - [2021-08-08 04:16:42,877] {dag.py:2306} INFO - Setting next_dagrun for tutorial_etl_dag to None
[2021-08-08 04:16:42,896] {scheduler_job.py:190} INFO - Processing /home/airflow/sandbox/lib/python3.8/site-packages/airflow/example_dags/tutorial_etl_dag.py took 0.066 seconds
[2021-08-08 04:17:16,222] {scheduler_job.py:182} INFO - Started process (PID=4427) to work on /home/airflow/sandbox/lib/python3.8/site-packages/airflow/example_dags/tutorial_etl_dag.py
[2021-08-08 04:17:16,224] {scheduler_job.py:633} INFO - Processing file /home/airflow/sandbox/lib/python3.8/site-packages/airflow/example_dags/tutorial_etl_dag.py for tasks to queue
[2021-08-08 04:17:16,226] {logging_mixin.py:104} INFO - [2021-08-08 04:17:16,226] {dagbag.py:496} INFO - Filling up the DagBag from /home/airflow/sandbox/lib/python3.8/site-packages/airflow/example_dags/tutorial_etl_dag.py
[2021-08-08 04:17:16,238] {scheduler_job.py:643} INFO - DAG(s) dict_keys(['tutorial_etl_dag']) retrieved from /home/airflow/sandbox/lib/python3.8/site-packages/airflow/example_dags/tutorial_etl_dag.py
[2021-08-08 04:17:16,251] {logging_mixin.py:104} INFO - [2021-08-08 04:17:16,251] {dag.py:1833} INFO - Sync 1 DAGs
[2021-08-08 04:17:16,260] {logging_mixin.py:104} INFO - [2021-08-08 04:17:16,260] {dag.py:2306} INFO - Setting next_dagrun for tutorial_etl_dag to None
[2021-08-08 04:17:16,284] {scheduler_job.py:190} INFO - Processing /home/airflow/sandbox/lib/python3.8/site-packages/airflow/example_dags/tutorial_etl_dag.py took 0.065 seconds
[2021-08-08 04:17:48,490] {scheduler_job.py:182} INFO - Started process (PID=4543) to work on /home/airflow/sandbox/lib/python3.8/site-packages/airflow/example_dags/tutorial_etl_dag.py
[2021-08-08 04:17:48,493] {scheduler_job.py:633} INFO - Processing file /home/airflow/sandbox/lib/python3.8/site-packages/airflow/example_dags/tutorial_etl_dag.py for tasks to queue
[2021-08-08 04:17:48,496] {logging_mixin.py:104} INFO - [2021-08-08 04:17:48,496] {dagbag.py:496} INFO - Filling up the DagBag from /home/airflow/sandbox/lib/python3.8/site-packages/airflow/example_dags/tutorial_etl_dag.py
[2021-08-08 04:17:48,506] {scheduler_job.py:643} INFO - DAG(s) dict_keys(['tutorial_etl_dag']) retrieved from /home/airflow/sandbox/lib/python3.8/site-packages/airflow/example_dags/tutorial_etl_dag.py
[2021-08-08 04:17:48,517] {logging_mixin.py:104} INFO - [2021-08-08 04:17:48,517] {dag.py:1833} INFO - Sync 1 DAGs
[2021-08-08 04:17:48,527] {logging_mixin.py:104} INFO - [2021-08-08 04:17:48,527] {dag.py:2306} INFO - Setting next_dagrun for tutorial_etl_dag to None
[2021-08-08 04:17:48,546] {scheduler_job.py:190} INFO - Processing /home/airflow/sandbox/lib/python3.8/site-packages/airflow/example_dags/tutorial_etl_dag.py took 0.059 seconds
[2021-08-08 04:18:20,631] {scheduler_job.py:182} INFO - Started process (PID=4664) to work on /home/airflow/sandbox/lib/python3.8/site-packages/airflow/example_dags/tutorial_etl_dag.py
[2021-08-08 04:18:20,634] {scheduler_job.py:633} INFO - Processing file /home/airflow/sandbox/lib/python3.8/site-packages/airflow/example_dags/tutorial_etl_dag.py for tasks to queue
[2021-08-08 04:18:20,636] {logging_mixin.py:104} INFO - [2021-08-08 04:18:20,636] {dagbag.py:496} INFO - Filling up the DagBag from /home/airflow/sandbox/lib/python3.8/site-packages/airflow/example_dags/tutorial_etl_dag.py
[2021-08-08 04:18:20,646] {scheduler_job.py:643} INFO - DAG(s) dict_keys(['tutorial_etl_dag']) retrieved from /home/airflow/sandbox/lib/python3.8/site-packages/airflow/example_dags/tutorial_etl_dag.py
[2021-08-08 04:18:20,659] {logging_mixin.py:104} INFO - [2021-08-08 04:18:20,658] {dag.py:1833} INFO - Sync 1 DAGs
[2021-08-08 04:18:20,667] {logging_mixin.py:104} INFO - [2021-08-08 04:18:20,667] {dag.py:2306} INFO - Setting next_dagrun for tutorial_etl_dag to None
[2021-08-08 04:18:20,684] {scheduler_job.py:190} INFO - Processing /home/airflow/sandbox/lib/python3.8/site-packages/airflow/example_dags/tutorial_etl_dag.py took 0.056 seconds
[2021-08-08 04:18:53,002] {scheduler_job.py:182} INFO - Started process (PID=4884) to work on /home/airflow/sandbox/lib/python3.8/site-packages/airflow/example_dags/tutorial_etl_dag.py
[2021-08-08 04:18:53,005] {scheduler_job.py:633} INFO - Processing file /home/airflow/sandbox/lib/python3.8/site-packages/airflow/example_dags/tutorial_etl_dag.py for tasks to queue
[2021-08-08 04:18:53,006] {logging_mixin.py:104} INFO - [2021-08-08 04:18:53,006] {dagbag.py:496} INFO - Filling up the DagBag from /home/airflow/sandbox/lib/python3.8/site-packages/airflow/example_dags/tutorial_etl_dag.py
[2021-08-08 04:18:53,014] {scheduler_job.py:643} INFO - DAG(s) dict_keys(['tutorial_etl_dag']) retrieved from /home/airflow/sandbox/lib/python3.8/site-packages/airflow/example_dags/tutorial_etl_dag.py
[2021-08-08 04:18:53,028] {logging_mixin.py:104} INFO - [2021-08-08 04:18:53,028] {dag.py:1833} INFO - Sync 1 DAGs
[2021-08-08 04:18:53,039] {logging_mixin.py:104} INFO - [2021-08-08 04:18:53,039] {dag.py:2306} INFO - Setting next_dagrun for tutorial_etl_dag to None
[2021-08-08 04:18:53,056] {scheduler_job.py:190} INFO - Processing /home/airflow/sandbox/lib/python3.8/site-packages/airflow/example_dags/tutorial_etl_dag.py took 0.057 seconds
[2021-08-08 04:19:24,635] {scheduler_job.py:182} INFO - Started process (PID=5005) to work on /home/airflow/sandbox/lib/python3.8/site-packages/airflow/example_dags/tutorial_etl_dag.py
[2021-08-08 04:19:24,638] {scheduler_job.py:633} INFO - Processing file /home/airflow/sandbox/lib/python3.8/site-packages/airflow/example_dags/tutorial_etl_dag.py for tasks to queue
[2021-08-08 04:19:24,641] {logging_mixin.py:104} INFO - [2021-08-08 04:19:24,641] {dagbag.py:496} INFO - Filling up the DagBag from /home/airflow/sandbox/lib/python3.8/site-packages/airflow/example_dags/tutorial_etl_dag.py
[2021-08-08 04:19:24,651] {scheduler_job.py:643} INFO - DAG(s) dict_keys(['tutorial_etl_dag']) retrieved from /home/airflow/sandbox/lib/python3.8/site-packages/airflow/example_dags/tutorial_etl_dag.py
[2021-08-08 04:19:24,664] {logging_mixin.py:104} INFO - [2021-08-08 04:19:24,663] {dag.py:1833} INFO - Sync 1 DAGs
[2021-08-08 04:19:24,672] {logging_mixin.py:104} INFO - [2021-08-08 04:19:24,672] {dag.py:2306} INFO - Setting next_dagrun for tutorial_etl_dag to None
[2021-08-08 04:19:24,691] {scheduler_job.py:190} INFO - Processing /home/airflow/sandbox/lib/python3.8/site-packages/airflow/example_dags/tutorial_etl_dag.py took 0.059 seconds
[2021-08-08 04:19:59,555] {scheduler_job.py:182} INFO - Started process (PID=5140) to work on /home/airflow/sandbox/lib/python3.8/site-packages/airflow/example_dags/tutorial_etl_dag.py
[2021-08-08 04:19:59,558] {scheduler_job.py:633} INFO - Processing file /home/airflow/sandbox/lib/python3.8/site-packages/airflow/example_dags/tutorial_etl_dag.py for tasks to queue
[2021-08-08 04:19:59,560] {logging_mixin.py:104} INFO - [2021-08-08 04:19:59,560] {dagbag.py:496} INFO - Filling up the DagBag from /home/airflow/sandbox/lib/python3.8/site-packages/airflow/example_dags/tutorial_etl_dag.py
[2021-08-08 04:19:59,571] {scheduler_job.py:643} INFO - DAG(s) dict_keys(['tutorial_etl_dag']) retrieved from /home/airflow/sandbox/lib/python3.8/site-packages/airflow/example_dags/tutorial_etl_dag.py
[2021-08-08 04:19:59,583] {logging_mixin.py:104} INFO - [2021-08-08 04:19:59,583] {dag.py:1833} INFO - Sync 1 DAGs
[2021-08-08 04:19:59,591] {logging_mixin.py:104} INFO - [2021-08-08 04:19:59,591] {dag.py:2306} INFO - Setting next_dagrun for tutorial_etl_dag to None
[2021-08-08 04:19:59,609] {scheduler_job.py:190} INFO - Processing /home/airflow/sandbox/lib/python3.8/site-packages/airflow/example_dags/tutorial_etl_dag.py took 0.057 seconds
[2021-08-08 04:20:31,276] {scheduler_job.py:182} INFO - Started process (PID=5261) to work on /home/airflow/sandbox/lib/python3.8/site-packages/airflow/example_dags/tutorial_etl_dag.py
[2021-08-08 04:20:31,278] {scheduler_job.py:633} INFO - Processing file /home/airflow/sandbox/lib/python3.8/site-packages/airflow/example_dags/tutorial_etl_dag.py for tasks to queue
[2021-08-08 04:20:31,280] {logging_mixin.py:104} INFO - [2021-08-08 04:20:31,280] {dagbag.py:496} INFO - Filling up the DagBag from /home/airflow/sandbox/lib/python3.8/site-packages/airflow/example_dags/tutorial_etl_dag.py
[2021-08-08 04:20:31,290] {scheduler_job.py:643} INFO - DAG(s) dict_keys(['tutorial_etl_dag']) retrieved from /home/airflow/sandbox/lib/python3.8/site-packages/airflow/example_dags/tutorial_etl_dag.py
[2021-08-08 04:20:31,301] {logging_mixin.py:104} INFO - [2021-08-08 04:20:31,301] {dag.py:1833} INFO - Sync 1 DAGs
[2021-08-08 04:20:31,310] {logging_mixin.py:104} INFO - [2021-08-08 04:20:31,310] {dag.py:2306} INFO - Setting next_dagrun for tutorial_etl_dag to None
[2021-08-08 04:20:31,327] {scheduler_job.py:190} INFO - Processing /home/airflow/sandbox/lib/python3.8/site-packages/airflow/example_dags/tutorial_etl_dag.py took 0.054 seconds
[2021-08-08 04:21:02,350] {scheduler_job.py:182} INFO - Started process (PID=5424) to work on /home/airflow/sandbox/lib/python3.8/site-packages/airflow/example_dags/tutorial_etl_dag.py
[2021-08-08 04:21:02,353] {scheduler_job.py:633} INFO - Processing file /home/airflow/sandbox/lib/python3.8/site-packages/airflow/example_dags/tutorial_etl_dag.py for tasks to queue
[2021-08-08 04:21:02,355] {logging_mixin.py:104} INFO - [2021-08-08 04:21:02,355] {dagbag.py:496} INFO - Filling up the DagBag from /home/airflow/sandbox/lib/python3.8/site-packages/airflow/example_dags/tutorial_etl_dag.py
[2021-08-08 04:21:02,366] {scheduler_job.py:643} INFO - DAG(s) dict_keys(['tutorial_etl_dag']) retrieved from /home/airflow/sandbox/lib/python3.8/site-packages/airflow/example_dags/tutorial_etl_dag.py
[2021-08-08 04:21:02,380] {logging_mixin.py:104} INFO - [2021-08-08 04:21:02,380] {dag.py:1833} INFO - Sync 1 DAGs
[2021-08-08 04:21:02,391] {logging_mixin.py:104} INFO - [2021-08-08 04:21:02,391] {dag.py:2306} INFO - Setting next_dagrun for tutorial_etl_dag to None
[2021-08-08 04:21:02,408] {scheduler_job.py:190} INFO - Processing /home/airflow/sandbox/lib/python3.8/site-packages/airflow/example_dags/tutorial_etl_dag.py took 0.061 seconds
[2021-08-08 04:21:34,322] {scheduler_job.py:182} INFO - Started process (PID=5552) to work on /home/airflow/sandbox/lib/python3.8/site-packages/airflow/example_dags/tutorial_etl_dag.py
[2021-08-08 04:21:34,325] {scheduler_job.py:633} INFO - Processing file /home/airflow/sandbox/lib/python3.8/site-packages/airflow/example_dags/tutorial_etl_dag.py for tasks to queue
[2021-08-08 04:21:34,327] {logging_mixin.py:104} INFO - [2021-08-08 04:21:34,327] {dagbag.py:496} INFO - Filling up the DagBag from /home/airflow/sandbox/lib/python3.8/site-packages/airflow/example_dags/tutorial_etl_dag.py
[2021-08-08 04:21:34,337] {scheduler_job.py:643} INFO - DAG(s) dict_keys(['tutorial_etl_dag']) retrieved from /home/airflow/sandbox/lib/python3.8/site-packages/airflow/example_dags/tutorial_etl_dag.py
[2021-08-08 04:21:34,348] {logging_mixin.py:104} INFO - [2021-08-08 04:21:34,348] {dag.py:1833} INFO - Sync 1 DAGs
[2021-08-08 04:21:34,358] {logging_mixin.py:104} INFO - [2021-08-08 04:21:34,358] {dag.py:2306} INFO - Setting next_dagrun for tutorial_etl_dag to None
[2021-08-08 04:21:34,374] {scheduler_job.py:190} INFO - Processing /home/airflow/sandbox/lib/python3.8/site-packages/airflow/example_dags/tutorial_etl_dag.py took 0.055 seconds
[2021-08-08 04:22:08,009] {scheduler_job.py:182} INFO - Started process (PID=5681) to work on /home/airflow/sandbox/lib/python3.8/site-packages/airflow/example_dags/tutorial_etl_dag.py
[2021-08-08 04:22:08,012] {scheduler_job.py:633} INFO - Processing file /home/airflow/sandbox/lib/python3.8/site-packages/airflow/example_dags/tutorial_etl_dag.py for tasks to queue
[2021-08-08 04:22:08,014] {logging_mixin.py:104} INFO - [2021-08-08 04:22:08,014] {dagbag.py:496} INFO - Filling up the DagBag from /home/airflow/sandbox/lib/python3.8/site-packages/airflow/example_dags/tutorial_etl_dag.py
[2021-08-08 04:22:08,024] {scheduler_job.py:643} INFO - DAG(s) dict_keys(['tutorial_etl_dag']) retrieved from /home/airflow/sandbox/lib/python3.8/site-packages/airflow/example_dags/tutorial_etl_dag.py
[2021-08-08 04:22:08,037] {logging_mixin.py:104} INFO - [2021-08-08 04:22:08,037] {dag.py:1833} INFO - Sync 1 DAGs
[2021-08-08 04:22:08,046] {logging_mixin.py:104} INFO - [2021-08-08 04:22:08,046] {dag.py:2306} INFO - Setting next_dagrun for tutorial_etl_dag to None
[2021-08-08 04:22:08,064] {scheduler_job.py:190} INFO - Processing /home/airflow/sandbox/lib/python3.8/site-packages/airflow/example_dags/tutorial_etl_dag.py took 0.058 seconds
[2021-08-08 04:22:41,416] {scheduler_job.py:182} INFO - Started process (PID=5844) to work on /home/airflow/sandbox/lib/python3.8/site-packages/airflow/example_dags/tutorial_etl_dag.py
[2021-08-08 04:22:41,418] {scheduler_job.py:633} INFO - Processing file /home/airflow/sandbox/lib/python3.8/site-packages/airflow/example_dags/tutorial_etl_dag.py for tasks to queue
[2021-08-08 04:22:41,421] {logging_mixin.py:104} INFO - [2021-08-08 04:22:41,421] {dagbag.py:496} INFO - Filling up the DagBag from /home/airflow/sandbox/lib/python3.8/site-packages/airflow/example_dags/tutorial_etl_dag.py
[2021-08-08 04:22:41,435] {scheduler_job.py:643} INFO - DAG(s) dict_keys(['tutorial_etl_dag']) retrieved from /home/airflow/sandbox/lib/python3.8/site-packages/airflow/example_dags/tutorial_etl_dag.py
[2021-08-08 04:22:41,449] {logging_mixin.py:104} INFO - [2021-08-08 04:22:41,449] {dag.py:1833} INFO - Sync 1 DAGs
[2021-08-08 04:22:41,460] {logging_mixin.py:104} INFO - [2021-08-08 04:22:41,459] {dag.py:2306} INFO - Setting next_dagrun for tutorial_etl_dag to None
[2021-08-08 04:22:41,478] {scheduler_job.py:190} INFO - Processing /home/airflow/sandbox/lib/python3.8/site-packages/airflow/example_dags/tutorial_etl_dag.py took 0.065 seconds
[2021-08-08 04:23:14,291] {scheduler_job.py:182} INFO - Started process (PID=6047) to work on /home/airflow/sandbox/lib/python3.8/site-packages/airflow/example_dags/tutorial_etl_dag.py
[2021-08-08 04:23:14,295] {scheduler_job.py:633} INFO - Processing file /home/airflow/sandbox/lib/python3.8/site-packages/airflow/example_dags/tutorial_etl_dag.py for tasks to queue
[2021-08-08 04:23:14,298] {logging_mixin.py:104} INFO - [2021-08-08 04:23:14,298] {dagbag.py:496} INFO - Filling up the DagBag from /home/airflow/sandbox/lib/python3.8/site-packages/airflow/example_dags/tutorial_etl_dag.py
[2021-08-08 04:23:14,310] {scheduler_job.py:643} INFO - DAG(s) dict_keys(['tutorial_etl_dag']) retrieved from /home/airflow/sandbox/lib/python3.8/site-packages/airflow/example_dags/tutorial_etl_dag.py
[2021-08-08 04:23:14,323] {logging_mixin.py:104} INFO - [2021-08-08 04:23:14,323] {dag.py:1833} INFO - Sync 1 DAGs
[2021-08-08 04:23:14,334] {logging_mixin.py:104} INFO - [2021-08-08 04:23:14,334] {dag.py:2306} INFO - Setting next_dagrun for tutorial_etl_dag to None
[2021-08-08 04:23:14,352] {scheduler_job.py:190} INFO - Processing /home/airflow/sandbox/lib/python3.8/site-packages/airflow/example_dags/tutorial_etl_dag.py took 0.065 seconds
[2021-08-08 04:23:48,791] {scheduler_job.py:182} INFO - Started process (PID=6268) to work on /home/airflow/sandbox/lib/python3.8/site-packages/airflow/example_dags/tutorial_etl_dag.py
[2021-08-08 04:23:48,794] {scheduler_job.py:633} INFO - Processing file /home/airflow/sandbox/lib/python3.8/site-packages/airflow/example_dags/tutorial_etl_dag.py for tasks to queue
[2021-08-08 04:23:48,797] {logging_mixin.py:104} INFO - [2021-08-08 04:23:48,797] {dagbag.py:496} INFO - Filling up the DagBag from /home/airflow/sandbox/lib/python3.8/site-packages/airflow/example_dags/tutorial_etl_dag.py
[2021-08-08 04:23:48,809] {scheduler_job.py:643} INFO - DAG(s) dict_keys(['tutorial_etl_dag']) retrieved from /home/airflow/sandbox/lib/python3.8/site-packages/airflow/example_dags/tutorial_etl_dag.py
[2021-08-08 04:23:48,823] {logging_mixin.py:104} INFO - [2021-08-08 04:23:48,823] {dag.py:1833} INFO - Sync 1 DAGs
[2021-08-08 04:23:48,833] {logging_mixin.py:104} INFO - [2021-08-08 04:23:48,833] {dag.py:2306} INFO - Setting next_dagrun for tutorial_etl_dag to None
[2021-08-08 04:23:48,852] {scheduler_job.py:190} INFO - Processing /home/airflow/sandbox/lib/python3.8/site-packages/airflow/example_dags/tutorial_etl_dag.py took 0.065 seconds
[2021-08-08 04:24:23,088] {scheduler_job.py:182} INFO - Started process (PID=6409) to work on /home/airflow/sandbox/lib/python3.8/site-packages/airflow/example_dags/tutorial_etl_dag.py
[2021-08-08 04:24:23,091] {scheduler_job.py:633} INFO - Processing file /home/airflow/sandbox/lib/python3.8/site-packages/airflow/example_dags/tutorial_etl_dag.py for tasks to queue
[2021-08-08 04:24:23,093] {logging_mixin.py:104} INFO - [2021-08-08 04:24:23,093] {dagbag.py:496} INFO - Filling up the DagBag from /home/airflow/sandbox/lib/python3.8/site-packages/airflow/example_dags/tutorial_etl_dag.py
[2021-08-08 04:24:23,103] {scheduler_job.py:643} INFO - DAG(s) dict_keys(['tutorial_etl_dag']) retrieved from /home/airflow/sandbox/lib/python3.8/site-packages/airflow/example_dags/tutorial_etl_dag.py
[2021-08-08 04:24:23,115] {logging_mixin.py:104} INFO - [2021-08-08 04:24:23,115] {dag.py:1833} INFO - Sync 1 DAGs
[2021-08-08 04:24:23,123] {logging_mixin.py:104} INFO - [2021-08-08 04:24:23,123] {dag.py:2306} INFO - Setting next_dagrun for tutorial_etl_dag to None
[2021-08-08 04:24:23,141] {scheduler_job.py:190} INFO - Processing /home/airflow/sandbox/lib/python3.8/site-packages/airflow/example_dags/tutorial_etl_dag.py took 0.056 seconds
[2021-08-08 04:24:56,864] {scheduler_job.py:182} INFO - Started process (PID=6604) to work on /home/airflow/sandbox/lib/python3.8/site-packages/airflow/example_dags/tutorial_etl_dag.py
[2021-08-08 04:24:56,868] {scheduler_job.py:633} INFO - Processing file /home/airflow/sandbox/lib/python3.8/site-packages/airflow/example_dags/tutorial_etl_dag.py for tasks to queue
[2021-08-08 04:24:56,870] {logging_mixin.py:104} INFO - [2021-08-08 04:24:56,870] {dagbag.py:496} INFO - Filling up the DagBag from /home/airflow/sandbox/lib/python3.8/site-packages/airflow/example_dags/tutorial_etl_dag.py
[2021-08-08 04:24:56,882] {scheduler_job.py:643} INFO - DAG(s) dict_keys(['tutorial_etl_dag']) retrieved from /home/airflow/sandbox/lib/python3.8/site-packages/airflow/example_dags/tutorial_etl_dag.py
[2021-08-08 04:24:56,894] {logging_mixin.py:104} INFO - [2021-08-08 04:24:56,894] {dag.py:1833} INFO - Sync 1 DAGs
[2021-08-08 04:24:56,903] {logging_mixin.py:104} INFO - [2021-08-08 04:24:56,903] {dag.py:2306} INFO - Setting next_dagrun for tutorial_etl_dag to None
[2021-08-08 04:24:56,921] {scheduler_job.py:190} INFO - Processing /home/airflow/sandbox/lib/python3.8/site-packages/airflow/example_dags/tutorial_etl_dag.py took 0.059 seconds
[2021-08-08 04:25:29,399] {scheduler_job.py:182} INFO - Started process (PID=6822) to work on /home/airflow/sandbox/lib/python3.8/site-packages/airflow/example_dags/tutorial_etl_dag.py
[2021-08-08 04:25:29,401] {scheduler_job.py:633} INFO - Processing file /home/airflow/sandbox/lib/python3.8/site-packages/airflow/example_dags/tutorial_etl_dag.py for tasks to queue
[2021-08-08 04:25:29,404] {logging_mixin.py:104} INFO - [2021-08-08 04:25:29,403] {dagbag.py:496} INFO - Filling up the DagBag from /home/airflow/sandbox/lib/python3.8/site-packages/airflow/example_dags/tutorial_etl_dag.py
[2021-08-08 04:25:29,415] {scheduler_job.py:643} INFO - DAG(s) dict_keys(['tutorial_etl_dag']) retrieved from /home/airflow/sandbox/lib/python3.8/site-packages/airflow/example_dags/tutorial_etl_dag.py
[2021-08-08 04:25:29,428] {logging_mixin.py:104} INFO - [2021-08-08 04:25:29,428] {dag.py:1833} INFO - Sync 1 DAGs
[2021-08-08 04:25:29,436] {logging_mixin.py:104} INFO - [2021-08-08 04:25:29,436] {dag.py:2306} INFO - Setting next_dagrun for tutorial_etl_dag to None
[2021-08-08 04:25:29,457] {scheduler_job.py:190} INFO - Processing /home/airflow/sandbox/lib/python3.8/site-packages/airflow/example_dags/tutorial_etl_dag.py took 0.061 seconds
