[2021-08-08 04:10:55,070] {scheduler_job.py:182} INFO - Started process (PID=2533) to work on /home/airflow/sandbox/lib/python3.8/site-packages/airflow/example_dags/tutorial_taskflow_api_etl.py
[2021-08-08 04:10:55,073] {scheduler_job.py:633} INFO - Processing file /home/airflow/sandbox/lib/python3.8/site-packages/airflow/example_dags/tutorial_taskflow_api_etl.py for tasks to queue
[2021-08-08 04:10:55,077] {logging_mixin.py:104} INFO - [2021-08-08 04:10:55,077] {dagbag.py:496} INFO - Filling up the DagBag from /home/airflow/sandbox/lib/python3.8/site-packages/airflow/example_dags/tutorial_taskflow_api_etl.py
[2021-08-08 04:10:55,098] {scheduler_job.py:643} INFO - DAG(s) dict_keys(['tutorial_taskflow_api_etl']) retrieved from /home/airflow/sandbox/lib/python3.8/site-packages/airflow/example_dags/tutorial_taskflow_api_etl.py
[2021-08-08 04:10:55,401] {logging_mixin.py:104} INFO - [2021-08-08 04:10:55,401] {dag.py:1833} INFO - Sync 1 DAGs
[2021-08-08 04:10:55,417] {logging_mixin.py:104} INFO - [2021-08-08 04:10:55,416] {dag.py:2306} INFO - Setting next_dagrun for tutorial_taskflow_api_etl to None
[2021-08-08 04:10:55,529] {scheduler_job.py:190} INFO - Processing /home/airflow/sandbox/lib/python3.8/site-packages/airflow/example_dags/tutorial_taskflow_api_etl.py took 0.462 seconds
[2021-08-08 04:11:39,138] {scheduler_job.py:182} INFO - Started process (PID=2675) to work on /home/airflow/sandbox/lib/python3.8/site-packages/airflow/example_dags/tutorial_taskflow_api_etl.py
[2021-08-08 04:11:39,145] {scheduler_job.py:633} INFO - Processing file /home/airflow/sandbox/lib/python3.8/site-packages/airflow/example_dags/tutorial_taskflow_api_etl.py for tasks to queue
[2021-08-08 04:11:39,149] {logging_mixin.py:104} INFO - [2021-08-08 04:11:39,149] {dagbag.py:496} INFO - Filling up the DagBag from /home/airflow/sandbox/lib/python3.8/site-packages/airflow/example_dags/tutorial_taskflow_api_etl.py
[2021-08-08 04:11:39,185] {scheduler_job.py:643} INFO - DAG(s) dict_keys(['tutorial_taskflow_api_etl']) retrieved from /home/airflow/sandbox/lib/python3.8/site-packages/airflow/example_dags/tutorial_taskflow_api_etl.py
[2021-08-08 04:11:39,829] {logging_mixin.py:104} INFO - [2021-08-08 04:11:39,828] {dag.py:1833} INFO - Sync 1 DAGs
[2021-08-08 04:11:39,838] {logging_mixin.py:104} INFO - [2021-08-08 04:11:39,838] {dag.py:2306} INFO - Setting next_dagrun for tutorial_taskflow_api_etl to None
[2021-08-08 04:11:39,854] {scheduler_job.py:190} INFO - Processing /home/airflow/sandbox/lib/python3.8/site-packages/airflow/example_dags/tutorial_taskflow_api_etl.py took 0.719 seconds
[2021-08-08 04:12:15,070] {scheduler_job.py:182} INFO - Started process (PID=2861) to work on /home/airflow/sandbox/lib/python3.8/site-packages/airflow/example_dags/tutorial_taskflow_api_etl.py
[2021-08-08 04:12:15,072] {scheduler_job.py:633} INFO - Processing file /home/airflow/sandbox/lib/python3.8/site-packages/airflow/example_dags/tutorial_taskflow_api_etl.py for tasks to queue
[2021-08-08 04:12:15,074] {logging_mixin.py:104} INFO - [2021-08-08 04:12:15,074] {dagbag.py:496} INFO - Filling up the DagBag from /home/airflow/sandbox/lib/python3.8/site-packages/airflow/example_dags/tutorial_taskflow_api_etl.py
[2021-08-08 04:12:15,090] {scheduler_job.py:643} INFO - DAG(s) dict_keys(['tutorial_taskflow_api_etl']) retrieved from /home/airflow/sandbox/lib/python3.8/site-packages/airflow/example_dags/tutorial_taskflow_api_etl.py
[2021-08-08 04:12:15,341] {logging_mixin.py:104} INFO - [2021-08-08 04:12:15,341] {dag.py:1833} INFO - Sync 1 DAGs
[2021-08-08 04:12:15,350] {logging_mixin.py:104} INFO - [2021-08-08 04:12:15,350] {dag.py:2306} INFO - Setting next_dagrun for tutorial_taskflow_api_etl to None
[2021-08-08 04:12:15,373] {scheduler_job.py:190} INFO - Processing /home/airflow/sandbox/lib/python3.8/site-packages/airflow/example_dags/tutorial_taskflow_api_etl.py took 0.307 seconds
[2021-08-08 04:12:48,649] {scheduler_job.py:182} INFO - Started process (PID=2989) to work on /home/airflow/sandbox/lib/python3.8/site-packages/airflow/example_dags/tutorial_taskflow_api_etl.py
[2021-08-08 04:12:48,651] {scheduler_job.py:633} INFO - Processing file /home/airflow/sandbox/lib/python3.8/site-packages/airflow/example_dags/tutorial_taskflow_api_etl.py for tasks to queue
[2021-08-08 04:12:48,653] {logging_mixin.py:104} INFO - [2021-08-08 04:12:48,653] {dagbag.py:496} INFO - Filling up the DagBag from /home/airflow/sandbox/lib/python3.8/site-packages/airflow/example_dags/tutorial_taskflow_api_etl.py
[2021-08-08 04:12:48,668] {scheduler_job.py:643} INFO - DAG(s) dict_keys(['tutorial_taskflow_api_etl']) retrieved from /home/airflow/sandbox/lib/python3.8/site-packages/airflow/example_dags/tutorial_taskflow_api_etl.py
[2021-08-08 04:12:48,889] {logging_mixin.py:104} INFO - [2021-08-08 04:12:48,889] {dag.py:1833} INFO - Sync 1 DAGs
[2021-08-08 04:12:48,898] {logging_mixin.py:104} INFO - [2021-08-08 04:12:48,898] {dag.py:2306} INFO - Setting next_dagrun for tutorial_taskflow_api_etl to None
[2021-08-08 04:12:48,917] {scheduler_job.py:190} INFO - Processing /home/airflow/sandbox/lib/python3.8/site-packages/airflow/example_dags/tutorial_taskflow_api_etl.py took 0.271 seconds
[2021-08-08 04:13:21,882] {scheduler_job.py:182} INFO - Started process (PID=3162) to work on /home/airflow/sandbox/lib/python3.8/site-packages/airflow/example_dags/tutorial_taskflow_api_etl.py
[2021-08-08 04:13:21,886] {scheduler_job.py:633} INFO - Processing file /home/airflow/sandbox/lib/python3.8/site-packages/airflow/example_dags/tutorial_taskflow_api_etl.py for tasks to queue
[2021-08-08 04:13:21,887] {logging_mixin.py:104} INFO - [2021-08-08 04:13:21,887] {dagbag.py:496} INFO - Filling up the DagBag from /home/airflow/sandbox/lib/python3.8/site-packages/airflow/example_dags/tutorial_taskflow_api_etl.py
[2021-08-08 04:13:21,904] {scheduler_job.py:643} INFO - DAG(s) dict_keys(['tutorial_taskflow_api_etl']) retrieved from /home/airflow/sandbox/lib/python3.8/site-packages/airflow/example_dags/tutorial_taskflow_api_etl.py
[2021-08-08 04:13:22,129] {logging_mixin.py:104} INFO - [2021-08-08 04:13:22,129] {dag.py:1833} INFO - Sync 1 DAGs
[2021-08-08 04:13:22,143] {logging_mixin.py:104} INFO - [2021-08-08 04:13:22,143] {dag.py:2306} INFO - Setting next_dagrun for tutorial_taskflow_api_etl to None
[2021-08-08 04:13:22,174] {scheduler_job.py:190} INFO - Processing /home/airflow/sandbox/lib/python3.8/site-packages/airflow/example_dags/tutorial_taskflow_api_etl.py took 0.294 seconds
[2021-08-08 04:13:55,221] {scheduler_job.py:182} INFO - Started process (PID=3290) to work on /home/airflow/sandbox/lib/python3.8/site-packages/airflow/example_dags/tutorial_taskflow_api_etl.py
[2021-08-08 04:13:55,225] {scheduler_job.py:633} INFO - Processing file /home/airflow/sandbox/lib/python3.8/site-packages/airflow/example_dags/tutorial_taskflow_api_etl.py for tasks to queue
[2021-08-08 04:13:55,225] {logging_mixin.py:104} INFO - [2021-08-08 04:13:55,225] {dagbag.py:496} INFO - Filling up the DagBag from /home/airflow/sandbox/lib/python3.8/site-packages/airflow/example_dags/tutorial_taskflow_api_etl.py
[2021-08-08 04:13:55,244] {scheduler_job.py:643} INFO - DAG(s) dict_keys(['tutorial_taskflow_api_etl']) retrieved from /home/airflow/sandbox/lib/python3.8/site-packages/airflow/example_dags/tutorial_taskflow_api_etl.py
[2021-08-08 04:13:55,481] {logging_mixin.py:104} INFO - [2021-08-08 04:13:55,481] {dag.py:1833} INFO - Sync 1 DAGs
[2021-08-08 04:13:55,489] {logging_mixin.py:104} INFO - [2021-08-08 04:13:55,489] {dag.py:2306} INFO - Setting next_dagrun for tutorial_taskflow_api_etl to None
[2021-08-08 04:13:55,509] {scheduler_job.py:190} INFO - Processing /home/airflow/sandbox/lib/python3.8/site-packages/airflow/example_dags/tutorial_taskflow_api_etl.py took 0.291 seconds
[2021-08-08 04:14:30,539] {scheduler_job.py:182} INFO - Started process (PID=3483) to work on /home/airflow/sandbox/lib/python3.8/site-packages/airflow/example_dags/tutorial_taskflow_api_etl.py
[2021-08-08 04:14:30,541] {scheduler_job.py:633} INFO - Processing file /home/airflow/sandbox/lib/python3.8/site-packages/airflow/example_dags/tutorial_taskflow_api_etl.py for tasks to queue
[2021-08-08 04:14:30,544] {logging_mixin.py:104} INFO - [2021-08-08 04:14:30,544] {dagbag.py:496} INFO - Filling up the DagBag from /home/airflow/sandbox/lib/python3.8/site-packages/airflow/example_dags/tutorial_taskflow_api_etl.py
[2021-08-08 04:14:30,593] {scheduler_job.py:643} INFO - DAG(s) dict_keys(['tutorial_taskflow_api_etl']) retrieved from /home/airflow/sandbox/lib/python3.8/site-packages/airflow/example_dags/tutorial_taskflow_api_etl.py
[2021-08-08 04:14:30,943] {logging_mixin.py:104} INFO - [2021-08-08 04:14:30,942] {dag.py:1833} INFO - Sync 1 DAGs
[2021-08-08 04:14:30,954] {logging_mixin.py:104} INFO - [2021-08-08 04:14:30,954] {dag.py:2306} INFO - Setting next_dagrun for tutorial_taskflow_api_etl to None
[2021-08-08 04:14:30,987] {scheduler_job.py:190} INFO - Processing /home/airflow/sandbox/lib/python3.8/site-packages/airflow/example_dags/tutorial_taskflow_api_etl.py took 0.451 seconds
[2021-08-08 04:15:08,830] {scheduler_job.py:182} INFO - Started process (PID=3752) to work on /home/airflow/sandbox/lib/python3.8/site-packages/airflow/example_dags/tutorial_taskflow_api_etl.py
[2021-08-08 04:15:08,833] {scheduler_job.py:633} INFO - Processing file /home/airflow/sandbox/lib/python3.8/site-packages/airflow/example_dags/tutorial_taskflow_api_etl.py for tasks to queue
[2021-08-08 04:15:08,835] {logging_mixin.py:104} INFO - [2021-08-08 04:15:08,835] {dagbag.py:496} INFO - Filling up the DagBag from /home/airflow/sandbox/lib/python3.8/site-packages/airflow/example_dags/tutorial_taskflow_api_etl.py
[2021-08-08 04:15:08,851] {scheduler_job.py:643} INFO - DAG(s) dict_keys(['tutorial_taskflow_api_etl']) retrieved from /home/airflow/sandbox/lib/python3.8/site-packages/airflow/example_dags/tutorial_taskflow_api_etl.py
[2021-08-08 04:15:09,090] {logging_mixin.py:104} INFO - [2021-08-08 04:15:09,090] {dag.py:1833} INFO - Sync 1 DAGs
[2021-08-08 04:15:09,100] {logging_mixin.py:104} INFO - [2021-08-08 04:15:09,100] {dag.py:2306} INFO - Setting next_dagrun for tutorial_taskflow_api_etl to None
[2021-08-08 04:15:09,119] {scheduler_job.py:190} INFO - Processing /home/airflow/sandbox/lib/python3.8/site-packages/airflow/example_dags/tutorial_taskflow_api_etl.py took 0.291 seconds
[2021-08-08 04:15:41,819] {scheduler_job.py:182} INFO - Started process (PID=3870) to work on /home/airflow/sandbox/lib/python3.8/site-packages/airflow/example_dags/tutorial_taskflow_api_etl.py
[2021-08-08 04:15:41,822] {scheduler_job.py:633} INFO - Processing file /home/airflow/sandbox/lib/python3.8/site-packages/airflow/example_dags/tutorial_taskflow_api_etl.py for tasks to queue
[2021-08-08 04:15:41,825] {logging_mixin.py:104} INFO - [2021-08-08 04:15:41,825] {dagbag.py:496} INFO - Filling up the DagBag from /home/airflow/sandbox/lib/python3.8/site-packages/airflow/example_dags/tutorial_taskflow_api_etl.py
[2021-08-08 04:15:41,840] {scheduler_job.py:643} INFO - DAG(s) dict_keys(['tutorial_taskflow_api_etl']) retrieved from /home/airflow/sandbox/lib/python3.8/site-packages/airflow/example_dags/tutorial_taskflow_api_etl.py
[2021-08-08 04:15:42,070] {logging_mixin.py:104} INFO - [2021-08-08 04:15:42,070] {dag.py:1833} INFO - Sync 1 DAGs
[2021-08-08 04:15:42,078] {logging_mixin.py:104} INFO - [2021-08-08 04:15:42,078] {dag.py:2306} INFO - Setting next_dagrun for tutorial_taskflow_api_etl to None
[2021-08-08 04:15:42,097] {scheduler_job.py:190} INFO - Processing /home/airflow/sandbox/lib/python3.8/site-packages/airflow/example_dags/tutorial_taskflow_api_etl.py took 0.282 seconds
[2021-08-08 04:16:14,246] {scheduler_job.py:182} INFO - Started process (PID=4146) to work on /home/airflow/sandbox/lib/python3.8/site-packages/airflow/example_dags/tutorial_taskflow_api_etl.py
[2021-08-08 04:16:14,249] {scheduler_job.py:633} INFO - Processing file /home/airflow/sandbox/lib/python3.8/site-packages/airflow/example_dags/tutorial_taskflow_api_etl.py for tasks to queue
[2021-08-08 04:16:14,251] {logging_mixin.py:104} INFO - [2021-08-08 04:16:14,251] {dagbag.py:496} INFO - Filling up the DagBag from /home/airflow/sandbox/lib/python3.8/site-packages/airflow/example_dags/tutorial_taskflow_api_etl.py
[2021-08-08 04:16:14,267] {scheduler_job.py:643} INFO - DAG(s) dict_keys(['tutorial_taskflow_api_etl']) retrieved from /home/airflow/sandbox/lib/python3.8/site-packages/airflow/example_dags/tutorial_taskflow_api_etl.py
[2021-08-08 04:16:14,487] {logging_mixin.py:104} INFO - [2021-08-08 04:16:14,487] {dag.py:1833} INFO - Sync 1 DAGs
[2021-08-08 04:16:14,495] {logging_mixin.py:104} INFO - [2021-08-08 04:16:14,495] {dag.py:2306} INFO - Setting next_dagrun for tutorial_taskflow_api_etl to None
[2021-08-08 04:16:14,516] {scheduler_job.py:190} INFO - Processing /home/airflow/sandbox/lib/python3.8/site-packages/airflow/example_dags/tutorial_taskflow_api_etl.py took 0.273 seconds
[2021-08-08 04:16:46,247] {scheduler_job.py:182} INFO - Started process (PID=4287) to work on /home/airflow/sandbox/lib/python3.8/site-packages/airflow/example_dags/tutorial_taskflow_api_etl.py
[2021-08-08 04:16:46,250] {scheduler_job.py:633} INFO - Processing file /home/airflow/sandbox/lib/python3.8/site-packages/airflow/example_dags/tutorial_taskflow_api_etl.py for tasks to queue
[2021-08-08 04:16:46,252] {logging_mixin.py:104} INFO - [2021-08-08 04:16:46,252] {dagbag.py:496} INFO - Filling up the DagBag from /home/airflow/sandbox/lib/python3.8/site-packages/airflow/example_dags/tutorial_taskflow_api_etl.py
[2021-08-08 04:16:46,275] {scheduler_job.py:643} INFO - DAG(s) dict_keys(['tutorial_taskflow_api_etl']) retrieved from /home/airflow/sandbox/lib/python3.8/site-packages/airflow/example_dags/tutorial_taskflow_api_etl.py
[2021-08-08 04:16:46,485] {logging_mixin.py:104} INFO - [2021-08-08 04:16:46,485] {dag.py:1833} INFO - Sync 1 DAGs
[2021-08-08 04:16:46,493] {logging_mixin.py:104} INFO - [2021-08-08 04:16:46,493] {dag.py:2306} INFO - Setting next_dagrun for tutorial_taskflow_api_etl to None
[2021-08-08 04:16:46,514] {scheduler_job.py:190} INFO - Processing /home/airflow/sandbox/lib/python3.8/site-packages/airflow/example_dags/tutorial_taskflow_api_etl.py took 0.270 seconds
[2021-08-08 04:17:19,093] {scheduler_job.py:182} INFO - Started process (PID=4436) to work on /home/airflow/sandbox/lib/python3.8/site-packages/airflow/example_dags/tutorial_taskflow_api_etl.py
[2021-08-08 04:17:19,096] {scheduler_job.py:633} INFO - Processing file /home/airflow/sandbox/lib/python3.8/site-packages/airflow/example_dags/tutorial_taskflow_api_etl.py for tasks to queue
[2021-08-08 04:17:19,099] {logging_mixin.py:104} INFO - [2021-08-08 04:17:19,099] {dagbag.py:496} INFO - Filling up the DagBag from /home/airflow/sandbox/lib/python3.8/site-packages/airflow/example_dags/tutorial_taskflow_api_etl.py
[2021-08-08 04:17:19,112] {scheduler_job.py:643} INFO - DAG(s) dict_keys(['tutorial_taskflow_api_etl']) retrieved from /home/airflow/sandbox/lib/python3.8/site-packages/airflow/example_dags/tutorial_taskflow_api_etl.py
[2021-08-08 04:17:19,126] {logging_mixin.py:104} INFO - [2021-08-08 04:17:19,126] {dag.py:1833} INFO - Sync 1 DAGs
[2021-08-08 04:17:19,136] {logging_mixin.py:104} INFO - [2021-08-08 04:17:19,136] {dag.py:2306} INFO - Setting next_dagrun for tutorial_taskflow_api_etl to None
[2021-08-08 04:17:19,155] {scheduler_job.py:190} INFO - Processing /home/airflow/sandbox/lib/python3.8/site-packages/airflow/example_dags/tutorial_taskflow_api_etl.py took 0.065 seconds
[2021-08-08 04:17:50,027] {scheduler_job.py:182} INFO - Started process (PID=4551) to work on /home/airflow/sandbox/lib/python3.8/site-packages/airflow/example_dags/tutorial_taskflow_api_etl.py
[2021-08-08 04:17:50,029] {scheduler_job.py:633} INFO - Processing file /home/airflow/sandbox/lib/python3.8/site-packages/airflow/example_dags/tutorial_taskflow_api_etl.py for tasks to queue
[2021-08-08 04:17:50,032] {logging_mixin.py:104} INFO - [2021-08-08 04:17:50,031] {dagbag.py:496} INFO - Filling up the DagBag from /home/airflow/sandbox/lib/python3.8/site-packages/airflow/example_dags/tutorial_taskflow_api_etl.py
[2021-08-08 04:17:50,044] {scheduler_job.py:643} INFO - DAG(s) dict_keys(['tutorial_taskflow_api_etl']) retrieved from /home/airflow/sandbox/lib/python3.8/site-packages/airflow/example_dags/tutorial_taskflow_api_etl.py
[2021-08-08 04:17:50,242] {logging_mixin.py:104} INFO - [2021-08-08 04:17:50,242] {dag.py:1833} INFO - Sync 1 DAGs
[2021-08-08 04:17:50,249] {logging_mixin.py:104} INFO - [2021-08-08 04:17:50,249] {dag.py:2306} INFO - Setting next_dagrun for tutorial_taskflow_api_etl to None
[2021-08-08 04:17:50,268] {scheduler_job.py:190} INFO - Processing /home/airflow/sandbox/lib/python3.8/site-packages/airflow/example_dags/tutorial_taskflow_api_etl.py took 0.244 seconds
[2021-08-08 04:18:22,419] {scheduler_job.py:182} INFO - Started process (PID=4672) to work on /home/airflow/sandbox/lib/python3.8/site-packages/airflow/example_dags/tutorial_taskflow_api_etl.py
[2021-08-08 04:18:22,422] {scheduler_job.py:633} INFO - Processing file /home/airflow/sandbox/lib/python3.8/site-packages/airflow/example_dags/tutorial_taskflow_api_etl.py for tasks to queue
[2021-08-08 04:18:22,424] {logging_mixin.py:104} INFO - [2021-08-08 04:18:22,423] {dagbag.py:496} INFO - Filling up the DagBag from /home/airflow/sandbox/lib/python3.8/site-packages/airflow/example_dags/tutorial_taskflow_api_etl.py
[2021-08-08 04:18:22,437] {scheduler_job.py:643} INFO - DAG(s) dict_keys(['tutorial_taskflow_api_etl']) retrieved from /home/airflow/sandbox/lib/python3.8/site-packages/airflow/example_dags/tutorial_taskflow_api_etl.py
[2021-08-08 04:18:22,645] {logging_mixin.py:104} INFO - [2021-08-08 04:18:22,645] {dag.py:1833} INFO - Sync 1 DAGs
[2021-08-08 04:18:22,654] {logging_mixin.py:104} INFO - [2021-08-08 04:18:22,654] {dag.py:2306} INFO - Setting next_dagrun for tutorial_taskflow_api_etl to None
[2021-08-08 04:18:22,674] {scheduler_job.py:190} INFO - Processing /home/airflow/sandbox/lib/python3.8/site-packages/airflow/example_dags/tutorial_taskflow_api_etl.py took 0.257 seconds
[2021-08-08 04:18:55,485] {scheduler_job.py:182} INFO - Started process (PID=4892) to work on /home/airflow/sandbox/lib/python3.8/site-packages/airflow/example_dags/tutorial_taskflow_api_etl.py
[2021-08-08 04:18:55,487] {scheduler_job.py:633} INFO - Processing file /home/airflow/sandbox/lib/python3.8/site-packages/airflow/example_dags/tutorial_taskflow_api_etl.py for tasks to queue
[2021-08-08 04:18:55,490] {logging_mixin.py:104} INFO - [2021-08-08 04:18:55,490] {dagbag.py:496} INFO - Filling up the DagBag from /home/airflow/sandbox/lib/python3.8/site-packages/airflow/example_dags/tutorial_taskflow_api_etl.py
[2021-08-08 04:18:55,503] {scheduler_job.py:643} INFO - DAG(s) dict_keys(['tutorial_taskflow_api_etl']) retrieved from /home/airflow/sandbox/lib/python3.8/site-packages/airflow/example_dags/tutorial_taskflow_api_etl.py
[2021-08-08 04:18:55,515] {logging_mixin.py:104} INFO - [2021-08-08 04:18:55,515] {dag.py:1833} INFO - Sync 1 DAGs
[2021-08-08 04:18:55,523] {logging_mixin.py:104} INFO - [2021-08-08 04:18:55,523] {dag.py:2306} INFO - Setting next_dagrun for tutorial_taskflow_api_etl to None
[2021-08-08 04:18:55,540] {scheduler_job.py:190} INFO - Processing /home/airflow/sandbox/lib/python3.8/site-packages/airflow/example_dags/tutorial_taskflow_api_etl.py took 0.058 seconds
[2021-08-08 04:19:28,025] {scheduler_job.py:182} INFO - Started process (PID=5020) to work on /home/airflow/sandbox/lib/python3.8/site-packages/airflow/example_dags/tutorial_taskflow_api_etl.py
[2021-08-08 04:19:28,029] {scheduler_job.py:633} INFO - Processing file /home/airflow/sandbox/lib/python3.8/site-packages/airflow/example_dags/tutorial_taskflow_api_etl.py for tasks to queue
[2021-08-08 04:19:28,030] {logging_mixin.py:104} INFO - [2021-08-08 04:19:28,030] {dagbag.py:496} INFO - Filling up the DagBag from /home/airflow/sandbox/lib/python3.8/site-packages/airflow/example_dags/tutorial_taskflow_api_etl.py
[2021-08-08 04:19:28,047] {scheduler_job.py:643} INFO - DAG(s) dict_keys(['tutorial_taskflow_api_etl']) retrieved from /home/airflow/sandbox/lib/python3.8/site-packages/airflow/example_dags/tutorial_taskflow_api_etl.py
[2021-08-08 04:19:28,260] {logging_mixin.py:104} INFO - [2021-08-08 04:19:28,260] {dag.py:1833} INFO - Sync 1 DAGs
[2021-08-08 04:19:28,268] {logging_mixin.py:104} INFO - [2021-08-08 04:19:28,268] {dag.py:2306} INFO - Setting next_dagrun for tutorial_taskflow_api_etl to None
[2021-08-08 04:19:28,287] {scheduler_job.py:190} INFO - Processing /home/airflow/sandbox/lib/python3.8/site-packages/airflow/example_dags/tutorial_taskflow_api_etl.py took 0.265 seconds
[2021-08-08 04:20:00,166] {scheduler_job.py:182} INFO - Started process (PID=5141) to work on /home/airflow/sandbox/lib/python3.8/site-packages/airflow/example_dags/tutorial_taskflow_api_etl.py
[2021-08-08 04:20:00,168] {scheduler_job.py:633} INFO - Processing file /home/airflow/sandbox/lib/python3.8/site-packages/airflow/example_dags/tutorial_taskflow_api_etl.py for tasks to queue
[2021-08-08 04:20:00,170] {logging_mixin.py:104} INFO - [2021-08-08 04:20:00,170] {dagbag.py:496} INFO - Filling up the DagBag from /home/airflow/sandbox/lib/python3.8/site-packages/airflow/example_dags/tutorial_taskflow_api_etl.py
[2021-08-08 04:20:00,183] {scheduler_job.py:643} INFO - DAG(s) dict_keys(['tutorial_taskflow_api_etl']) retrieved from /home/airflow/sandbox/lib/python3.8/site-packages/airflow/example_dags/tutorial_taskflow_api_etl.py
[2021-08-08 04:20:00,380] {logging_mixin.py:104} INFO - [2021-08-08 04:20:00,380] {dag.py:1833} INFO - Sync 1 DAGs
[2021-08-08 04:20:00,388] {logging_mixin.py:104} INFO - [2021-08-08 04:20:00,388] {dag.py:2306} INFO - Setting next_dagrun for tutorial_taskflow_api_etl to None
[2021-08-08 04:20:00,408] {scheduler_job.py:190} INFO - Processing /home/airflow/sandbox/lib/python3.8/site-packages/airflow/example_dags/tutorial_taskflow_api_etl.py took 0.244 seconds
[2021-08-08 04:20:32,423] {scheduler_job.py:182} INFO - Started process (PID=5268) to work on /home/airflow/sandbox/lib/python3.8/site-packages/airflow/example_dags/tutorial_taskflow_api_etl.py
[2021-08-08 04:20:32,426] {scheduler_job.py:633} INFO - Processing file /home/airflow/sandbox/lib/python3.8/site-packages/airflow/example_dags/tutorial_taskflow_api_etl.py for tasks to queue
[2021-08-08 04:20:32,428] {logging_mixin.py:104} INFO - [2021-08-08 04:20:32,428] {dagbag.py:496} INFO - Filling up the DagBag from /home/airflow/sandbox/lib/python3.8/site-packages/airflow/example_dags/tutorial_taskflow_api_etl.py
[2021-08-08 04:20:32,442] {scheduler_job.py:643} INFO - DAG(s) dict_keys(['tutorial_taskflow_api_etl']) retrieved from /home/airflow/sandbox/lib/python3.8/site-packages/airflow/example_dags/tutorial_taskflow_api_etl.py
[2021-08-08 04:20:32,454] {logging_mixin.py:104} INFO - [2021-08-08 04:20:32,454] {dag.py:1833} INFO - Sync 1 DAGs
[2021-08-08 04:20:32,463] {logging_mixin.py:104} INFO - [2021-08-08 04:20:32,462] {dag.py:2306} INFO - Setting next_dagrun for tutorial_taskflow_api_etl to None
[2021-08-08 04:20:32,479] {scheduler_job.py:190} INFO - Processing /home/airflow/sandbox/lib/python3.8/site-packages/airflow/example_dags/tutorial_taskflow_api_etl.py took 0.058 seconds
[2021-08-08 04:21:04,630] {scheduler_job.py:182} INFO - Started process (PID=5432) to work on /home/airflow/sandbox/lib/python3.8/site-packages/airflow/example_dags/tutorial_taskflow_api_etl.py
[2021-08-08 04:21:04,634] {scheduler_job.py:633} INFO - Processing file /home/airflow/sandbox/lib/python3.8/site-packages/airflow/example_dags/tutorial_taskflow_api_etl.py for tasks to queue
[2021-08-08 04:21:04,636] {logging_mixin.py:104} INFO - [2021-08-08 04:21:04,636] {dagbag.py:496} INFO - Filling up the DagBag from /home/airflow/sandbox/lib/python3.8/site-packages/airflow/example_dags/tutorial_taskflow_api_etl.py
[2021-08-08 04:21:04,651] {scheduler_job.py:643} INFO - DAG(s) dict_keys(['tutorial_taskflow_api_etl']) retrieved from /home/airflow/sandbox/lib/python3.8/site-packages/airflow/example_dags/tutorial_taskflow_api_etl.py
[2021-08-08 04:21:04,879] {logging_mixin.py:104} INFO - [2021-08-08 04:21:04,879] {dag.py:1833} INFO - Sync 1 DAGs
[2021-08-08 04:21:04,895] {logging_mixin.py:104} INFO - [2021-08-08 04:21:04,895] {dag.py:2306} INFO - Setting next_dagrun for tutorial_taskflow_api_etl to None
[2021-08-08 04:21:04,924] {scheduler_job.py:190} INFO - Processing /home/airflow/sandbox/lib/python3.8/site-packages/airflow/example_dags/tutorial_taskflow_api_etl.py took 0.302 seconds
[2021-08-08 04:21:36,590] {scheduler_job.py:182} INFO - Started process (PID=5560) to work on /home/airflow/sandbox/lib/python3.8/site-packages/airflow/example_dags/tutorial_taskflow_api_etl.py
[2021-08-08 04:21:36,593] {scheduler_job.py:633} INFO - Processing file /home/airflow/sandbox/lib/python3.8/site-packages/airflow/example_dags/tutorial_taskflow_api_etl.py for tasks to queue
[2021-08-08 04:21:36,594] {logging_mixin.py:104} INFO - [2021-08-08 04:21:36,594] {dagbag.py:496} INFO - Filling up the DagBag from /home/airflow/sandbox/lib/python3.8/site-packages/airflow/example_dags/tutorial_taskflow_api_etl.py
[2021-08-08 04:21:36,607] {scheduler_job.py:643} INFO - DAG(s) dict_keys(['tutorial_taskflow_api_etl']) retrieved from /home/airflow/sandbox/lib/python3.8/site-packages/airflow/example_dags/tutorial_taskflow_api_etl.py
[2021-08-08 04:21:36,806] {logging_mixin.py:104} INFO - [2021-08-08 04:21:36,806] {dag.py:1833} INFO - Sync 1 DAGs
[2021-08-08 04:21:36,813] {logging_mixin.py:104} INFO - [2021-08-08 04:21:36,813] {dag.py:2306} INFO - Setting next_dagrun for tutorial_taskflow_api_etl to None
[2021-08-08 04:21:36,833] {scheduler_job.py:190} INFO - Processing /home/airflow/sandbox/lib/python3.8/site-packages/airflow/example_dags/tutorial_taskflow_api_etl.py took 0.246 seconds
[2021-08-08 04:22:09,139] {scheduler_job.py:182} INFO - Started process (PID=5688) to work on /home/airflow/sandbox/lib/python3.8/site-packages/airflow/example_dags/tutorial_taskflow_api_etl.py
[2021-08-08 04:22:09,142] {scheduler_job.py:633} INFO - Processing file /home/airflow/sandbox/lib/python3.8/site-packages/airflow/example_dags/tutorial_taskflow_api_etl.py for tasks to queue
[2021-08-08 04:22:09,144] {logging_mixin.py:104} INFO - [2021-08-08 04:22:09,144] {dagbag.py:496} INFO - Filling up the DagBag from /home/airflow/sandbox/lib/python3.8/site-packages/airflow/example_dags/tutorial_taskflow_api_etl.py
[2021-08-08 04:22:09,156] {scheduler_job.py:643} INFO - DAG(s) dict_keys(['tutorial_taskflow_api_etl']) retrieved from /home/airflow/sandbox/lib/python3.8/site-packages/airflow/example_dags/tutorial_taskflow_api_etl.py
[2021-08-08 04:22:09,357] {logging_mixin.py:104} INFO - [2021-08-08 04:22:09,357] {dag.py:1833} INFO - Sync 1 DAGs
[2021-08-08 04:22:09,365] {logging_mixin.py:104} INFO - [2021-08-08 04:22:09,365] {dag.py:2306} INFO - Setting next_dagrun for tutorial_taskflow_api_etl to None
[2021-08-08 04:22:09,385] {scheduler_job.py:190} INFO - Processing /home/airflow/sandbox/lib/python3.8/site-packages/airflow/example_dags/tutorial_taskflow_api_etl.py took 0.249 seconds
[2021-08-08 04:22:42,556] {scheduler_job.py:182} INFO - Started process (PID=5851) to work on /home/airflow/sandbox/lib/python3.8/site-packages/airflow/example_dags/tutorial_taskflow_api_etl.py
[2021-08-08 04:22:42,574] {scheduler_job.py:633} INFO - Processing file /home/airflow/sandbox/lib/python3.8/site-packages/airflow/example_dags/tutorial_taskflow_api_etl.py for tasks to queue
[2021-08-08 04:22:42,581] {logging_mixin.py:104} INFO - [2021-08-08 04:22:42,580] {dagbag.py:496} INFO - Filling up the DagBag from /home/airflow/sandbox/lib/python3.8/site-packages/airflow/example_dags/tutorial_taskflow_api_etl.py
[2021-08-08 04:22:42,660] {scheduler_job.py:643} INFO - DAG(s) dict_keys(['tutorial_taskflow_api_etl']) retrieved from /home/airflow/sandbox/lib/python3.8/site-packages/airflow/example_dags/tutorial_taskflow_api_etl.py
[2021-08-08 04:22:42,891] {logging_mixin.py:104} INFO - [2021-08-08 04:22:42,891] {dag.py:1833} INFO - Sync 1 DAGs
[2021-08-08 04:22:42,899] {logging_mixin.py:104} INFO - [2021-08-08 04:22:42,899] {dag.py:2306} INFO - Setting next_dagrun for tutorial_taskflow_api_etl to None
[2021-08-08 04:22:42,920] {scheduler_job.py:190} INFO - Processing /home/airflow/sandbox/lib/python3.8/site-packages/airflow/example_dags/tutorial_taskflow_api_etl.py took 0.370 seconds
[2021-08-08 04:23:17,047] {scheduler_job.py:182} INFO - Started process (PID=6068) to work on /home/airflow/sandbox/lib/python3.8/site-packages/airflow/example_dags/tutorial_taskflow_api_etl.py
[2021-08-08 04:23:17,056] {scheduler_job.py:633} INFO - Processing file /home/airflow/sandbox/lib/python3.8/site-packages/airflow/example_dags/tutorial_taskflow_api_etl.py for tasks to queue
[2021-08-08 04:23:17,057] {logging_mixin.py:104} INFO - [2021-08-08 04:23:17,057] {dagbag.py:496} INFO - Filling up the DagBag from /home/airflow/sandbox/lib/python3.8/site-packages/airflow/example_dags/tutorial_taskflow_api_etl.py
[2021-08-08 04:23:17,085] {scheduler_job.py:643} INFO - DAG(s) dict_keys(['tutorial_taskflow_api_etl']) retrieved from /home/airflow/sandbox/lib/python3.8/site-packages/airflow/example_dags/tutorial_taskflow_api_etl.py
[2021-08-08 04:23:17,358] {logging_mixin.py:104} INFO - [2021-08-08 04:23:17,358] {dag.py:1833} INFO - Sync 1 DAGs
[2021-08-08 04:23:17,371] {logging_mixin.py:104} INFO - [2021-08-08 04:23:17,371] {dag.py:2306} INFO - Setting next_dagrun for tutorial_taskflow_api_etl to None
[2021-08-08 04:23:17,393] {scheduler_job.py:190} INFO - Processing /home/airflow/sandbox/lib/python3.8/site-packages/airflow/example_dags/tutorial_taskflow_api_etl.py took 0.349 seconds
[2021-08-08 04:23:51,071] {scheduler_job.py:182} INFO - Started process (PID=6282) to work on /home/airflow/sandbox/lib/python3.8/site-packages/airflow/example_dags/tutorial_taskflow_api_etl.py
[2021-08-08 04:23:51,074] {scheduler_job.py:633} INFO - Processing file /home/airflow/sandbox/lib/python3.8/site-packages/airflow/example_dags/tutorial_taskflow_api_etl.py for tasks to queue
[2021-08-08 04:23:51,076] {logging_mixin.py:104} INFO - [2021-08-08 04:23:51,076] {dagbag.py:496} INFO - Filling up the DagBag from /home/airflow/sandbox/lib/python3.8/site-packages/airflow/example_dags/tutorial_taskflow_api_etl.py
[2021-08-08 04:23:51,092] {scheduler_job.py:643} INFO - DAG(s) dict_keys(['tutorial_taskflow_api_etl']) retrieved from /home/airflow/sandbox/lib/python3.8/site-packages/airflow/example_dags/tutorial_taskflow_api_etl.py
[2021-08-08 04:23:51,424] {logging_mixin.py:104} INFO - [2021-08-08 04:23:51,424] {dag.py:1833} INFO - Sync 1 DAGs
[2021-08-08 04:23:51,433] {logging_mixin.py:104} INFO - [2021-08-08 04:23:51,432] {dag.py:2306} INFO - Setting next_dagrun for tutorial_taskflow_api_etl to None
[2021-08-08 04:23:51,451] {scheduler_job.py:190} INFO - Processing /home/airflow/sandbox/lib/python3.8/site-packages/airflow/example_dags/tutorial_taskflow_api_etl.py took 0.383 seconds
[2021-08-08 04:24:24,823] {scheduler_job.py:182} INFO - Started process (PID=6417) to work on /home/airflow/sandbox/lib/python3.8/site-packages/airflow/example_dags/tutorial_taskflow_api_etl.py
[2021-08-08 04:24:24,826] {scheduler_job.py:633} INFO - Processing file /home/airflow/sandbox/lib/python3.8/site-packages/airflow/example_dags/tutorial_taskflow_api_etl.py for tasks to queue
[2021-08-08 04:24:24,828] {logging_mixin.py:104} INFO - [2021-08-08 04:24:24,828] {dagbag.py:496} INFO - Filling up the DagBag from /home/airflow/sandbox/lib/python3.8/site-packages/airflow/example_dags/tutorial_taskflow_api_etl.py
[2021-08-08 04:24:24,840] {scheduler_job.py:643} INFO - DAG(s) dict_keys(['tutorial_taskflow_api_etl']) retrieved from /home/airflow/sandbox/lib/python3.8/site-packages/airflow/example_dags/tutorial_taskflow_api_etl.py
[2021-08-08 04:24:25,049] {logging_mixin.py:104} INFO - [2021-08-08 04:24:25,049] {dag.py:1833} INFO - Sync 1 DAGs
[2021-08-08 04:24:25,057] {logging_mixin.py:104} INFO - [2021-08-08 04:24:25,057] {dag.py:2306} INFO - Setting next_dagrun for tutorial_taskflow_api_etl to None
[2021-08-08 04:24:25,075] {scheduler_job.py:190} INFO - Processing /home/airflow/sandbox/lib/python3.8/site-packages/airflow/example_dags/tutorial_taskflow_api_etl.py took 0.255 seconds
[2021-08-08 04:24:57,997] {scheduler_job.py:182} INFO - Started process (PID=6611) to work on /home/airflow/sandbox/lib/python3.8/site-packages/airflow/example_dags/tutorial_taskflow_api_etl.py
[2021-08-08 04:24:58,000] {scheduler_job.py:633} INFO - Processing file /home/airflow/sandbox/lib/python3.8/site-packages/airflow/example_dags/tutorial_taskflow_api_etl.py for tasks to queue
[2021-08-08 04:24:58,002] {logging_mixin.py:104} INFO - [2021-08-08 04:24:58,002] {dagbag.py:496} INFO - Filling up the DagBag from /home/airflow/sandbox/lib/python3.8/site-packages/airflow/example_dags/tutorial_taskflow_api_etl.py
[2021-08-08 04:24:58,017] {scheduler_job.py:643} INFO - DAG(s) dict_keys(['tutorial_taskflow_api_etl']) retrieved from /home/airflow/sandbox/lib/python3.8/site-packages/airflow/example_dags/tutorial_taskflow_api_etl.py
[2021-08-08 04:24:58,240] {logging_mixin.py:104} INFO - [2021-08-08 04:24:58,240] {dag.py:1833} INFO - Sync 1 DAGs
[2021-08-08 04:24:58,249] {logging_mixin.py:104} INFO - [2021-08-08 04:24:58,249] {dag.py:2306} INFO - Setting next_dagrun for tutorial_taskflow_api_etl to None
[2021-08-08 04:24:58,268] {scheduler_job.py:190} INFO - Processing /home/airflow/sandbox/lib/python3.8/site-packages/airflow/example_dags/tutorial_taskflow_api_etl.py took 0.274 seconds
[2021-08-08 04:25:30,545] {scheduler_job.py:182} INFO - Started process (PID=6830) to work on /home/airflow/sandbox/lib/python3.8/site-packages/airflow/example_dags/tutorial_taskflow_api_etl.py
[2021-08-08 04:25:30,547] {scheduler_job.py:633} INFO - Processing file /home/airflow/sandbox/lib/python3.8/site-packages/airflow/example_dags/tutorial_taskflow_api_etl.py for tasks to queue
[2021-08-08 04:25:30,550] {logging_mixin.py:104} INFO - [2021-08-08 04:25:30,550] {dagbag.py:496} INFO - Filling up the DagBag from /home/airflow/sandbox/lib/python3.8/site-packages/airflow/example_dags/tutorial_taskflow_api_etl.py
[2021-08-08 04:25:30,565] {scheduler_job.py:643} INFO - DAG(s) dict_keys(['tutorial_taskflow_api_etl']) retrieved from /home/airflow/sandbox/lib/python3.8/site-packages/airflow/example_dags/tutorial_taskflow_api_etl.py
[2021-08-08 04:25:30,775] {logging_mixin.py:104} INFO - [2021-08-08 04:25:30,775] {dag.py:1833} INFO - Sync 1 DAGs
[2021-08-08 04:25:30,785] {logging_mixin.py:104} INFO - [2021-08-08 04:25:30,785] {dag.py:2306} INFO - Setting next_dagrun for tutorial_taskflow_api_etl to None
[2021-08-08 04:25:30,806] {scheduler_job.py:190} INFO - Processing /home/airflow/sandbox/lib/python3.8/site-packages/airflow/example_dags/tutorial_taskflow_api_etl.py took 0.264 seconds
