[2021-08-08 04:10:47,128] {scheduler_job.py:182} INFO - Started process (PID=2466) to work on /home/airflow/airflow/dags/user_processing.py
[2021-08-08 04:10:47,133] {scheduler_job.py:633} INFO - Processing file /home/airflow/airflow/dags/user_processing.py for tasks to queue
[2021-08-08 04:10:47,136] {logging_mixin.py:104} INFO - [2021-08-08 04:10:47,136] {dagbag.py:496} INFO - Filling up the DagBag from /home/airflow/airflow/dags/user_processing.py
[2021-08-08 04:10:47,139] {logging_mixin.py:104} INFO - [2021-08-08 04:10:47,138] {dagbag.py:329} ERROR - Failed to import: /home/airflow/airflow/dags/user_processing.py
Traceback (most recent call last):
  File "/home/airflow/sandbox/lib/python3.8/site-packages/airflow/models/dagbag.py", line 326, in _load_modules_from_file
    loader.exec_module(new_module)
  File "<frozen importlib._bootstrap_external>", line 844, in exec_module
  File "<frozen importlib._bootstrap_external>", line 981, in get_code
  File "<frozen importlib._bootstrap_external>", line 911, in source_to_code
  File "<frozen importlib._bootstrap>", line 219, in _call_with_frames_removed
  File "/home/airflow/airflow/dags/user_processing.py", line 16
    creating_table = SQliteOperator(
    ^
IndentationError: expected an indented block
[2021-08-08 04:10:47,141] {scheduler_job.py:645} WARNING - No viable dags retrieved from /home/airflow/airflow/dags/user_processing.py
[2021-08-08 04:10:47,166] {scheduler_job.py:190} INFO - Processing /home/airflow/airflow/dags/user_processing.py took 0.046 seconds
[2021-08-08 04:11:31,519] {scheduler_job.py:182} INFO - Started process (PID=2657) to work on /home/airflow/airflow/dags/user_processing.py
[2021-08-08 04:11:31,521] {scheduler_job.py:633} INFO - Processing file /home/airflow/airflow/dags/user_processing.py for tasks to queue
[2021-08-08 04:11:31,522] {logging_mixin.py:104} INFO - [2021-08-08 04:11:31,521] {dagbag.py:496} INFO - Filling up the DagBag from /home/airflow/airflow/dags/user_processing.py
[2021-08-08 04:11:31,603] {logging_mixin.py:104} WARNING - /home/airflow/sandbox/lib/python3.8/site-packages/airflow/providers/sqlite/operators/sqlite.py:25 DeprecationWarning: This decorator is deprecated.

In previous versions, all subclasses of BaseOperator must use apply_default decorator for the`default_args` feature to work properly.

In current version, it is optional. The decorator is applied automatically using the metaclass.
[2021-08-08 04:11:31,605] {logging_mixin.py:104} INFO - [2021-08-08 04:11:31,605] {dagbag.py:329} ERROR - Failed to import: /home/airflow/airflow/dags/user_processing.py
Traceback (most recent call last):
  File "/home/airflow/sandbox/lib/python3.8/site-packages/airflow/models/dagbag.py", line 326, in _load_modules_from_file
    loader.exec_module(new_module)
  File "<frozen importlib._bootstrap_external>", line 848, in exec_module
  File "<frozen importlib._bootstrap>", line 219, in _call_with_frames_removed
  File "/home/airflow/airflow/dags/user_processing.py", line 2, in <module>
    from airflow.providers.sqlite.operators.sqlite import SQliteOperator
ImportError: cannot import name 'SQliteOperator' from 'airflow.providers.sqlite.operators.sqlite' (/home/airflow/sandbox/lib/python3.8/site-packages/airflow/providers/sqlite/operators/sqlite.py)
[2021-08-08 04:11:31,610] {scheduler_job.py:645} WARNING - No viable dags retrieved from /home/airflow/airflow/dags/user_processing.py
[2021-08-08 04:11:31,631] {scheduler_job.py:190} INFO - Processing /home/airflow/airflow/dags/user_processing.py took 0.114 seconds
[2021-08-08 04:12:02,473] {scheduler_job.py:182} INFO - Started process (PID=2798) to work on /home/airflow/airflow/dags/user_processing.py
[2021-08-08 04:12:02,475] {scheduler_job.py:633} INFO - Processing file /home/airflow/airflow/dags/user_processing.py for tasks to queue
[2021-08-08 04:12:02,476] {logging_mixin.py:104} INFO - [2021-08-08 04:12:02,476] {dagbag.py:496} INFO - Filling up the DagBag from /home/airflow/airflow/dags/user_processing.py
[2021-08-08 04:12:02,511] {logging_mixin.py:104} WARNING - /home/airflow/sandbox/lib/python3.8/site-packages/airflow/providers/sqlite/operators/sqlite.py:25 DeprecationWarning: This decorator is deprecated.

In previous versions, all subclasses of BaseOperator must use apply_default decorator for the`default_args` feature to work properly.

In current version, it is optional. The decorator is applied automatically using the metaclass.
[2021-08-08 04:12:02,514] {logging_mixin.py:104} INFO - [2021-08-08 04:12:02,513] {dagbag.py:329} ERROR - Failed to import: /home/airflow/airflow/dags/user_processing.py
Traceback (most recent call last):
  File "/home/airflow/sandbox/lib/python3.8/site-packages/airflow/models/dagbag.py", line 326, in _load_modules_from_file
    loader.exec_module(new_module)
  File "<frozen importlib._bootstrap_external>", line 848, in exec_module
  File "<frozen importlib._bootstrap>", line 219, in _call_with_frames_removed
  File "/home/airflow/airflow/dags/user_processing.py", line 2, in <module>
    from airflow.providers.sqlite.operators.sqlite import SQliteOperator
ImportError: cannot import name 'SQliteOperator' from 'airflow.providers.sqlite.operators.sqlite' (/home/airflow/sandbox/lib/python3.8/site-packages/airflow/providers/sqlite/operators/sqlite.py)
[2021-08-08 04:12:02,515] {scheduler_job.py:645} WARNING - No viable dags retrieved from /home/airflow/airflow/dags/user_processing.py
[2021-08-08 04:12:02,542] {scheduler_job.py:190} INFO - Processing /home/airflow/airflow/dags/user_processing.py took 0.071 seconds
[2021-08-08 04:12:32,777] {scheduler_job.py:182} INFO - Started process (PID=2944) to work on /home/airflow/airflow/dags/user_processing.py
[2021-08-08 04:12:32,782] {scheduler_job.py:633} INFO - Processing file /home/airflow/airflow/dags/user_processing.py for tasks to queue
[2021-08-08 04:12:32,785] {logging_mixin.py:104} INFO - [2021-08-08 04:12:32,785] {dagbag.py:496} INFO - Filling up the DagBag from /home/airflow/airflow/dags/user_processing.py
[2021-08-08 04:12:32,848] {logging_mixin.py:104} WARNING - /home/airflow/sandbox/lib/python3.8/site-packages/airflow/providers/sqlite/operators/sqlite.py:25 DeprecationWarning: This decorator is deprecated.

In previous versions, all subclasses of BaseOperator must use apply_default decorator for the`default_args` feature to work properly.

In current version, it is optional. The decorator is applied automatically using the metaclass.
[2021-08-08 04:12:32,853] {logging_mixin.py:104} INFO - [2021-08-08 04:12:32,851] {dagbag.py:329} ERROR - Failed to import: /home/airflow/airflow/dags/user_processing.py
Traceback (most recent call last):
  File "/home/airflow/sandbox/lib/python3.8/site-packages/airflow/models/dagbag.py", line 326, in _load_modules_from_file
    loader.exec_module(new_module)
  File "<frozen importlib._bootstrap_external>", line 848, in exec_module
  File "<frozen importlib._bootstrap>", line 219, in _call_with_frames_removed
  File "/home/airflow/airflow/dags/user_processing.py", line 2, in <module>
    from airflow.providers.sqlite.operators.sqlite import SQliteOperator
ImportError: cannot import name 'SQliteOperator' from 'airflow.providers.sqlite.operators.sqlite' (/home/airflow/sandbox/lib/python3.8/site-packages/airflow/providers/sqlite/operators/sqlite.py)
[2021-08-08 04:12:32,855] {scheduler_job.py:645} WARNING - No viable dags retrieved from /home/airflow/airflow/dags/user_processing.py
[2021-08-08 04:12:32,895] {scheduler_job.py:190} INFO - Processing /home/airflow/airflow/dags/user_processing.py took 0.122 seconds
[2021-08-08 04:13:03,506] {scheduler_job.py:182} INFO - Started process (PID=3089) to work on /home/airflow/airflow/dags/user_processing.py
[2021-08-08 04:13:03,507] {scheduler_job.py:633} INFO - Processing file /home/airflow/airflow/dags/user_processing.py for tasks to queue
[2021-08-08 04:13:03,508] {logging_mixin.py:104} INFO - [2021-08-08 04:13:03,508] {dagbag.py:496} INFO - Filling up the DagBag from /home/airflow/airflow/dags/user_processing.py
[2021-08-08 04:13:03,545] {logging_mixin.py:104} WARNING - /home/airflow/sandbox/lib/python3.8/site-packages/airflow/providers/sqlite/operators/sqlite.py:25 DeprecationWarning: This decorator is deprecated.

In previous versions, all subclasses of BaseOperator must use apply_default decorator for the`default_args` feature to work properly.

In current version, it is optional. The decorator is applied automatically using the metaclass.
[2021-08-08 04:13:03,547] {logging_mixin.py:104} INFO - [2021-08-08 04:13:03,546] {dagbag.py:329} ERROR - Failed to import: /home/airflow/airflow/dags/user_processing.py
Traceback (most recent call last):
  File "/home/airflow/sandbox/lib/python3.8/site-packages/airflow/models/dagbag.py", line 326, in _load_modules_from_file
    loader.exec_module(new_module)
  File "<frozen importlib._bootstrap_external>", line 848, in exec_module
  File "<frozen importlib._bootstrap>", line 219, in _call_with_frames_removed
  File "/home/airflow/airflow/dags/user_processing.py", line 2, in <module>
    from airflow.providers.sqlite.operators.sqlite import SQliteOperator
ImportError: cannot import name 'SQliteOperator' from 'airflow.providers.sqlite.operators.sqlite' (/home/airflow/sandbox/lib/python3.8/site-packages/airflow/providers/sqlite/operators/sqlite.py)
[2021-08-08 04:13:03,548] {scheduler_job.py:645} WARNING - No viable dags retrieved from /home/airflow/airflow/dags/user_processing.py
[2021-08-08 04:13:03,572] {scheduler_job.py:190} INFO - Processing /home/airflow/airflow/dags/user_processing.py took 0.069 seconds
[2021-08-08 04:13:36,345] {scheduler_job.py:182} INFO - Started process (PID=3218) to work on /home/airflow/airflow/dags/user_processing.py
[2021-08-08 04:13:36,347] {scheduler_job.py:633} INFO - Processing file /home/airflow/airflow/dags/user_processing.py for tasks to queue
[2021-08-08 04:13:36,349] {logging_mixin.py:104} INFO - [2021-08-08 04:13:36,349] {dagbag.py:496} INFO - Filling up the DagBag from /home/airflow/airflow/dags/user_processing.py
[2021-08-08 04:13:36,386] {logging_mixin.py:104} WARNING - /home/airflow/sandbox/lib/python3.8/site-packages/airflow/providers/sqlite/operators/sqlite.py:25 DeprecationWarning: This decorator is deprecated.

In previous versions, all subclasses of BaseOperator must use apply_default decorator for the`default_args` feature to work properly.

In current version, it is optional. The decorator is applied automatically using the metaclass.
[2021-08-08 04:13:36,388] {logging_mixin.py:104} INFO - [2021-08-08 04:13:36,387] {dagbag.py:329} ERROR - Failed to import: /home/airflow/airflow/dags/user_processing.py
Traceback (most recent call last):
  File "/home/airflow/sandbox/lib/python3.8/site-packages/airflow/models/dagbag.py", line 326, in _load_modules_from_file
    loader.exec_module(new_module)
  File "<frozen importlib._bootstrap_external>", line 848, in exec_module
  File "<frozen importlib._bootstrap>", line 219, in _call_with_frames_removed
  File "/home/airflow/airflow/dags/user_processing.py", line 2, in <module>
    from airflow.providers.sqlite.operators.sqlite import SQliteOperator
ImportError: cannot import name 'SQliteOperator' from 'airflow.providers.sqlite.operators.sqlite' (/home/airflow/sandbox/lib/python3.8/site-packages/airflow/providers/sqlite/operators/sqlite.py)
[2021-08-08 04:13:36,388] {scheduler_job.py:645} WARNING - No viable dags retrieved from /home/airflow/airflow/dags/user_processing.py
[2021-08-08 04:13:36,408] {scheduler_job.py:190} INFO - Processing /home/airflow/airflow/dags/user_processing.py took 0.066 seconds
[2021-08-08 04:14:08,365] {scheduler_job.py:182} INFO - Started process (PID=3347) to work on /home/airflow/airflow/dags/user_processing.py
[2021-08-08 04:14:08,367] {scheduler_job.py:633} INFO - Processing file /home/airflow/airflow/dags/user_processing.py for tasks to queue
[2021-08-08 04:14:08,368] {logging_mixin.py:104} INFO - [2021-08-08 04:14:08,368] {dagbag.py:496} INFO - Filling up the DagBag from /home/airflow/airflow/dags/user_processing.py
[2021-08-08 04:14:08,422] {logging_mixin.py:104} WARNING - /home/airflow/sandbox/lib/python3.8/site-packages/airflow/providers/sqlite/operators/sqlite.py:25 DeprecationWarning: This decorator is deprecated.

In previous versions, all subclasses of BaseOperator must use apply_default decorator for the`default_args` feature to work properly.

In current version, it is optional. The decorator is applied automatically using the metaclass.
[2021-08-08 04:14:08,424] {logging_mixin.py:104} INFO - [2021-08-08 04:14:08,424] {dagbag.py:329} ERROR - Failed to import: /home/airflow/airflow/dags/user_processing.py
Traceback (most recent call last):
  File "/home/airflow/sandbox/lib/python3.8/site-packages/airflow/models/dagbag.py", line 326, in _load_modules_from_file
    loader.exec_module(new_module)
  File "<frozen importlib._bootstrap_external>", line 848, in exec_module
  File "<frozen importlib._bootstrap>", line 219, in _call_with_frames_removed
  File "/home/airflow/airflow/dags/user_processing.py", line 2, in <module>
    from airflow.providers.sqlite.operators.sqlite import SQliteOperator
ImportError: cannot import name 'SQliteOperator' from 'airflow.providers.sqlite.operators.sqlite' (/home/airflow/sandbox/lib/python3.8/site-packages/airflow/providers/sqlite/operators/sqlite.py)
[2021-08-08 04:14:08,425] {scheduler_job.py:645} WARNING - No viable dags retrieved from /home/airflow/airflow/dags/user_processing.py
[2021-08-08 04:14:08,460] {scheduler_job.py:190} INFO - Processing /home/airflow/airflow/dags/user_processing.py took 0.097 seconds
[2021-08-08 04:14:12,364] {scheduler_job.py:182} INFO - Started process (PID=3364) to work on /home/airflow/airflow/dags/user_processing.py
[2021-08-08 04:14:12,366] {scheduler_job.py:633} INFO - Processing file /home/airflow/airflow/dags/user_processing.py for tasks to queue
[2021-08-08 04:14:12,367] {logging_mixin.py:104} INFO - [2021-08-08 04:14:12,367] {dagbag.py:496} INFO - Filling up the DagBag from /home/airflow/airflow/dags/user_processing.py
[2021-08-08 04:14:12,414] {logging_mixin.py:104} WARNING - /home/airflow/sandbox/lib/python3.8/site-packages/airflow/providers/sqlite/operators/sqlite.py:25 DeprecationWarning: This decorator is deprecated.

In previous versions, all subclasses of BaseOperator must use apply_default decorator for the`default_args` feature to work properly.

In current version, it is optional. The decorator is applied automatically using the metaclass.
[2021-08-08 04:14:12,416] {logging_mixin.py:104} INFO - [2021-08-08 04:14:12,416] {dagbag.py:329} ERROR - Failed to import: /home/airflow/airflow/dags/user_processing.py
Traceback (most recent call last):
  File "/home/airflow/sandbox/lib/python3.8/site-packages/airflow/models/dagbag.py", line 326, in _load_modules_from_file
    loader.exec_module(new_module)
  File "<frozen importlib._bootstrap_external>", line 848, in exec_module
  File "<frozen importlib._bootstrap>", line 219, in _call_with_frames_removed
  File "/home/airflow/airflow/dags/user_processing.py", line 16, in <module>
    creating_table = SQliteOperator(
NameError: name 'SQliteOperator' is not defined
[2021-08-08 04:14:12,417] {scheduler_job.py:645} WARNING - No viable dags retrieved from /home/airflow/airflow/dags/user_processing.py
[2021-08-08 04:14:12,440] {scheduler_job.py:190} INFO - Processing /home/airflow/airflow/dags/user_processing.py took 0.079 seconds
[2021-08-08 04:14:34,566] {scheduler_job.py:182} INFO - Started process (PID=3506) to work on /home/airflow/airflow/dags/user_processing.py
[2021-08-08 04:14:34,568] {scheduler_job.py:633} INFO - Processing file /home/airflow/airflow/dags/user_processing.py for tasks to queue
[2021-08-08 04:14:34,569] {logging_mixin.py:104} INFO - [2021-08-08 04:14:34,569] {dagbag.py:496} INFO - Filling up the DagBag from /home/airflow/airflow/dags/user_processing.py
[2021-08-08 04:14:34,607] {logging_mixin.py:104} WARNING - /home/airflow/sandbox/lib/python3.8/site-packages/airflow/providers/sqlite/operators/sqlite.py:25 DeprecationWarning: This decorator is deprecated.

In previous versions, all subclasses of BaseOperator must use apply_default decorator for the`default_args` feature to work properly.

In current version, it is optional. The decorator is applied automatically using the metaclass.
[2021-08-08 04:14:34,613] {scheduler_job.py:643} INFO - DAG(s) dict_keys(['user_processing']) retrieved from /home/airflow/airflow/dags/user_processing.py
[2021-08-08 04:14:35,223] {logging_mixin.py:104} INFO - [2021-08-08 04:14:35,223] {dag.py:1833} INFO - Sync 1 DAGs
[2021-08-08 04:14:35,229] {logging_mixin.py:104} INFO - [2021-08-08 04:14:35,229] {dag.py:1852} INFO - Creating ORM DAG for user_processing
[2021-08-08 04:14:35,237] {logging_mixin.py:104} INFO - [2021-08-08 04:14:35,236] {dag.py:2306} INFO - Setting next_dagrun for user_processing to 2021-08-07 00:00:00+00:00
[2021-08-08 04:14:35,262] {scheduler_job.py:190} INFO - Processing /home/airflow/airflow/dags/user_processing.py took 0.699 seconds
[2021-08-08 04:15:07,697] {scheduler_job.py:182} INFO - Started process (PID=3751) to work on /home/airflow/airflow/dags/user_processing.py
[2021-08-08 04:15:07,699] {scheduler_job.py:633} INFO - Processing file /home/airflow/airflow/dags/user_processing.py for tasks to queue
[2021-08-08 04:15:07,700] {logging_mixin.py:104} INFO - [2021-08-08 04:15:07,700] {dagbag.py:496} INFO - Filling up the DagBag from /home/airflow/airflow/dags/user_processing.py
[2021-08-08 04:15:07,733] {logging_mixin.py:104} WARNING - /home/airflow/sandbox/lib/python3.8/site-packages/airflow/providers/sqlite/operators/sqlite.py:25 DeprecationWarning: This decorator is deprecated.

In previous versions, all subclasses of BaseOperator must use apply_default decorator for the`default_args` feature to work properly.

In current version, it is optional. The decorator is applied automatically using the metaclass.
[2021-08-08 04:15:07,738] {scheduler_job.py:643} INFO - DAG(s) dict_keys(['user_processing']) retrieved from /home/airflow/airflow/dags/user_processing.py
[2021-08-08 04:15:07,755] {logging_mixin.py:104} INFO - [2021-08-08 04:15:07,755] {dag.py:1833} INFO - Sync 1 DAGs
[2021-08-08 04:15:07,766] {logging_mixin.py:104} INFO - [2021-08-08 04:15:07,766] {dag.py:2306} INFO - Setting next_dagrun for user_processing to 2021-08-07 00:00:00+00:00
[2021-08-08 04:15:07,786] {scheduler_job.py:190} INFO - Processing /home/airflow/airflow/dags/user_processing.py took 0.092 seconds
[2021-08-08 04:15:39,109] {scheduler_job.py:182} INFO - Started process (PID=3847) to work on /home/airflow/airflow/dags/user_processing.py
[2021-08-08 04:15:39,111] {scheduler_job.py:633} INFO - Processing file /home/airflow/airflow/dags/user_processing.py for tasks to queue
[2021-08-08 04:15:39,111] {logging_mixin.py:104} INFO - [2021-08-08 04:15:39,111] {dagbag.py:496} INFO - Filling up the DagBag from /home/airflow/airflow/dags/user_processing.py
[2021-08-08 04:15:39,155] {logging_mixin.py:104} WARNING - /home/airflow/sandbox/lib/python3.8/site-packages/airflow/providers/sqlite/operators/sqlite.py:25 DeprecationWarning: This decorator is deprecated.

In previous versions, all subclasses of BaseOperator must use apply_default decorator for the`default_args` feature to work properly.

In current version, it is optional. The decorator is applied automatically using the metaclass.
[2021-08-08 04:15:39,165] {scheduler_job.py:643} INFO - DAG(s) dict_keys(['user_processing']) retrieved from /home/airflow/airflow/dags/user_processing.py
[2021-08-08 04:15:39,177] {logging_mixin.py:104} INFO - [2021-08-08 04:15:39,177] {dag.py:1833} INFO - Sync 1 DAGs
[2021-08-08 04:15:39,190] {logging_mixin.py:104} INFO - [2021-08-08 04:15:39,190] {dag.py:2306} INFO - Setting next_dagrun for user_processing to 2021-08-07 00:00:00+00:00
[2021-08-08 04:15:39,205] {scheduler_job.py:190} INFO - Processing /home/airflow/airflow/dags/user_processing.py took 0.098 seconds
[2021-08-08 04:16:11,369] {scheduler_job.py:182} INFO - Started process (PID=4136) to work on /home/airflow/airflow/dags/user_processing.py
[2021-08-08 04:16:11,370] {scheduler_job.py:633} INFO - Processing file /home/airflow/airflow/dags/user_processing.py for tasks to queue
[2021-08-08 04:16:11,371] {logging_mixin.py:104} INFO - [2021-08-08 04:16:11,371] {dagbag.py:496} INFO - Filling up the DagBag from /home/airflow/airflow/dags/user_processing.py
[2021-08-08 04:16:11,408] {logging_mixin.py:104} WARNING - /home/airflow/sandbox/lib/python3.8/site-packages/airflow/providers/sqlite/operators/sqlite.py:25 DeprecationWarning: This decorator is deprecated.

In previous versions, all subclasses of BaseOperator must use apply_default decorator for the`default_args` feature to work properly.

In current version, it is optional. The decorator is applied automatically using the metaclass.
[2021-08-08 04:16:11,414] {scheduler_job.py:643} INFO - DAG(s) dict_keys(['user_processing']) retrieved from /home/airflow/airflow/dags/user_processing.py
[2021-08-08 04:16:11,429] {logging_mixin.py:104} INFO - [2021-08-08 04:16:11,429] {dag.py:1833} INFO - Sync 1 DAGs
[2021-08-08 04:16:11,441] {logging_mixin.py:104} INFO - [2021-08-08 04:16:11,441] {dag.py:2306} INFO - Setting next_dagrun for user_processing to 2021-08-07 00:00:00+00:00
[2021-08-08 04:16:11,459] {scheduler_job.py:190} INFO - Processing /home/airflow/airflow/dags/user_processing.py took 0.092 seconds
[2021-08-08 04:16:42,583] {scheduler_job.py:182} INFO - Started process (PID=4247) to work on /home/airflow/airflow/dags/user_processing.py
[2021-08-08 04:16:42,591] {scheduler_job.py:633} INFO - Processing file /home/airflow/airflow/dags/user_processing.py for tasks to queue
[2021-08-08 04:16:42,593] {logging_mixin.py:104} INFO - [2021-08-08 04:16:42,593] {dagbag.py:496} INFO - Filling up the DagBag from /home/airflow/airflow/dags/user_processing.py
[2021-08-08 04:16:42,645] {logging_mixin.py:104} WARNING - /home/airflow/sandbox/lib/python3.8/site-packages/airflow/providers/sqlite/operators/sqlite.py:25 DeprecationWarning: This decorator is deprecated.

In previous versions, all subclasses of BaseOperator must use apply_default decorator for the`default_args` feature to work properly.

In current version, it is optional. The decorator is applied automatically using the metaclass.
[2021-08-08 04:16:42,655] {scheduler_job.py:643} INFO - DAG(s) dict_keys(['user_processing']) retrieved from /home/airflow/airflow/dags/user_processing.py
[2021-08-08 04:16:42,671] {logging_mixin.py:104} INFO - [2021-08-08 04:16:42,671] {dag.py:1833} INFO - Sync 1 DAGs
[2021-08-08 04:16:42,684] {logging_mixin.py:104} INFO - [2021-08-08 04:16:42,684] {dag.py:2306} INFO - Setting next_dagrun for user_processing to 2021-08-07 00:00:00+00:00
[2021-08-08 04:16:42,701] {scheduler_job.py:190} INFO - Processing /home/airflow/airflow/dags/user_processing.py took 0.130 seconds
[2021-08-08 04:17:15,092] {scheduler_job.py:182} INFO - Started process (PID=4426) to work on /home/airflow/airflow/dags/user_processing.py
[2021-08-08 04:17:15,093] {scheduler_job.py:633} INFO - Processing file /home/airflow/airflow/dags/user_processing.py for tasks to queue
[2021-08-08 04:17:15,094] {logging_mixin.py:104} INFO - [2021-08-08 04:17:15,094] {dagbag.py:496} INFO - Filling up the DagBag from /home/airflow/airflow/dags/user_processing.py
[2021-08-08 04:17:15,129] {logging_mixin.py:104} WARNING - /home/airflow/sandbox/lib/python3.8/site-packages/airflow/providers/sqlite/operators/sqlite.py:25 DeprecationWarning: This decorator is deprecated.

In previous versions, all subclasses of BaseOperator must use apply_default decorator for the`default_args` feature to work properly.

In current version, it is optional. The decorator is applied automatically using the metaclass.
[2021-08-08 04:17:15,136] {scheduler_job.py:643} INFO - DAG(s) dict_keys(['user_processing']) retrieved from /home/airflow/airflow/dags/user_processing.py
[2021-08-08 04:17:15,146] {logging_mixin.py:104} INFO - [2021-08-08 04:17:15,146] {dag.py:1833} INFO - Sync 1 DAGs
[2021-08-08 04:17:15,160] {logging_mixin.py:104} INFO - [2021-08-08 04:17:15,160] {dag.py:2306} INFO - Setting next_dagrun for user_processing to 2021-08-07 00:00:00+00:00
[2021-08-08 04:17:15,176] {scheduler_job.py:190} INFO - Processing /home/airflow/airflow/dags/user_processing.py took 0.087 seconds
[2021-08-08 04:17:46,027] {scheduler_job.py:182} INFO - Started process (PID=4535) to work on /home/airflow/airflow/dags/user_processing.py
[2021-08-08 04:17:46,028] {scheduler_job.py:633} INFO - Processing file /home/airflow/airflow/dags/user_processing.py for tasks to queue
[2021-08-08 04:17:46,029] {logging_mixin.py:104} INFO - [2021-08-08 04:17:46,029] {dagbag.py:496} INFO - Filling up the DagBag from /home/airflow/airflow/dags/user_processing.py
[2021-08-08 04:17:46,060] {logging_mixin.py:104} WARNING - /home/airflow/sandbox/lib/python3.8/site-packages/airflow/providers/sqlite/operators/sqlite.py:25 DeprecationWarning: This decorator is deprecated.

In previous versions, all subclasses of BaseOperator must use apply_default decorator for the`default_args` feature to work properly.

In current version, it is optional. The decorator is applied automatically using the metaclass.
[2021-08-08 04:17:46,065] {scheduler_job.py:643} INFO - DAG(s) dict_keys(['user_processing']) retrieved from /home/airflow/airflow/dags/user_processing.py
[2021-08-08 04:17:46,075] {logging_mixin.py:104} INFO - [2021-08-08 04:17:46,075] {dag.py:1833} INFO - Sync 1 DAGs
[2021-08-08 04:17:46,089] {logging_mixin.py:104} INFO - [2021-08-08 04:17:46,089] {dag.py:2306} INFO - Setting next_dagrun for user_processing to 2021-08-07 00:00:00+00:00
[2021-08-08 04:17:46,104] {scheduler_job.py:190} INFO - Processing /home/airflow/airflow/dags/user_processing.py took 0.081 seconds
[2021-08-08 04:18:19,500] {scheduler_job.py:182} INFO - Started process (PID=4663) to work on /home/airflow/airflow/dags/user_processing.py
[2021-08-08 04:18:19,502] {scheduler_job.py:633} INFO - Processing file /home/airflow/airflow/dags/user_processing.py for tasks to queue
[2021-08-08 04:18:19,503] {logging_mixin.py:104} INFO - [2021-08-08 04:18:19,503] {dagbag.py:496} INFO - Filling up the DagBag from /home/airflow/airflow/dags/user_processing.py
[2021-08-08 04:18:19,532] {logging_mixin.py:104} WARNING - /home/airflow/sandbox/lib/python3.8/site-packages/airflow/providers/sqlite/operators/sqlite.py:25 DeprecationWarning: This decorator is deprecated.

In previous versions, all subclasses of BaseOperator must use apply_default decorator for the`default_args` feature to work properly.

In current version, it is optional. The decorator is applied automatically using the metaclass.
[2021-08-08 04:18:19,537] {scheduler_job.py:643} INFO - DAG(s) dict_keys(['user_processing']) retrieved from /home/airflow/airflow/dags/user_processing.py
[2021-08-08 04:18:19,548] {logging_mixin.py:104} INFO - [2021-08-08 04:18:19,548] {dag.py:1833} INFO - Sync 1 DAGs
[2021-08-08 04:18:19,561] {logging_mixin.py:104} INFO - [2021-08-08 04:18:19,559] {dag.py:2306} INFO - Setting next_dagrun for user_processing to 2021-08-07 00:00:00+00:00
[2021-08-08 04:18:19,579] {scheduler_job.py:190} INFO - Processing /home/airflow/airflow/dags/user_processing.py took 0.081 seconds
[2021-08-08 04:18:52,569] {scheduler_job.py:182} INFO - Started process (PID=4877) to work on /home/airflow/airflow/dags/user_processing.py
[2021-08-08 04:18:52,571] {scheduler_job.py:633} INFO - Processing file /home/airflow/airflow/dags/user_processing.py for tasks to queue
[2021-08-08 04:18:52,571] {logging_mixin.py:104} INFO - [2021-08-08 04:18:52,571] {dagbag.py:496} INFO - Filling up the DagBag from /home/airflow/airflow/dags/user_processing.py
[2021-08-08 04:18:52,602] {logging_mixin.py:104} WARNING - /home/airflow/sandbox/lib/python3.8/site-packages/airflow/providers/sqlite/operators/sqlite.py:25 DeprecationWarning: This decorator is deprecated.

In previous versions, all subclasses of BaseOperator must use apply_default decorator for the`default_args` feature to work properly.

In current version, it is optional. The decorator is applied automatically using the metaclass.
[2021-08-08 04:18:52,607] {scheduler_job.py:643} INFO - DAG(s) dict_keys(['user_processing']) retrieved from /home/airflow/airflow/dags/user_processing.py
[2021-08-08 04:18:52,617] {logging_mixin.py:104} INFO - [2021-08-08 04:18:52,617] {dag.py:1833} INFO - Sync 1 DAGs
[2021-08-08 04:18:52,631] {logging_mixin.py:104} INFO - [2021-08-08 04:18:52,631] {dag.py:2306} INFO - Setting next_dagrun for user_processing to 2021-08-07 00:00:00+00:00
[2021-08-08 04:18:52,647] {scheduler_job.py:190} INFO - Processing /home/airflow/airflow/dags/user_processing.py took 0.080 seconds
[2021-08-08 04:19:23,192] {scheduler_job.py:182} INFO - Started process (PID=4997) to work on /home/airflow/airflow/dags/user_processing.py
[2021-08-08 04:19:23,193] {scheduler_job.py:633} INFO - Processing file /home/airflow/airflow/dags/user_processing.py for tasks to queue
[2021-08-08 04:19:23,194] {logging_mixin.py:104} INFO - [2021-08-08 04:19:23,194] {dagbag.py:496} INFO - Filling up the DagBag from /home/airflow/airflow/dags/user_processing.py
[2021-08-08 04:19:23,224] {logging_mixin.py:104} WARNING - /home/airflow/sandbox/lib/python3.8/site-packages/airflow/providers/sqlite/operators/sqlite.py:25 DeprecationWarning: This decorator is deprecated.

In previous versions, all subclasses of BaseOperator must use apply_default decorator for the`default_args` feature to work properly.

In current version, it is optional. The decorator is applied automatically using the metaclass.
[2021-08-08 04:19:23,230] {scheduler_job.py:643} INFO - DAG(s) dict_keys(['user_processing']) retrieved from /home/airflow/airflow/dags/user_processing.py
[2021-08-08 04:19:23,242] {logging_mixin.py:104} INFO - [2021-08-08 04:19:23,241] {dag.py:1833} INFO - Sync 1 DAGs
[2021-08-08 04:19:23,256] {logging_mixin.py:104} INFO - [2021-08-08 04:19:23,256] {dag.py:2306} INFO - Setting next_dagrun for user_processing to 2021-08-07 00:00:00+00:00
[2021-08-08 04:19:23,271] {scheduler_job.py:190} INFO - Processing /home/airflow/airflow/dags/user_processing.py took 0.082 seconds
[2021-08-08 04:19:53,670] {scheduler_job.py:182} INFO - Started process (PID=5117) to work on /home/airflow/airflow/dags/user_processing.py
[2021-08-08 04:19:53,672] {scheduler_job.py:633} INFO - Processing file /home/airflow/airflow/dags/user_processing.py for tasks to queue
[2021-08-08 04:19:53,673] {logging_mixin.py:104} INFO - [2021-08-08 04:19:53,673] {dagbag.py:496} INFO - Filling up the DagBag from /home/airflow/airflow/dags/user_processing.py
[2021-08-08 04:19:53,703] {logging_mixin.py:104} WARNING - /home/airflow/sandbox/lib/python3.8/site-packages/airflow/providers/sqlite/operators/sqlite.py:25 DeprecationWarning: This decorator is deprecated.

In previous versions, all subclasses of BaseOperator must use apply_default decorator for the`default_args` feature to work properly.

In current version, it is optional. The decorator is applied automatically using the metaclass.
[2021-08-08 04:19:53,708] {scheduler_job.py:643} INFO - DAG(s) dict_keys(['user_processing']) retrieved from /home/airflow/airflow/dags/user_processing.py
[2021-08-08 04:19:53,718] {logging_mixin.py:104} INFO - [2021-08-08 04:19:53,718] {dag.py:1833} INFO - Sync 1 DAGs
[2021-08-08 04:19:53,730] {logging_mixin.py:104} INFO - [2021-08-08 04:19:53,730] {dag.py:2306} INFO - Setting next_dagrun for user_processing to 2021-08-07 00:00:00+00:00
[2021-08-08 04:19:53,745] {scheduler_job.py:190} INFO - Processing /home/airflow/airflow/dags/user_processing.py took 0.078 seconds
[2021-08-08 04:20:25,079] {scheduler_job.py:182} INFO - Started process (PID=5237) to work on /home/airflow/airflow/dags/user_processing.py
[2021-08-08 04:20:25,080] {scheduler_job.py:633} INFO - Processing file /home/airflow/airflow/dags/user_processing.py for tasks to queue
[2021-08-08 04:20:25,081] {logging_mixin.py:104} INFO - [2021-08-08 04:20:25,081] {dagbag.py:496} INFO - Filling up the DagBag from /home/airflow/airflow/dags/user_processing.py
[2021-08-08 04:20:25,114] {logging_mixin.py:104} WARNING - /home/airflow/sandbox/lib/python3.8/site-packages/airflow/providers/sqlite/operators/sqlite.py:25 DeprecationWarning: This decorator is deprecated.

In previous versions, all subclasses of BaseOperator must use apply_default decorator for the`default_args` feature to work properly.

In current version, it is optional. The decorator is applied automatically using the metaclass.
[2021-08-08 04:20:25,124] {scheduler_job.py:643} INFO - DAG(s) dict_keys(['user_processing']) retrieved from /home/airflow/airflow/dags/user_processing.py
[2021-08-08 04:20:25,140] {logging_mixin.py:104} INFO - [2021-08-08 04:20:25,139] {dag.py:1833} INFO - Sync 1 DAGs
[2021-08-08 04:20:25,151] {logging_mixin.py:104} INFO - [2021-08-08 04:20:25,151] {dag.py:2306} INFO - Setting next_dagrun for user_processing to 2021-08-07 00:00:00+00:00
[2021-08-08 04:20:25,166] {scheduler_job.py:190} INFO - Processing /home/airflow/airflow/dags/user_processing.py took 0.090 seconds
[2021-08-08 04:20:57,205] {scheduler_job.py:182} INFO - Started process (PID=5407) to work on /home/airflow/airflow/dags/user_processing.py
[2021-08-08 04:20:57,206] {scheduler_job.py:633} INFO - Processing file /home/airflow/airflow/dags/user_processing.py for tasks to queue
[2021-08-08 04:20:57,207] {logging_mixin.py:104} INFO - [2021-08-08 04:20:57,207] {dagbag.py:496} INFO - Filling up the DagBag from /home/airflow/airflow/dags/user_processing.py
[2021-08-08 04:20:57,238] {logging_mixin.py:104} WARNING - /home/airflow/sandbox/lib/python3.8/site-packages/airflow/providers/sqlite/operators/sqlite.py:25 DeprecationWarning: This decorator is deprecated.

In previous versions, all subclasses of BaseOperator must use apply_default decorator for the`default_args` feature to work properly.

In current version, it is optional. The decorator is applied automatically using the metaclass.
[2021-08-08 04:20:57,244] {scheduler_job.py:643} INFO - DAG(s) dict_keys(['user_processing']) retrieved from /home/airflow/airflow/dags/user_processing.py
[2021-08-08 04:20:57,254] {logging_mixin.py:104} INFO - [2021-08-08 04:20:57,254] {dag.py:1833} INFO - Sync 1 DAGs
[2021-08-08 04:20:57,264] {logging_mixin.py:104} INFO - [2021-08-08 04:20:57,264] {dag.py:2306} INFO - Setting next_dagrun for user_processing to 2021-08-07 00:00:00+00:00
[2021-08-08 04:20:57,281] {scheduler_job.py:190} INFO - Processing /home/airflow/airflow/dags/user_processing.py took 0.080 seconds
[2021-08-08 04:21:29,159] {scheduler_job.py:182} INFO - Started process (PID=5528) to work on /home/airflow/airflow/dags/user_processing.py
[2021-08-08 04:21:29,161] {scheduler_job.py:633} INFO - Processing file /home/airflow/airflow/dags/user_processing.py for tasks to queue
[2021-08-08 04:21:29,162] {logging_mixin.py:104} INFO - [2021-08-08 04:21:29,162] {dagbag.py:496} INFO - Filling up the DagBag from /home/airflow/airflow/dags/user_processing.py
[2021-08-08 04:21:29,194] {logging_mixin.py:104} WARNING - /home/airflow/sandbox/lib/python3.8/site-packages/airflow/providers/sqlite/operators/sqlite.py:25 DeprecationWarning: This decorator is deprecated.

In previous versions, all subclasses of BaseOperator must use apply_default decorator for the`default_args` feature to work properly.

In current version, it is optional. The decorator is applied automatically using the metaclass.
[2021-08-08 04:21:29,199] {scheduler_job.py:643} INFO - DAG(s) dict_keys(['user_processing']) retrieved from /home/airflow/airflow/dags/user_processing.py
[2021-08-08 04:21:29,209] {logging_mixin.py:104} INFO - [2021-08-08 04:21:29,209] {dag.py:1833} INFO - Sync 1 DAGs
[2021-08-08 04:21:29,222] {logging_mixin.py:104} INFO - [2021-08-08 04:21:29,222] {dag.py:2306} INFO - Setting next_dagrun for user_processing to 2021-08-07 00:00:00+00:00
[2021-08-08 04:21:29,238] {scheduler_job.py:190} INFO - Processing /home/airflow/airflow/dags/user_processing.py took 0.081 seconds
[2021-08-08 04:22:02,438] {scheduler_job.py:182} INFO - Started process (PID=5658) to work on /home/airflow/airflow/dags/user_processing.py
[2021-08-08 04:22:02,440] {scheduler_job.py:633} INFO - Processing file /home/airflow/airflow/dags/user_processing.py for tasks to queue
[2021-08-08 04:22:02,441] {logging_mixin.py:104} INFO - [2021-08-08 04:22:02,441] {dagbag.py:496} INFO - Filling up the DagBag from /home/airflow/airflow/dags/user_processing.py
[2021-08-08 04:22:02,475] {logging_mixin.py:104} WARNING - /home/airflow/sandbox/lib/python3.8/site-packages/airflow/providers/sqlite/operators/sqlite.py:25 DeprecationWarning: This decorator is deprecated.

In previous versions, all subclasses of BaseOperator must use apply_default decorator for the`default_args` feature to work properly.

In current version, it is optional. The decorator is applied automatically using the metaclass.
[2021-08-08 04:22:02,480] {scheduler_job.py:643} INFO - DAG(s) dict_keys(['user_processing']) retrieved from /home/airflow/airflow/dags/user_processing.py
[2021-08-08 04:22:02,490] {logging_mixin.py:104} INFO - [2021-08-08 04:22:02,490] {dag.py:1833} INFO - Sync 1 DAGs
[2021-08-08 04:22:02,502] {logging_mixin.py:104} INFO - [2021-08-08 04:22:02,502] {dag.py:2306} INFO - Setting next_dagrun for user_processing to 2021-08-07 00:00:00+00:00
[2021-08-08 04:22:02,516] {scheduler_job.py:190} INFO - Processing /home/airflow/airflow/dags/user_processing.py took 0.080 seconds
[2021-08-08 04:22:34,637] {scheduler_job.py:182} INFO - Started process (PID=5799) to work on /home/airflow/airflow/dags/user_processing.py
[2021-08-08 04:22:34,653] {scheduler_job.py:633} INFO - Processing file /home/airflow/airflow/dags/user_processing.py for tasks to queue
[2021-08-08 04:22:34,655] {logging_mixin.py:104} INFO - [2021-08-08 04:22:34,655] {dagbag.py:496} INFO - Filling up the DagBag from /home/airflow/airflow/dags/user_processing.py
[2021-08-08 04:22:34,807] {logging_mixin.py:104} WARNING - /home/airflow/sandbox/lib/python3.8/site-packages/airflow/providers/sqlite/operators/sqlite.py:25 DeprecationWarning: This decorator is deprecated.

In previous versions, all subclasses of BaseOperator must use apply_default decorator for the`default_args` feature to work properly.

In current version, it is optional. The decorator is applied automatically using the metaclass.
[2021-08-08 04:22:34,819] {scheduler_job.py:643} INFO - DAG(s) dict_keys(['user_processing']) retrieved from /home/airflow/airflow/dags/user_processing.py
[2021-08-08 04:22:34,839] {logging_mixin.py:104} INFO - [2021-08-08 04:22:34,839] {dag.py:1833} INFO - Sync 1 DAGs
[2021-08-08 04:22:34,850] {logging_mixin.py:104} INFO - [2021-08-08 04:22:34,850] {dag.py:2306} INFO - Setting next_dagrun for user_processing to 2021-08-07 00:00:00+00:00
[2021-08-08 04:22:34,865] {scheduler_job.py:190} INFO - Processing /home/airflow/airflow/dags/user_processing.py took 0.245 seconds
[2021-08-08 04:23:07,693] {scheduler_job.py:182} INFO - Started process (PID=5986) to work on /home/airflow/airflow/dags/user_processing.py
[2021-08-08 04:23:07,695] {scheduler_job.py:633} INFO - Processing file /home/airflow/airflow/dags/user_processing.py for tasks to queue
[2021-08-08 04:23:07,696] {logging_mixin.py:104} INFO - [2021-08-08 04:23:07,696] {dagbag.py:496} INFO - Filling up the DagBag from /home/airflow/airflow/dags/user_processing.py
[2021-08-08 04:23:07,737] {logging_mixin.py:104} WARNING - /home/airflow/sandbox/lib/python3.8/site-packages/airflow/providers/sqlite/operators/sqlite.py:25 DeprecationWarning: This decorator is deprecated.

In previous versions, all subclasses of BaseOperator must use apply_default decorator for the`default_args` feature to work properly.

In current version, it is optional. The decorator is applied automatically using the metaclass.
[2021-08-08 04:23:07,753] {scheduler_job.py:643} INFO - DAG(s) dict_keys(['user_processing']) retrieved from /home/airflow/airflow/dags/user_processing.py
[2021-08-08 04:23:07,771] {logging_mixin.py:104} INFO - [2021-08-08 04:23:07,771] {dag.py:1833} INFO - Sync 1 DAGs
[2021-08-08 04:23:07,786] {logging_mixin.py:104} INFO - [2021-08-08 04:23:07,786] {dag.py:2306} INFO - Setting next_dagrun for user_processing to 2021-08-07 00:00:00+00:00
[2021-08-08 04:23:07,802] {scheduler_job.py:190} INFO - Processing /home/airflow/airflow/dags/user_processing.py took 0.112 seconds
[2021-08-08 04:23:38,278] {scheduler_job.py:182} INFO - Started process (PID=6188) to work on /home/airflow/airflow/dags/user_processing.py
[2021-08-08 04:23:38,281] {scheduler_job.py:633} INFO - Processing file /home/airflow/airflow/dags/user_processing.py for tasks to queue
[2021-08-08 04:23:38,283] {logging_mixin.py:104} INFO - [2021-08-08 04:23:38,283] {dagbag.py:496} INFO - Filling up the DagBag from /home/airflow/airflow/dags/user_processing.py
[2021-08-08 04:23:38,330] {logging_mixin.py:104} WARNING - /home/airflow/sandbox/lib/python3.8/site-packages/airflow/providers/sqlite/operators/sqlite.py:25 DeprecationWarning: This decorator is deprecated.

In previous versions, all subclasses of BaseOperator must use apply_default decorator for the`default_args` feature to work properly.

In current version, it is optional. The decorator is applied automatically using the metaclass.
[2021-08-08 04:23:38,337] {scheduler_job.py:643} INFO - DAG(s) dict_keys(['user_processing']) retrieved from /home/airflow/airflow/dags/user_processing.py
[2021-08-08 04:23:38,348] {logging_mixin.py:104} INFO - [2021-08-08 04:23:38,348] {dag.py:1833} INFO - Sync 1 DAGs
[2021-08-08 04:23:38,360] {logging_mixin.py:104} INFO - [2021-08-08 04:23:38,360] {dag.py:2306} INFO - Setting next_dagrun for user_processing to 2021-08-07 00:00:00+00:00
[2021-08-08 04:23:38,379] {scheduler_job.py:190} INFO - Processing /home/airflow/airflow/dags/user_processing.py took 0.104 seconds
[2021-08-08 04:24:12,485] {scheduler_job.py:182} INFO - Started process (PID=6368) to work on /home/airflow/airflow/dags/user_processing.py
[2021-08-08 04:24:12,486] {scheduler_job.py:633} INFO - Processing file /home/airflow/airflow/dags/user_processing.py for tasks to queue
[2021-08-08 04:24:12,487] {logging_mixin.py:104} INFO - [2021-08-08 04:24:12,487] {dagbag.py:496} INFO - Filling up the DagBag from /home/airflow/airflow/dags/user_processing.py
[2021-08-08 04:24:12,517] {logging_mixin.py:104} WARNING - /home/airflow/sandbox/lib/python3.8/site-packages/airflow/providers/sqlite/operators/sqlite.py:25 DeprecationWarning: This decorator is deprecated.

In previous versions, all subclasses of BaseOperator must use apply_default decorator for the`default_args` feature to work properly.

In current version, it is optional. The decorator is applied automatically using the metaclass.
[2021-08-08 04:24:12,522] {scheduler_job.py:643} INFO - DAG(s) dict_keys(['user_processing']) retrieved from /home/airflow/airflow/dags/user_processing.py
[2021-08-08 04:24:12,532] {logging_mixin.py:104} INFO - [2021-08-08 04:24:12,532] {dag.py:1833} INFO - Sync 1 DAGs
[2021-08-08 04:24:12,542] {logging_mixin.py:104} INFO - [2021-08-08 04:24:12,542] {dag.py:2306} INFO - Setting next_dagrun for user_processing to 2021-08-07 00:00:00+00:00
[2021-08-08 04:24:12,559] {scheduler_job.py:190} INFO - Processing /home/airflow/airflow/dags/user_processing.py took 0.077 seconds
[2021-08-08 04:24:43,998] {scheduler_job.py:182} INFO - Started process (PID=6511) to work on /home/airflow/airflow/dags/user_processing.py
[2021-08-08 04:24:43,999] {scheduler_job.py:633} INFO - Processing file /home/airflow/airflow/dags/user_processing.py for tasks to queue
[2021-08-08 04:24:44,009] {logging_mixin.py:104} INFO - [2021-08-08 04:24:44,009] {dagbag.py:496} INFO - Filling up the DagBag from /home/airflow/airflow/dags/user_processing.py
[2021-08-08 04:24:44,083] {logging_mixin.py:104} WARNING - /home/airflow/sandbox/lib/python3.8/site-packages/airflow/providers/sqlite/operators/sqlite.py:25 DeprecationWarning: This decorator is deprecated.

In previous versions, all subclasses of BaseOperator must use apply_default decorator for the`default_args` feature to work properly.

In current version, it is optional. The decorator is applied automatically using the metaclass.
[2021-08-08 04:24:44,088] {scheduler_job.py:643} INFO - DAG(s) dict_keys(['user_processing']) retrieved from /home/airflow/airflow/dags/user_processing.py
[2021-08-08 04:24:44,487] {logging_mixin.py:104} INFO - [2021-08-08 04:24:44,487] {dag.py:1833} INFO - Sync 1 DAGs
[2021-08-08 04:24:44,520] {logging_mixin.py:104} INFO - [2021-08-08 04:24:44,520] {dag.py:2306} INFO - Setting next_dagrun for user_processing to 2021-08-07 00:00:00+00:00
[2021-08-08 04:24:44,541] {scheduler_job.py:190} INFO - Processing /home/airflow/airflow/dags/user_processing.py took 0.549 seconds
[2021-08-08 04:25:15,794] {scheduler_job.py:182} INFO - Started process (PID=6720) to work on /home/airflow/airflow/dags/user_processing.py
[2021-08-08 04:25:15,796] {scheduler_job.py:633} INFO - Processing file /home/airflow/airflow/dags/user_processing.py for tasks to queue
[2021-08-08 04:25:15,796] {logging_mixin.py:104} INFO - [2021-08-08 04:25:15,796] {dagbag.py:496} INFO - Filling up the DagBag from /home/airflow/airflow/dags/user_processing.py
[2021-08-08 04:25:15,829] {logging_mixin.py:104} WARNING - /home/airflow/sandbox/lib/python3.8/site-packages/airflow/providers/sqlite/operators/sqlite.py:25 DeprecationWarning: This decorator is deprecated.

In previous versions, all subclasses of BaseOperator must use apply_default decorator for the`default_args` feature to work properly.

In current version, it is optional. The decorator is applied automatically using the metaclass.
[2021-08-08 04:25:15,838] {scheduler_job.py:643} INFO - DAG(s) dict_keys(['user_processing']) retrieved from /home/airflow/airflow/dags/user_processing.py
[2021-08-08 04:25:15,849] {logging_mixin.py:104} INFO - [2021-08-08 04:25:15,848] {dag.py:1833} INFO - Sync 1 DAGs
[2021-08-08 04:25:15,863] {logging_mixin.py:104} INFO - [2021-08-08 04:25:15,863] {dag.py:2306} INFO - Setting next_dagrun for user_processing to 2021-08-07 00:00:00+00:00
[2021-08-08 04:25:15,876] {scheduler_job.py:190} INFO - Processing /home/airflow/airflow/dags/user_processing.py took 0.084 seconds
